[2024-11-16T13:39:11.570+0000] {processor.py:157} INFO - Started process (PID=5741) to work on /home/vscode/.local/lib/python3.10/site-packages/airflow/example_dags/example_external_task_marker_dag.py
[2024-11-16T13:39:11.571+0000] {processor.py:826} INFO - Processing file /home/vscode/.local/lib/python3.10/site-packages/airflow/example_dags/example_external_task_marker_dag.py for tasks to queue
[2024-11-16T13:39:11.571+0000] {logging_mixin.py:150} INFO - [2024-11-16T13:39:11.571+0000] {dagbag.py:541} INFO - Filling up the DagBag from /home/vscode/.local/lib/python3.10/site-packages/airflow/example_dags/example_external_task_marker_dag.py
[2024-11-16T13:39:11.576+0000] {processor.py:836} INFO - DAG(s) dict_keys(['example_external_task_marker_child', 'example_external_task_marker_parent']) retrieved from /home/vscode/.local/lib/python3.10/site-packages/airflow/example_dags/example_external_task_marker_dag.py
[2024-11-16T13:39:11.710+0000] {logging_mixin.py:150} INFO - [2024-11-16T13:39:11.710+0000] {manager.py:504} INFO - Created Permission View: can edit on DAG:example_external_task_marker_child
[2024-11-16T13:39:11.717+0000] {logging_mixin.py:150} INFO - [2024-11-16T13:39:11.717+0000] {manager.py:504} INFO - Created Permission View: can delete on DAG:example_external_task_marker_child
[2024-11-16T13:39:11.722+0000] {logging_mixin.py:150} INFO - [2024-11-16T13:39:11.722+0000] {manager.py:504} INFO - Created Permission View: can read on DAG:example_external_task_marker_child
[2024-11-16T13:39:11.740+0000] {logging_mixin.py:150} INFO - [2024-11-16T13:39:11.740+0000] {manager.py:504} INFO - Created Permission View: can edit on DAG:example_external_task_marker_parent
[2024-11-16T13:39:11.745+0000] {logging_mixin.py:150} INFO - [2024-11-16T13:39:11.745+0000] {manager.py:504} INFO - Created Permission View: can delete on DAG:example_external_task_marker_parent
[2024-11-16T13:39:11.750+0000] {logging_mixin.py:150} INFO - [2024-11-16T13:39:11.750+0000] {manager.py:504} INFO - Created Permission View: can read on DAG:example_external_task_marker_parent
[2024-11-16T13:39:11.753+0000] {logging_mixin.py:150} INFO - [2024-11-16T13:39:11.753+0000] {dag.py:2742} INFO - Sync 2 DAGs
[2024-11-16T13:39:11.760+0000] {logging_mixin.py:150} INFO - [2024-11-16T13:39:11.759+0000] {dag.py:2763} INFO - Creating ORM DAG for example_external_task_marker_child
[2024-11-16T13:39:11.760+0000] {logging_mixin.py:150} INFO - [2024-11-16T13:39:11.760+0000] {dag.py:2763} INFO - Creating ORM DAG for example_external_task_marker_parent
[2024-11-16T13:39:11.765+0000] {logging_mixin.py:150} INFO - [2024-11-16T13:39:11.765+0000] {dag.py:3504} INFO - Setting next_dagrun for example_external_task_marker_child to None, run_after=None
[2024-11-16T13:39:11.766+0000] {logging_mixin.py:150} INFO - [2024-11-16T13:39:11.766+0000] {dag.py:3504} INFO - Setting next_dagrun for example_external_task_marker_parent to None, run_after=None
[2024-11-16T13:39:11.780+0000] {processor.py:179} INFO - Processing /home/vscode/.local/lib/python3.10/site-packages/airflow/example_dags/example_external_task_marker_dag.py took 0.212 seconds
[2024-11-16T13:40:02.188+0000] {processor.py:157} INFO - Started process (PID=6126) to work on /home/vscode/.local/lib/python3.10/site-packages/airflow/example_dags/example_external_task_marker_dag.py
[2024-11-16T13:40:02.188+0000] {processor.py:826} INFO - Processing file /home/vscode/.local/lib/python3.10/site-packages/airflow/example_dags/example_external_task_marker_dag.py for tasks to queue
[2024-11-16T13:40:02.189+0000] {logging_mixin.py:150} INFO - [2024-11-16T13:40:02.188+0000] {dagbag.py:541} INFO - Filling up the DagBag from /home/vscode/.local/lib/python3.10/site-packages/airflow/example_dags/example_external_task_marker_dag.py
[2024-11-16T13:40:02.193+0000] {processor.py:836} INFO - DAG(s) dict_keys(['example_external_task_marker_child', 'example_external_task_marker_parent']) retrieved from /home/vscode/.local/lib/python3.10/site-packages/airflow/example_dags/example_external_task_marker_dag.py
[2024-11-16T13:40:02.208+0000] {logging_mixin.py:150} INFO - [2024-11-16T13:40:02.208+0000] {dag.py:2742} INFO - Sync 2 DAGs
[2024-11-16T13:40:02.226+0000] {logging_mixin.py:150} INFO - [2024-11-16T13:40:02.226+0000] {dag.py:3504} INFO - Setting next_dagrun for example_external_task_marker_child to None, run_after=None
[2024-11-16T13:40:02.229+0000] {logging_mixin.py:150} INFO - [2024-11-16T13:40:02.228+0000] {dag.py:3504} INFO - Setting next_dagrun for example_external_task_marker_parent to None, run_after=None
[2024-11-16T13:40:02.242+0000] {processor.py:179} INFO - Processing /home/vscode/.local/lib/python3.10/site-packages/airflow/example_dags/example_external_task_marker_dag.py took 0.056 seconds
[2024-11-16T13:40:47.292+0000] {processor.py:157} INFO - Started process (PID=6427) to work on /home/vscode/.local/lib/python3.10/site-packages/airflow/example_dags/example_external_task_marker_dag.py
[2024-11-16T13:40:47.293+0000] {processor.py:826} INFO - Processing file /home/vscode/.local/lib/python3.10/site-packages/airflow/example_dags/example_external_task_marker_dag.py for tasks to queue
[2024-11-16T13:40:47.294+0000] {logging_mixin.py:150} INFO - [2024-11-16T13:40:47.293+0000] {dagbag.py:541} INFO - Filling up the DagBag from /home/vscode/.local/lib/python3.10/site-packages/airflow/example_dags/example_external_task_marker_dag.py
[2024-11-16T13:40:47.298+0000] {processor.py:836} INFO - DAG(s) dict_keys(['example_external_task_marker_child', 'example_external_task_marker_parent']) retrieved from /home/vscode/.local/lib/python3.10/site-packages/airflow/example_dags/example_external_task_marker_dag.py
[2024-11-16T13:40:47.311+0000] {logging_mixin.py:150} INFO - [2024-11-16T13:40:47.311+0000] {dag.py:2742} INFO - Sync 2 DAGs
[2024-11-16T13:40:47.324+0000] {logging_mixin.py:150} INFO - [2024-11-16T13:40:47.324+0000] {dag.py:3504} INFO - Setting next_dagrun for example_external_task_marker_child to None, run_after=None
[2024-11-16T13:40:47.326+0000] {logging_mixin.py:150} INFO - [2024-11-16T13:40:47.326+0000] {dag.py:3504} INFO - Setting next_dagrun for example_external_task_marker_parent to None, run_after=None
[2024-11-16T13:40:47.339+0000] {processor.py:179} INFO - Processing /home/vscode/.local/lib/python3.10/site-packages/airflow/example_dags/example_external_task_marker_dag.py took 0.049 seconds
[2024-11-16T13:41:30.630+0000] {processor.py:157} INFO - Started process (PID=6721) to work on /home/vscode/.local/lib/python3.10/site-packages/airflow/example_dags/example_external_task_marker_dag.py
[2024-11-16T13:41:30.630+0000] {processor.py:826} INFO - Processing file /home/vscode/.local/lib/python3.10/site-packages/airflow/example_dags/example_external_task_marker_dag.py for tasks to queue
[2024-11-16T13:41:30.631+0000] {logging_mixin.py:150} INFO - [2024-11-16T13:41:30.631+0000] {dagbag.py:541} INFO - Filling up the DagBag from /home/vscode/.local/lib/python3.10/site-packages/airflow/example_dags/example_external_task_marker_dag.py
[2024-11-16T13:41:30.635+0000] {processor.py:836} INFO - DAG(s) dict_keys(['example_external_task_marker_parent', 'example_external_task_marker_child']) retrieved from /home/vscode/.local/lib/python3.10/site-packages/airflow/example_dags/example_external_task_marker_dag.py
[2024-11-16T13:41:30.648+0000] {logging_mixin.py:150} INFO - [2024-11-16T13:41:30.648+0000] {dag.py:2742} INFO - Sync 2 DAGs
[2024-11-16T13:41:30.662+0000] {logging_mixin.py:150} INFO - [2024-11-16T13:41:30.661+0000] {dag.py:3504} INFO - Setting next_dagrun for example_external_task_marker_child to None, run_after=None
[2024-11-16T13:41:30.664+0000] {logging_mixin.py:150} INFO - [2024-11-16T13:41:30.663+0000] {dag.py:3504} INFO - Setting next_dagrun for example_external_task_marker_parent to None, run_after=None
[2024-11-16T13:41:30.676+0000] {processor.py:179} INFO - Processing /home/vscode/.local/lib/python3.10/site-packages/airflow/example_dags/example_external_task_marker_dag.py took 0.048 seconds
[2024-11-16T13:42:17.161+0000] {processor.py:157} INFO - Started process (PID=7038) to work on /home/vscode/.local/lib/python3.10/site-packages/airflow/example_dags/example_external_task_marker_dag.py
[2024-11-16T13:42:17.162+0000] {processor.py:826} INFO - Processing file /home/vscode/.local/lib/python3.10/site-packages/airflow/example_dags/example_external_task_marker_dag.py for tasks to queue
[2024-11-16T13:42:17.162+0000] {logging_mixin.py:150} INFO - [2024-11-16T13:42:17.162+0000] {dagbag.py:541} INFO - Filling up the DagBag from /home/vscode/.local/lib/python3.10/site-packages/airflow/example_dags/example_external_task_marker_dag.py
[2024-11-16T13:42:17.166+0000] {processor.py:836} INFO - DAG(s) dict_keys(['example_external_task_marker_child', 'example_external_task_marker_parent']) retrieved from /home/vscode/.local/lib/python3.10/site-packages/airflow/example_dags/example_external_task_marker_dag.py
[2024-11-16T13:42:17.181+0000] {logging_mixin.py:150} INFO - [2024-11-16T13:42:17.181+0000] {dag.py:2742} INFO - Sync 2 DAGs
[2024-11-16T13:42:17.197+0000] {logging_mixin.py:150} INFO - [2024-11-16T13:42:17.196+0000] {dag.py:3504} INFO - Setting next_dagrun for example_external_task_marker_child to None, run_after=None
[2024-11-16T13:42:17.199+0000] {logging_mixin.py:150} INFO - [2024-11-16T13:42:17.199+0000] {dag.py:3504} INFO - Setting next_dagrun for example_external_task_marker_parent to None, run_after=None
[2024-11-16T13:42:17.212+0000] {processor.py:179} INFO - Processing /home/vscode/.local/lib/python3.10/site-packages/airflow/example_dags/example_external_task_marker_dag.py took 0.053 seconds
[2024-11-16T13:42:59.672+0000] {processor.py:157} INFO - Started process (PID=7312) to work on /home/vscode/.local/lib/python3.10/site-packages/airflow/example_dags/example_external_task_marker_dag.py
[2024-11-16T13:42:59.672+0000] {processor.py:826} INFO - Processing file /home/vscode/.local/lib/python3.10/site-packages/airflow/example_dags/example_external_task_marker_dag.py for tasks to queue
[2024-11-16T13:42:59.673+0000] {logging_mixin.py:150} INFO - [2024-11-16T13:42:59.672+0000] {dagbag.py:541} INFO - Filling up the DagBag from /home/vscode/.local/lib/python3.10/site-packages/airflow/example_dags/example_external_task_marker_dag.py
[2024-11-16T13:42:59.677+0000] {processor.py:836} INFO - DAG(s) dict_keys(['example_external_task_marker_child', 'example_external_task_marker_parent']) retrieved from /home/vscode/.local/lib/python3.10/site-packages/airflow/example_dags/example_external_task_marker_dag.py
[2024-11-16T13:42:59.690+0000] {logging_mixin.py:150} INFO - [2024-11-16T13:42:59.690+0000] {dag.py:2742} INFO - Sync 2 DAGs
[2024-11-16T13:42:59.704+0000] {logging_mixin.py:150} INFO - [2024-11-16T13:42:59.703+0000] {dag.py:3504} INFO - Setting next_dagrun for example_external_task_marker_child to None, run_after=None
[2024-11-16T13:42:59.706+0000] {logging_mixin.py:150} INFO - [2024-11-16T13:42:59.705+0000] {dag.py:3504} INFO - Setting next_dagrun for example_external_task_marker_parent to None, run_after=None
[2024-11-16T13:42:59.718+0000] {processor.py:179} INFO - Processing /home/vscode/.local/lib/python3.10/site-packages/airflow/example_dags/example_external_task_marker_dag.py took 0.049 seconds
[2024-11-16T13:43:47.017+0000] {processor.py:157} INFO - Started process (PID=7635) to work on /home/vscode/.local/lib/python3.10/site-packages/airflow/example_dags/example_external_task_marker_dag.py
[2024-11-16T13:43:47.017+0000] {processor.py:826} INFO - Processing file /home/vscode/.local/lib/python3.10/site-packages/airflow/example_dags/example_external_task_marker_dag.py for tasks to queue
[2024-11-16T13:43:47.018+0000] {logging_mixin.py:150} INFO - [2024-11-16T13:43:47.018+0000] {dagbag.py:541} INFO - Filling up the DagBag from /home/vscode/.local/lib/python3.10/site-packages/airflow/example_dags/example_external_task_marker_dag.py
[2024-11-16T13:43:47.022+0000] {processor.py:836} INFO - DAG(s) dict_keys(['example_external_task_marker_child', 'example_external_task_marker_parent']) retrieved from /home/vscode/.local/lib/python3.10/site-packages/airflow/example_dags/example_external_task_marker_dag.py
[2024-11-16T13:43:47.035+0000] {logging_mixin.py:150} INFO - [2024-11-16T13:43:47.035+0000] {dag.py:2742} INFO - Sync 2 DAGs
[2024-11-16T13:43:47.048+0000] {logging_mixin.py:150} INFO - [2024-11-16T13:43:47.048+0000] {dag.py:3504} INFO - Setting next_dagrun for example_external_task_marker_child to None, run_after=None
[2024-11-16T13:43:47.050+0000] {logging_mixin.py:150} INFO - [2024-11-16T13:43:47.050+0000] {dag.py:3504} INFO - Setting next_dagrun for example_external_task_marker_parent to None, run_after=None
[2024-11-16T13:43:47.062+0000] {processor.py:179} INFO - Processing /home/vscode/.local/lib/python3.10/site-packages/airflow/example_dags/example_external_task_marker_dag.py took 0.048 seconds
[2024-11-16T13:44:41.988+0000] {processor.py:157} INFO - Started process (PID=7999) to work on /home/vscode/.local/lib/python3.10/site-packages/airflow/example_dags/example_external_task_marker_dag.py
[2024-11-16T13:44:41.988+0000] {processor.py:826} INFO - Processing file /home/vscode/.local/lib/python3.10/site-packages/airflow/example_dags/example_external_task_marker_dag.py for tasks to queue
[2024-11-16T13:44:41.989+0000] {logging_mixin.py:150} INFO - [2024-11-16T13:44:41.989+0000] {dagbag.py:541} INFO - Filling up the DagBag from /home/vscode/.local/lib/python3.10/site-packages/airflow/example_dags/example_external_task_marker_dag.py
[2024-11-16T13:44:41.993+0000] {processor.py:836} INFO - DAG(s) dict_keys(['example_external_task_marker_parent', 'example_external_task_marker_child']) retrieved from /home/vscode/.local/lib/python3.10/site-packages/airflow/example_dags/example_external_task_marker_dag.py
[2024-11-16T13:44:42.007+0000] {logging_mixin.py:150} INFO - [2024-11-16T13:44:42.007+0000] {dag.py:2742} INFO - Sync 2 DAGs
[2024-11-16T13:44:42.020+0000] {logging_mixin.py:150} INFO - [2024-11-16T13:44:42.020+0000] {dag.py:3504} INFO - Setting next_dagrun for example_external_task_marker_child to None, run_after=None
[2024-11-16T13:44:42.022+0000] {logging_mixin.py:150} INFO - [2024-11-16T13:44:42.022+0000] {dag.py:3504} INFO - Setting next_dagrun for example_external_task_marker_parent to None, run_after=None
[2024-11-16T13:44:42.035+0000] {processor.py:179} INFO - Processing /home/vscode/.local/lib/python3.10/site-packages/airflow/example_dags/example_external_task_marker_dag.py took 0.049 seconds
[2024-11-16T13:45:26.641+0000] {processor.py:157} INFO - Started process (PID=8307) to work on /home/vscode/.local/lib/python3.10/site-packages/airflow/example_dags/example_external_task_marker_dag.py
[2024-11-16T13:45:26.642+0000] {processor.py:826} INFO - Processing file /home/vscode/.local/lib/python3.10/site-packages/airflow/example_dags/example_external_task_marker_dag.py for tasks to queue
[2024-11-16T13:45:26.642+0000] {logging_mixin.py:150} INFO - [2024-11-16T13:45:26.642+0000] {dagbag.py:541} INFO - Filling up the DagBag from /home/vscode/.local/lib/python3.10/site-packages/airflow/example_dags/example_external_task_marker_dag.py
[2024-11-16T13:45:26.646+0000] {processor.py:836} INFO - DAG(s) dict_keys(['example_external_task_marker_parent', 'example_external_task_marker_child']) retrieved from /home/vscode/.local/lib/python3.10/site-packages/airflow/example_dags/example_external_task_marker_dag.py
[2024-11-16T13:45:26.660+0000] {logging_mixin.py:150} INFO - [2024-11-16T13:45:26.660+0000] {dag.py:2742} INFO - Sync 2 DAGs
[2024-11-16T13:45:26.674+0000] {logging_mixin.py:150} INFO - [2024-11-16T13:45:26.674+0000] {dag.py:3504} INFO - Setting next_dagrun for example_external_task_marker_child to None, run_after=None
[2024-11-16T13:45:26.676+0000] {logging_mixin.py:150} INFO - [2024-11-16T13:45:26.676+0000] {dag.py:3504} INFO - Setting next_dagrun for example_external_task_marker_parent to None, run_after=None
[2024-11-16T13:45:26.689+0000] {processor.py:179} INFO - Processing /home/vscode/.local/lib/python3.10/site-packages/airflow/example_dags/example_external_task_marker_dag.py took 0.050 seconds
[2024-11-16T13:46:15.691+0000] {processor.py:157} INFO - Started process (PID=8635) to work on /home/vscode/.local/lib/python3.10/site-packages/airflow/example_dags/example_external_task_marker_dag.py
[2024-11-16T13:46:15.691+0000] {processor.py:826} INFO - Processing file /home/vscode/.local/lib/python3.10/site-packages/airflow/example_dags/example_external_task_marker_dag.py for tasks to queue
[2024-11-16T13:46:15.692+0000] {logging_mixin.py:150} INFO - [2024-11-16T13:46:15.692+0000] {dagbag.py:541} INFO - Filling up the DagBag from /home/vscode/.local/lib/python3.10/site-packages/airflow/example_dags/example_external_task_marker_dag.py
[2024-11-16T13:46:15.697+0000] {processor.py:836} INFO - DAG(s) dict_keys(['example_external_task_marker_parent', 'example_external_task_marker_child']) retrieved from /home/vscode/.local/lib/python3.10/site-packages/airflow/example_dags/example_external_task_marker_dag.py
[2024-11-16T13:46:15.710+0000] {logging_mixin.py:150} INFO - [2024-11-16T13:46:15.710+0000] {dag.py:2742} INFO - Sync 2 DAGs
[2024-11-16T13:46:15.724+0000] {logging_mixin.py:150} INFO - [2024-11-16T13:46:15.724+0000] {dag.py:3504} INFO - Setting next_dagrun for example_external_task_marker_child to None, run_after=None
[2024-11-16T13:46:15.726+0000] {logging_mixin.py:150} INFO - [2024-11-16T13:46:15.726+0000] {dag.py:3504} INFO - Setting next_dagrun for example_external_task_marker_parent to None, run_after=None
[2024-11-16T13:46:15.738+0000] {processor.py:179} INFO - Processing /home/vscode/.local/lib/python3.10/site-packages/airflow/example_dags/example_external_task_marker_dag.py took 0.049 seconds
[2024-11-16T13:47:00.775+0000] {processor.py:157} INFO - Started process (PID=8930) to work on /home/vscode/.local/lib/python3.10/site-packages/airflow/example_dags/example_external_task_marker_dag.py
[2024-11-16T13:47:00.776+0000] {processor.py:826} INFO - Processing file /home/vscode/.local/lib/python3.10/site-packages/airflow/example_dags/example_external_task_marker_dag.py for tasks to queue
[2024-11-16T13:47:00.776+0000] {logging_mixin.py:150} INFO - [2024-11-16T13:47:00.776+0000] {dagbag.py:541} INFO - Filling up the DagBag from /home/vscode/.local/lib/python3.10/site-packages/airflow/example_dags/example_external_task_marker_dag.py
[2024-11-16T13:47:00.781+0000] {processor.py:836} INFO - DAG(s) dict_keys(['example_external_task_marker_child', 'example_external_task_marker_parent']) retrieved from /home/vscode/.local/lib/python3.10/site-packages/airflow/example_dags/example_external_task_marker_dag.py
[2024-11-16T13:47:00.794+0000] {logging_mixin.py:150} INFO - [2024-11-16T13:47:00.793+0000] {dag.py:2742} INFO - Sync 2 DAGs
[2024-11-16T13:47:00.807+0000] {logging_mixin.py:150} INFO - [2024-11-16T13:47:00.807+0000] {dag.py:3504} INFO - Setting next_dagrun for example_external_task_marker_child to None, run_after=None
[2024-11-16T13:47:00.809+0000] {logging_mixin.py:150} INFO - [2024-11-16T13:47:00.809+0000] {dag.py:3504} INFO - Setting next_dagrun for example_external_task_marker_parent to None, run_after=None
[2024-11-16T13:47:00.822+0000] {processor.py:179} INFO - Processing /home/vscode/.local/lib/python3.10/site-packages/airflow/example_dags/example_external_task_marker_dag.py took 0.049 seconds
[2024-11-16T13:47:52.020+0000] {processor.py:157} INFO - Started process (PID=9272) to work on /home/vscode/.local/lib/python3.10/site-packages/airflow/example_dags/example_external_task_marker_dag.py
[2024-11-16T13:47:52.021+0000] {processor.py:826} INFO - Processing file /home/vscode/.local/lib/python3.10/site-packages/airflow/example_dags/example_external_task_marker_dag.py for tasks to queue
[2024-11-16T13:47:52.022+0000] {logging_mixin.py:150} INFO - [2024-11-16T13:47:52.021+0000] {dagbag.py:541} INFO - Filling up the DagBag from /home/vscode/.local/lib/python3.10/site-packages/airflow/example_dags/example_external_task_marker_dag.py
[2024-11-16T13:47:52.026+0000] {processor.py:836} INFO - DAG(s) dict_keys(['example_external_task_marker_parent', 'example_external_task_marker_child']) retrieved from /home/vscode/.local/lib/python3.10/site-packages/airflow/example_dags/example_external_task_marker_dag.py
[2024-11-16T13:47:52.039+0000] {logging_mixin.py:150} INFO - [2024-11-16T13:47:52.039+0000] {dag.py:2742} INFO - Sync 2 DAGs
[2024-11-16T13:47:52.053+0000] {logging_mixin.py:150} INFO - [2024-11-16T13:47:52.053+0000] {dag.py:3504} INFO - Setting next_dagrun for example_external_task_marker_child to None, run_after=None
[2024-11-16T13:47:52.055+0000] {logging_mixin.py:150} INFO - [2024-11-16T13:47:52.055+0000] {dag.py:3504} INFO - Setting next_dagrun for example_external_task_marker_parent to None, run_after=None
[2024-11-16T13:47:52.068+0000] {processor.py:179} INFO - Processing /home/vscode/.local/lib/python3.10/site-packages/airflow/example_dags/example_external_task_marker_dag.py took 0.050 seconds
[2024-11-16T13:48:37.096+0000] {processor.py:157} INFO - Started process (PID=9581) to work on /home/vscode/.local/lib/python3.10/site-packages/airflow/example_dags/example_external_task_marker_dag.py
[2024-11-16T13:48:37.097+0000] {processor.py:826} INFO - Processing file /home/vscode/.local/lib/python3.10/site-packages/airflow/example_dags/example_external_task_marker_dag.py for tasks to queue
[2024-11-16T13:48:37.097+0000] {logging_mixin.py:150} INFO - [2024-11-16T13:48:37.097+0000] {dagbag.py:541} INFO - Filling up the DagBag from /home/vscode/.local/lib/python3.10/site-packages/airflow/example_dags/example_external_task_marker_dag.py
[2024-11-16T13:48:37.102+0000] {processor.py:836} INFO - DAG(s) dict_keys(['example_external_task_marker_child', 'example_external_task_marker_parent']) retrieved from /home/vscode/.local/lib/python3.10/site-packages/airflow/example_dags/example_external_task_marker_dag.py
[2024-11-16T13:48:37.115+0000] {logging_mixin.py:150} INFO - [2024-11-16T13:48:37.115+0000] {dag.py:2742} INFO - Sync 2 DAGs
[2024-11-16T13:48:37.128+0000] {logging_mixin.py:150} INFO - [2024-11-16T13:48:37.128+0000] {dag.py:3504} INFO - Setting next_dagrun for example_external_task_marker_child to None, run_after=None
[2024-11-16T13:48:37.130+0000] {logging_mixin.py:150} INFO - [2024-11-16T13:48:37.130+0000] {dag.py:3504} INFO - Setting next_dagrun for example_external_task_marker_parent to None, run_after=None
[2024-11-16T13:48:37.144+0000] {processor.py:179} INFO - Processing /home/vscode/.local/lib/python3.10/site-packages/airflow/example_dags/example_external_task_marker_dag.py took 0.050 seconds
[2024-11-16T13:49:22.834+0000] {processor.py:157} INFO - Started process (PID=9896) to work on /home/vscode/.local/lib/python3.10/site-packages/airflow/example_dags/example_external_task_marker_dag.py
[2024-11-16T13:49:22.835+0000] {processor.py:826} INFO - Processing file /home/vscode/.local/lib/python3.10/site-packages/airflow/example_dags/example_external_task_marker_dag.py for tasks to queue
[2024-11-16T13:49:22.835+0000] {logging_mixin.py:150} INFO - [2024-11-16T13:49:22.835+0000] {dagbag.py:541} INFO - Filling up the DagBag from /home/vscode/.local/lib/python3.10/site-packages/airflow/example_dags/example_external_task_marker_dag.py
[2024-11-16T13:49:22.839+0000] {processor.py:836} INFO - DAG(s) dict_keys(['example_external_task_marker_parent', 'example_external_task_marker_child']) retrieved from /home/vscode/.local/lib/python3.10/site-packages/airflow/example_dags/example_external_task_marker_dag.py
[2024-11-16T13:49:22.853+0000] {logging_mixin.py:150} INFO - [2024-11-16T13:49:22.853+0000] {dag.py:2742} INFO - Sync 2 DAGs
[2024-11-16T13:49:22.867+0000] {logging_mixin.py:150} INFO - [2024-11-16T13:49:22.867+0000] {dag.py:3504} INFO - Setting next_dagrun for example_external_task_marker_child to None, run_after=None
[2024-11-16T13:49:22.869+0000] {logging_mixin.py:150} INFO - [2024-11-16T13:49:22.869+0000] {dag.py:3504} INFO - Setting next_dagrun for example_external_task_marker_parent to None, run_after=None
[2024-11-16T13:49:22.882+0000] {processor.py:179} INFO - Processing /home/vscode/.local/lib/python3.10/site-packages/airflow/example_dags/example_external_task_marker_dag.py took 0.050 seconds
[2024-11-16T13:50:10.766+0000] {processor.py:157} INFO - Started process (PID=10222) to work on /home/vscode/.local/lib/python3.10/site-packages/airflow/example_dags/example_external_task_marker_dag.py
[2024-11-16T13:50:10.766+0000] {processor.py:826} INFO - Processing file /home/vscode/.local/lib/python3.10/site-packages/airflow/example_dags/example_external_task_marker_dag.py for tasks to queue
[2024-11-16T13:50:10.767+0000] {logging_mixin.py:150} INFO - [2024-11-16T13:50:10.767+0000] {dagbag.py:541} INFO - Filling up the DagBag from /home/vscode/.local/lib/python3.10/site-packages/airflow/example_dags/example_external_task_marker_dag.py
[2024-11-16T13:50:10.771+0000] {processor.py:836} INFO - DAG(s) dict_keys(['example_external_task_marker_child', 'example_external_task_marker_parent']) retrieved from /home/vscode/.local/lib/python3.10/site-packages/airflow/example_dags/example_external_task_marker_dag.py
[2024-11-16T13:50:10.784+0000] {logging_mixin.py:150} INFO - [2024-11-16T13:50:10.784+0000] {dag.py:2742} INFO - Sync 2 DAGs
[2024-11-16T13:50:10.798+0000] {logging_mixin.py:150} INFO - [2024-11-16T13:50:10.798+0000] {dag.py:3504} INFO - Setting next_dagrun for example_external_task_marker_child to None, run_after=None
[2024-11-16T13:50:10.800+0000] {logging_mixin.py:150} INFO - [2024-11-16T13:50:10.800+0000] {dag.py:3504} INFO - Setting next_dagrun for example_external_task_marker_parent to None, run_after=None
[2024-11-16T13:50:10.812+0000] {processor.py:179} INFO - Processing /home/vscode/.local/lib/python3.10/site-packages/airflow/example_dags/example_external_task_marker_dag.py took 0.048 seconds
[2024-11-16T13:51:04.463+0000] {processor.py:157} INFO - Started process (PID=10645) to work on /home/vscode/.local/lib/python3.10/site-packages/airflow/example_dags/example_external_task_marker_dag.py
[2024-11-16T13:51:04.463+0000] {processor.py:826} INFO - Processing file /home/vscode/.local/lib/python3.10/site-packages/airflow/example_dags/example_external_task_marker_dag.py for tasks to queue
[2024-11-16T13:51:04.464+0000] {logging_mixin.py:150} INFO - [2024-11-16T13:51:04.464+0000] {dagbag.py:541} INFO - Filling up the DagBag from /home/vscode/.local/lib/python3.10/site-packages/airflow/example_dags/example_external_task_marker_dag.py
[2024-11-16T13:51:04.468+0000] {processor.py:836} INFO - DAG(s) dict_keys(['example_external_task_marker_child', 'example_external_task_marker_parent']) retrieved from /home/vscode/.local/lib/python3.10/site-packages/airflow/example_dags/example_external_task_marker_dag.py
[2024-11-16T13:51:04.498+0000] {logging_mixin.py:150} INFO - [2024-11-16T13:51:04.497+0000] {dag.py:2742} INFO - Sync 2 DAGs
[2024-11-16T13:51:04.515+0000] {logging_mixin.py:150} INFO - [2024-11-16T13:51:04.515+0000] {dag.py:3504} INFO - Setting next_dagrun for example_external_task_marker_child to None, run_after=None
[2024-11-16T13:51:04.517+0000] {logging_mixin.py:150} INFO - [2024-11-16T13:51:04.517+0000] {dag.py:3504} INFO - Setting next_dagrun for example_external_task_marker_parent to None, run_after=None
[2024-11-16T13:51:04.530+0000] {processor.py:179} INFO - Processing /home/vscode/.local/lib/python3.10/site-packages/airflow/example_dags/example_external_task_marker_dag.py took 0.069 seconds
[2024-11-16T13:51:48.731+0000] {processor.py:157} INFO - Started process (PID=10966) to work on /home/vscode/.local/lib/python3.10/site-packages/airflow/example_dags/example_external_task_marker_dag.py
[2024-11-16T13:51:48.732+0000] {processor.py:826} INFO - Processing file /home/vscode/.local/lib/python3.10/site-packages/airflow/example_dags/example_external_task_marker_dag.py for tasks to queue
[2024-11-16T13:51:48.732+0000] {logging_mixin.py:150} INFO - [2024-11-16T13:51:48.732+0000] {dagbag.py:541} INFO - Filling up the DagBag from /home/vscode/.local/lib/python3.10/site-packages/airflow/example_dags/example_external_task_marker_dag.py
[2024-11-16T13:51:48.737+0000] {processor.py:836} INFO - DAG(s) dict_keys(['example_external_task_marker_parent', 'example_external_task_marker_child']) retrieved from /home/vscode/.local/lib/python3.10/site-packages/airflow/example_dags/example_external_task_marker_dag.py
[2024-11-16T13:51:48.750+0000] {logging_mixin.py:150} INFO - [2024-11-16T13:51:48.750+0000] {dag.py:2742} INFO - Sync 2 DAGs
[2024-11-16T13:51:48.764+0000] {logging_mixin.py:150} INFO - [2024-11-16T13:51:48.763+0000] {dag.py:3504} INFO - Setting next_dagrun for example_external_task_marker_child to None, run_after=None
[2024-11-16T13:51:48.765+0000] {logging_mixin.py:150} INFO - [2024-11-16T13:51:48.765+0000] {dag.py:3504} INFO - Setting next_dagrun for example_external_task_marker_parent to None, run_after=None
[2024-11-16T13:51:48.778+0000] {processor.py:179} INFO - Processing /home/vscode/.local/lib/python3.10/site-packages/airflow/example_dags/example_external_task_marker_dag.py took 0.049 seconds
