[2024-11-16T13:38:56.158+0000] {processor.py:157} INFO - Started process (PID=5631) to work on /home/vscode/.local/lib/python3.10/site-packages/airflow/example_dags/example_sla_dag.py
[2024-11-16T13:38:56.158+0000] {processor.py:826} INFO - Processing file /home/vscode/.local/lib/python3.10/site-packages/airflow/example_dags/example_sla_dag.py for tasks to queue
[2024-11-16T13:38:56.159+0000] {logging_mixin.py:150} INFO - [2024-11-16T13:38:56.158+0000] {dagbag.py:541} INFO - Filling up the DagBag from /home/vscode/.local/lib/python3.10/site-packages/airflow/example_dags/example_sla_dag.py
[2024-11-16T13:38:56.165+0000] {processor.py:836} INFO - DAG(s) dict_keys(['example_sla_dag']) retrieved from /home/vscode/.local/lib/python3.10/site-packages/airflow/example_dags/example_sla_dag.py
[2024-11-16T13:38:56.315+0000] {logging_mixin.py:150} INFO - [2024-11-16T13:38:56.314+0000] {manager.py:504} INFO - Created Permission View: can edit on DAG:example_sla_dag
[2024-11-16T13:38:56.322+0000] {logging_mixin.py:150} INFO - [2024-11-16T13:38:56.322+0000] {manager.py:504} INFO - Created Permission View: can delete on DAG:example_sla_dag
[2024-11-16T13:38:56.328+0000] {logging_mixin.py:150} INFO - [2024-11-16T13:38:56.328+0000] {manager.py:504} INFO - Created Permission View: can read on DAG:example_sla_dag
[2024-11-16T13:38:56.335+0000] {logging_mixin.py:150} INFO - [2024-11-16T13:38:56.335+0000] {dag.py:2742} INFO - Sync 1 DAGs
[2024-11-16T13:38:56.342+0000] {logging_mixin.py:150} INFO - [2024-11-16T13:38:56.341+0000] {dag.py:2763} INFO - Creating ORM DAG for example_sla_dag
[2024-11-16T13:38:56.351+0000] {logging_mixin.py:150} INFO - [2024-11-16T13:38:56.350+0000] {dag.py:3504} INFO - Setting next_dagrun for example_sla_dag to 2024-11-16T13:36:00+00:00, run_after=2024-11-16T13:38:00+00:00
[2024-11-16T13:38:56.365+0000] {processor.py:179} INFO - Processing /home/vscode/.local/lib/python3.10/site-packages/airflow/example_dags/example_sla_dag.py took 0.209 seconds
[2024-11-16T13:39:42.473+0000] {processor.py:157} INFO - Started process (PID=5991) to work on /home/vscode/.local/lib/python3.10/site-packages/airflow/example_dags/example_sla_dag.py
[2024-11-16T13:39:42.473+0000] {processor.py:826} INFO - Processing file /home/vscode/.local/lib/python3.10/site-packages/airflow/example_dags/example_sla_dag.py for tasks to queue
[2024-11-16T13:39:42.474+0000] {logging_mixin.py:150} INFO - [2024-11-16T13:39:42.474+0000] {dagbag.py:541} INFO - Filling up the DagBag from /home/vscode/.local/lib/python3.10/site-packages/airflow/example_dags/example_sla_dag.py
[2024-11-16T13:39:42.480+0000] {processor.py:836} INFO - DAG(s) dict_keys(['example_sla_dag']) retrieved from /home/vscode/.local/lib/python3.10/site-packages/airflow/example_dags/example_sla_dag.py
[2024-11-16T13:39:42.490+0000] {logging_mixin.py:150} INFO - [2024-11-16T13:39:42.490+0000] {dag.py:2742} INFO - Sync 1 DAGs
[2024-11-16T13:39:42.506+0000] {logging_mixin.py:150} INFO - [2024-11-16T13:39:42.506+0000] {dag.py:3504} INFO - Setting next_dagrun for example_sla_dag to 2024-11-16T13:36:00+00:00, run_after=2024-11-16T13:38:00+00:00
[2024-11-16T13:39:42.520+0000] {processor.py:179} INFO - Processing /home/vscode/.local/lib/python3.10/site-packages/airflow/example_dags/example_sla_dag.py took 0.050 seconds
[2024-11-16T13:40:27.873+0000] {processor.py:157} INFO - Started process (PID=6299) to work on /home/vscode/.local/lib/python3.10/site-packages/airflow/example_dags/example_sla_dag.py
[2024-11-16T13:40:27.874+0000] {processor.py:826} INFO - Processing file /home/vscode/.local/lib/python3.10/site-packages/airflow/example_dags/example_sla_dag.py for tasks to queue
[2024-11-16T13:40:27.874+0000] {logging_mixin.py:150} INFO - [2024-11-16T13:40:27.874+0000] {dagbag.py:541} INFO - Filling up the DagBag from /home/vscode/.local/lib/python3.10/site-packages/airflow/example_dags/example_sla_dag.py
[2024-11-16T13:40:27.881+0000] {processor.py:836} INFO - DAG(s) dict_keys(['example_sla_dag']) retrieved from /home/vscode/.local/lib/python3.10/site-packages/airflow/example_dags/example_sla_dag.py
[2024-11-16T13:40:27.892+0000] {logging_mixin.py:150} INFO - [2024-11-16T13:40:27.891+0000] {dag.py:2742} INFO - Sync 1 DAGs
[2024-11-16T13:40:27.908+0000] {logging_mixin.py:150} INFO - [2024-11-16T13:40:27.907+0000] {dag.py:3504} INFO - Setting next_dagrun for example_sla_dag to 2024-11-16T13:38:00+00:00, run_after=2024-11-16T13:40:00+00:00
[2024-11-16T13:40:27.922+0000] {processor.py:179} INFO - Processing /home/vscode/.local/lib/python3.10/site-packages/airflow/example_dags/example_sla_dag.py took 0.051 seconds
[2024-11-16T13:41:13.276+0000] {processor.py:157} INFO - Started process (PID=6607) to work on /home/vscode/.local/lib/python3.10/site-packages/airflow/example_dags/example_sla_dag.py
[2024-11-16T13:41:13.277+0000] {processor.py:826} INFO - Processing file /home/vscode/.local/lib/python3.10/site-packages/airflow/example_dags/example_sla_dag.py for tasks to queue
[2024-11-16T13:41:13.277+0000] {logging_mixin.py:150} INFO - [2024-11-16T13:41:13.277+0000] {dagbag.py:541} INFO - Filling up the DagBag from /home/vscode/.local/lib/python3.10/site-packages/airflow/example_dags/example_sla_dag.py
[2024-11-16T13:41:13.283+0000] {processor.py:836} INFO - DAG(s) dict_keys(['example_sla_dag']) retrieved from /home/vscode/.local/lib/python3.10/site-packages/airflow/example_dags/example_sla_dag.py
[2024-11-16T13:41:13.293+0000] {logging_mixin.py:150} INFO - [2024-11-16T13:41:13.293+0000] {dag.py:2742} INFO - Sync 1 DAGs
[2024-11-16T13:41:13.309+0000] {logging_mixin.py:150} INFO - [2024-11-16T13:41:13.309+0000] {dag.py:3504} INFO - Setting next_dagrun for example_sla_dag to 2024-11-16T13:38:00+00:00, run_after=2024-11-16T13:40:00+00:00
[2024-11-16T13:41:13.325+0000] {processor.py:179} INFO - Processing /home/vscode/.local/lib/python3.10/site-packages/airflow/example_dags/example_sla_dag.py took 0.051 seconds
[2024-11-16T13:41:58.629+0000] {processor.py:157} INFO - Started process (PID=6903) to work on /home/vscode/.local/lib/python3.10/site-packages/airflow/example_dags/example_sla_dag.py
[2024-11-16T13:41:58.629+0000] {processor.py:826} INFO - Processing file /home/vscode/.local/lib/python3.10/site-packages/airflow/example_dags/example_sla_dag.py for tasks to queue
[2024-11-16T13:41:58.630+0000] {logging_mixin.py:150} INFO - [2024-11-16T13:41:58.630+0000] {dagbag.py:541} INFO - Filling up the DagBag from /home/vscode/.local/lib/python3.10/site-packages/airflow/example_dags/example_sla_dag.py
[2024-11-16T13:41:58.636+0000] {processor.py:836} INFO - DAG(s) dict_keys(['example_sla_dag']) retrieved from /home/vscode/.local/lib/python3.10/site-packages/airflow/example_dags/example_sla_dag.py
[2024-11-16T13:41:58.646+0000] {logging_mixin.py:150} INFO - [2024-11-16T13:41:58.646+0000] {dag.py:2742} INFO - Sync 1 DAGs
[2024-11-16T13:41:58.662+0000] {logging_mixin.py:150} INFO - [2024-11-16T13:41:58.662+0000] {dag.py:3504} INFO - Setting next_dagrun for example_sla_dag to 2024-11-16T13:38:00+00:00, run_after=2024-11-16T13:40:00+00:00
[2024-11-16T13:41:58.676+0000] {processor.py:179} INFO - Processing /home/vscode/.local/lib/python3.10/site-packages/airflow/example_dags/example_sla_dag.py took 0.049 seconds
[2024-11-16T13:42:41.562+0000] {processor.py:157} INFO - Started process (PID=7197) to work on /home/vscode/.local/lib/python3.10/site-packages/airflow/example_dags/example_sla_dag.py
[2024-11-16T13:42:41.563+0000] {processor.py:826} INFO - Processing file /home/vscode/.local/lib/python3.10/site-packages/airflow/example_dags/example_sla_dag.py for tasks to queue
[2024-11-16T13:42:41.563+0000] {logging_mixin.py:150} INFO - [2024-11-16T13:42:41.563+0000] {dagbag.py:541} INFO - Filling up the DagBag from /home/vscode/.local/lib/python3.10/site-packages/airflow/example_dags/example_sla_dag.py
[2024-11-16T13:42:41.569+0000] {processor.py:836} INFO - DAG(s) dict_keys(['example_sla_dag']) retrieved from /home/vscode/.local/lib/python3.10/site-packages/airflow/example_dags/example_sla_dag.py
[2024-11-16T13:42:41.580+0000] {logging_mixin.py:150} INFO - [2024-11-16T13:42:41.580+0000] {dag.py:2742} INFO - Sync 1 DAGs
[2024-11-16T13:42:41.595+0000] {logging_mixin.py:150} INFO - [2024-11-16T13:42:41.595+0000] {dag.py:3504} INFO - Setting next_dagrun for example_sla_dag to 2024-11-16T13:40:00+00:00, run_after=2024-11-16T13:42:00+00:00
[2024-11-16T13:42:41.609+0000] {processor.py:179} INFO - Processing /home/vscode/.local/lib/python3.10/site-packages/airflow/example_dags/example_sla_dag.py took 0.049 seconds
[2024-11-16T13:43:26.813+0000] {processor.py:157} INFO - Started process (PID=7498) to work on /home/vscode/.local/lib/python3.10/site-packages/airflow/example_dags/example_sla_dag.py
[2024-11-16T13:43:26.814+0000] {processor.py:826} INFO - Processing file /home/vscode/.local/lib/python3.10/site-packages/airflow/example_dags/example_sla_dag.py for tasks to queue
[2024-11-16T13:43:26.814+0000] {logging_mixin.py:150} INFO - [2024-11-16T13:43:26.814+0000] {dagbag.py:541} INFO - Filling up the DagBag from /home/vscode/.local/lib/python3.10/site-packages/airflow/example_dags/example_sla_dag.py
[2024-11-16T13:43:26.820+0000] {processor.py:836} INFO - DAG(s) dict_keys(['example_sla_dag']) retrieved from /home/vscode/.local/lib/python3.10/site-packages/airflow/example_dags/example_sla_dag.py
[2024-11-16T13:43:26.831+0000] {logging_mixin.py:150} INFO - [2024-11-16T13:43:26.830+0000] {dag.py:2742} INFO - Sync 1 DAGs
[2024-11-16T13:43:26.847+0000] {logging_mixin.py:150} INFO - [2024-11-16T13:43:26.846+0000] {dag.py:3504} INFO - Setting next_dagrun for example_sla_dag to 2024-11-16T13:40:00+00:00, run_after=2024-11-16T13:42:00+00:00
[2024-11-16T13:43:26.860+0000] {processor.py:179} INFO - Processing /home/vscode/.local/lib/python3.10/site-packages/airflow/example_dags/example_sla_dag.py took 0.049 seconds
[2024-11-16T13:44:10.965+0000] {processor.py:157} INFO - Started process (PID=7792) to work on /home/vscode/.local/lib/python3.10/site-packages/airflow/example_dags/example_sla_dag.py
[2024-11-16T13:44:10.965+0000] {processor.py:826} INFO - Processing file /home/vscode/.local/lib/python3.10/site-packages/airflow/example_dags/example_sla_dag.py for tasks to queue
[2024-11-16T13:44:10.966+0000] {logging_mixin.py:150} INFO - [2024-11-16T13:44:10.966+0000] {dagbag.py:541} INFO - Filling up the DagBag from /home/vscode/.local/lib/python3.10/site-packages/airflow/example_dags/example_sla_dag.py
[2024-11-16T13:44:10.972+0000] {processor.py:836} INFO - DAG(s) dict_keys(['example_sla_dag']) retrieved from /home/vscode/.local/lib/python3.10/site-packages/airflow/example_dags/example_sla_dag.py
[2024-11-16T13:44:10.983+0000] {logging_mixin.py:150} INFO - [2024-11-16T13:44:10.982+0000] {dag.py:2742} INFO - Sync 1 DAGs
[2024-11-16T13:44:11.003+0000] {logging_mixin.py:150} INFO - [2024-11-16T13:44:11.003+0000] {dag.py:3504} INFO - Setting next_dagrun for example_sla_dag to 2024-11-16T13:42:00+00:00, run_after=2024-11-16T13:44:00+00:00
[2024-11-16T13:44:11.020+0000] {processor.py:179} INFO - Processing /home/vscode/.local/lib/python3.10/site-packages/airflow/example_dags/example_sla_dag.py took 0.057 seconds
[2024-11-16T13:44:53.553+0000] {processor.py:157} INFO - Started process (PID=8072) to work on /home/vscode/.local/lib/python3.10/site-packages/airflow/example_dags/example_sla_dag.py
[2024-11-16T13:44:53.553+0000] {processor.py:826} INFO - Processing file /home/vscode/.local/lib/python3.10/site-packages/airflow/example_dags/example_sla_dag.py for tasks to queue
[2024-11-16T13:44:53.554+0000] {logging_mixin.py:150} INFO - [2024-11-16T13:44:53.554+0000] {dagbag.py:541} INFO - Filling up the DagBag from /home/vscode/.local/lib/python3.10/site-packages/airflow/example_dags/example_sla_dag.py
[2024-11-16T13:44:53.560+0000] {processor.py:836} INFO - DAG(s) dict_keys(['example_sla_dag']) retrieved from /home/vscode/.local/lib/python3.10/site-packages/airflow/example_dags/example_sla_dag.py
[2024-11-16T13:44:53.571+0000] {logging_mixin.py:150} INFO - [2024-11-16T13:44:53.571+0000] {dag.py:2742} INFO - Sync 1 DAGs
[2024-11-16T13:44:53.587+0000] {logging_mixin.py:150} INFO - [2024-11-16T13:44:53.587+0000] {dag.py:3504} INFO - Setting next_dagrun for example_sla_dag to 2024-11-16T13:42:00+00:00, run_after=2024-11-16T13:44:00+00:00
[2024-11-16T13:44:53.601+0000] {processor.py:179} INFO - Processing /home/vscode/.local/lib/python3.10/site-packages/airflow/example_dags/example_sla_dag.py took 0.051 seconds
[2024-11-16T13:45:38.591+0000] {processor.py:157} INFO - Started process (PID=8385) to work on /home/vscode/.local/lib/python3.10/site-packages/airflow/example_dags/example_sla_dag.py
[2024-11-16T13:45:38.592+0000] {processor.py:826} INFO - Processing file /home/vscode/.local/lib/python3.10/site-packages/airflow/example_dags/example_sla_dag.py for tasks to queue
[2024-11-16T13:45:38.593+0000] {logging_mixin.py:150} INFO - [2024-11-16T13:45:38.592+0000] {dagbag.py:541} INFO - Filling up the DagBag from /home/vscode/.local/lib/python3.10/site-packages/airflow/example_dags/example_sla_dag.py
[2024-11-16T13:45:38.598+0000] {processor.py:836} INFO - DAG(s) dict_keys(['example_sla_dag']) retrieved from /home/vscode/.local/lib/python3.10/site-packages/airflow/example_dags/example_sla_dag.py
[2024-11-16T13:45:38.609+0000] {logging_mixin.py:150} INFO - [2024-11-16T13:45:38.609+0000] {dag.py:2742} INFO - Sync 1 DAGs
[2024-11-16T13:45:38.625+0000] {logging_mixin.py:150} INFO - [2024-11-16T13:45:38.625+0000] {dag.py:3504} INFO - Setting next_dagrun for example_sla_dag to 2024-11-16T13:42:00+00:00, run_after=2024-11-16T13:44:00+00:00
[2024-11-16T13:45:38.638+0000] {processor.py:179} INFO - Processing /home/vscode/.local/lib/python3.10/site-packages/airflow/example_dags/example_sla_dag.py took 0.049 seconds
[2024-11-16T13:46:27.315+0000] {processor.py:157} INFO - Started process (PID=8713) to work on /home/vscode/.local/lib/python3.10/site-packages/airflow/example_dags/example_sla_dag.py
[2024-11-16T13:46:27.316+0000] {processor.py:826} INFO - Processing file /home/vscode/.local/lib/python3.10/site-packages/airflow/example_dags/example_sla_dag.py for tasks to queue
[2024-11-16T13:46:27.316+0000] {logging_mixin.py:150} INFO - [2024-11-16T13:46:27.316+0000] {dagbag.py:541} INFO - Filling up the DagBag from /home/vscode/.local/lib/python3.10/site-packages/airflow/example_dags/example_sla_dag.py
[2024-11-16T13:46:27.322+0000] {processor.py:836} INFO - DAG(s) dict_keys(['example_sla_dag']) retrieved from /home/vscode/.local/lib/python3.10/site-packages/airflow/example_dags/example_sla_dag.py
[2024-11-16T13:46:27.333+0000] {logging_mixin.py:150} INFO - [2024-11-16T13:46:27.333+0000] {dag.py:2742} INFO - Sync 1 DAGs
[2024-11-16T13:46:27.348+0000] {logging_mixin.py:150} INFO - [2024-11-16T13:46:27.348+0000] {dag.py:3504} INFO - Setting next_dagrun for example_sla_dag to 2024-11-16T13:44:00+00:00, run_after=2024-11-16T13:46:00+00:00
[2024-11-16T13:46:27.362+0000] {processor.py:179} INFO - Processing /home/vscode/.local/lib/python3.10/site-packages/airflow/example_dags/example_sla_dag.py took 0.049 seconds
[2024-11-16T13:47:11.035+0000] {processor.py:157} INFO - Started process (PID=8999) to work on /home/vscode/.local/lib/python3.10/site-packages/airflow/example_dags/example_sla_dag.py
[2024-11-16T13:47:11.035+0000] {processor.py:826} INFO - Processing file /home/vscode/.local/lib/python3.10/site-packages/airflow/example_dags/example_sla_dag.py for tasks to queue
[2024-11-16T13:47:11.036+0000] {logging_mixin.py:150} INFO - [2024-11-16T13:47:11.036+0000] {dagbag.py:541} INFO - Filling up the DagBag from /home/vscode/.local/lib/python3.10/site-packages/airflow/example_dags/example_sla_dag.py
[2024-11-16T13:47:11.042+0000] {processor.py:836} INFO - DAG(s) dict_keys(['example_sla_dag']) retrieved from /home/vscode/.local/lib/python3.10/site-packages/airflow/example_dags/example_sla_dag.py
[2024-11-16T13:47:11.053+0000] {logging_mixin.py:150} INFO - [2024-11-16T13:47:11.053+0000] {dag.py:2742} INFO - Sync 1 DAGs
[2024-11-16T13:47:11.069+0000] {logging_mixin.py:150} INFO - [2024-11-16T13:47:11.069+0000] {dag.py:3504} INFO - Setting next_dagrun for example_sla_dag to 2024-11-16T13:44:00+00:00, run_after=2024-11-16T13:46:00+00:00
[2024-11-16T13:47:11.083+0000] {processor.py:179} INFO - Processing /home/vscode/.local/lib/python3.10/site-packages/airflow/example_dags/example_sla_dag.py took 0.050 seconds
[2024-11-16T13:47:50.286+0000] {processor.py:157} INFO - Started process (PID=9262) to work on /home/vscode/.local/lib/python3.10/site-packages/airflow/example_dags/example_sla_dag.py
[2024-11-16T13:47:50.287+0000] {processor.py:826} INFO - Processing file /home/vscode/.local/lib/python3.10/site-packages/airflow/example_dags/example_sla_dag.py for tasks to queue
[2024-11-16T13:47:50.288+0000] {logging_mixin.py:150} INFO - [2024-11-16T13:47:50.287+0000] {dagbag.py:541} INFO - Filling up the DagBag from /home/vscode/.local/lib/python3.10/site-packages/airflow/example_dags/example_sla_dag.py
[2024-11-16T13:47:50.294+0000] {processor.py:836} INFO - DAG(s) dict_keys(['example_sla_dag']) retrieved from /home/vscode/.local/lib/python3.10/site-packages/airflow/example_dags/example_sla_dag.py
[2024-11-16T13:47:50.304+0000] {logging_mixin.py:150} INFO - [2024-11-16T13:47:50.304+0000] {dag.py:2742} INFO - Sync 1 DAGs
[2024-11-16T13:47:50.321+0000] {logging_mixin.py:150} INFO - [2024-11-16T13:47:50.321+0000] {dag.py:3504} INFO - Setting next_dagrun for example_sla_dag to 2024-11-16T13:44:00+00:00, run_after=2024-11-16T13:46:00+00:00
[2024-11-16T13:47:50.335+0000] {processor.py:179} INFO - Processing /home/vscode/.local/lib/python3.10/site-packages/airflow/example_dags/example_sla_dag.py took 0.050 seconds
[2024-11-16T13:48:34.239+0000] {processor.py:157} INFO - Started process (PID=9557) to work on /home/vscode/.local/lib/python3.10/site-packages/airflow/example_dags/example_sla_dag.py
[2024-11-16T13:48:34.240+0000] {processor.py:826} INFO - Processing file /home/vscode/.local/lib/python3.10/site-packages/airflow/example_dags/example_sla_dag.py for tasks to queue
[2024-11-16T13:48:34.240+0000] {logging_mixin.py:150} INFO - [2024-11-16T13:48:34.240+0000] {dagbag.py:541} INFO - Filling up the DagBag from /home/vscode/.local/lib/python3.10/site-packages/airflow/example_dags/example_sla_dag.py
[2024-11-16T13:48:34.248+0000] {processor.py:836} INFO - DAG(s) dict_keys(['example_sla_dag']) retrieved from /home/vscode/.local/lib/python3.10/site-packages/airflow/example_dags/example_sla_dag.py
[2024-11-16T13:48:34.263+0000] {logging_mixin.py:150} INFO - [2024-11-16T13:48:34.262+0000] {dag.py:2742} INFO - Sync 1 DAGs
[2024-11-16T13:48:34.279+0000] {logging_mixin.py:150} INFO - [2024-11-16T13:48:34.279+0000] {dag.py:3504} INFO - Setting next_dagrun for example_sla_dag to 2024-11-16T13:46:00+00:00, run_after=2024-11-16T13:48:00+00:00
[2024-11-16T13:48:34.293+0000] {processor.py:179} INFO - Processing /home/vscode/.local/lib/python3.10/site-packages/airflow/example_dags/example_sla_dag.py took 0.056 seconds
[2024-11-16T13:49:19.437+0000] {processor.py:157} INFO - Started process (PID=9871) to work on /home/vscode/.local/lib/python3.10/site-packages/airflow/example_dags/example_sla_dag.py
[2024-11-16T13:49:19.438+0000] {processor.py:826} INFO - Processing file /home/vscode/.local/lib/python3.10/site-packages/airflow/example_dags/example_sla_dag.py for tasks to queue
[2024-11-16T13:49:19.438+0000] {logging_mixin.py:150} INFO - [2024-11-16T13:49:19.438+0000] {dagbag.py:541} INFO - Filling up the DagBag from /home/vscode/.local/lib/python3.10/site-packages/airflow/example_dags/example_sla_dag.py
[2024-11-16T13:49:19.444+0000] {processor.py:836} INFO - DAG(s) dict_keys(['example_sla_dag']) retrieved from /home/vscode/.local/lib/python3.10/site-packages/airflow/example_dags/example_sla_dag.py
[2024-11-16T13:49:19.458+0000] {logging_mixin.py:150} INFO - [2024-11-16T13:49:19.457+0000] {dag.py:2742} INFO - Sync 1 DAGs
[2024-11-16T13:49:19.474+0000] {logging_mixin.py:150} INFO - [2024-11-16T13:49:19.474+0000] {dag.py:3504} INFO - Setting next_dagrun for example_sla_dag to 2024-11-16T13:46:00+00:00, run_after=2024-11-16T13:48:00+00:00
[2024-11-16T13:49:19.488+0000] {processor.py:179} INFO - Processing /home/vscode/.local/lib/python3.10/site-packages/airflow/example_dags/example_sla_dag.py took 0.054 seconds
[2024-11-16T13:50:08.222+0000] {processor.py:157} INFO - Started process (PID=10204) to work on /home/vscode/.local/lib/python3.10/site-packages/airflow/example_dags/example_sla_dag.py
[2024-11-16T13:50:08.223+0000] {processor.py:826} INFO - Processing file /home/vscode/.local/lib/python3.10/site-packages/airflow/example_dags/example_sla_dag.py for tasks to queue
[2024-11-16T13:50:08.224+0000] {logging_mixin.py:150} INFO - [2024-11-16T13:50:08.223+0000] {dagbag.py:541} INFO - Filling up the DagBag from /home/vscode/.local/lib/python3.10/site-packages/airflow/example_dags/example_sla_dag.py
[2024-11-16T13:50:08.230+0000] {processor.py:836} INFO - DAG(s) dict_keys(['example_sla_dag']) retrieved from /home/vscode/.local/lib/python3.10/site-packages/airflow/example_dags/example_sla_dag.py
[2024-11-16T13:50:08.240+0000] {logging_mixin.py:150} INFO - [2024-11-16T13:50:08.240+0000] {dag.py:2742} INFO - Sync 1 DAGs
[2024-11-16T13:50:08.256+0000] {logging_mixin.py:150} INFO - [2024-11-16T13:50:08.256+0000] {dag.py:3504} INFO - Setting next_dagrun for example_sla_dag to 2024-11-16T13:48:00+00:00, run_after=2024-11-16T13:50:00+00:00
[2024-11-16T13:50:08.270+0000] {processor.py:179} INFO - Processing /home/vscode/.local/lib/python3.10/site-packages/airflow/example_dags/example_sla_dag.py took 0.050 seconds
[2024-11-16T13:50:51.574+0000] {processor.py:157} INFO - Started process (PID=10527) to work on /home/vscode/.local/lib/python3.10/site-packages/airflow/example_dags/example_sla_dag.py
[2024-11-16T13:50:51.575+0000] {processor.py:826} INFO - Processing file /home/vscode/.local/lib/python3.10/site-packages/airflow/example_dags/example_sla_dag.py for tasks to queue
[2024-11-16T13:50:51.575+0000] {logging_mixin.py:150} INFO - [2024-11-16T13:50:51.575+0000] {dagbag.py:541} INFO - Filling up the DagBag from /home/vscode/.local/lib/python3.10/site-packages/airflow/example_dags/example_sla_dag.py
[2024-11-16T13:50:51.581+0000] {processor.py:836} INFO - DAG(s) dict_keys(['example_sla_dag']) retrieved from /home/vscode/.local/lib/python3.10/site-packages/airflow/example_dags/example_sla_dag.py
[2024-11-16T13:50:51.592+0000] {logging_mixin.py:150} INFO - [2024-11-16T13:50:51.592+0000] {dag.py:2742} INFO - Sync 1 DAGs
[2024-11-16T13:50:51.607+0000] {logging_mixin.py:150} INFO - [2024-11-16T13:50:51.607+0000] {dag.py:3504} INFO - Setting next_dagrun for example_sla_dag to 2024-11-16T13:48:00+00:00, run_after=2024-11-16T13:50:00+00:00
[2024-11-16T13:50:51.623+0000] {processor.py:179} INFO - Processing /home/vscode/.local/lib/python3.10/site-packages/airflow/example_dags/example_sla_dag.py took 0.051 seconds
[2024-11-16T13:51:32.841+0000] {processor.py:157} INFO - Started process (PID=10835) to work on /home/vscode/.local/lib/python3.10/site-packages/airflow/example_dags/example_sla_dag.py
[2024-11-16T13:51:32.842+0000] {processor.py:826} INFO - Processing file /home/vscode/.local/lib/python3.10/site-packages/airflow/example_dags/example_sla_dag.py for tasks to queue
[2024-11-16T13:51:32.843+0000] {logging_mixin.py:150} INFO - [2024-11-16T13:51:32.842+0000] {dagbag.py:541} INFO - Filling up the DagBag from /home/vscode/.local/lib/python3.10/site-packages/airflow/example_dags/example_sla_dag.py
[2024-11-16T13:51:32.849+0000] {processor.py:836} INFO - DAG(s) dict_keys(['example_sla_dag']) retrieved from /home/vscode/.local/lib/python3.10/site-packages/airflow/example_dags/example_sla_dag.py
[2024-11-16T13:51:32.859+0000] {logging_mixin.py:150} INFO - [2024-11-16T13:51:32.859+0000] {dag.py:2742} INFO - Sync 1 DAGs
[2024-11-16T13:51:32.875+0000] {logging_mixin.py:150} INFO - [2024-11-16T13:51:32.875+0000] {dag.py:3504} INFO - Setting next_dagrun for example_sla_dag to 2024-11-16T13:48:00+00:00, run_after=2024-11-16T13:50:00+00:00
[2024-11-16T13:51:32.889+0000] {processor.py:179} INFO - Processing /home/vscode/.local/lib/python3.10/site-packages/airflow/example_dags/example_sla_dag.py took 0.049 seconds
