[2024-11-16T13:39:12.092+0000] {processor.py:157} INFO - Started process (PID=5755) to work on /home/vscode/.local/lib/python3.10/site-packages/airflow/example_dags/example_dag_decorator.py
[2024-11-16T13:39:12.093+0000] {processor.py:826} INFO - Processing file /home/vscode/.local/lib/python3.10/site-packages/airflow/example_dags/example_dag_decorator.py for tasks to queue
[2024-11-16T13:39:12.093+0000] {logging_mixin.py:150} INFO - [2024-11-16T13:39:12.093+0000] {dagbag.py:541} INFO - Filling up the DagBag from /home/vscode/.local/lib/python3.10/site-packages/airflow/example_dags/example_dag_decorator.py
[2024-11-16T13:39:12.102+0000] {processor.py:836} INFO - DAG(s) dict_keys(['example_dag_decorator']) retrieved from /home/vscode/.local/lib/python3.10/site-packages/airflow/example_dags/example_dag_decorator.py
[2024-11-16T13:39:12.237+0000] {logging_mixin.py:150} INFO - [2024-11-16T13:39:12.237+0000] {manager.py:504} INFO - Created Permission View: can edit on DAG:example_dag_decorator
[2024-11-16T13:39:12.244+0000] {logging_mixin.py:150} INFO - [2024-11-16T13:39:12.244+0000] {manager.py:504} INFO - Created Permission View: can delete on DAG:example_dag_decorator
[2024-11-16T13:39:12.250+0000] {logging_mixin.py:150} INFO - [2024-11-16T13:39:12.250+0000] {manager.py:504} INFO - Created Permission View: can read on DAG:example_dag_decorator
[2024-11-16T13:39:12.259+0000] {logging_mixin.py:150} INFO - [2024-11-16T13:39:12.259+0000] {dag.py:2742} INFO - Sync 1 DAGs
[2024-11-16T13:39:12.266+0000] {logging_mixin.py:150} INFO - [2024-11-16T13:39:12.266+0000] {dag.py:2763} INFO - Creating ORM DAG for example_dag_decorator
[2024-11-16T13:39:12.273+0000] {logging_mixin.py:150} INFO - [2024-11-16T13:39:12.273+0000] {dag.py:3504} INFO - Setting next_dagrun for example_dag_decorator to None, run_after=None
[2024-11-16T13:39:12.288+0000] {processor.py:179} INFO - Processing /home/vscode/.local/lib/python3.10/site-packages/airflow/example_dags/example_dag_decorator.py took 0.198 seconds
[2024-11-16T13:40:03.319+0000] {processor.py:157} INFO - Started process (PID=6139) to work on /home/vscode/.local/lib/python3.10/site-packages/airflow/example_dags/example_dag_decorator.py
[2024-11-16T13:40:03.320+0000] {processor.py:826} INFO - Processing file /home/vscode/.local/lib/python3.10/site-packages/airflow/example_dags/example_dag_decorator.py for tasks to queue
[2024-11-16T13:40:03.320+0000] {logging_mixin.py:150} INFO - [2024-11-16T13:40:03.320+0000] {dagbag.py:541} INFO - Filling up the DagBag from /home/vscode/.local/lib/python3.10/site-packages/airflow/example_dags/example_dag_decorator.py
[2024-11-16T13:40:03.328+0000] {processor.py:836} INFO - DAG(s) dict_keys(['example_dag_decorator']) retrieved from /home/vscode/.local/lib/python3.10/site-packages/airflow/example_dags/example_dag_decorator.py
[2024-11-16T13:40:03.401+0000] {logging_mixin.py:150} INFO - [2024-11-16T13:40:03.401+0000] {dag.py:2742} INFO - Sync 1 DAGs
[2024-11-16T13:40:03.413+0000] {logging_mixin.py:150} INFO - [2024-11-16T13:40:03.413+0000] {dag.py:3504} INFO - Setting next_dagrun for example_dag_decorator to None, run_after=None
[2024-11-16T13:40:03.427+0000] {processor.py:179} INFO - Processing /home/vscode/.local/lib/python3.10/site-packages/airflow/example_dags/example_dag_decorator.py took 0.110 seconds
[2024-11-16T13:40:48.425+0000] {processor.py:157} INFO - Started process (PID=6435) to work on /home/vscode/.local/lib/python3.10/site-packages/airflow/example_dags/example_dag_decorator.py
[2024-11-16T13:40:48.425+0000] {processor.py:826} INFO - Processing file /home/vscode/.local/lib/python3.10/site-packages/airflow/example_dags/example_dag_decorator.py for tasks to queue
[2024-11-16T13:40:48.426+0000] {logging_mixin.py:150} INFO - [2024-11-16T13:40:48.425+0000] {dagbag.py:541} INFO - Filling up the DagBag from /home/vscode/.local/lib/python3.10/site-packages/airflow/example_dags/example_dag_decorator.py
[2024-11-16T13:40:48.436+0000] {processor.py:836} INFO - DAG(s) dict_keys(['example_dag_decorator']) retrieved from /home/vscode/.local/lib/python3.10/site-packages/airflow/example_dags/example_dag_decorator.py
[2024-11-16T13:40:48.511+0000] {logging_mixin.py:150} INFO - [2024-11-16T13:40:48.511+0000] {dag.py:2742} INFO - Sync 1 DAGs
[2024-11-16T13:40:48.524+0000] {logging_mixin.py:150} INFO - [2024-11-16T13:40:48.524+0000] {dag.py:3504} INFO - Setting next_dagrun for example_dag_decorator to None, run_after=None
[2024-11-16T13:40:48.539+0000] {processor.py:179} INFO - Processing /home/vscode/.local/lib/python3.10/site-packages/airflow/example_dags/example_dag_decorator.py took 0.116 seconds
[2024-11-16T13:41:31.762+0000] {processor.py:157} INFO - Started process (PID=6723) to work on /home/vscode/.local/lib/python3.10/site-packages/airflow/example_dags/example_dag_decorator.py
[2024-11-16T13:41:31.762+0000] {processor.py:826} INFO - Processing file /home/vscode/.local/lib/python3.10/site-packages/airflow/example_dags/example_dag_decorator.py for tasks to queue
[2024-11-16T13:41:31.763+0000] {logging_mixin.py:150} INFO - [2024-11-16T13:41:31.763+0000] {dagbag.py:541} INFO - Filling up the DagBag from /home/vscode/.local/lib/python3.10/site-packages/airflow/example_dags/example_dag_decorator.py
[2024-11-16T13:41:31.771+0000] {processor.py:836} INFO - DAG(s) dict_keys(['example_dag_decorator']) retrieved from /home/vscode/.local/lib/python3.10/site-packages/airflow/example_dags/example_dag_decorator.py
[2024-11-16T13:41:31.844+0000] {logging_mixin.py:150} INFO - [2024-11-16T13:41:31.844+0000] {dag.py:2742} INFO - Sync 1 DAGs
[2024-11-16T13:41:31.856+0000] {logging_mixin.py:150} INFO - [2024-11-16T13:41:31.856+0000] {dag.py:3504} INFO - Setting next_dagrun for example_dag_decorator to None, run_after=None
[2024-11-16T13:41:31.870+0000] {processor.py:179} INFO - Processing /home/vscode/.local/lib/python3.10/site-packages/airflow/example_dags/example_dag_decorator.py took 0.111 seconds
[2024-11-16T13:42:18.294+0000] {processor.py:157} INFO - Started process (PID=7040) to work on /home/vscode/.local/lib/python3.10/site-packages/airflow/example_dags/example_dag_decorator.py
[2024-11-16T13:42:18.294+0000] {processor.py:826} INFO - Processing file /home/vscode/.local/lib/python3.10/site-packages/airflow/example_dags/example_dag_decorator.py for tasks to queue
[2024-11-16T13:42:18.295+0000] {logging_mixin.py:150} INFO - [2024-11-16T13:42:18.295+0000] {dagbag.py:541} INFO - Filling up the DagBag from /home/vscode/.local/lib/python3.10/site-packages/airflow/example_dags/example_dag_decorator.py
[2024-11-16T13:42:18.304+0000] {processor.py:836} INFO - DAG(s) dict_keys(['example_dag_decorator']) retrieved from /home/vscode/.local/lib/python3.10/site-packages/airflow/example_dags/example_dag_decorator.py
[2024-11-16T13:42:18.377+0000] {logging_mixin.py:150} INFO - [2024-11-16T13:42:18.376+0000] {dag.py:2742} INFO - Sync 1 DAGs
[2024-11-16T13:42:18.389+0000] {logging_mixin.py:150} INFO - [2024-11-16T13:42:18.389+0000] {dag.py:3504} INFO - Setting next_dagrun for example_dag_decorator to None, run_after=None
[2024-11-16T13:42:18.403+0000] {processor.py:179} INFO - Processing /home/vscode/.local/lib/python3.10/site-packages/airflow/example_dags/example_dag_decorator.py took 0.111 seconds
[2024-11-16T13:43:11.938+0000] {processor.py:157} INFO - Started process (PID=7396) to work on /home/vscode/.local/lib/python3.10/site-packages/airflow/example_dags/example_dag_decorator.py
[2024-11-16T13:43:11.938+0000] {processor.py:826} INFO - Processing file /home/vscode/.local/lib/python3.10/site-packages/airflow/example_dags/example_dag_decorator.py for tasks to queue
[2024-11-16T13:43:11.939+0000] {logging_mixin.py:150} INFO - [2024-11-16T13:43:11.939+0000] {dagbag.py:541} INFO - Filling up the DagBag from /home/vscode/.local/lib/python3.10/site-packages/airflow/example_dags/example_dag_decorator.py
[2024-11-16T13:43:11.948+0000] {processor.py:836} INFO - DAG(s) dict_keys(['example_dag_decorator']) retrieved from /home/vscode/.local/lib/python3.10/site-packages/airflow/example_dags/example_dag_decorator.py
[2024-11-16T13:43:12.033+0000] {logging_mixin.py:150} INFO - [2024-11-16T13:43:12.033+0000] {dag.py:2742} INFO - Sync 1 DAGs
[2024-11-16T13:43:12.048+0000] {logging_mixin.py:150} INFO - [2024-11-16T13:43:12.048+0000] {dag.py:3504} INFO - Setting next_dagrun for example_dag_decorator to None, run_after=None
[2024-11-16T13:43:12.063+0000] {processor.py:179} INFO - Processing /home/vscode/.local/lib/python3.10/site-packages/airflow/example_dags/example_dag_decorator.py took 0.127 seconds
[2024-11-16T13:43:58.422+0000] {processor.py:157} INFO - Started process (PID=7707) to work on /home/vscode/.local/lib/python3.10/site-packages/airflow/example_dags/example_dag_decorator.py
[2024-11-16T13:43:58.423+0000] {processor.py:826} INFO - Processing file /home/vscode/.local/lib/python3.10/site-packages/airflow/example_dags/example_dag_decorator.py for tasks to queue
[2024-11-16T13:43:58.423+0000] {logging_mixin.py:150} INFO - [2024-11-16T13:43:58.423+0000] {dagbag.py:541} INFO - Filling up the DagBag from /home/vscode/.local/lib/python3.10/site-packages/airflow/example_dags/example_dag_decorator.py
[2024-11-16T13:43:58.431+0000] {processor.py:836} INFO - DAG(s) dict_keys(['example_dag_decorator']) retrieved from /home/vscode/.local/lib/python3.10/site-packages/airflow/example_dags/example_dag_decorator.py
[2024-11-16T13:43:58.504+0000] {logging_mixin.py:150} INFO - [2024-11-16T13:43:58.504+0000] {dag.py:2742} INFO - Sync 1 DAGs
[2024-11-16T13:43:58.516+0000] {logging_mixin.py:150} INFO - [2024-11-16T13:43:58.516+0000] {dag.py:3504} INFO - Setting next_dagrun for example_dag_decorator to None, run_after=None
[2024-11-16T13:43:58.530+0000] {processor.py:179} INFO - Processing /home/vscode/.local/lib/python3.10/site-packages/airflow/example_dags/example_dag_decorator.py took 0.110 seconds
[2024-11-16T13:44:42.127+0000] {processor.py:157} INFO - Started process (PID=8001) to work on /home/vscode/.local/lib/python3.10/site-packages/airflow/example_dags/example_dag_decorator.py
[2024-11-16T13:44:42.128+0000] {processor.py:826} INFO - Processing file /home/vscode/.local/lib/python3.10/site-packages/airflow/example_dags/example_dag_decorator.py for tasks to queue
[2024-11-16T13:44:42.128+0000] {logging_mixin.py:150} INFO - [2024-11-16T13:44:42.128+0000] {dagbag.py:541} INFO - Filling up the DagBag from /home/vscode/.local/lib/python3.10/site-packages/airflow/example_dags/example_dag_decorator.py
[2024-11-16T13:44:42.136+0000] {processor.py:836} INFO - DAG(s) dict_keys(['example_dag_decorator']) retrieved from /home/vscode/.local/lib/python3.10/site-packages/airflow/example_dags/example_dag_decorator.py
[2024-11-16T13:44:42.208+0000] {logging_mixin.py:150} INFO - [2024-11-16T13:44:42.208+0000] {dag.py:2742} INFO - Sync 1 DAGs
[2024-11-16T13:44:42.220+0000] {logging_mixin.py:150} INFO - [2024-11-16T13:44:42.220+0000] {dag.py:3504} INFO - Setting next_dagrun for example_dag_decorator to None, run_after=None
[2024-11-16T13:44:42.235+0000] {processor.py:179} INFO - Processing /home/vscode/.local/lib/python3.10/site-packages/airflow/example_dags/example_dag_decorator.py took 0.110 seconds
[2024-11-16T13:45:27.082+0000] {processor.py:157} INFO - Started process (PID=8308) to work on /home/vscode/.local/lib/python3.10/site-packages/airflow/example_dags/example_dag_decorator.py
[2024-11-16T13:45:27.083+0000] {processor.py:826} INFO - Processing file /home/vscode/.local/lib/python3.10/site-packages/airflow/example_dags/example_dag_decorator.py for tasks to queue
[2024-11-16T13:45:27.083+0000] {logging_mixin.py:150} INFO - [2024-11-16T13:45:27.083+0000] {dagbag.py:541} INFO - Filling up the DagBag from /home/vscode/.local/lib/python3.10/site-packages/airflow/example_dags/example_dag_decorator.py
[2024-11-16T13:45:27.092+0000] {processor.py:836} INFO - DAG(s) dict_keys(['example_dag_decorator']) retrieved from /home/vscode/.local/lib/python3.10/site-packages/airflow/example_dags/example_dag_decorator.py
[2024-11-16T13:45:27.162+0000] {logging_mixin.py:150} INFO - [2024-11-16T13:45:27.162+0000] {dag.py:2742} INFO - Sync 1 DAGs
[2024-11-16T13:45:27.175+0000] {logging_mixin.py:150} INFO - [2024-11-16T13:45:27.175+0000] {dag.py:3504} INFO - Setting next_dagrun for example_dag_decorator to None, run_after=None
[2024-11-16T13:45:27.189+0000] {processor.py:179} INFO - Processing /home/vscode/.local/lib/python3.10/site-packages/airflow/example_dags/example_dag_decorator.py took 0.109 seconds
[2024-11-16T13:46:16.825+0000] {processor.py:157} INFO - Started process (PID=8637) to work on /home/vscode/.local/lib/python3.10/site-packages/airflow/example_dags/example_dag_decorator.py
[2024-11-16T13:46:16.825+0000] {processor.py:826} INFO - Processing file /home/vscode/.local/lib/python3.10/site-packages/airflow/example_dags/example_dag_decorator.py for tasks to queue
[2024-11-16T13:46:16.826+0000] {logging_mixin.py:150} INFO - [2024-11-16T13:46:16.825+0000] {dagbag.py:541} INFO - Filling up the DagBag from /home/vscode/.local/lib/python3.10/site-packages/airflow/example_dags/example_dag_decorator.py
[2024-11-16T13:46:16.834+0000] {processor.py:836} INFO - DAG(s) dict_keys(['example_dag_decorator']) retrieved from /home/vscode/.local/lib/python3.10/site-packages/airflow/example_dags/example_dag_decorator.py
[2024-11-16T13:46:16.905+0000] {logging_mixin.py:150} INFO - [2024-11-16T13:46:16.905+0000] {dag.py:2742} INFO - Sync 1 DAGs
[2024-11-16T13:46:16.917+0000] {logging_mixin.py:150} INFO - [2024-11-16T13:46:16.917+0000] {dag.py:3504} INFO - Setting next_dagrun for example_dag_decorator to None, run_after=None
[2024-11-16T13:46:16.931+0000] {processor.py:179} INFO - Processing /home/vscode/.local/lib/python3.10/site-packages/airflow/example_dags/example_dag_decorator.py took 0.109 seconds
[2024-11-16T13:47:01.095+0000] {processor.py:157} INFO - Started process (PID=8931) to work on /home/vscode/.local/lib/python3.10/site-packages/airflow/example_dags/example_dag_decorator.py
[2024-11-16T13:47:01.096+0000] {processor.py:826} INFO - Processing file /home/vscode/.local/lib/python3.10/site-packages/airflow/example_dags/example_dag_decorator.py for tasks to queue
[2024-11-16T13:47:01.096+0000] {logging_mixin.py:150} INFO - [2024-11-16T13:47:01.096+0000] {dagbag.py:541} INFO - Filling up the DagBag from /home/vscode/.local/lib/python3.10/site-packages/airflow/example_dags/example_dag_decorator.py
[2024-11-16T13:47:01.105+0000] {processor.py:836} INFO - DAG(s) dict_keys(['example_dag_decorator']) retrieved from /home/vscode/.local/lib/python3.10/site-packages/airflow/example_dags/example_dag_decorator.py
[2024-11-16T13:47:01.177+0000] {logging_mixin.py:150} INFO - [2024-11-16T13:47:01.177+0000] {dag.py:2742} INFO - Sync 1 DAGs
[2024-11-16T13:47:01.190+0000] {logging_mixin.py:150} INFO - [2024-11-16T13:47:01.189+0000] {dag.py:3504} INFO - Setting next_dagrun for example_dag_decorator to None, run_after=None
[2024-11-16T13:47:01.203+0000] {processor.py:179} INFO - Processing /home/vscode/.local/lib/python3.10/site-packages/airflow/example_dags/example_dag_decorator.py took 0.110 seconds
[2024-11-16T13:47:53.159+0000] {processor.py:157} INFO - Started process (PID=9287) to work on /home/vscode/.local/lib/python3.10/site-packages/airflow/example_dags/example_dag_decorator.py
[2024-11-16T13:47:53.159+0000] {processor.py:826} INFO - Processing file /home/vscode/.local/lib/python3.10/site-packages/airflow/example_dags/example_dag_decorator.py for tasks to queue
[2024-11-16T13:47:53.160+0000] {logging_mixin.py:150} INFO - [2024-11-16T13:47:53.160+0000] {dagbag.py:541} INFO - Filling up the DagBag from /home/vscode/.local/lib/python3.10/site-packages/airflow/example_dags/example_dag_decorator.py
[2024-11-16T13:47:53.168+0000] {processor.py:836} INFO - DAG(s) dict_keys(['example_dag_decorator']) retrieved from /home/vscode/.local/lib/python3.10/site-packages/airflow/example_dags/example_dag_decorator.py
[2024-11-16T13:47:53.240+0000] {logging_mixin.py:150} INFO - [2024-11-16T13:47:53.240+0000] {dag.py:2742} INFO - Sync 1 DAGs
[2024-11-16T13:47:53.252+0000] {logging_mixin.py:150} INFO - [2024-11-16T13:47:53.252+0000] {dag.py:3504} INFO - Setting next_dagrun for example_dag_decorator to None, run_after=None
[2024-11-16T13:47:53.267+0000] {processor.py:179} INFO - Processing /home/vscode/.local/lib/python3.10/site-packages/airflow/example_dags/example_dag_decorator.py took 0.110 seconds
[2024-11-16T13:48:38.228+0000] {processor.py:157} INFO - Started process (PID=9589) to work on /home/vscode/.local/lib/python3.10/site-packages/airflow/example_dags/example_dag_decorator.py
[2024-11-16T13:48:38.229+0000] {processor.py:826} INFO - Processing file /home/vscode/.local/lib/python3.10/site-packages/airflow/example_dags/example_dag_decorator.py for tasks to queue
[2024-11-16T13:48:38.230+0000] {logging_mixin.py:150} INFO - [2024-11-16T13:48:38.229+0000] {dagbag.py:541} INFO - Filling up the DagBag from /home/vscode/.local/lib/python3.10/site-packages/airflow/example_dags/example_dag_decorator.py
[2024-11-16T13:48:38.238+0000] {processor.py:836} INFO - DAG(s) dict_keys(['example_dag_decorator']) retrieved from /home/vscode/.local/lib/python3.10/site-packages/airflow/example_dags/example_dag_decorator.py
[2024-11-16T13:48:38.319+0000] {logging_mixin.py:150} INFO - [2024-11-16T13:48:38.319+0000] {dag.py:2742} INFO - Sync 1 DAGs
[2024-11-16T13:48:38.331+0000] {logging_mixin.py:150} INFO - [2024-11-16T13:48:38.331+0000] {dag.py:3504} INFO - Setting next_dagrun for example_dag_decorator to None, run_after=None
[2024-11-16T13:48:38.345+0000] {processor.py:179} INFO - Processing /home/vscode/.local/lib/python3.10/site-packages/airflow/example_dags/example_dag_decorator.py took 0.119 seconds
[2024-11-16T13:49:37.823+0000] {processor.py:157} INFO - Started process (PID=10003) to work on /home/vscode/.local/lib/python3.10/site-packages/airflow/example_dags/example_dag_decorator.py
[2024-11-16T13:49:37.824+0000] {processor.py:826} INFO - Processing file /home/vscode/.local/lib/python3.10/site-packages/airflow/example_dags/example_dag_decorator.py for tasks to queue
[2024-11-16T13:49:37.824+0000] {logging_mixin.py:150} INFO - [2024-11-16T13:49:37.824+0000] {dagbag.py:541} INFO - Filling up the DagBag from /home/vscode/.local/lib/python3.10/site-packages/airflow/example_dags/example_dag_decorator.py
[2024-11-16T13:49:37.833+0000] {processor.py:836} INFO - DAG(s) dict_keys(['example_dag_decorator']) retrieved from /home/vscode/.local/lib/python3.10/site-packages/airflow/example_dags/example_dag_decorator.py
[2024-11-16T13:49:37.905+0000] {logging_mixin.py:150} INFO - [2024-11-16T13:49:37.905+0000] {dag.py:2742} INFO - Sync 1 DAGs
[2024-11-16T13:49:37.917+0000] {logging_mixin.py:150} INFO - [2024-11-16T13:49:37.917+0000] {dag.py:3504} INFO - Setting next_dagrun for example_dag_decorator to None, run_after=None
[2024-11-16T13:49:37.932+0000] {processor.py:179} INFO - Processing /home/vscode/.local/lib/python3.10/site-packages/airflow/example_dags/example_dag_decorator.py took 0.111 seconds
[2024-11-16T13:50:22.182+0000] {processor.py:157} INFO - Started process (PID=10299) to work on /home/vscode/.local/lib/python3.10/site-packages/airflow/example_dags/example_dag_decorator.py
[2024-11-16T13:50:22.183+0000] {processor.py:826} INFO - Processing file /home/vscode/.local/lib/python3.10/site-packages/airflow/example_dags/example_dag_decorator.py for tasks to queue
[2024-11-16T13:50:22.183+0000] {logging_mixin.py:150} INFO - [2024-11-16T13:50:22.183+0000] {dagbag.py:541} INFO - Filling up the DagBag from /home/vscode/.local/lib/python3.10/site-packages/airflow/example_dags/example_dag_decorator.py
[2024-11-16T13:50:22.192+0000] {processor.py:836} INFO - DAG(s) dict_keys(['example_dag_decorator']) retrieved from /home/vscode/.local/lib/python3.10/site-packages/airflow/example_dags/example_dag_decorator.py
[2024-11-16T13:50:22.264+0000] {logging_mixin.py:150} INFO - [2024-11-16T13:50:22.263+0000] {dag.py:2742} INFO - Sync 1 DAGs
[2024-11-16T13:50:22.277+0000] {logging_mixin.py:150} INFO - [2024-11-16T13:50:22.277+0000] {dag.py:3504} INFO - Setting next_dagrun for example_dag_decorator to None, run_after=None
[2024-11-16T13:50:22.291+0000] {processor.py:179} INFO - Processing /home/vscode/.local/lib/python3.10/site-packages/airflow/example_dags/example_dag_decorator.py took 0.111 seconds
[2024-11-16T13:51:05.596+0000] {processor.py:157} INFO - Started process (PID=10647) to work on /home/vscode/.local/lib/python3.10/site-packages/airflow/example_dags/example_dag_decorator.py
[2024-11-16T13:51:05.597+0000] {processor.py:826} INFO - Processing file /home/vscode/.local/lib/python3.10/site-packages/airflow/example_dags/example_dag_decorator.py for tasks to queue
[2024-11-16T13:51:05.597+0000] {logging_mixin.py:150} INFO - [2024-11-16T13:51:05.597+0000] {dagbag.py:541} INFO - Filling up the DagBag from /home/vscode/.local/lib/python3.10/site-packages/airflow/example_dags/example_dag_decorator.py
[2024-11-16T13:51:05.606+0000] {processor.py:836} INFO - DAG(s) dict_keys(['example_dag_decorator']) retrieved from /home/vscode/.local/lib/python3.10/site-packages/airflow/example_dags/example_dag_decorator.py
[2024-11-16T13:51:05.679+0000] {logging_mixin.py:150} INFO - [2024-11-16T13:51:05.678+0000] {dag.py:2742} INFO - Sync 1 DAGs
[2024-11-16T13:51:05.691+0000] {logging_mixin.py:150} INFO - [2024-11-16T13:51:05.691+0000] {dag.py:3504} INFO - Setting next_dagrun for example_dag_decorator to None, run_after=None
[2024-11-16T13:51:05.705+0000] {processor.py:179} INFO - Processing /home/vscode/.local/lib/python3.10/site-packages/airflow/example_dags/example_dag_decorator.py took 0.111 seconds
[2024-11-16T13:51:49.865+0000] {processor.py:157} INFO - Started process (PID=10971) to work on /home/vscode/.local/lib/python3.10/site-packages/airflow/example_dags/example_dag_decorator.py
[2024-11-16T13:51:49.866+0000] {processor.py:826} INFO - Processing file /home/vscode/.local/lib/python3.10/site-packages/airflow/example_dags/example_dag_decorator.py for tasks to queue
[2024-11-16T13:51:49.866+0000] {logging_mixin.py:150} INFO - [2024-11-16T13:51:49.866+0000] {dagbag.py:541} INFO - Filling up the DagBag from /home/vscode/.local/lib/python3.10/site-packages/airflow/example_dags/example_dag_decorator.py
[2024-11-16T13:51:49.875+0000] {processor.py:836} INFO - DAG(s) dict_keys(['example_dag_decorator']) retrieved from /home/vscode/.local/lib/python3.10/site-packages/airflow/example_dags/example_dag_decorator.py
[2024-11-16T13:51:49.947+0000] {logging_mixin.py:150} INFO - [2024-11-16T13:51:49.947+0000] {dag.py:2742} INFO - Sync 1 DAGs
[2024-11-16T13:51:49.960+0000] {logging_mixin.py:150} INFO - [2024-11-16T13:51:49.959+0000] {dag.py:3504} INFO - Setting next_dagrun for example_dag_decorator to None, run_after=None
[2024-11-16T13:51:49.974+0000] {processor.py:179} INFO - Processing /home/vscode/.local/lib/python3.10/site-packages/airflow/example_dags/example_dag_decorator.py took 0.111 seconds
