[2024-11-16T13:38:58.924+0000] {processor.py:157} INFO - Started process (PID=5649) to work on /home/vscode/.local/lib/python3.10/site-packages/airflow/example_dags/example_dynamic_task_mapping.py
[2024-11-16T13:38:58.925+0000] {processor.py:826} INFO - Processing file /home/vscode/.local/lib/python3.10/site-packages/airflow/example_dags/example_dynamic_task_mapping.py for tasks to queue
[2024-11-16T13:38:58.925+0000] {logging_mixin.py:150} INFO - [2024-11-16T13:38:58.925+0000] {dagbag.py:541} INFO - Filling up the DagBag from /home/vscode/.local/lib/python3.10/site-packages/airflow/example_dags/example_dynamic_task_mapping.py
[2024-11-16T13:38:58.930+0000] {processor.py:836} INFO - DAG(s) dict_keys(['example_dynamic_task_mapping']) retrieved from /home/vscode/.local/lib/python3.10/site-packages/airflow/example_dags/example_dynamic_task_mapping.py
[2024-11-16T13:38:59.066+0000] {logging_mixin.py:150} INFO - [2024-11-16T13:38:59.066+0000] {manager.py:504} INFO - Created Permission View: can edit on DAG:example_dynamic_task_mapping
[2024-11-16T13:38:59.073+0000] {logging_mixin.py:150} INFO - [2024-11-16T13:38:59.073+0000] {manager.py:504} INFO - Created Permission View: can delete on DAG:example_dynamic_task_mapping
[2024-11-16T13:38:59.078+0000] {logging_mixin.py:150} INFO - [2024-11-16T13:38:59.078+0000] {manager.py:504} INFO - Created Permission View: can read on DAG:example_dynamic_task_mapping
[2024-11-16T13:38:59.085+0000] {logging_mixin.py:150} INFO - [2024-11-16T13:38:59.085+0000] {dag.py:2742} INFO - Sync 1 DAGs
[2024-11-16T13:38:59.091+0000] {logging_mixin.py:150} INFO - [2024-11-16T13:38:59.091+0000] {dag.py:2763} INFO - Creating ORM DAG for example_dynamic_task_mapping
[2024-11-16T13:38:59.096+0000] {logging_mixin.py:150} INFO - [2024-11-16T13:38:59.096+0000] {dag.py:3504} INFO - Setting next_dagrun for example_dynamic_task_mapping to 2022-03-04T00:00:00+00:00, run_after=2022-03-05T00:00:00+00:00
[2024-11-16T13:38:59.108+0000] {processor.py:179} INFO - Processing /home/vscode/.local/lib/python3.10/site-packages/airflow/example_dags/example_dynamic_task_mapping.py took 0.186 seconds
[2024-11-16T13:39:46.598+0000] {processor.py:157} INFO - Started process (PID=6025) to work on /home/vscode/.local/lib/python3.10/site-packages/airflow/example_dags/example_dynamic_task_mapping.py
[2024-11-16T13:39:46.599+0000] {processor.py:826} INFO - Processing file /home/vscode/.local/lib/python3.10/site-packages/airflow/example_dags/example_dynamic_task_mapping.py for tasks to queue
[2024-11-16T13:39:46.599+0000] {logging_mixin.py:150} INFO - [2024-11-16T13:39:46.599+0000] {dagbag.py:541} INFO - Filling up the DagBag from /home/vscode/.local/lib/python3.10/site-packages/airflow/example_dags/example_dynamic_task_mapping.py
[2024-11-16T13:39:46.607+0000] {processor.py:836} INFO - DAG(s) dict_keys(['example_dynamic_task_mapping']) retrieved from /home/vscode/.local/lib/python3.10/site-packages/airflow/example_dags/example_dynamic_task_mapping.py
[2024-11-16T13:39:46.618+0000] {logging_mixin.py:150} INFO - [2024-11-16T13:39:46.618+0000] {dag.py:2742} INFO - Sync 1 DAGs
[2024-11-16T13:39:46.632+0000] {logging_mixin.py:150} INFO - [2024-11-16T13:39:46.632+0000] {dag.py:3504} INFO - Setting next_dagrun for example_dynamic_task_mapping to 2022-03-04T00:00:00+00:00, run_after=2022-03-05T00:00:00+00:00
[2024-11-16T13:39:46.646+0000] {processor.py:179} INFO - Processing /home/vscode/.local/lib/python3.10/site-packages/airflow/example_dags/example_dynamic_task_mapping.py took 0.051 seconds
[2024-11-16T13:40:31.879+0000] {processor.py:157} INFO - Started process (PID=6325) to work on /home/vscode/.local/lib/python3.10/site-packages/airflow/example_dags/example_dynamic_task_mapping.py
[2024-11-16T13:40:31.879+0000] {processor.py:826} INFO - Processing file /home/vscode/.local/lib/python3.10/site-packages/airflow/example_dags/example_dynamic_task_mapping.py for tasks to queue
[2024-11-16T13:40:31.880+0000] {logging_mixin.py:150} INFO - [2024-11-16T13:40:31.880+0000] {dagbag.py:541} INFO - Filling up the DagBag from /home/vscode/.local/lib/python3.10/site-packages/airflow/example_dags/example_dynamic_task_mapping.py
[2024-11-16T13:40:31.885+0000] {processor.py:836} INFO - DAG(s) dict_keys(['example_dynamic_task_mapping']) retrieved from /home/vscode/.local/lib/python3.10/site-packages/airflow/example_dags/example_dynamic_task_mapping.py
[2024-11-16T13:40:31.895+0000] {logging_mixin.py:150} INFO - [2024-11-16T13:40:31.895+0000] {dag.py:2742} INFO - Sync 1 DAGs
[2024-11-16T13:40:31.908+0000] {logging_mixin.py:150} INFO - [2024-11-16T13:40:31.908+0000] {dag.py:3504} INFO - Setting next_dagrun for example_dynamic_task_mapping to 2022-03-04T00:00:00+00:00, run_after=2022-03-05T00:00:00+00:00
[2024-11-16T13:40:31.922+0000] {processor.py:179} INFO - Processing /home/vscode/.local/lib/python3.10/site-packages/airflow/example_dags/example_dynamic_task_mapping.py took 0.045 seconds
[2024-11-16T13:41:16.942+0000] {processor.py:157} INFO - Started process (PID=6627) to work on /home/vscode/.local/lib/python3.10/site-packages/airflow/example_dags/example_dynamic_task_mapping.py
[2024-11-16T13:41:16.943+0000] {processor.py:826} INFO - Processing file /home/vscode/.local/lib/python3.10/site-packages/airflow/example_dags/example_dynamic_task_mapping.py for tasks to queue
[2024-11-16T13:41:16.944+0000] {logging_mixin.py:150} INFO - [2024-11-16T13:41:16.943+0000] {dagbag.py:541} INFO - Filling up the DagBag from /home/vscode/.local/lib/python3.10/site-packages/airflow/example_dags/example_dynamic_task_mapping.py
[2024-11-16T13:41:16.949+0000] {processor.py:836} INFO - DAG(s) dict_keys(['example_dynamic_task_mapping']) retrieved from /home/vscode/.local/lib/python3.10/site-packages/airflow/example_dags/example_dynamic_task_mapping.py
[2024-11-16T13:41:16.959+0000] {logging_mixin.py:150} INFO - [2024-11-16T13:41:16.959+0000] {dag.py:2742} INFO - Sync 1 DAGs
[2024-11-16T13:41:16.973+0000] {logging_mixin.py:150} INFO - [2024-11-16T13:41:16.973+0000] {dag.py:3504} INFO - Setting next_dagrun for example_dynamic_task_mapping to 2022-03-04T00:00:00+00:00, run_after=2022-03-05T00:00:00+00:00
[2024-11-16T13:41:16.986+0000] {processor.py:179} INFO - Processing /home/vscode/.local/lib/python3.10/site-packages/airflow/example_dags/example_dynamic_task_mapping.py took 0.046 seconds
[2024-11-16T13:42:02.165+0000] {processor.py:157} INFO - Started process (PID=6930) to work on /home/vscode/.local/lib/python3.10/site-packages/airflow/example_dags/example_dynamic_task_mapping.py
[2024-11-16T13:42:02.165+0000] {processor.py:826} INFO - Processing file /home/vscode/.local/lib/python3.10/site-packages/airflow/example_dags/example_dynamic_task_mapping.py for tasks to queue
[2024-11-16T13:42:02.166+0000] {logging_mixin.py:150} INFO - [2024-11-16T13:42:02.166+0000] {dagbag.py:541} INFO - Filling up the DagBag from /home/vscode/.local/lib/python3.10/site-packages/airflow/example_dags/example_dynamic_task_mapping.py
[2024-11-16T13:42:02.171+0000] {processor.py:836} INFO - DAG(s) dict_keys(['example_dynamic_task_mapping']) retrieved from /home/vscode/.local/lib/python3.10/site-packages/airflow/example_dags/example_dynamic_task_mapping.py
[2024-11-16T13:42:02.181+0000] {logging_mixin.py:150} INFO - [2024-11-16T13:42:02.181+0000] {dag.py:2742} INFO - Sync 1 DAGs
[2024-11-16T13:42:02.195+0000] {logging_mixin.py:150} INFO - [2024-11-16T13:42:02.194+0000] {dag.py:3504} INFO - Setting next_dagrun for example_dynamic_task_mapping to 2022-03-04T00:00:00+00:00, run_after=2022-03-05T00:00:00+00:00
[2024-11-16T13:42:02.208+0000] {processor.py:179} INFO - Processing /home/vscode/.local/lib/python3.10/site-packages/airflow/example_dags/example_dynamic_task_mapping.py took 0.046 seconds
[2024-11-16T13:42:44.256+0000] {processor.py:157} INFO - Started process (PID=7222) to work on /home/vscode/.local/lib/python3.10/site-packages/airflow/example_dags/example_dynamic_task_mapping.py
[2024-11-16T13:42:44.257+0000] {processor.py:826} INFO - Processing file /home/vscode/.local/lib/python3.10/site-packages/airflow/example_dags/example_dynamic_task_mapping.py for tasks to queue
[2024-11-16T13:42:44.257+0000] {logging_mixin.py:150} INFO - [2024-11-16T13:42:44.257+0000] {dagbag.py:541} INFO - Filling up the DagBag from /home/vscode/.local/lib/python3.10/site-packages/airflow/example_dags/example_dynamic_task_mapping.py
[2024-11-16T13:42:44.262+0000] {processor.py:836} INFO - DAG(s) dict_keys(['example_dynamic_task_mapping']) retrieved from /home/vscode/.local/lib/python3.10/site-packages/airflow/example_dags/example_dynamic_task_mapping.py
[2024-11-16T13:42:44.272+0000] {logging_mixin.py:150} INFO - [2024-11-16T13:42:44.272+0000] {dag.py:2742} INFO - Sync 1 DAGs
[2024-11-16T13:42:44.286+0000] {logging_mixin.py:150} INFO - [2024-11-16T13:42:44.285+0000] {dag.py:3504} INFO - Setting next_dagrun for example_dynamic_task_mapping to 2022-03-04T00:00:00+00:00, run_after=2022-03-05T00:00:00+00:00
[2024-11-16T13:42:44.299+0000] {processor.py:179} INFO - Processing /home/vscode/.local/lib/python3.10/site-packages/airflow/example_dags/example_dynamic_task_mapping.py took 0.045 seconds
[2024-11-16T13:43:30.473+0000] {processor.py:157} INFO - Started process (PID=7524) to work on /home/vscode/.local/lib/python3.10/site-packages/airflow/example_dags/example_dynamic_task_mapping.py
[2024-11-16T13:43:30.474+0000] {processor.py:826} INFO - Processing file /home/vscode/.local/lib/python3.10/site-packages/airflow/example_dags/example_dynamic_task_mapping.py for tasks to queue
[2024-11-16T13:43:30.475+0000] {logging_mixin.py:150} INFO - [2024-11-16T13:43:30.474+0000] {dagbag.py:541} INFO - Filling up the DagBag from /home/vscode/.local/lib/python3.10/site-packages/airflow/example_dags/example_dynamic_task_mapping.py
[2024-11-16T13:43:30.480+0000] {processor.py:836} INFO - DAG(s) dict_keys(['example_dynamic_task_mapping']) retrieved from /home/vscode/.local/lib/python3.10/site-packages/airflow/example_dags/example_dynamic_task_mapping.py
[2024-11-16T13:43:30.490+0000] {logging_mixin.py:150} INFO - [2024-11-16T13:43:30.490+0000] {dag.py:2742} INFO - Sync 1 DAGs
[2024-11-16T13:43:30.503+0000] {logging_mixin.py:150} INFO - [2024-11-16T13:43:30.503+0000] {dag.py:3504} INFO - Setting next_dagrun for example_dynamic_task_mapping to 2022-03-04T00:00:00+00:00, run_after=2022-03-05T00:00:00+00:00
[2024-11-16T13:43:30.517+0000] {processor.py:179} INFO - Processing /home/vscode/.local/lib/python3.10/site-packages/airflow/example_dags/example_dynamic_task_mapping.py took 0.045 seconds
[2024-11-16T13:44:14.746+0000] {processor.py:157} INFO - Started process (PID=7818) to work on /home/vscode/.local/lib/python3.10/site-packages/airflow/example_dags/example_dynamic_task_mapping.py
[2024-11-16T13:44:14.746+0000] {processor.py:826} INFO - Processing file /home/vscode/.local/lib/python3.10/site-packages/airflow/example_dags/example_dynamic_task_mapping.py for tasks to queue
[2024-11-16T13:44:14.747+0000] {logging_mixin.py:150} INFO - [2024-11-16T13:44:14.747+0000] {dagbag.py:541} INFO - Filling up the DagBag from /home/vscode/.local/lib/python3.10/site-packages/airflow/example_dags/example_dynamic_task_mapping.py
[2024-11-16T13:44:14.752+0000] {processor.py:836} INFO - DAG(s) dict_keys(['example_dynamic_task_mapping']) retrieved from /home/vscode/.local/lib/python3.10/site-packages/airflow/example_dags/example_dynamic_task_mapping.py
[2024-11-16T13:44:14.762+0000] {logging_mixin.py:150} INFO - [2024-11-16T13:44:14.762+0000] {dag.py:2742} INFO - Sync 1 DAGs
[2024-11-16T13:44:14.776+0000] {logging_mixin.py:150} INFO - [2024-11-16T13:44:14.775+0000] {dag.py:3504} INFO - Setting next_dagrun for example_dynamic_task_mapping to 2022-03-04T00:00:00+00:00, run_after=2022-03-05T00:00:00+00:00
[2024-11-16T13:44:14.790+0000] {processor.py:179} INFO - Processing /home/vscode/.local/lib/python3.10/site-packages/airflow/example_dags/example_dynamic_task_mapping.py took 0.046 seconds
[2024-11-16T13:44:57.552+0000] {processor.py:157} INFO - Started process (PID=8104) to work on /home/vscode/.local/lib/python3.10/site-packages/airflow/example_dags/example_dynamic_task_mapping.py
[2024-11-16T13:44:57.552+0000] {processor.py:826} INFO - Processing file /home/vscode/.local/lib/python3.10/site-packages/airflow/example_dags/example_dynamic_task_mapping.py for tasks to queue
[2024-11-16T13:44:57.553+0000] {logging_mixin.py:150} INFO - [2024-11-16T13:44:57.553+0000] {dagbag.py:541} INFO - Filling up the DagBag from /home/vscode/.local/lib/python3.10/site-packages/airflow/example_dags/example_dynamic_task_mapping.py
[2024-11-16T13:44:57.558+0000] {processor.py:836} INFO - DAG(s) dict_keys(['example_dynamic_task_mapping']) retrieved from /home/vscode/.local/lib/python3.10/site-packages/airflow/example_dags/example_dynamic_task_mapping.py
[2024-11-16T13:44:57.568+0000] {logging_mixin.py:150} INFO - [2024-11-16T13:44:57.568+0000] {dag.py:2742} INFO - Sync 1 DAGs
[2024-11-16T13:44:57.582+0000] {logging_mixin.py:150} INFO - [2024-11-16T13:44:57.582+0000] {dag.py:3504} INFO - Setting next_dagrun for example_dynamic_task_mapping to 2022-03-04T00:00:00+00:00, run_after=2022-03-05T00:00:00+00:00
[2024-11-16T13:44:57.595+0000] {processor.py:179} INFO - Processing /home/vscode/.local/lib/python3.10/site-packages/airflow/example_dags/example_dynamic_task_mapping.py took 0.045 seconds
[2024-11-16T13:45:42.758+0000] {processor.py:157} INFO - Started process (PID=8405) to work on /home/vscode/.local/lib/python3.10/site-packages/airflow/example_dags/example_dynamic_task_mapping.py
[2024-11-16T13:45:42.759+0000] {processor.py:826} INFO - Processing file /home/vscode/.local/lib/python3.10/site-packages/airflow/example_dags/example_dynamic_task_mapping.py for tasks to queue
[2024-11-16T13:45:42.760+0000] {logging_mixin.py:150} INFO - [2024-11-16T13:45:42.759+0000] {dagbag.py:541} INFO - Filling up the DagBag from /home/vscode/.local/lib/python3.10/site-packages/airflow/example_dags/example_dynamic_task_mapping.py
[2024-11-16T13:45:42.765+0000] {processor.py:836} INFO - DAG(s) dict_keys(['example_dynamic_task_mapping']) retrieved from /home/vscode/.local/lib/python3.10/site-packages/airflow/example_dags/example_dynamic_task_mapping.py
[2024-11-16T13:45:42.775+0000] {logging_mixin.py:150} INFO - [2024-11-16T13:45:42.775+0000] {dag.py:2742} INFO - Sync 1 DAGs
[2024-11-16T13:45:42.790+0000] {logging_mixin.py:150} INFO - [2024-11-16T13:45:42.790+0000] {dag.py:3504} INFO - Setting next_dagrun for example_dynamic_task_mapping to 2022-03-04T00:00:00+00:00, run_after=2022-03-05T00:00:00+00:00
[2024-11-16T13:45:42.807+0000] {processor.py:179} INFO - Processing /home/vscode/.local/lib/python3.10/site-packages/airflow/example_dags/example_dynamic_task_mapping.py took 0.051 seconds
[2024-11-16T13:46:30.824+0000] {processor.py:157} INFO - Started process (PID=8726) to work on /home/vscode/.local/lib/python3.10/site-packages/airflow/example_dags/example_dynamic_task_mapping.py
[2024-11-16T13:46:30.825+0000] {processor.py:826} INFO - Processing file /home/vscode/.local/lib/python3.10/site-packages/airflow/example_dags/example_dynamic_task_mapping.py for tasks to queue
[2024-11-16T13:46:30.825+0000] {logging_mixin.py:150} INFO - [2024-11-16T13:46:30.825+0000] {dagbag.py:541} INFO - Filling up the DagBag from /home/vscode/.local/lib/python3.10/site-packages/airflow/example_dags/example_dynamic_task_mapping.py
[2024-11-16T13:46:30.830+0000] {processor.py:836} INFO - DAG(s) dict_keys(['example_dynamic_task_mapping']) retrieved from /home/vscode/.local/lib/python3.10/site-packages/airflow/example_dags/example_dynamic_task_mapping.py
[2024-11-16T13:46:30.840+0000] {logging_mixin.py:150} INFO - [2024-11-16T13:46:30.840+0000] {dag.py:2742} INFO - Sync 1 DAGs
[2024-11-16T13:46:30.854+0000] {logging_mixin.py:150} INFO - [2024-11-16T13:46:30.853+0000] {dag.py:3504} INFO - Setting next_dagrun for example_dynamic_task_mapping to 2022-03-04T00:00:00+00:00, run_after=2022-03-05T00:00:00+00:00
[2024-11-16T13:46:30.867+0000] {processor.py:179} INFO - Processing /home/vscode/.local/lib/python3.10/site-packages/airflow/example_dags/example_dynamic_task_mapping.py took 0.045 seconds
[2024-11-16T13:47:14.898+0000] {processor.py:157} INFO - Started process (PID=9019) to work on /home/vscode/.local/lib/python3.10/site-packages/airflow/example_dags/example_dynamic_task_mapping.py
[2024-11-16T13:47:14.899+0000] {processor.py:826} INFO - Processing file /home/vscode/.local/lib/python3.10/site-packages/airflow/example_dags/example_dynamic_task_mapping.py for tasks to queue
[2024-11-16T13:47:14.899+0000] {logging_mixin.py:150} INFO - [2024-11-16T13:47:14.899+0000] {dagbag.py:541} INFO - Filling up the DagBag from /home/vscode/.local/lib/python3.10/site-packages/airflow/example_dags/example_dynamic_task_mapping.py
[2024-11-16T13:47:14.904+0000] {processor.py:836} INFO - DAG(s) dict_keys(['example_dynamic_task_mapping']) retrieved from /home/vscode/.local/lib/python3.10/site-packages/airflow/example_dags/example_dynamic_task_mapping.py
[2024-11-16T13:47:14.915+0000] {logging_mixin.py:150} INFO - [2024-11-16T13:47:14.915+0000] {dag.py:2742} INFO - Sync 1 DAGs
[2024-11-16T13:47:14.928+0000] {logging_mixin.py:150} INFO - [2024-11-16T13:47:14.928+0000] {dag.py:3504} INFO - Setting next_dagrun for example_dynamic_task_mapping to 2022-03-04T00:00:00+00:00, run_after=2022-03-05T00:00:00+00:00
[2024-11-16T13:47:14.942+0000] {processor.py:179} INFO - Processing /home/vscode/.local/lib/python3.10/site-packages/airflow/example_dags/example_dynamic_task_mapping.py took 0.046 seconds
[2024-11-16T13:48:01.691+0000] {processor.py:157} INFO - Started process (PID=9340) to work on /home/vscode/.local/lib/python3.10/site-packages/airflow/example_dags/example_dynamic_task_mapping.py
[2024-11-16T13:48:01.691+0000] {processor.py:826} INFO - Processing file /home/vscode/.local/lib/python3.10/site-packages/airflow/example_dags/example_dynamic_task_mapping.py for tasks to queue
[2024-11-16T13:48:01.692+0000] {logging_mixin.py:150} INFO - [2024-11-16T13:48:01.692+0000] {dagbag.py:541} INFO - Filling up the DagBag from /home/vscode/.local/lib/python3.10/site-packages/airflow/example_dags/example_dynamic_task_mapping.py
[2024-11-16T13:48:01.698+0000] {processor.py:836} INFO - DAG(s) dict_keys(['example_dynamic_task_mapping']) retrieved from /home/vscode/.local/lib/python3.10/site-packages/airflow/example_dags/example_dynamic_task_mapping.py
[2024-11-16T13:48:01.713+0000] {logging_mixin.py:150} INFO - [2024-11-16T13:48:01.712+0000] {dag.py:2742} INFO - Sync 1 DAGs
[2024-11-16T13:48:01.732+0000] {logging_mixin.py:150} INFO - [2024-11-16T13:48:01.731+0000] {dag.py:3504} INFO - Setting next_dagrun for example_dynamic_task_mapping to 2022-03-04T00:00:00+00:00, run_after=2022-03-05T00:00:00+00:00
[2024-11-16T13:48:01.746+0000] {processor.py:179} INFO - Processing /home/vscode/.local/lib/python3.10/site-packages/airflow/example_dags/example_dynamic_task_mapping.py took 0.058 seconds
[2024-11-16T13:48:47.099+0000] {processor.py:157} INFO - Started process (PID=9643) to work on /home/vscode/.local/lib/python3.10/site-packages/airflow/example_dags/example_dynamic_task_mapping.py
[2024-11-16T13:48:47.099+0000] {processor.py:826} INFO - Processing file /home/vscode/.local/lib/python3.10/site-packages/airflow/example_dags/example_dynamic_task_mapping.py for tasks to queue
[2024-11-16T13:48:47.100+0000] {logging_mixin.py:150} INFO - [2024-11-16T13:48:47.100+0000] {dagbag.py:541} INFO - Filling up the DagBag from /home/vscode/.local/lib/python3.10/site-packages/airflow/example_dags/example_dynamic_task_mapping.py
[2024-11-16T13:48:47.105+0000] {processor.py:836} INFO - DAG(s) dict_keys(['example_dynamic_task_mapping']) retrieved from /home/vscode/.local/lib/python3.10/site-packages/airflow/example_dags/example_dynamic_task_mapping.py
[2024-11-16T13:48:47.115+0000] {logging_mixin.py:150} INFO - [2024-11-16T13:48:47.115+0000] {dag.py:2742} INFO - Sync 1 DAGs
[2024-11-16T13:48:47.129+0000] {logging_mixin.py:150} INFO - [2024-11-16T13:48:47.129+0000] {dag.py:3504} INFO - Setting next_dagrun for example_dynamic_task_mapping to 2022-03-04T00:00:00+00:00, run_after=2022-03-05T00:00:00+00:00
[2024-11-16T13:48:47.144+0000] {processor.py:179} INFO - Processing /home/vscode/.local/lib/python3.10/site-packages/airflow/example_dags/example_dynamic_task_mapping.py took 0.047 seconds
[2024-11-16T13:49:32.509+0000] {processor.py:157} INFO - Started process (PID=9968) to work on /home/vscode/.local/lib/python3.10/site-packages/airflow/example_dags/example_dynamic_task_mapping.py
[2024-11-16T13:49:32.509+0000] {processor.py:826} INFO - Processing file /home/vscode/.local/lib/python3.10/site-packages/airflow/example_dags/example_dynamic_task_mapping.py for tasks to queue
[2024-11-16T13:49:32.510+0000] {logging_mixin.py:150} INFO - [2024-11-16T13:49:32.510+0000] {dagbag.py:541} INFO - Filling up the DagBag from /home/vscode/.local/lib/python3.10/site-packages/airflow/example_dags/example_dynamic_task_mapping.py
[2024-11-16T13:49:32.516+0000] {processor.py:836} INFO - DAG(s) dict_keys(['example_dynamic_task_mapping']) retrieved from /home/vscode/.local/lib/python3.10/site-packages/airflow/example_dags/example_dynamic_task_mapping.py
[2024-11-16T13:49:32.531+0000] {logging_mixin.py:150} INFO - [2024-11-16T13:49:32.530+0000] {dag.py:2742} INFO - Sync 1 DAGs
[2024-11-16T13:49:32.551+0000] {logging_mixin.py:150} INFO - [2024-11-16T13:49:32.550+0000] {dag.py:3504} INFO - Setting next_dagrun for example_dynamic_task_mapping to 2022-03-04T00:00:00+00:00, run_after=2022-03-05T00:00:00+00:00
[2024-11-16T13:49:32.578+0000] {processor.py:179} INFO - Processing /home/vscode/.local/lib/python3.10/site-packages/airflow/example_dags/example_dynamic_task_mapping.py took 0.071 seconds
[2024-11-16T13:50:17.223+0000] {processor.py:157} INFO - Started process (PID=10271) to work on /home/vscode/.local/lib/python3.10/site-packages/airflow/example_dags/example_dynamic_task_mapping.py
[2024-11-16T13:50:17.223+0000] {processor.py:826} INFO - Processing file /home/vscode/.local/lib/python3.10/site-packages/airflow/example_dags/example_dynamic_task_mapping.py for tasks to queue
[2024-11-16T13:50:17.224+0000] {logging_mixin.py:150} INFO - [2024-11-16T13:50:17.224+0000] {dagbag.py:541} INFO - Filling up the DagBag from /home/vscode/.local/lib/python3.10/site-packages/airflow/example_dags/example_dynamic_task_mapping.py
[2024-11-16T13:50:17.229+0000] {processor.py:836} INFO - DAG(s) dict_keys(['example_dynamic_task_mapping']) retrieved from /home/vscode/.local/lib/python3.10/site-packages/airflow/example_dags/example_dynamic_task_mapping.py
[2024-11-16T13:50:17.239+0000] {logging_mixin.py:150} INFO - [2024-11-16T13:50:17.239+0000] {dag.py:2742} INFO - Sync 1 DAGs
[2024-11-16T13:50:17.252+0000] {logging_mixin.py:150} INFO - [2024-11-16T13:50:17.252+0000] {dag.py:3504} INFO - Setting next_dagrun for example_dynamic_task_mapping to 2022-03-04T00:00:00+00:00, run_after=2022-03-05T00:00:00+00:00
[2024-11-16T13:50:17.267+0000] {processor.py:179} INFO - Processing /home/vscode/.local/lib/python3.10/site-packages/airflow/example_dags/example_dynamic_task_mapping.py took 0.047 seconds
[2024-11-16T13:51:00.275+0000] {processor.py:157} INFO - Started process (PID=10618) to work on /home/vscode/.local/lib/python3.10/site-packages/airflow/example_dags/example_dynamic_task_mapping.py
[2024-11-16T13:51:00.276+0000] {processor.py:826} INFO - Processing file /home/vscode/.local/lib/python3.10/site-packages/airflow/example_dags/example_dynamic_task_mapping.py for tasks to queue
[2024-11-16T13:51:00.276+0000] {logging_mixin.py:150} INFO - [2024-11-16T13:51:00.276+0000] {dagbag.py:541} INFO - Filling up the DagBag from /home/vscode/.local/lib/python3.10/site-packages/airflow/example_dags/example_dynamic_task_mapping.py
[2024-11-16T13:51:00.282+0000] {processor.py:836} INFO - DAG(s) dict_keys(['example_dynamic_task_mapping']) retrieved from /home/vscode/.local/lib/python3.10/site-packages/airflow/example_dags/example_dynamic_task_mapping.py
[2024-11-16T13:51:00.292+0000] {logging_mixin.py:150} INFO - [2024-11-16T13:51:00.292+0000] {dag.py:2742} INFO - Sync 1 DAGs
[2024-11-16T13:51:00.306+0000] {logging_mixin.py:150} INFO - [2024-11-16T13:51:00.306+0000] {dag.py:3504} INFO - Setting next_dagrun for example_dynamic_task_mapping to 2022-03-04T00:00:00+00:00, run_after=2022-03-05T00:00:00+00:00
[2024-11-16T13:51:00.319+0000] {processor.py:179} INFO - Processing /home/vscode/.local/lib/python3.10/site-packages/airflow/example_dags/example_dynamic_task_mapping.py took 0.046 seconds
[2024-11-16T13:51:43.116+0000] {processor.py:157} INFO - Started process (PID=10908) to work on /home/vscode/.local/lib/python3.10/site-packages/airflow/example_dags/example_dynamic_task_mapping.py
[2024-11-16T13:51:43.117+0000] {processor.py:826} INFO - Processing file /home/vscode/.local/lib/python3.10/site-packages/airflow/example_dags/example_dynamic_task_mapping.py for tasks to queue
[2024-11-16T13:51:43.117+0000] {logging_mixin.py:150} INFO - [2024-11-16T13:51:43.117+0000] {dagbag.py:541} INFO - Filling up the DagBag from /home/vscode/.local/lib/python3.10/site-packages/airflow/example_dags/example_dynamic_task_mapping.py
[2024-11-16T13:51:43.122+0000] {processor.py:836} INFO - DAG(s) dict_keys(['example_dynamic_task_mapping']) retrieved from /home/vscode/.local/lib/python3.10/site-packages/airflow/example_dags/example_dynamic_task_mapping.py
[2024-11-16T13:51:43.133+0000] {logging_mixin.py:150} INFO - [2024-11-16T13:51:43.133+0000] {dag.py:2742} INFO - Sync 1 DAGs
[2024-11-16T13:51:43.146+0000] {logging_mixin.py:150} INFO - [2024-11-16T13:51:43.146+0000] {dag.py:3504} INFO - Setting next_dagrun for example_dynamic_task_mapping to 2022-03-04T00:00:00+00:00, run_after=2022-03-05T00:00:00+00:00
[2024-11-16T13:51:43.159+0000] {processor.py:179} INFO - Processing /home/vscode/.local/lib/python3.10/site-packages/airflow/example_dags/example_dynamic_task_mapping.py took 0.045 seconds
