[2024-11-16T13:38:37.863+0000] {processor.py:157} INFO - Started process (PID=5490) to work on /home/vscode/.local/lib/python3.10/site-packages/airflow/example_dags/example_time_delta_sensor_async.py
[2024-11-16T13:38:37.863+0000] {processor.py:826} INFO - Processing file /home/vscode/.local/lib/python3.10/site-packages/airflow/example_dags/example_time_delta_sensor_async.py for tasks to queue
[2024-11-16T13:38:37.864+0000] {logging_mixin.py:150} INFO - [2024-11-16T13:38:37.864+0000] {dagbag.py:541} INFO - Filling up the DagBag from /home/vscode/.local/lib/python3.10/site-packages/airflow/example_dags/example_time_delta_sensor_async.py
[2024-11-16T13:38:37.869+0000] {processor.py:836} INFO - DAG(s) dict_keys(['example_time_delta_sensor_async']) retrieved from /home/vscode/.local/lib/python3.10/site-packages/airflow/example_dags/example_time_delta_sensor_async.py
[2024-11-16T13:38:38.010+0000] {logging_mixin.py:150} INFO - [2024-11-16T13:38:38.009+0000] {manager.py:504} INFO - Created Permission View: can edit on DAG:example_time_delta_sensor_async
[2024-11-16T13:38:38.017+0000] {logging_mixin.py:150} INFO - [2024-11-16T13:38:38.017+0000] {manager.py:504} INFO - Created Permission View: can delete on DAG:example_time_delta_sensor_async
[2024-11-16T13:38:38.022+0000] {logging_mixin.py:150} INFO - [2024-11-16T13:38:38.022+0000] {manager.py:504} INFO - Created Permission View: can read on DAG:example_time_delta_sensor_async
[2024-11-16T13:38:38.030+0000] {logging_mixin.py:150} INFO - [2024-11-16T13:38:38.029+0000] {dag.py:2742} INFO - Sync 1 DAGs
[2024-11-16T13:38:38.036+0000] {logging_mixin.py:150} INFO - [2024-11-16T13:38:38.036+0000] {dag.py:2763} INFO - Creating ORM DAG for example_time_delta_sensor_async
[2024-11-16T13:38:38.042+0000] {logging_mixin.py:150} INFO - [2024-11-16T13:38:38.042+0000] {dag.py:3504} INFO - Setting next_dagrun for example_time_delta_sensor_async to None, run_after=None
[2024-11-16T13:38:38.055+0000] {processor.py:179} INFO - Processing /home/vscode/.local/lib/python3.10/site-packages/airflow/example_dags/example_time_delta_sensor_async.py took 0.194 seconds
[2024-11-16T13:39:26.518+0000] {processor.py:157} INFO - Started process (PID=5865) to work on /home/vscode/.local/lib/python3.10/site-packages/airflow/example_dags/example_time_delta_sensor_async.py
[2024-11-16T13:39:26.518+0000] {processor.py:826} INFO - Processing file /home/vscode/.local/lib/python3.10/site-packages/airflow/example_dags/example_time_delta_sensor_async.py for tasks to queue
[2024-11-16T13:39:26.519+0000] {logging_mixin.py:150} INFO - [2024-11-16T13:39:26.519+0000] {dagbag.py:541} INFO - Filling up the DagBag from /home/vscode/.local/lib/python3.10/site-packages/airflow/example_dags/example_time_delta_sensor_async.py
[2024-11-16T13:39:26.522+0000] {processor.py:836} INFO - DAG(s) dict_keys(['example_time_delta_sensor_async']) retrieved from /home/vscode/.local/lib/python3.10/site-packages/airflow/example_dags/example_time_delta_sensor_async.py
[2024-11-16T13:39:26.534+0000] {logging_mixin.py:150} INFO - [2024-11-16T13:39:26.533+0000] {dag.py:2742} INFO - Sync 1 DAGs
[2024-11-16T13:39:26.547+0000] {logging_mixin.py:150} INFO - [2024-11-16T13:39:26.547+0000] {dag.py:3504} INFO - Setting next_dagrun for example_time_delta_sensor_async to None, run_after=None
[2024-11-16T13:39:26.561+0000] {processor.py:179} INFO - Processing /home/vscode/.local/lib/python3.10/site-packages/airflow/example_dags/example_time_delta_sensor_async.py took 0.045 seconds
[2024-11-16T13:40:12.459+0000] {processor.py:157} INFO - Started process (PID=6199) to work on /home/vscode/.local/lib/python3.10/site-packages/airflow/example_dags/example_time_delta_sensor_async.py
[2024-11-16T13:40:12.460+0000] {processor.py:826} INFO - Processing file /home/vscode/.local/lib/python3.10/site-packages/airflow/example_dags/example_time_delta_sensor_async.py for tasks to queue
[2024-11-16T13:40:12.460+0000] {logging_mixin.py:150} INFO - [2024-11-16T13:40:12.460+0000] {dagbag.py:541} INFO - Filling up the DagBag from /home/vscode/.local/lib/python3.10/site-packages/airflow/example_dags/example_time_delta_sensor_async.py
[2024-11-16T13:40:12.463+0000] {processor.py:836} INFO - DAG(s) dict_keys(['example_time_delta_sensor_async']) retrieved from /home/vscode/.local/lib/python3.10/site-packages/airflow/example_dags/example_time_delta_sensor_async.py
[2024-11-16T13:40:12.475+0000] {logging_mixin.py:150} INFO - [2024-11-16T13:40:12.474+0000] {dag.py:2742} INFO - Sync 1 DAGs
[2024-11-16T13:40:12.488+0000] {logging_mixin.py:150} INFO - [2024-11-16T13:40:12.488+0000] {dag.py:3504} INFO - Setting next_dagrun for example_time_delta_sensor_async to None, run_after=None
[2024-11-16T13:40:12.502+0000] {processor.py:179} INFO - Processing /home/vscode/.local/lib/python3.10/site-packages/airflow/example_dags/example_time_delta_sensor_async.py took 0.045 seconds
[2024-11-16T13:40:57.535+0000] {processor.py:157} INFO - Started process (PID=6495) to work on /home/vscode/.local/lib/python3.10/site-packages/airflow/example_dags/example_time_delta_sensor_async.py
[2024-11-16T13:40:57.535+0000] {processor.py:826} INFO - Processing file /home/vscode/.local/lib/python3.10/site-packages/airflow/example_dags/example_time_delta_sensor_async.py for tasks to queue
[2024-11-16T13:40:57.536+0000] {logging_mixin.py:150} INFO - [2024-11-16T13:40:57.536+0000] {dagbag.py:541} INFO - Filling up the DagBag from /home/vscode/.local/lib/python3.10/site-packages/airflow/example_dags/example_time_delta_sensor_async.py
[2024-11-16T13:40:57.539+0000] {processor.py:836} INFO - DAG(s) dict_keys(['example_time_delta_sensor_async']) retrieved from /home/vscode/.local/lib/python3.10/site-packages/airflow/example_dags/example_time_delta_sensor_async.py
[2024-11-16T13:40:57.550+0000] {logging_mixin.py:150} INFO - [2024-11-16T13:40:57.550+0000] {dag.py:2742} INFO - Sync 1 DAGs
[2024-11-16T13:40:57.563+0000] {logging_mixin.py:150} INFO - [2024-11-16T13:40:57.563+0000] {dag.py:3504} INFO - Setting next_dagrun for example_time_delta_sensor_async to None, run_after=None
[2024-11-16T13:40:57.581+0000] {processor.py:179} INFO - Processing /home/vscode/.local/lib/python3.10/site-packages/airflow/example_dags/example_time_delta_sensor_async.py took 0.048 seconds
[2024-11-16T13:41:40.763+0000] {processor.py:157} INFO - Started process (PID=6789) to work on /home/vscode/.local/lib/python3.10/site-packages/airflow/example_dags/example_time_delta_sensor_async.py
[2024-11-16T13:41:40.764+0000] {processor.py:826} INFO - Processing file /home/vscode/.local/lib/python3.10/site-packages/airflow/example_dags/example_time_delta_sensor_async.py for tasks to queue
[2024-11-16T13:41:40.765+0000] {logging_mixin.py:150} INFO - [2024-11-16T13:41:40.764+0000] {dagbag.py:541} INFO - Filling up the DagBag from /home/vscode/.local/lib/python3.10/site-packages/airflow/example_dags/example_time_delta_sensor_async.py
[2024-11-16T13:41:40.768+0000] {processor.py:836} INFO - DAG(s) dict_keys(['example_time_delta_sensor_async']) retrieved from /home/vscode/.local/lib/python3.10/site-packages/airflow/example_dags/example_time_delta_sensor_async.py
[2024-11-16T13:41:40.779+0000] {logging_mixin.py:150} INFO - [2024-11-16T13:41:40.779+0000] {dag.py:2742} INFO - Sync 1 DAGs
[2024-11-16T13:41:40.792+0000] {logging_mixin.py:150} INFO - [2024-11-16T13:41:40.792+0000] {dag.py:3504} INFO - Setting next_dagrun for example_time_delta_sensor_async to None, run_after=None
[2024-11-16T13:41:40.807+0000] {processor.py:179} INFO - Processing /home/vscode/.local/lib/python3.10/site-packages/airflow/example_dags/example_time_delta_sensor_async.py took 0.046 seconds
[2024-11-16T13:42:26.655+0000] {processor.py:157} INFO - Started process (PID=7094) to work on /home/vscode/.local/lib/python3.10/site-packages/airflow/example_dags/example_time_delta_sensor_async.py
[2024-11-16T13:42:26.655+0000] {processor.py:826} INFO - Processing file /home/vscode/.local/lib/python3.10/site-packages/airflow/example_dags/example_time_delta_sensor_async.py for tasks to queue
[2024-11-16T13:42:26.656+0000] {logging_mixin.py:150} INFO - [2024-11-16T13:42:26.656+0000] {dagbag.py:541} INFO - Filling up the DagBag from /home/vscode/.local/lib/python3.10/site-packages/airflow/example_dags/example_time_delta_sensor_async.py
[2024-11-16T13:42:26.659+0000] {processor.py:836} INFO - DAG(s) dict_keys(['example_time_delta_sensor_async']) retrieved from /home/vscode/.local/lib/python3.10/site-packages/airflow/example_dags/example_time_delta_sensor_async.py
[2024-11-16T13:42:26.671+0000] {logging_mixin.py:150} INFO - [2024-11-16T13:42:26.671+0000] {dag.py:2742} INFO - Sync 1 DAGs
[2024-11-16T13:42:26.685+0000] {logging_mixin.py:150} INFO - [2024-11-16T13:42:26.685+0000] {dag.py:3504} INFO - Setting next_dagrun for example_time_delta_sensor_async to None, run_after=None
[2024-11-16T13:42:26.699+0000] {processor.py:179} INFO - Processing /home/vscode/.local/lib/python3.10/site-packages/airflow/example_dags/example_time_delta_sensor_async.py took 0.047 seconds
[2024-11-16T13:43:07.080+0000] {processor.py:157} INFO - Started process (PID=7369) to work on /home/vscode/.local/lib/python3.10/site-packages/airflow/example_dags/example_time_delta_sensor_async.py
[2024-11-16T13:43:07.081+0000] {processor.py:826} INFO - Processing file /home/vscode/.local/lib/python3.10/site-packages/airflow/example_dags/example_time_delta_sensor_async.py for tasks to queue
[2024-11-16T13:43:07.081+0000] {logging_mixin.py:150} INFO - [2024-11-16T13:43:07.081+0000] {dagbag.py:541} INFO - Filling up the DagBag from /home/vscode/.local/lib/python3.10/site-packages/airflow/example_dags/example_time_delta_sensor_async.py
[2024-11-16T13:43:07.085+0000] {processor.py:836} INFO - DAG(s) dict_keys(['example_time_delta_sensor_async']) retrieved from /home/vscode/.local/lib/python3.10/site-packages/airflow/example_dags/example_time_delta_sensor_async.py
[2024-11-16T13:43:07.096+0000] {logging_mixin.py:150} INFO - [2024-11-16T13:43:07.096+0000] {dag.py:2742} INFO - Sync 1 DAGs
[2024-11-16T13:43:07.109+0000] {logging_mixin.py:150} INFO - [2024-11-16T13:43:07.109+0000] {dag.py:3504} INFO - Setting next_dagrun for example_time_delta_sensor_async to None, run_after=None
[2024-11-16T13:43:07.123+0000] {processor.py:179} INFO - Processing /home/vscode/.local/lib/python3.10/site-packages/airflow/example_dags/example_time_delta_sensor_async.py took 0.044 seconds
[2024-11-16T13:43:51.340+0000] {processor.py:157} INFO - Started process (PID=7663) to work on /home/vscode/.local/lib/python3.10/site-packages/airflow/example_dags/example_time_delta_sensor_async.py
[2024-11-16T13:43:51.341+0000] {processor.py:826} INFO - Processing file /home/vscode/.local/lib/python3.10/site-packages/airflow/example_dags/example_time_delta_sensor_async.py for tasks to queue
[2024-11-16T13:43:51.342+0000] {logging_mixin.py:150} INFO - [2024-11-16T13:43:51.341+0000] {dagbag.py:541} INFO - Filling up the DagBag from /home/vscode/.local/lib/python3.10/site-packages/airflow/example_dags/example_time_delta_sensor_async.py
[2024-11-16T13:43:51.345+0000] {processor.py:836} INFO - DAG(s) dict_keys(['example_time_delta_sensor_async']) retrieved from /home/vscode/.local/lib/python3.10/site-packages/airflow/example_dags/example_time_delta_sensor_async.py
[2024-11-16T13:43:51.360+0000] {logging_mixin.py:150} INFO - [2024-11-16T13:43:51.360+0000] {dag.py:2742} INFO - Sync 1 DAGs
[2024-11-16T13:43:51.377+0000] {logging_mixin.py:150} INFO - [2024-11-16T13:43:51.377+0000] {dag.py:3504} INFO - Setting next_dagrun for example_time_delta_sensor_async to None, run_after=None
[2024-11-16T13:43:51.396+0000] {processor.py:179} INFO - Processing /home/vscode/.local/lib/python3.10/site-packages/airflow/example_dags/example_time_delta_sensor_async.py took 0.057 seconds
[2024-11-16T13:44:35.255+0000] {processor.py:157} INFO - Started process (PID=7956) to work on /home/vscode/.local/lib/python3.10/site-packages/airflow/example_dags/example_time_delta_sensor_async.py
[2024-11-16T13:44:35.256+0000] {processor.py:826} INFO - Processing file /home/vscode/.local/lib/python3.10/site-packages/airflow/example_dags/example_time_delta_sensor_async.py for tasks to queue
[2024-11-16T13:44:35.256+0000] {logging_mixin.py:150} INFO - [2024-11-16T13:44:35.256+0000] {dagbag.py:541} INFO - Filling up the DagBag from /home/vscode/.local/lib/python3.10/site-packages/airflow/example_dags/example_time_delta_sensor_async.py
[2024-11-16T13:44:35.259+0000] {processor.py:836} INFO - DAG(s) dict_keys(['example_time_delta_sensor_async']) retrieved from /home/vscode/.local/lib/python3.10/site-packages/airflow/example_dags/example_time_delta_sensor_async.py
[2024-11-16T13:44:35.271+0000] {logging_mixin.py:150} INFO - [2024-11-16T13:44:35.270+0000] {dag.py:2742} INFO - Sync 1 DAGs
[2024-11-16T13:44:35.284+0000] {logging_mixin.py:150} INFO - [2024-11-16T13:44:35.284+0000] {dag.py:3504} INFO - Setting next_dagrun for example_time_delta_sensor_async to None, run_after=None
[2024-11-16T13:44:35.298+0000] {processor.py:179} INFO - Processing /home/vscode/.local/lib/python3.10/site-packages/airflow/example_dags/example_time_delta_sensor_async.py took 0.046 seconds
[2024-11-16T13:45:18.100+0000] {processor.py:157} INFO - Started process (PID=8241) to work on /home/vscode/.local/lib/python3.10/site-packages/airflow/example_dags/example_time_delta_sensor_async.py
[2024-11-16T13:45:18.100+0000] {processor.py:826} INFO - Processing file /home/vscode/.local/lib/python3.10/site-packages/airflow/example_dags/example_time_delta_sensor_async.py for tasks to queue
[2024-11-16T13:45:18.101+0000] {logging_mixin.py:150} INFO - [2024-11-16T13:45:18.101+0000] {dagbag.py:541} INFO - Filling up the DagBag from /home/vscode/.local/lib/python3.10/site-packages/airflow/example_dags/example_time_delta_sensor_async.py
[2024-11-16T13:45:18.104+0000] {processor.py:836} INFO - DAG(s) dict_keys(['example_time_delta_sensor_async']) retrieved from /home/vscode/.local/lib/python3.10/site-packages/airflow/example_dags/example_time_delta_sensor_async.py
[2024-11-16T13:45:18.116+0000] {logging_mixin.py:150} INFO - [2024-11-16T13:45:18.116+0000] {dag.py:2742} INFO - Sync 1 DAGs
[2024-11-16T13:45:18.135+0000] {logging_mixin.py:150} INFO - [2024-11-16T13:45:18.135+0000] {dag.py:3504} INFO - Setting next_dagrun for example_time_delta_sensor_async to None, run_after=None
[2024-11-16T13:45:18.150+0000] {processor.py:179} INFO - Processing /home/vscode/.local/lib/python3.10/site-packages/airflow/example_dags/example_time_delta_sensor_async.py took 0.053 seconds
[2024-11-16T13:46:04.279+0000] {processor.py:157} INFO - Started process (PID=8546) to work on /home/vscode/.local/lib/python3.10/site-packages/airflow/example_dags/example_time_delta_sensor_async.py
[2024-11-16T13:46:04.280+0000] {processor.py:826} INFO - Processing file /home/vscode/.local/lib/python3.10/site-packages/airflow/example_dags/example_time_delta_sensor_async.py for tasks to queue
[2024-11-16T13:46:04.280+0000] {logging_mixin.py:150} INFO - [2024-11-16T13:46:04.280+0000] {dagbag.py:541} INFO - Filling up the DagBag from /home/vscode/.local/lib/python3.10/site-packages/airflow/example_dags/example_time_delta_sensor_async.py
[2024-11-16T13:46:04.283+0000] {processor.py:836} INFO - DAG(s) dict_keys(['example_time_delta_sensor_async']) retrieved from /home/vscode/.local/lib/python3.10/site-packages/airflow/example_dags/example_time_delta_sensor_async.py
[2024-11-16T13:46:04.295+0000] {logging_mixin.py:150} INFO - [2024-11-16T13:46:04.294+0000] {dag.py:2742} INFO - Sync 1 DAGs
[2024-11-16T13:46:04.308+0000] {logging_mixin.py:150} INFO - [2024-11-16T13:46:04.308+0000] {dag.py:3504} INFO - Setting next_dagrun for example_time_delta_sensor_async to None, run_after=None
[2024-11-16T13:46:04.321+0000] {processor.py:179} INFO - Processing /home/vscode/.local/lib/python3.10/site-packages/airflow/example_dags/example_time_delta_sensor_async.py took 0.044 seconds
[2024-11-16T13:46:48.232+0000] {processor.py:157} INFO - Started process (PID=8851) to work on /home/vscode/.local/lib/python3.10/site-packages/airflow/example_dags/example_time_delta_sensor_async.py
[2024-11-16T13:46:48.232+0000] {processor.py:826} INFO - Processing file /home/vscode/.local/lib/python3.10/site-packages/airflow/example_dags/example_time_delta_sensor_async.py for tasks to queue
[2024-11-16T13:46:48.233+0000] {logging_mixin.py:150} INFO - [2024-11-16T13:46:48.233+0000] {dagbag.py:541} INFO - Filling up the DagBag from /home/vscode/.local/lib/python3.10/site-packages/airflow/example_dags/example_time_delta_sensor_async.py
[2024-11-16T13:46:48.237+0000] {processor.py:836} INFO - DAG(s) dict_keys(['example_time_delta_sensor_async']) retrieved from /home/vscode/.local/lib/python3.10/site-packages/airflow/example_dags/example_time_delta_sensor_async.py
[2024-11-16T13:46:48.251+0000] {logging_mixin.py:150} INFO - [2024-11-16T13:46:48.251+0000] {dag.py:2742} INFO - Sync 1 DAGs
[2024-11-16T13:46:48.264+0000] {logging_mixin.py:150} INFO - [2024-11-16T13:46:48.264+0000] {dag.py:3504} INFO - Setting next_dagrun for example_time_delta_sensor_async to None, run_after=None
[2024-11-16T13:46:48.279+0000] {processor.py:179} INFO - Processing /home/vscode/.local/lib/python3.10/site-packages/airflow/example_dags/example_time_delta_sensor_async.py took 0.049 seconds
[2024-11-16T13:47:31.464+0000] {processor.py:157} INFO - Started process (PID=9139) to work on /home/vscode/.local/lib/python3.10/site-packages/airflow/example_dags/example_time_delta_sensor_async.py
[2024-11-16T13:47:31.465+0000] {processor.py:826} INFO - Processing file /home/vscode/.local/lib/python3.10/site-packages/airflow/example_dags/example_time_delta_sensor_async.py for tasks to queue
[2024-11-16T13:47:31.465+0000] {logging_mixin.py:150} INFO - [2024-11-16T13:47:31.465+0000] {dagbag.py:541} INFO - Filling up the DagBag from /home/vscode/.local/lib/python3.10/site-packages/airflow/example_dags/example_time_delta_sensor_async.py
[2024-11-16T13:47:31.468+0000] {processor.py:836} INFO - DAG(s) dict_keys(['example_time_delta_sensor_async']) retrieved from /home/vscode/.local/lib/python3.10/site-packages/airflow/example_dags/example_time_delta_sensor_async.py
[2024-11-16T13:47:31.480+0000] {logging_mixin.py:150} INFO - [2024-11-16T13:47:31.480+0000] {dag.py:2742} INFO - Sync 1 DAGs
[2024-11-16T13:47:31.494+0000] {logging_mixin.py:150} INFO - [2024-11-16T13:47:31.494+0000] {dag.py:3504} INFO - Setting next_dagrun for example_time_delta_sensor_async to None, run_after=None
[2024-11-16T13:47:31.508+0000] {processor.py:179} INFO - Processing /home/vscode/.local/lib/python3.10/site-packages/airflow/example_dags/example_time_delta_sensor_async.py took 0.046 seconds
[2024-11-16T13:48:09.703+0000] {processor.py:157} INFO - Started process (PID=9398) to work on /home/vscode/.local/lib/python3.10/site-packages/airflow/example_dags/example_time_delta_sensor_async.py
[2024-11-16T13:48:09.704+0000] {processor.py:826} INFO - Processing file /home/vscode/.local/lib/python3.10/site-packages/airflow/example_dags/example_time_delta_sensor_async.py for tasks to queue
[2024-11-16T13:48:09.704+0000] {logging_mixin.py:150} INFO - [2024-11-16T13:48:09.704+0000] {dagbag.py:541} INFO - Filling up the DagBag from /home/vscode/.local/lib/python3.10/site-packages/airflow/example_dags/example_time_delta_sensor_async.py
[2024-11-16T13:48:09.708+0000] {processor.py:836} INFO - DAG(s) dict_keys(['example_time_delta_sensor_async']) retrieved from /home/vscode/.local/lib/python3.10/site-packages/airflow/example_dags/example_time_delta_sensor_async.py
[2024-11-16T13:48:09.720+0000] {logging_mixin.py:150} INFO - [2024-11-16T13:48:09.720+0000] {dag.py:2742} INFO - Sync 1 DAGs
[2024-11-16T13:48:09.734+0000] {logging_mixin.py:150} INFO - [2024-11-16T13:48:09.733+0000] {dag.py:3504} INFO - Setting next_dagrun for example_time_delta_sensor_async to None, run_after=None
[2024-11-16T13:48:09.747+0000] {processor.py:179} INFO - Processing /home/vscode/.local/lib/python3.10/site-packages/airflow/example_dags/example_time_delta_sensor_async.py took 0.046 seconds
[2024-11-16T13:48:53.739+0000] {processor.py:157} INFO - Started process (PID=9693) to work on /home/vscode/.local/lib/python3.10/site-packages/airflow/example_dags/example_time_delta_sensor_async.py
[2024-11-16T13:48:53.740+0000] {processor.py:826} INFO - Processing file /home/vscode/.local/lib/python3.10/site-packages/airflow/example_dags/example_time_delta_sensor_async.py for tasks to queue
[2024-11-16T13:48:53.740+0000] {logging_mixin.py:150} INFO - [2024-11-16T13:48:53.740+0000] {dagbag.py:541} INFO - Filling up the DagBag from /home/vscode/.local/lib/python3.10/site-packages/airflow/example_dags/example_time_delta_sensor_async.py
[2024-11-16T13:48:53.743+0000] {processor.py:836} INFO - DAG(s) dict_keys(['example_time_delta_sensor_async']) retrieved from /home/vscode/.local/lib/python3.10/site-packages/airflow/example_dags/example_time_delta_sensor_async.py
[2024-11-16T13:48:53.755+0000] {logging_mixin.py:150} INFO - [2024-11-16T13:48:53.755+0000] {dag.py:2742} INFO - Sync 1 DAGs
[2024-11-16T13:48:53.768+0000] {logging_mixin.py:150} INFO - [2024-11-16T13:48:53.768+0000] {dag.py:3504} INFO - Setting next_dagrun for example_time_delta_sensor_async to None, run_after=None
[2024-11-16T13:48:53.782+0000] {processor.py:179} INFO - Processing /home/vscode/.local/lib/python3.10/site-packages/airflow/example_dags/example_time_delta_sensor_async.py took 0.045 seconds
[2024-11-16T13:49:29.709+0000] {processor.py:157} INFO - Started process (PID=9945) to work on /home/vscode/.local/lib/python3.10/site-packages/airflow/example_dags/example_time_delta_sensor_async.py
[2024-11-16T13:49:29.709+0000] {processor.py:826} INFO - Processing file /home/vscode/.local/lib/python3.10/site-packages/airflow/example_dags/example_time_delta_sensor_async.py for tasks to queue
[2024-11-16T13:49:29.710+0000] {logging_mixin.py:150} INFO - [2024-11-16T13:49:29.710+0000] {dagbag.py:541} INFO - Filling up the DagBag from /home/vscode/.local/lib/python3.10/site-packages/airflow/example_dags/example_time_delta_sensor_async.py
[2024-11-16T13:49:29.713+0000] {processor.py:836} INFO - DAG(s) dict_keys(['example_time_delta_sensor_async']) retrieved from /home/vscode/.local/lib/python3.10/site-packages/airflow/example_dags/example_time_delta_sensor_async.py
[2024-11-16T13:49:29.725+0000] {logging_mixin.py:150} INFO - [2024-11-16T13:49:29.724+0000] {dag.py:2742} INFO - Sync 1 DAGs
[2024-11-16T13:49:29.738+0000] {logging_mixin.py:150} INFO - [2024-11-16T13:49:29.738+0000] {dag.py:3504} INFO - Setting next_dagrun for example_time_delta_sensor_async to None, run_after=None
[2024-11-16T13:49:29.751+0000] {processor.py:179} INFO - Processing /home/vscode/.local/lib/python3.10/site-packages/airflow/example_dags/example_time_delta_sensor_async.py took 0.044 seconds
[2024-11-16T13:50:15.304+0000] {processor.py:157} INFO - Started process (PID=10254) to work on /home/vscode/.local/lib/python3.10/site-packages/airflow/example_dags/example_time_delta_sensor_async.py
[2024-11-16T13:50:15.304+0000] {processor.py:826} INFO - Processing file /home/vscode/.local/lib/python3.10/site-packages/airflow/example_dags/example_time_delta_sensor_async.py for tasks to queue
[2024-11-16T13:50:15.305+0000] {logging_mixin.py:150} INFO - [2024-11-16T13:50:15.305+0000] {dagbag.py:541} INFO - Filling up the DagBag from /home/vscode/.local/lib/python3.10/site-packages/airflow/example_dags/example_time_delta_sensor_async.py
[2024-11-16T13:50:15.308+0000] {processor.py:836} INFO - DAG(s) dict_keys(['example_time_delta_sensor_async']) retrieved from /home/vscode/.local/lib/python3.10/site-packages/airflow/example_dags/example_time_delta_sensor_async.py
[2024-11-16T13:50:15.320+0000] {logging_mixin.py:150} INFO - [2024-11-16T13:50:15.320+0000] {dag.py:2742} INFO - Sync 1 DAGs
[2024-11-16T13:50:15.334+0000] {logging_mixin.py:150} INFO - [2024-11-16T13:50:15.334+0000] {dag.py:3504} INFO - Setting next_dagrun for example_time_delta_sensor_async to None, run_after=None
[2024-11-16T13:50:15.348+0000] {processor.py:179} INFO - Processing /home/vscode/.local/lib/python3.10/site-packages/airflow/example_dags/example_time_delta_sensor_async.py took 0.046 seconds
[2024-11-16T13:50:56.874+0000] {processor.py:157} INFO - Started process (PID=10589) to work on /home/vscode/.local/lib/python3.10/site-packages/airflow/example_dags/example_time_delta_sensor_async.py
[2024-11-16T13:50:56.875+0000] {processor.py:826} INFO - Processing file /home/vscode/.local/lib/python3.10/site-packages/airflow/example_dags/example_time_delta_sensor_async.py for tasks to queue
[2024-11-16T13:50:56.875+0000] {logging_mixin.py:150} INFO - [2024-11-16T13:50:56.875+0000] {dagbag.py:541} INFO - Filling up the DagBag from /home/vscode/.local/lib/python3.10/site-packages/airflow/example_dags/example_time_delta_sensor_async.py
[2024-11-16T13:50:56.879+0000] {processor.py:836} INFO - DAG(s) dict_keys(['example_time_delta_sensor_async']) retrieved from /home/vscode/.local/lib/python3.10/site-packages/airflow/example_dags/example_time_delta_sensor_async.py
[2024-11-16T13:50:56.891+0000] {logging_mixin.py:150} INFO - [2024-11-16T13:50:56.891+0000] {dag.py:2742} INFO - Sync 1 DAGs
[2024-11-16T13:50:56.904+0000] {logging_mixin.py:150} INFO - [2024-11-16T13:50:56.904+0000] {dag.py:3504} INFO - Setting next_dagrun for example_time_delta_sensor_async to None, run_after=None
[2024-11-16T13:50:56.918+0000] {processor.py:179} INFO - Processing /home/vscode/.local/lib/python3.10/site-packages/airflow/example_dags/example_time_delta_sensor_async.py took 0.047 seconds
[2024-11-16T13:51:40.249+0000] {processor.py:157} INFO - Started process (PID=10879) to work on /home/vscode/.local/lib/python3.10/site-packages/airflow/example_dags/example_time_delta_sensor_async.py
[2024-11-16T13:51:40.250+0000] {processor.py:826} INFO - Processing file /home/vscode/.local/lib/python3.10/site-packages/airflow/example_dags/example_time_delta_sensor_async.py for tasks to queue
[2024-11-16T13:51:40.251+0000] {logging_mixin.py:150} INFO - [2024-11-16T13:51:40.250+0000] {dagbag.py:541} INFO - Filling up the DagBag from /home/vscode/.local/lib/python3.10/site-packages/airflow/example_dags/example_time_delta_sensor_async.py
[2024-11-16T13:51:40.254+0000] {processor.py:836} INFO - DAG(s) dict_keys(['example_time_delta_sensor_async']) retrieved from /home/vscode/.local/lib/python3.10/site-packages/airflow/example_dags/example_time_delta_sensor_async.py
[2024-11-16T13:51:40.265+0000] {logging_mixin.py:150} INFO - [2024-11-16T13:51:40.265+0000] {dag.py:2742} INFO - Sync 1 DAGs
[2024-11-16T13:51:40.278+0000] {logging_mixin.py:150} INFO - [2024-11-16T13:51:40.278+0000] {dag.py:3504} INFO - Setting next_dagrun for example_time_delta_sensor_async to None, run_after=None
[2024-11-16T13:51:40.292+0000] {processor.py:179} INFO - Processing /home/vscode/.local/lib/python3.10/site-packages/airflow/example_dags/example_time_delta_sensor_async.py took 0.045 seconds
