[2024-11-16T13:38:54.925+0000] {processor.py:157} INFO - Started process (PID=5617) to work on /home/vscode/.local/lib/python3.10/site-packages/airflow/example_dags/example_trigger_controller_dag.py
[2024-11-16T13:38:54.925+0000] {processor.py:826} INFO - Processing file /home/vscode/.local/lib/python3.10/site-packages/airflow/example_dags/example_trigger_controller_dag.py for tasks to queue
[2024-11-16T13:38:54.926+0000] {logging_mixin.py:150} INFO - [2024-11-16T13:38:54.925+0000] {dagbag.py:541} INFO - Filling up the DagBag from /home/vscode/.local/lib/python3.10/site-packages/airflow/example_dags/example_trigger_controller_dag.py
[2024-11-16T13:38:54.929+0000] {processor.py:836} INFO - DAG(s) dict_keys(['example_trigger_controller_dag']) retrieved from /home/vscode/.local/lib/python3.10/site-packages/airflow/example_dags/example_trigger_controller_dag.py
[2024-11-16T13:38:55.066+0000] {logging_mixin.py:150} INFO - [2024-11-16T13:38:55.065+0000] {manager.py:504} INFO - Created Permission View: can edit on DAG:example_trigger_controller_dag
[2024-11-16T13:38:55.073+0000] {logging_mixin.py:150} INFO - [2024-11-16T13:38:55.073+0000] {manager.py:504} INFO - Created Permission View: can delete on DAG:example_trigger_controller_dag
[2024-11-16T13:38:55.079+0000] {logging_mixin.py:150} INFO - [2024-11-16T13:38:55.079+0000] {manager.py:504} INFO - Created Permission View: can read on DAG:example_trigger_controller_dag
[2024-11-16T13:38:55.086+0000] {logging_mixin.py:150} INFO - [2024-11-16T13:38:55.086+0000] {dag.py:2742} INFO - Sync 1 DAGs
[2024-11-16T13:38:55.092+0000] {logging_mixin.py:150} INFO - [2024-11-16T13:38:55.092+0000] {dag.py:2763} INFO - Creating ORM DAG for example_trigger_controller_dag
[2024-11-16T13:38:55.097+0000] {logging_mixin.py:150} INFO - [2024-11-16T13:38:55.097+0000] {dag.py:3504} INFO - Setting next_dagrun for example_trigger_controller_dag to 2021-01-01T00:00:00+00:00, run_after=2021-01-01T00:00:00+00:00
[2024-11-16T13:38:55.111+0000] {processor.py:179} INFO - Processing /home/vscode/.local/lib/python3.10/site-packages/airflow/example_dags/example_trigger_controller_dag.py took 0.188 seconds
[2024-11-16T13:39:41.460+0000] {processor.py:157} INFO - Started process (PID=5983) to work on /home/vscode/.local/lib/python3.10/site-packages/airflow/example_dags/example_trigger_controller_dag.py
[2024-11-16T13:39:41.460+0000] {processor.py:826} INFO - Processing file /home/vscode/.local/lib/python3.10/site-packages/airflow/example_dags/example_trigger_controller_dag.py for tasks to queue
[2024-11-16T13:39:41.461+0000] {logging_mixin.py:150} INFO - [2024-11-16T13:39:41.461+0000] {dagbag.py:541} INFO - Filling up the DagBag from /home/vscode/.local/lib/python3.10/site-packages/airflow/example_dags/example_trigger_controller_dag.py
[2024-11-16T13:39:41.464+0000] {processor.py:836} INFO - DAG(s) dict_keys(['example_trigger_controller_dag']) retrieved from /home/vscode/.local/lib/python3.10/site-packages/airflow/example_dags/example_trigger_controller_dag.py
[2024-11-16T13:39:41.475+0000] {logging_mixin.py:150} INFO - [2024-11-16T13:39:41.475+0000] {dag.py:2742} INFO - Sync 1 DAGs
[2024-11-16T13:39:41.489+0000] {logging_mixin.py:150} INFO - [2024-11-16T13:39:41.489+0000] {dag.py:3504} INFO - Setting next_dagrun for example_trigger_controller_dag to 2021-01-01T00:00:00+00:00, run_after=2021-01-01T00:00:00+00:00
[2024-11-16T13:39:41.503+0000] {processor.py:179} INFO - Processing /home/vscode/.local/lib/python3.10/site-packages/airflow/example_dags/example_trigger_controller_dag.py took 0.045 seconds
[2024-11-16T13:40:27.660+0000] {processor.py:157} INFO - Started process (PID=6297) to work on /home/vscode/.local/lib/python3.10/site-packages/airflow/example_dags/example_trigger_controller_dag.py
[2024-11-16T13:40:27.660+0000] {processor.py:826} INFO - Processing file /home/vscode/.local/lib/python3.10/site-packages/airflow/example_dags/example_trigger_controller_dag.py for tasks to queue
[2024-11-16T13:40:27.661+0000] {logging_mixin.py:150} INFO - [2024-11-16T13:40:27.661+0000] {dagbag.py:541} INFO - Filling up the DagBag from /home/vscode/.local/lib/python3.10/site-packages/airflow/example_dags/example_trigger_controller_dag.py
[2024-11-16T13:40:27.664+0000] {processor.py:836} INFO - DAG(s) dict_keys(['example_trigger_controller_dag']) retrieved from /home/vscode/.local/lib/python3.10/site-packages/airflow/example_dags/example_trigger_controller_dag.py
[2024-11-16T13:40:27.675+0000] {logging_mixin.py:150} INFO - [2024-11-16T13:40:27.675+0000] {dag.py:2742} INFO - Sync 1 DAGs
[2024-11-16T13:40:27.689+0000] {logging_mixin.py:150} INFO - [2024-11-16T13:40:27.688+0000] {dag.py:3504} INFO - Setting next_dagrun for example_trigger_controller_dag to 2021-01-01T00:00:00+00:00, run_after=2021-01-01T00:00:00+00:00
[2024-11-16T13:40:27.702+0000] {processor.py:179} INFO - Processing /home/vscode/.local/lib/python3.10/site-packages/airflow/example_dags/example_trigger_controller_dag.py took 0.045 seconds
[2024-11-16T13:41:12.944+0000] {processor.py:157} INFO - Started process (PID=6606) to work on /home/vscode/.local/lib/python3.10/site-packages/airflow/example_dags/example_trigger_controller_dag.py
[2024-11-16T13:41:12.945+0000] {processor.py:826} INFO - Processing file /home/vscode/.local/lib/python3.10/site-packages/airflow/example_dags/example_trigger_controller_dag.py for tasks to queue
[2024-11-16T13:41:12.945+0000] {logging_mixin.py:150} INFO - [2024-11-16T13:41:12.945+0000] {dagbag.py:541} INFO - Filling up the DagBag from /home/vscode/.local/lib/python3.10/site-packages/airflow/example_dags/example_trigger_controller_dag.py
[2024-11-16T13:41:12.949+0000] {processor.py:836} INFO - DAG(s) dict_keys(['example_trigger_controller_dag']) retrieved from /home/vscode/.local/lib/python3.10/site-packages/airflow/example_dags/example_trigger_controller_dag.py
[2024-11-16T13:41:12.959+0000] {logging_mixin.py:150} INFO - [2024-11-16T13:41:12.959+0000] {dag.py:2742} INFO - Sync 1 DAGs
[2024-11-16T13:41:12.973+0000] {logging_mixin.py:150} INFO - [2024-11-16T13:41:12.973+0000] {dag.py:3504} INFO - Setting next_dagrun for example_trigger_controller_dag to 2021-01-01T00:00:00+00:00, run_after=2021-01-01T00:00:00+00:00
[2024-11-16T13:41:12.987+0000] {processor.py:179} INFO - Processing /home/vscode/.local/lib/python3.10/site-packages/airflow/example_dags/example_trigger_controller_dag.py took 0.045 seconds
[2024-11-16T13:41:58.043+0000] {processor.py:157} INFO - Started process (PID=6902) to work on /home/vscode/.local/lib/python3.10/site-packages/airflow/example_dags/example_trigger_controller_dag.py
[2024-11-16T13:41:58.043+0000] {processor.py:826} INFO - Processing file /home/vscode/.local/lib/python3.10/site-packages/airflow/example_dags/example_trigger_controller_dag.py for tasks to queue
[2024-11-16T13:41:58.044+0000] {logging_mixin.py:150} INFO - [2024-11-16T13:41:58.044+0000] {dagbag.py:541} INFO - Filling up the DagBag from /home/vscode/.local/lib/python3.10/site-packages/airflow/example_dags/example_trigger_controller_dag.py
[2024-11-16T13:41:58.047+0000] {processor.py:836} INFO - DAG(s) dict_keys(['example_trigger_controller_dag']) retrieved from /home/vscode/.local/lib/python3.10/site-packages/airflow/example_dags/example_trigger_controller_dag.py
[2024-11-16T13:41:58.058+0000] {logging_mixin.py:150} INFO - [2024-11-16T13:41:58.058+0000] {dag.py:2742} INFO - Sync 1 DAGs
[2024-11-16T13:41:58.071+0000] {logging_mixin.py:150} INFO - [2024-11-16T13:41:58.071+0000] {dag.py:3504} INFO - Setting next_dagrun for example_trigger_controller_dag to 2021-01-01T00:00:00+00:00, run_after=2021-01-01T00:00:00+00:00
[2024-11-16T13:41:58.085+0000] {processor.py:179} INFO - Processing /home/vscode/.local/lib/python3.10/site-packages/airflow/example_dags/example_trigger_controller_dag.py took 0.045 seconds
[2024-11-16T13:42:40.428+0000] {processor.py:157} INFO - Started process (PID=7189) to work on /home/vscode/.local/lib/python3.10/site-packages/airflow/example_dags/example_trigger_controller_dag.py
[2024-11-16T13:42:40.429+0000] {processor.py:826} INFO - Processing file /home/vscode/.local/lib/python3.10/site-packages/airflow/example_dags/example_trigger_controller_dag.py for tasks to queue
[2024-11-16T13:42:40.429+0000] {logging_mixin.py:150} INFO - [2024-11-16T13:42:40.429+0000] {dagbag.py:541} INFO - Filling up the DagBag from /home/vscode/.local/lib/python3.10/site-packages/airflow/example_dags/example_trigger_controller_dag.py
[2024-11-16T13:42:40.432+0000] {processor.py:836} INFO - DAG(s) dict_keys(['example_trigger_controller_dag']) retrieved from /home/vscode/.local/lib/python3.10/site-packages/airflow/example_dags/example_trigger_controller_dag.py
[2024-11-16T13:42:40.444+0000] {logging_mixin.py:150} INFO - [2024-11-16T13:42:40.444+0000] {dag.py:2742} INFO - Sync 1 DAGs
[2024-11-16T13:42:40.457+0000] {logging_mixin.py:150} INFO - [2024-11-16T13:42:40.457+0000] {dag.py:3504} INFO - Setting next_dagrun for example_trigger_controller_dag to 2021-01-01T00:00:00+00:00, run_after=2021-01-01T00:00:00+00:00
[2024-11-16T13:42:40.470+0000] {processor.py:179} INFO - Processing /home/vscode/.local/lib/python3.10/site-packages/airflow/example_dags/example_trigger_controller_dag.py took 0.044 seconds
[2024-11-16T13:43:26.498+0000] {processor.py:157} INFO - Started process (PID=7497) to work on /home/vscode/.local/lib/python3.10/site-packages/airflow/example_dags/example_trigger_controller_dag.py
[2024-11-16T13:43:26.499+0000] {processor.py:826} INFO - Processing file /home/vscode/.local/lib/python3.10/site-packages/airflow/example_dags/example_trigger_controller_dag.py for tasks to queue
[2024-11-16T13:43:26.499+0000] {logging_mixin.py:150} INFO - [2024-11-16T13:43:26.499+0000] {dagbag.py:541} INFO - Filling up the DagBag from /home/vscode/.local/lib/python3.10/site-packages/airflow/example_dags/example_trigger_controller_dag.py
[2024-11-16T13:43:26.502+0000] {processor.py:836} INFO - DAG(s) dict_keys(['example_trigger_controller_dag']) retrieved from /home/vscode/.local/lib/python3.10/site-packages/airflow/example_dags/example_trigger_controller_dag.py
[2024-11-16T13:43:26.514+0000] {logging_mixin.py:150} INFO - [2024-11-16T13:43:26.513+0000] {dag.py:2742} INFO - Sync 1 DAGs
[2024-11-16T13:43:26.527+0000] {logging_mixin.py:150} INFO - [2024-11-16T13:43:26.527+0000] {dag.py:3504} INFO - Setting next_dagrun for example_trigger_controller_dag to 2021-01-01T00:00:00+00:00, run_after=2021-01-01T00:00:00+00:00
[2024-11-16T13:43:26.541+0000] {processor.py:179} INFO - Processing /home/vscode/.local/lib/python3.10/site-packages/airflow/example_dags/example_trigger_controller_dag.py took 0.044 seconds
[2024-11-16T13:44:09.833+0000] {processor.py:157} INFO - Started process (PID=7784) to work on /home/vscode/.local/lib/python3.10/site-packages/airflow/example_dags/example_trigger_controller_dag.py
[2024-11-16T13:44:09.834+0000] {processor.py:826} INFO - Processing file /home/vscode/.local/lib/python3.10/site-packages/airflow/example_dags/example_trigger_controller_dag.py for tasks to queue
[2024-11-16T13:44:09.834+0000] {logging_mixin.py:150} INFO - [2024-11-16T13:44:09.834+0000] {dagbag.py:541} INFO - Filling up the DagBag from /home/vscode/.local/lib/python3.10/site-packages/airflow/example_dags/example_trigger_controller_dag.py
[2024-11-16T13:44:09.837+0000] {processor.py:836} INFO - DAG(s) dict_keys(['example_trigger_controller_dag']) retrieved from /home/vscode/.local/lib/python3.10/site-packages/airflow/example_dags/example_trigger_controller_dag.py
[2024-11-16T13:44:09.848+0000] {logging_mixin.py:150} INFO - [2024-11-16T13:44:09.848+0000] {dag.py:2742} INFO - Sync 1 DAGs
[2024-11-16T13:44:09.862+0000] {logging_mixin.py:150} INFO - [2024-11-16T13:44:09.862+0000] {dag.py:3504} INFO - Setting next_dagrun for example_trigger_controller_dag to 2021-01-01T00:00:00+00:00, run_after=2021-01-01T00:00:00+00:00
[2024-11-16T13:44:09.876+0000] {processor.py:179} INFO - Processing /home/vscode/.local/lib/python3.10/site-packages/airflow/example_dags/example_trigger_controller_dag.py took 0.045 seconds
[2024-11-16T13:44:52.415+0000] {processor.py:157} INFO - Started process (PID=8070) to work on /home/vscode/.local/lib/python3.10/site-packages/airflow/example_dags/example_trigger_controller_dag.py
[2024-11-16T13:44:52.416+0000] {processor.py:826} INFO - Processing file /home/vscode/.local/lib/python3.10/site-packages/airflow/example_dags/example_trigger_controller_dag.py for tasks to queue
[2024-11-16T13:44:52.416+0000] {logging_mixin.py:150} INFO - [2024-11-16T13:44:52.416+0000] {dagbag.py:541} INFO - Filling up the DagBag from /home/vscode/.local/lib/python3.10/site-packages/airflow/example_dags/example_trigger_controller_dag.py
[2024-11-16T13:44:52.419+0000] {processor.py:836} INFO - DAG(s) dict_keys(['example_trigger_controller_dag']) retrieved from /home/vscode/.local/lib/python3.10/site-packages/airflow/example_dags/example_trigger_controller_dag.py
[2024-11-16T13:44:52.430+0000] {logging_mixin.py:150} INFO - [2024-11-16T13:44:52.430+0000] {dag.py:2742} INFO - Sync 1 DAGs
[2024-11-16T13:44:52.444+0000] {logging_mixin.py:150} INFO - [2024-11-16T13:44:52.443+0000] {dag.py:3504} INFO - Setting next_dagrun for example_trigger_controller_dag to 2021-01-01T00:00:00+00:00, run_after=2021-01-01T00:00:00+00:00
[2024-11-16T13:44:52.457+0000] {processor.py:179} INFO - Processing /home/vscode/.local/lib/python3.10/site-packages/airflow/example_dags/example_trigger_controller_dag.py took 0.044 seconds
[2024-11-16T13:45:37.991+0000] {processor.py:157} INFO - Started process (PID=8377) to work on /home/vscode/.local/lib/python3.10/site-packages/airflow/example_dags/example_trigger_controller_dag.py
[2024-11-16T13:45:37.991+0000] {processor.py:826} INFO - Processing file /home/vscode/.local/lib/python3.10/site-packages/airflow/example_dags/example_trigger_controller_dag.py for tasks to queue
[2024-11-16T13:45:37.992+0000] {logging_mixin.py:150} INFO - [2024-11-16T13:45:37.991+0000] {dagbag.py:541} INFO - Filling up the DagBag from /home/vscode/.local/lib/python3.10/site-packages/airflow/example_dags/example_trigger_controller_dag.py
[2024-11-16T13:45:37.995+0000] {processor.py:836} INFO - DAG(s) dict_keys(['example_trigger_controller_dag']) retrieved from /home/vscode/.local/lib/python3.10/site-packages/airflow/example_dags/example_trigger_controller_dag.py
[2024-11-16T13:45:38.006+0000] {logging_mixin.py:150} INFO - [2024-11-16T13:45:38.006+0000] {dag.py:2742} INFO - Sync 1 DAGs
[2024-11-16T13:45:38.019+0000] {logging_mixin.py:150} INFO - [2024-11-16T13:45:38.019+0000] {dag.py:3504} INFO - Setting next_dagrun for example_trigger_controller_dag to 2021-01-01T00:00:00+00:00, run_after=2021-01-01T00:00:00+00:00
[2024-11-16T13:45:38.033+0000] {processor.py:179} INFO - Processing /home/vscode/.local/lib/python3.10/site-packages/airflow/example_dags/example_trigger_controller_dag.py took 0.045 seconds
[2024-11-16T13:46:26.927+0000] {processor.py:157} INFO - Started process (PID=8705) to work on /home/vscode/.local/lib/python3.10/site-packages/airflow/example_dags/example_trigger_controller_dag.py
[2024-11-16T13:46:26.927+0000] {processor.py:826} INFO - Processing file /home/vscode/.local/lib/python3.10/site-packages/airflow/example_dags/example_trigger_controller_dag.py for tasks to queue
[2024-11-16T13:46:26.928+0000] {logging_mixin.py:150} INFO - [2024-11-16T13:46:26.928+0000] {dagbag.py:541} INFO - Filling up the DagBag from /home/vscode/.local/lib/python3.10/site-packages/airflow/example_dags/example_trigger_controller_dag.py
[2024-11-16T13:46:26.931+0000] {processor.py:836} INFO - DAG(s) dict_keys(['example_trigger_controller_dag']) retrieved from /home/vscode/.local/lib/python3.10/site-packages/airflow/example_dags/example_trigger_controller_dag.py
[2024-11-16T13:46:26.942+0000] {logging_mixin.py:150} INFO - [2024-11-16T13:46:26.942+0000] {dag.py:2742} INFO - Sync 1 DAGs
[2024-11-16T13:46:26.955+0000] {logging_mixin.py:150} INFO - [2024-11-16T13:46:26.955+0000] {dag.py:3504} INFO - Setting next_dagrun for example_trigger_controller_dag to 2021-01-01T00:00:00+00:00, run_after=2021-01-01T00:00:00+00:00
[2024-11-16T13:46:26.969+0000] {processor.py:179} INFO - Processing /home/vscode/.local/lib/python3.10/site-packages/airflow/example_dags/example_trigger_controller_dag.py took 0.044 seconds
[2024-11-16T13:47:10.431+0000] {processor.py:157} INFO - Started process (PID=8998) to work on /home/vscode/.local/lib/python3.10/site-packages/airflow/example_dags/example_trigger_controller_dag.py
[2024-11-16T13:47:10.432+0000] {processor.py:826} INFO - Processing file /home/vscode/.local/lib/python3.10/site-packages/airflow/example_dags/example_trigger_controller_dag.py for tasks to queue
[2024-11-16T13:47:10.433+0000] {logging_mixin.py:150} INFO - [2024-11-16T13:47:10.432+0000] {dagbag.py:541} INFO - Filling up the DagBag from /home/vscode/.local/lib/python3.10/site-packages/airflow/example_dags/example_trigger_controller_dag.py
[2024-11-16T13:47:10.436+0000] {processor.py:836} INFO - DAG(s) dict_keys(['example_trigger_controller_dag']) retrieved from /home/vscode/.local/lib/python3.10/site-packages/airflow/example_dags/example_trigger_controller_dag.py
[2024-11-16T13:47:10.447+0000] {logging_mixin.py:150} INFO - [2024-11-16T13:47:10.447+0000] {dag.py:2742} INFO - Sync 1 DAGs
[2024-11-16T13:47:10.463+0000] {logging_mixin.py:150} INFO - [2024-11-16T13:47:10.463+0000] {dag.py:3504} INFO - Setting next_dagrun for example_trigger_controller_dag to 2021-01-01T00:00:00+00:00, run_after=2021-01-01T00:00:00+00:00
[2024-11-16T13:47:10.478+0000] {processor.py:179} INFO - Processing /home/vscode/.local/lib/python3.10/site-packages/airflow/example_dags/example_trigger_controller_dag.py took 0.049 seconds
[2024-11-16T13:47:49.154+0000] {processor.py:157} INFO - Started process (PID=9260) to work on /home/vscode/.local/lib/python3.10/site-packages/airflow/example_dags/example_trigger_controller_dag.py
[2024-11-16T13:47:49.155+0000] {processor.py:826} INFO - Processing file /home/vscode/.local/lib/python3.10/site-packages/airflow/example_dags/example_trigger_controller_dag.py for tasks to queue
[2024-11-16T13:47:49.155+0000] {logging_mixin.py:150} INFO - [2024-11-16T13:47:49.155+0000] {dagbag.py:541} INFO - Filling up the DagBag from /home/vscode/.local/lib/python3.10/site-packages/airflow/example_dags/example_trigger_controller_dag.py
[2024-11-16T13:47:49.158+0000] {processor.py:836} INFO - DAG(s) dict_keys(['example_trigger_controller_dag']) retrieved from /home/vscode/.local/lib/python3.10/site-packages/airflow/example_dags/example_trigger_controller_dag.py
[2024-11-16T13:47:49.170+0000] {logging_mixin.py:150} INFO - [2024-11-16T13:47:49.170+0000] {dag.py:2742} INFO - Sync 1 DAGs
[2024-11-16T13:47:49.183+0000] {logging_mixin.py:150} INFO - [2024-11-16T13:47:49.183+0000] {dag.py:3504} INFO - Setting next_dagrun for example_trigger_controller_dag to 2021-01-01T00:00:00+00:00, run_after=2021-01-01T00:00:00+00:00
[2024-11-16T13:47:49.197+0000] {processor.py:179} INFO - Processing /home/vscode/.local/lib/python3.10/site-packages/airflow/example_dags/example_trigger_controller_dag.py took 0.045 seconds
[2024-11-16T13:48:33.099+0000] {processor.py:157} INFO - Started process (PID=9549) to work on /home/vscode/.local/lib/python3.10/site-packages/airflow/example_dags/example_trigger_controller_dag.py
[2024-11-16T13:48:33.100+0000] {processor.py:826} INFO - Processing file /home/vscode/.local/lib/python3.10/site-packages/airflow/example_dags/example_trigger_controller_dag.py for tasks to queue
[2024-11-16T13:48:33.101+0000] {logging_mixin.py:150} INFO - [2024-11-16T13:48:33.100+0000] {dagbag.py:541} INFO - Filling up the DagBag from /home/vscode/.local/lib/python3.10/site-packages/airflow/example_dags/example_trigger_controller_dag.py
[2024-11-16T13:48:33.104+0000] {processor.py:836} INFO - DAG(s) dict_keys(['example_trigger_controller_dag']) retrieved from /home/vscode/.local/lib/python3.10/site-packages/airflow/example_dags/example_trigger_controller_dag.py
[2024-11-16T13:48:33.116+0000] {logging_mixin.py:150} INFO - [2024-11-16T13:48:33.115+0000] {dag.py:2742} INFO - Sync 1 DAGs
[2024-11-16T13:48:33.129+0000] {logging_mixin.py:150} INFO - [2024-11-16T13:48:33.129+0000] {dag.py:3504} INFO - Setting next_dagrun for example_trigger_controller_dag to 2021-01-01T00:00:00+00:00, run_after=2021-01-01T00:00:00+00:00
[2024-11-16T13:48:33.143+0000] {processor.py:179} INFO - Processing /home/vscode/.local/lib/python3.10/site-packages/airflow/example_dags/example_trigger_controller_dag.py took 0.046 seconds
[2024-11-16T13:49:18.512+0000] {processor.py:157} INFO - Started process (PID=9869) to work on /home/vscode/.local/lib/python3.10/site-packages/airflow/example_dags/example_trigger_controller_dag.py
[2024-11-16T13:49:18.513+0000] {processor.py:826} INFO - Processing file /home/vscode/.local/lib/python3.10/site-packages/airflow/example_dags/example_trigger_controller_dag.py for tasks to queue
[2024-11-16T13:49:18.513+0000] {logging_mixin.py:150} INFO - [2024-11-16T13:49:18.513+0000] {dagbag.py:541} INFO - Filling up the DagBag from /home/vscode/.local/lib/python3.10/site-packages/airflow/example_dags/example_trigger_controller_dag.py
[2024-11-16T13:49:18.517+0000] {processor.py:836} INFO - DAG(s) dict_keys(['example_trigger_controller_dag']) retrieved from /home/vscode/.local/lib/python3.10/site-packages/airflow/example_dags/example_trigger_controller_dag.py
[2024-11-16T13:49:18.530+0000] {logging_mixin.py:150} INFO - [2024-11-16T13:49:18.530+0000] {dag.py:2742} INFO - Sync 1 DAGs
[2024-11-16T13:49:18.544+0000] {logging_mixin.py:150} INFO - [2024-11-16T13:49:18.544+0000] {dag.py:3504} INFO - Setting next_dagrun for example_trigger_controller_dag to 2021-01-01T00:00:00+00:00, run_after=2021-01-01T00:00:00+00:00
[2024-11-16T13:49:18.558+0000] {processor.py:179} INFO - Processing /home/vscode/.local/lib/python3.10/site-packages/airflow/example_dags/example_trigger_controller_dag.py took 0.049 seconds
[2024-11-16T13:50:07.090+0000] {processor.py:157} INFO - Started process (PID=10202) to work on /home/vscode/.local/lib/python3.10/site-packages/airflow/example_dags/example_trigger_controller_dag.py
[2024-11-16T13:50:07.091+0000] {processor.py:826} INFO - Processing file /home/vscode/.local/lib/python3.10/site-packages/airflow/example_dags/example_trigger_controller_dag.py for tasks to queue
[2024-11-16T13:50:07.092+0000] {logging_mixin.py:150} INFO - [2024-11-16T13:50:07.091+0000] {dagbag.py:541} INFO - Filling up the DagBag from /home/vscode/.local/lib/python3.10/site-packages/airflow/example_dags/example_trigger_controller_dag.py
[2024-11-16T13:50:07.095+0000] {processor.py:836} INFO - DAG(s) dict_keys(['example_trigger_controller_dag']) retrieved from /home/vscode/.local/lib/python3.10/site-packages/airflow/example_dags/example_trigger_controller_dag.py
[2024-11-16T13:50:07.106+0000] {logging_mixin.py:150} INFO - [2024-11-16T13:50:07.106+0000] {dag.py:2742} INFO - Sync 1 DAGs
[2024-11-16T13:50:07.119+0000] {logging_mixin.py:150} INFO - [2024-11-16T13:50:07.119+0000] {dag.py:3504} INFO - Setting next_dagrun for example_trigger_controller_dag to 2021-01-01T00:00:00+00:00, run_after=2021-01-01T00:00:00+00:00
[2024-11-16T13:50:07.134+0000] {processor.py:179} INFO - Processing /home/vscode/.local/lib/python3.10/site-packages/airflow/example_dags/example_trigger_controller_dag.py took 0.045 seconds
[2024-11-16T13:50:50.442+0000] {processor.py:157} INFO - Started process (PID=10525) to work on /home/vscode/.local/lib/python3.10/site-packages/airflow/example_dags/example_trigger_controller_dag.py
[2024-11-16T13:50:50.442+0000] {processor.py:826} INFO - Processing file /home/vscode/.local/lib/python3.10/site-packages/airflow/example_dags/example_trigger_controller_dag.py for tasks to queue
[2024-11-16T13:50:50.443+0000] {logging_mixin.py:150} INFO - [2024-11-16T13:50:50.443+0000] {dagbag.py:541} INFO - Filling up the DagBag from /home/vscode/.local/lib/python3.10/site-packages/airflow/example_dags/example_trigger_controller_dag.py
[2024-11-16T13:50:50.446+0000] {processor.py:836} INFO - DAG(s) dict_keys(['example_trigger_controller_dag']) retrieved from /home/vscode/.local/lib/python3.10/site-packages/airflow/example_dags/example_trigger_controller_dag.py
[2024-11-16T13:50:50.457+0000] {logging_mixin.py:150} INFO - [2024-11-16T13:50:50.457+0000] {dag.py:2742} INFO - Sync 1 DAGs
[2024-11-16T13:50:50.471+0000] {logging_mixin.py:150} INFO - [2024-11-16T13:50:50.471+0000] {dag.py:3504} INFO - Setting next_dagrun for example_trigger_controller_dag to 2021-01-01T00:00:00+00:00, run_after=2021-01-01T00:00:00+00:00
[2024-11-16T13:50:50.486+0000] {processor.py:179} INFO - Processing /home/vscode/.local/lib/python3.10/site-packages/airflow/example_dags/example_trigger_controller_dag.py took 0.046 seconds
[2024-11-16T13:51:32.501+0000] {processor.py:157} INFO - Started process (PID=10833) to work on /home/vscode/.local/lib/python3.10/site-packages/airflow/example_dags/example_trigger_controller_dag.py
[2024-11-16T13:51:32.502+0000] {processor.py:826} INFO - Processing file /home/vscode/.local/lib/python3.10/site-packages/airflow/example_dags/example_trigger_controller_dag.py for tasks to queue
[2024-11-16T13:51:32.502+0000] {logging_mixin.py:150} INFO - [2024-11-16T13:51:32.502+0000] {dagbag.py:541} INFO - Filling up the DagBag from /home/vscode/.local/lib/python3.10/site-packages/airflow/example_dags/example_trigger_controller_dag.py
[2024-11-16T13:51:32.505+0000] {processor.py:836} INFO - DAG(s) dict_keys(['example_trigger_controller_dag']) retrieved from /home/vscode/.local/lib/python3.10/site-packages/airflow/example_dags/example_trigger_controller_dag.py
[2024-11-16T13:51:32.517+0000] {logging_mixin.py:150} INFO - [2024-11-16T13:51:32.517+0000] {dag.py:2742} INFO - Sync 1 DAGs
[2024-11-16T13:51:32.533+0000] {logging_mixin.py:150} INFO - [2024-11-16T13:51:32.532+0000] {dag.py:3504} INFO - Setting next_dagrun for example_trigger_controller_dag to 2021-01-01T00:00:00+00:00, run_after=2021-01-01T00:00:00+00:00
[2024-11-16T13:51:32.548+0000] {processor.py:179} INFO - Processing /home/vscode/.local/lib/python3.10/site-packages/airflow/example_dags/example_trigger_controller_dag.py took 0.049 seconds
