[2024-11-16T13:39:00.157+0000] {processor.py:157} INFO - Started process (PID=5657) to work on /home/vscode/.local/lib/python3.10/site-packages/airflow/example_dags/example_bash_operator.py
[2024-11-16T13:39:00.157+0000] {processor.py:826} INFO - Processing file /home/vscode/.local/lib/python3.10/site-packages/airflow/example_dags/example_bash_operator.py for tasks to queue
[2024-11-16T13:39:00.158+0000] {logging_mixin.py:150} INFO - [2024-11-16T13:39:00.158+0000] {dagbag.py:541} INFO - Filling up the DagBag from /home/vscode/.local/lib/python3.10/site-packages/airflow/example_dags/example_bash_operator.py
[2024-11-16T13:39:00.165+0000] {processor.py:836} INFO - DAG(s) dict_keys(['example_bash_operator']) retrieved from /home/vscode/.local/lib/python3.10/site-packages/airflow/example_dags/example_bash_operator.py
[2024-11-16T13:39:00.310+0000] {logging_mixin.py:150} INFO - [2024-11-16T13:39:00.310+0000] {manager.py:504} INFO - Created Permission View: can edit on DAG:example_bash_operator
[2024-11-16T13:39:00.317+0000] {logging_mixin.py:150} INFO - [2024-11-16T13:39:00.317+0000] {manager.py:504} INFO - Created Permission View: can delete on DAG:example_bash_operator
[2024-11-16T13:39:00.323+0000] {logging_mixin.py:150} INFO - [2024-11-16T13:39:00.323+0000] {manager.py:504} INFO - Created Permission View: can read on DAG:example_bash_operator
[2024-11-16T13:39:00.330+0000] {logging_mixin.py:150} INFO - [2024-11-16T13:39:00.330+0000] {dag.py:2742} INFO - Sync 1 DAGs
[2024-11-16T13:39:00.336+0000] {logging_mixin.py:150} INFO - [2024-11-16T13:39:00.336+0000] {dag.py:2763} INFO - Creating ORM DAG for example_bash_operator
[2024-11-16T13:39:00.343+0000] {logging_mixin.py:150} INFO - [2024-11-16T13:39:00.343+0000] {dag.py:3504} INFO - Setting next_dagrun for example_bash_operator to 2024-11-15T00:00:00+00:00, run_after=2024-11-16T00:00:00+00:00
[2024-11-16T13:39:00.356+0000] {processor.py:179} INFO - Processing /home/vscode/.local/lib/python3.10/site-packages/airflow/example_dags/example_bash_operator.py took 0.202 seconds
[2024-11-16T13:39:47.729+0000] {processor.py:157} INFO - Started process (PID=6031) to work on /home/vscode/.local/lib/python3.10/site-packages/airflow/example_dags/example_bash_operator.py
[2024-11-16T13:39:47.730+0000] {processor.py:826} INFO - Processing file /home/vscode/.local/lib/python3.10/site-packages/airflow/example_dags/example_bash_operator.py for tasks to queue
[2024-11-16T13:39:47.730+0000] {logging_mixin.py:150} INFO - [2024-11-16T13:39:47.730+0000] {dagbag.py:541} INFO - Filling up the DagBag from /home/vscode/.local/lib/python3.10/site-packages/airflow/example_dags/example_bash_operator.py
[2024-11-16T13:39:47.738+0000] {processor.py:836} INFO - DAG(s) dict_keys(['example_bash_operator']) retrieved from /home/vscode/.local/lib/python3.10/site-packages/airflow/example_dags/example_bash_operator.py
[2024-11-16T13:39:47.755+0000] {logging_mixin.py:150} INFO - [2024-11-16T13:39:47.755+0000] {dag.py:2742} INFO - Sync 1 DAGs
[2024-11-16T13:39:47.770+0000] {logging_mixin.py:150} INFO - [2024-11-16T13:39:47.769+0000] {dag.py:3504} INFO - Setting next_dagrun for example_bash_operator to 2024-11-15T00:00:00+00:00, run_after=2024-11-16T00:00:00+00:00
[2024-11-16T13:39:47.784+0000] {processor.py:179} INFO - Processing /home/vscode/.local/lib/python3.10/site-packages/airflow/example_dags/example_bash_operator.py took 0.056 seconds
[2024-11-16T13:40:33.010+0000] {processor.py:157} INFO - Started process (PID=6333) to work on /home/vscode/.local/lib/python3.10/site-packages/airflow/example_dags/example_bash_operator.py
[2024-11-16T13:40:33.011+0000] {processor.py:826} INFO - Processing file /home/vscode/.local/lib/python3.10/site-packages/airflow/example_dags/example_bash_operator.py for tasks to queue
[2024-11-16T13:40:33.012+0000] {logging_mixin.py:150} INFO - [2024-11-16T13:40:33.011+0000] {dagbag.py:541} INFO - Filling up the DagBag from /home/vscode/.local/lib/python3.10/site-packages/airflow/example_dags/example_bash_operator.py
[2024-11-16T13:40:33.019+0000] {processor.py:836} INFO - DAG(s) dict_keys(['example_bash_operator']) retrieved from /home/vscode/.local/lib/python3.10/site-packages/airflow/example_dags/example_bash_operator.py
[2024-11-16T13:40:33.036+0000] {logging_mixin.py:150} INFO - [2024-11-16T13:40:33.036+0000] {dag.py:2742} INFO - Sync 1 DAGs
[2024-11-16T13:40:33.051+0000] {logging_mixin.py:150} INFO - [2024-11-16T13:40:33.051+0000] {dag.py:3504} INFO - Setting next_dagrun for example_bash_operator to 2024-11-15T00:00:00+00:00, run_after=2024-11-16T00:00:00+00:00
[2024-11-16T13:40:33.065+0000] {processor.py:179} INFO - Processing /home/vscode/.local/lib/python3.10/site-packages/airflow/example_dags/example_bash_operator.py took 0.056 seconds
[2024-11-16T13:41:18.084+0000] {processor.py:157} INFO - Started process (PID=6635) to work on /home/vscode/.local/lib/python3.10/site-packages/airflow/example_dags/example_bash_operator.py
[2024-11-16T13:41:18.084+0000] {processor.py:826} INFO - Processing file /home/vscode/.local/lib/python3.10/site-packages/airflow/example_dags/example_bash_operator.py for tasks to queue
[2024-11-16T13:41:18.085+0000] {logging_mixin.py:150} INFO - [2024-11-16T13:41:18.085+0000] {dagbag.py:541} INFO - Filling up the DagBag from /home/vscode/.local/lib/python3.10/site-packages/airflow/example_dags/example_bash_operator.py
[2024-11-16T13:41:18.094+0000] {processor.py:836} INFO - DAG(s) dict_keys(['example_bash_operator']) retrieved from /home/vscode/.local/lib/python3.10/site-packages/airflow/example_dags/example_bash_operator.py
[2024-11-16T13:41:18.113+0000] {logging_mixin.py:150} INFO - [2024-11-16T13:41:18.113+0000] {dag.py:2742} INFO - Sync 1 DAGs
[2024-11-16T13:41:18.129+0000] {logging_mixin.py:150} INFO - [2024-11-16T13:41:18.129+0000] {dag.py:3504} INFO - Setting next_dagrun for example_bash_operator to 2024-11-15T00:00:00+00:00, run_after=2024-11-16T00:00:00+00:00
[2024-11-16T13:41:18.144+0000] {processor.py:179} INFO - Processing /home/vscode/.local/lib/python3.10/site-packages/airflow/example_dags/example_bash_operator.py took 0.062 seconds
[2024-11-16T13:42:03.183+0000] {processor.py:157} INFO - Started process (PID=6944) to work on /home/vscode/.local/lib/python3.10/site-packages/airflow/example_dags/example_bash_operator.py
[2024-11-16T13:42:03.183+0000] {processor.py:826} INFO - Processing file /home/vscode/.local/lib/python3.10/site-packages/airflow/example_dags/example_bash_operator.py for tasks to queue
[2024-11-16T13:42:03.184+0000] {logging_mixin.py:150} INFO - [2024-11-16T13:42:03.184+0000] {dagbag.py:541} INFO - Filling up the DagBag from /home/vscode/.local/lib/python3.10/site-packages/airflow/example_dags/example_bash_operator.py
[2024-11-16T13:42:03.192+0000] {processor.py:836} INFO - DAG(s) dict_keys(['example_bash_operator']) retrieved from /home/vscode/.local/lib/python3.10/site-packages/airflow/example_dags/example_bash_operator.py
[2024-11-16T13:42:03.209+0000] {logging_mixin.py:150} INFO - [2024-11-16T13:42:03.209+0000] {dag.py:2742} INFO - Sync 1 DAGs
[2024-11-16T13:42:03.223+0000] {logging_mixin.py:150} INFO - [2024-11-16T13:42:03.223+0000] {dag.py:3504} INFO - Setting next_dagrun for example_bash_operator to 2024-11-15T00:00:00+00:00, run_after=2024-11-16T00:00:00+00:00
[2024-11-16T13:42:03.237+0000] {processor.py:179} INFO - Processing /home/vscode/.local/lib/python3.10/site-packages/airflow/example_dags/example_bash_operator.py took 0.057 seconds
[2024-11-16T13:42:45.394+0000] {processor.py:157} INFO - Started process (PID=7224) to work on /home/vscode/.local/lib/python3.10/site-packages/airflow/example_dags/example_bash_operator.py
[2024-11-16T13:42:45.395+0000] {processor.py:826} INFO - Processing file /home/vscode/.local/lib/python3.10/site-packages/airflow/example_dags/example_bash_operator.py for tasks to queue
[2024-11-16T13:42:45.395+0000] {logging_mixin.py:150} INFO - [2024-11-16T13:42:45.395+0000] {dagbag.py:541} INFO - Filling up the DagBag from /home/vscode/.local/lib/python3.10/site-packages/airflow/example_dags/example_bash_operator.py
[2024-11-16T13:42:45.403+0000] {processor.py:836} INFO - DAG(s) dict_keys(['example_bash_operator']) retrieved from /home/vscode/.local/lib/python3.10/site-packages/airflow/example_dags/example_bash_operator.py
[2024-11-16T13:42:45.420+0000] {logging_mixin.py:150} INFO - [2024-11-16T13:42:45.420+0000] {dag.py:2742} INFO - Sync 1 DAGs
[2024-11-16T13:42:45.435+0000] {logging_mixin.py:150} INFO - [2024-11-16T13:42:45.435+0000] {dag.py:3504} INFO - Setting next_dagrun for example_bash_operator to 2024-11-15T00:00:00+00:00, run_after=2024-11-16T00:00:00+00:00
[2024-11-16T13:42:45.449+0000] {processor.py:179} INFO - Processing /home/vscode/.local/lib/python3.10/site-packages/airflow/example_dags/example_bash_operator.py took 0.057 seconds
[2024-11-16T13:43:31.072+0000] {processor.py:157} INFO - Started process (PID=7526) to work on /home/vscode/.local/lib/python3.10/site-packages/airflow/example_dags/example_bash_operator.py
[2024-11-16T13:43:31.073+0000] {processor.py:826} INFO - Processing file /home/vscode/.local/lib/python3.10/site-packages/airflow/example_dags/example_bash_operator.py for tasks to queue
[2024-11-16T13:43:31.073+0000] {logging_mixin.py:150} INFO - [2024-11-16T13:43:31.073+0000] {dagbag.py:541} INFO - Filling up the DagBag from /home/vscode/.local/lib/python3.10/site-packages/airflow/example_dags/example_bash_operator.py
[2024-11-16T13:43:31.081+0000] {processor.py:836} INFO - DAG(s) dict_keys(['example_bash_operator']) retrieved from /home/vscode/.local/lib/python3.10/site-packages/airflow/example_dags/example_bash_operator.py
[2024-11-16T13:43:31.098+0000] {logging_mixin.py:150} INFO - [2024-11-16T13:43:31.098+0000] {dag.py:2742} INFO - Sync 1 DAGs
[2024-11-16T13:43:31.113+0000] {logging_mixin.py:150} INFO - [2024-11-16T13:43:31.113+0000] {dag.py:3504} INFO - Setting next_dagrun for example_bash_operator to 2024-11-15T00:00:00+00:00, run_after=2024-11-16T00:00:00+00:00
[2024-11-16T13:43:31.126+0000] {processor.py:179} INFO - Processing /home/vscode/.local/lib/python3.10/site-packages/airflow/example_dags/example_bash_operator.py took 0.056 seconds
[2024-11-16T13:44:15.879+0000] {processor.py:157} INFO - Started process (PID=7826) to work on /home/vscode/.local/lib/python3.10/site-packages/airflow/example_dags/example_bash_operator.py
[2024-11-16T13:44:15.880+0000] {processor.py:826} INFO - Processing file /home/vscode/.local/lib/python3.10/site-packages/airflow/example_dags/example_bash_operator.py for tasks to queue
[2024-11-16T13:44:15.880+0000] {logging_mixin.py:150} INFO - [2024-11-16T13:44:15.880+0000] {dagbag.py:541} INFO - Filling up the DagBag from /home/vscode/.local/lib/python3.10/site-packages/airflow/example_dags/example_bash_operator.py
[2024-11-16T13:44:15.888+0000] {processor.py:836} INFO - DAG(s) dict_keys(['example_bash_operator']) retrieved from /home/vscode/.local/lib/python3.10/site-packages/airflow/example_dags/example_bash_operator.py
[2024-11-16T13:44:15.905+0000] {logging_mixin.py:150} INFO - [2024-11-16T13:44:15.904+0000] {dag.py:2742} INFO - Sync 1 DAGs
[2024-11-16T13:44:15.919+0000] {logging_mixin.py:150} INFO - [2024-11-16T13:44:15.919+0000] {dag.py:3504} INFO - Setting next_dagrun for example_bash_operator to 2024-11-15T00:00:00+00:00, run_after=2024-11-16T00:00:00+00:00
[2024-11-16T13:44:15.934+0000] {processor.py:179} INFO - Processing /home/vscode/.local/lib/python3.10/site-packages/airflow/example_dags/example_bash_operator.py took 0.057 seconds
[2024-11-16T13:45:04.958+0000] {processor.py:157} INFO - Started process (PID=8161) to work on /home/vscode/.local/lib/python3.10/site-packages/airflow/example_dags/example_bash_operator.py
[2024-11-16T13:45:04.959+0000] {processor.py:826} INFO - Processing file /home/vscode/.local/lib/python3.10/site-packages/airflow/example_dags/example_bash_operator.py for tasks to queue
[2024-11-16T13:45:04.959+0000] {logging_mixin.py:150} INFO - [2024-11-16T13:45:04.959+0000] {dagbag.py:541} INFO - Filling up the DagBag from /home/vscode/.local/lib/python3.10/site-packages/airflow/example_dags/example_bash_operator.py
[2024-11-16T13:45:04.967+0000] {processor.py:836} INFO - DAG(s) dict_keys(['example_bash_operator']) retrieved from /home/vscode/.local/lib/python3.10/site-packages/airflow/example_dags/example_bash_operator.py
[2024-11-16T13:45:04.983+0000] {logging_mixin.py:150} INFO - [2024-11-16T13:45:04.983+0000] {dag.py:2742} INFO - Sync 1 DAGs
[2024-11-16T13:45:04.998+0000] {logging_mixin.py:150} INFO - [2024-11-16T13:45:04.998+0000] {dag.py:3504} INFO - Setting next_dagrun for example_bash_operator to 2024-11-15T00:00:00+00:00, run_after=2024-11-16T00:00:00+00:00
[2024-11-16T13:45:05.012+0000] {processor.py:179} INFO - Processing /home/vscode/.local/lib/python3.10/site-packages/airflow/example_dags/example_bash_operator.py took 0.055 seconds
[2024-11-16T13:45:54.004+0000] {processor.py:157} INFO - Started process (PID=8482) to work on /home/vscode/.local/lib/python3.10/site-packages/airflow/example_dags/example_bash_operator.py
[2024-11-16T13:45:54.004+0000] {processor.py:826} INFO - Processing file /home/vscode/.local/lib/python3.10/site-packages/airflow/example_dags/example_bash_operator.py for tasks to queue
[2024-11-16T13:45:54.005+0000] {logging_mixin.py:150} INFO - [2024-11-16T13:45:54.005+0000] {dagbag.py:541} INFO - Filling up the DagBag from /home/vscode/.local/lib/python3.10/site-packages/airflow/example_dags/example_bash_operator.py
[2024-11-16T13:45:54.015+0000] {processor.py:836} INFO - DAG(s) dict_keys(['example_bash_operator']) retrieved from /home/vscode/.local/lib/python3.10/site-packages/airflow/example_dags/example_bash_operator.py
[2024-11-16T13:45:54.036+0000] {logging_mixin.py:150} INFO - [2024-11-16T13:45:54.036+0000] {dag.py:2742} INFO - Sync 1 DAGs
[2024-11-16T13:45:54.051+0000] {logging_mixin.py:150} INFO - [2024-11-16T13:45:54.051+0000] {dag.py:3504} INFO - Setting next_dagrun for example_bash_operator to 2024-11-15T00:00:00+00:00, run_after=2024-11-16T00:00:00+00:00
[2024-11-16T13:45:54.065+0000] {processor.py:179} INFO - Processing /home/vscode/.local/lib/python3.10/site-packages/airflow/example_dags/example_bash_operator.py took 0.063 seconds
[2024-11-16T13:46:38.505+0000] {processor.py:157} INFO - Started process (PID=8784) to work on /home/vscode/.local/lib/python3.10/site-packages/airflow/example_dags/example_bash_operator.py
[2024-11-16T13:46:38.506+0000] {processor.py:826} INFO - Processing file /home/vscode/.local/lib/python3.10/site-packages/airflow/example_dags/example_bash_operator.py for tasks to queue
[2024-11-16T13:46:38.507+0000] {logging_mixin.py:150} INFO - [2024-11-16T13:46:38.506+0000] {dagbag.py:541} INFO - Filling up the DagBag from /home/vscode/.local/lib/python3.10/site-packages/airflow/example_dags/example_bash_operator.py
[2024-11-16T13:46:38.514+0000] {processor.py:836} INFO - DAG(s) dict_keys(['example_bash_operator']) retrieved from /home/vscode/.local/lib/python3.10/site-packages/airflow/example_dags/example_bash_operator.py
[2024-11-16T13:46:38.531+0000] {logging_mixin.py:150} INFO - [2024-11-16T13:46:38.531+0000] {dag.py:2742} INFO - Sync 1 DAGs
[2024-11-16T13:46:38.546+0000] {logging_mixin.py:150} INFO - [2024-11-16T13:46:38.545+0000] {dag.py:3504} INFO - Setting next_dagrun for example_bash_operator to 2024-11-15T00:00:00+00:00, run_after=2024-11-16T00:00:00+00:00
[2024-11-16T13:46:38.560+0000] {processor.py:179} INFO - Processing /home/vscode/.local/lib/python3.10/site-packages/airflow/example_dags/example_bash_operator.py took 0.056 seconds
[2024-11-16T13:47:21.306+0000] {processor.py:157} INFO - Started process (PID=9069) to work on /home/vscode/.local/lib/python3.10/site-packages/airflow/example_dags/example_bash_operator.py
[2024-11-16T13:47:21.307+0000] {processor.py:826} INFO - Processing file /home/vscode/.local/lib/python3.10/site-packages/airflow/example_dags/example_bash_operator.py for tasks to queue
[2024-11-16T13:47:21.307+0000] {logging_mixin.py:150} INFO - [2024-11-16T13:47:21.307+0000] {dagbag.py:541} INFO - Filling up the DagBag from /home/vscode/.local/lib/python3.10/site-packages/airflow/example_dags/example_bash_operator.py
[2024-11-16T13:47:21.315+0000] {processor.py:836} INFO - DAG(s) dict_keys(['example_bash_operator']) retrieved from /home/vscode/.local/lib/python3.10/site-packages/airflow/example_dags/example_bash_operator.py
[2024-11-16T13:47:21.335+0000] {logging_mixin.py:150} INFO - [2024-11-16T13:47:21.334+0000] {dag.py:2742} INFO - Sync 1 DAGs
[2024-11-16T13:47:21.349+0000] {logging_mixin.py:150} INFO - [2024-11-16T13:47:21.349+0000] {dag.py:3504} INFO - Setting next_dagrun for example_bash_operator to 2024-11-15T00:00:00+00:00, run_after=2024-11-16T00:00:00+00:00
[2024-11-16T13:47:21.363+0000] {processor.py:179} INFO - Processing /home/vscode/.local/lib/python3.10/site-packages/airflow/example_dags/example_bash_operator.py took 0.059 seconds
[2024-11-16T13:48:02.295+0000] {processor.py:157} INFO - Started process (PID=9341) to work on /home/vscode/.local/lib/python3.10/site-packages/airflow/example_dags/example_bash_operator.py
[2024-11-16T13:48:02.295+0000] {processor.py:826} INFO - Processing file /home/vscode/.local/lib/python3.10/site-packages/airflow/example_dags/example_bash_operator.py for tasks to queue
[2024-11-16T13:48:02.296+0000] {logging_mixin.py:150} INFO - [2024-11-16T13:48:02.296+0000] {dagbag.py:541} INFO - Filling up the DagBag from /home/vscode/.local/lib/python3.10/site-packages/airflow/example_dags/example_bash_operator.py
[2024-11-16T13:48:02.304+0000] {processor.py:836} INFO - DAG(s) dict_keys(['example_bash_operator']) retrieved from /home/vscode/.local/lib/python3.10/site-packages/airflow/example_dags/example_bash_operator.py
[2024-11-16T13:48:02.321+0000] {logging_mixin.py:150} INFO - [2024-11-16T13:48:02.321+0000] {dag.py:2742} INFO - Sync 1 DAGs
[2024-11-16T13:48:02.336+0000] {logging_mixin.py:150} INFO - [2024-11-16T13:48:02.336+0000] {dag.py:3504} INFO - Setting next_dagrun for example_bash_operator to 2024-11-15T00:00:00+00:00, run_after=2024-11-16T00:00:00+00:00
[2024-11-16T13:48:02.352+0000] {processor.py:179} INFO - Processing /home/vscode/.local/lib/python3.10/site-packages/airflow/example_dags/example_bash_operator.py took 0.060 seconds
[2024-11-16T13:48:48.238+0000] {processor.py:157} INFO - Started process (PID=9657) to work on /home/vscode/.local/lib/python3.10/site-packages/airflow/example_dags/example_bash_operator.py
[2024-11-16T13:48:48.239+0000] {processor.py:826} INFO - Processing file /home/vscode/.local/lib/python3.10/site-packages/airflow/example_dags/example_bash_operator.py for tasks to queue
[2024-11-16T13:48:48.239+0000] {logging_mixin.py:150} INFO - [2024-11-16T13:48:48.239+0000] {dagbag.py:541} INFO - Filling up the DagBag from /home/vscode/.local/lib/python3.10/site-packages/airflow/example_dags/example_bash_operator.py
[2024-11-16T13:48:48.247+0000] {processor.py:836} INFO - DAG(s) dict_keys(['example_bash_operator']) retrieved from /home/vscode/.local/lib/python3.10/site-packages/airflow/example_dags/example_bash_operator.py
[2024-11-16T13:48:48.264+0000] {logging_mixin.py:150} INFO - [2024-11-16T13:48:48.264+0000] {dag.py:2742} INFO - Sync 1 DAGs
[2024-11-16T13:48:48.279+0000] {logging_mixin.py:150} INFO - [2024-11-16T13:48:48.279+0000] {dag.py:3504} INFO - Setting next_dagrun for example_bash_operator to 2024-11-15T00:00:00+00:00, run_after=2024-11-16T00:00:00+00:00
[2024-11-16T13:48:48.292+0000] {processor.py:179} INFO - Processing /home/vscode/.local/lib/python3.10/site-packages/airflow/example_dags/example_bash_operator.py took 0.057 seconds
[2024-11-16T13:49:33.658+0000] {processor.py:157} INFO - Started process (PID=9971) to work on /home/vscode/.local/lib/python3.10/site-packages/airflow/example_dags/example_bash_operator.py
[2024-11-16T13:49:33.659+0000] {processor.py:826} INFO - Processing file /home/vscode/.local/lib/python3.10/site-packages/airflow/example_dags/example_bash_operator.py for tasks to queue
[2024-11-16T13:49:33.660+0000] {logging_mixin.py:150} INFO - [2024-11-16T13:49:33.659+0000] {dagbag.py:541} INFO - Filling up the DagBag from /home/vscode/.local/lib/python3.10/site-packages/airflow/example_dags/example_bash_operator.py
[2024-11-16T13:49:33.668+0000] {processor.py:836} INFO - DAG(s) dict_keys(['example_bash_operator']) retrieved from /home/vscode/.local/lib/python3.10/site-packages/airflow/example_dags/example_bash_operator.py
[2024-11-16T13:49:33.684+0000] {logging_mixin.py:150} INFO - [2024-11-16T13:49:33.684+0000] {dag.py:2742} INFO - Sync 1 DAGs
[2024-11-16T13:49:33.699+0000] {logging_mixin.py:150} INFO - [2024-11-16T13:49:33.699+0000] {dag.py:3504} INFO - Setting next_dagrun for example_bash_operator to 2024-11-15T00:00:00+00:00, run_after=2024-11-16T00:00:00+00:00
[2024-11-16T13:49:33.713+0000] {processor.py:179} INFO - Processing /home/vscode/.local/lib/python3.10/site-packages/airflow/example_dags/example_bash_operator.py took 0.057 seconds
[2024-11-16T13:50:17.899+0000] {processor.py:157} INFO - Started process (PID=10273) to work on /home/vscode/.local/lib/python3.10/site-packages/airflow/example_dags/example_bash_operator.py
[2024-11-16T13:50:17.900+0000] {processor.py:826} INFO - Processing file /home/vscode/.local/lib/python3.10/site-packages/airflow/example_dags/example_bash_operator.py for tasks to queue
[2024-11-16T13:50:17.900+0000] {logging_mixin.py:150} INFO - [2024-11-16T13:50:17.900+0000] {dagbag.py:541} INFO - Filling up the DagBag from /home/vscode/.local/lib/python3.10/site-packages/airflow/example_dags/example_bash_operator.py
[2024-11-16T13:50:17.908+0000] {processor.py:836} INFO - DAG(s) dict_keys(['example_bash_operator']) retrieved from /home/vscode/.local/lib/python3.10/site-packages/airflow/example_dags/example_bash_operator.py
[2024-11-16T13:50:17.925+0000] {logging_mixin.py:150} INFO - [2024-11-16T13:50:17.925+0000] {dag.py:2742} INFO - Sync 1 DAGs
[2024-11-16T13:50:17.943+0000] {logging_mixin.py:150} INFO - [2024-11-16T13:50:17.943+0000] {dag.py:3504} INFO - Setting next_dagrun for example_bash_operator to 2024-11-15T00:00:00+00:00, run_after=2024-11-16T00:00:00+00:00
[2024-11-16T13:50:17.957+0000] {processor.py:179} INFO - Processing /home/vscode/.local/lib/python3.10/site-packages/airflow/example_dags/example_bash_operator.py took 0.060 seconds
[2024-11-16T13:51:01.407+0000] {processor.py:157} INFO - Started process (PID=10620) to work on /home/vscode/.local/lib/python3.10/site-packages/airflow/example_dags/example_bash_operator.py
[2024-11-16T13:51:01.407+0000] {processor.py:826} INFO - Processing file /home/vscode/.local/lib/python3.10/site-packages/airflow/example_dags/example_bash_operator.py for tasks to queue
[2024-11-16T13:51:01.408+0000] {logging_mixin.py:150} INFO - [2024-11-16T13:51:01.408+0000] {dagbag.py:541} INFO - Filling up the DagBag from /home/vscode/.local/lib/python3.10/site-packages/airflow/example_dags/example_bash_operator.py
[2024-11-16T13:51:01.417+0000] {processor.py:836} INFO - DAG(s) dict_keys(['example_bash_operator']) retrieved from /home/vscode/.local/lib/python3.10/site-packages/airflow/example_dags/example_bash_operator.py
[2024-11-16T13:51:01.440+0000] {logging_mixin.py:150} INFO - [2024-11-16T13:51:01.439+0000] {dag.py:2742} INFO - Sync 1 DAGs
[2024-11-16T13:51:01.457+0000] {logging_mixin.py:150} INFO - [2024-11-16T13:51:01.457+0000] {dag.py:3504} INFO - Setting next_dagrun for example_bash_operator to 2024-11-15T00:00:00+00:00, run_after=2024-11-16T00:00:00+00:00
[2024-11-16T13:51:01.475+0000] {processor.py:179} INFO - Processing /home/vscode/.local/lib/python3.10/site-packages/airflow/example_dags/example_bash_operator.py took 0.070 seconds
[2024-11-16T13:51:44.253+0000] {processor.py:157} INFO - Started process (PID=10910) to work on /home/vscode/.local/lib/python3.10/site-packages/airflow/example_dags/example_bash_operator.py
[2024-11-16T13:51:44.254+0000] {processor.py:826} INFO - Processing file /home/vscode/.local/lib/python3.10/site-packages/airflow/example_dags/example_bash_operator.py for tasks to queue
[2024-11-16T13:51:44.254+0000] {logging_mixin.py:150} INFO - [2024-11-16T13:51:44.254+0000] {dagbag.py:541} INFO - Filling up the DagBag from /home/vscode/.local/lib/python3.10/site-packages/airflow/example_dags/example_bash_operator.py
[2024-11-16T13:51:44.262+0000] {processor.py:836} INFO - DAG(s) dict_keys(['example_bash_operator']) retrieved from /home/vscode/.local/lib/python3.10/site-packages/airflow/example_dags/example_bash_operator.py
[2024-11-16T13:51:44.285+0000] {logging_mixin.py:150} INFO - [2024-11-16T13:51:44.285+0000] {dag.py:2742} INFO - Sync 1 DAGs
[2024-11-16T13:51:44.301+0000] {logging_mixin.py:150} INFO - [2024-11-16T13:51:44.301+0000] {dag.py:3504} INFO - Setting next_dagrun for example_bash_operator to 2024-11-15T00:00:00+00:00, run_after=2024-11-16T00:00:00+00:00
[2024-11-16T13:51:44.315+0000] {processor.py:179} INFO - Processing /home/vscode/.local/lib/python3.10/site-packages/airflow/example_dags/example_bash_operator.py took 0.063 seconds
