[2024-11-16T13:39:05.398+0000] {processor.py:157} INFO - Started process (PID=5695) to work on /home/vscode/.local/lib/python3.10/site-packages/airflow/example_dags/example_branch_operator_decorator.py
[2024-11-16T13:39:05.399+0000] {processor.py:826} INFO - Processing file /home/vscode/.local/lib/python3.10/site-packages/airflow/example_dags/example_branch_operator_decorator.py for tasks to queue
[2024-11-16T13:39:05.399+0000] {logging_mixin.py:150} INFO - [2024-11-16T13:39:05.399+0000] {dagbag.py:541} INFO - Filling up the DagBag from /home/vscode/.local/lib/python3.10/site-packages/airflow/example_dags/example_branch_operator_decorator.py
[2024-11-16T13:39:05.407+0000] {processor.py:836} INFO - DAG(s) dict_keys(['example_branch_python_operator_decorator']) retrieved from /home/vscode/.local/lib/python3.10/site-packages/airflow/example_dags/example_branch_operator_decorator.py
[2024-11-16T13:39:05.548+0000] {logging_mixin.py:150} INFO - [2024-11-16T13:39:05.547+0000] {manager.py:504} INFO - Created Permission View: can edit on DAG:example_branch_python_operator_decorator
[2024-11-16T13:39:05.555+0000] {logging_mixin.py:150} INFO - [2024-11-16T13:39:05.555+0000] {manager.py:504} INFO - Created Permission View: can delete on DAG:example_branch_python_operator_decorator
[2024-11-16T13:39:05.560+0000] {logging_mixin.py:150} INFO - [2024-11-16T13:39:05.560+0000] {manager.py:504} INFO - Created Permission View: can read on DAG:example_branch_python_operator_decorator
[2024-11-16T13:39:05.567+0000] {logging_mixin.py:150} INFO - [2024-11-16T13:39:05.567+0000] {dag.py:2742} INFO - Sync 1 DAGs
[2024-11-16T13:39:05.574+0000] {logging_mixin.py:150} INFO - [2024-11-16T13:39:05.573+0000] {dag.py:2763} INFO - Creating ORM DAG for example_branch_python_operator_decorator
[2024-11-16T13:39:05.581+0000] {logging_mixin.py:150} INFO - [2024-11-16T13:39:05.580+0000] {dag.py:3504} INFO - Setting next_dagrun for example_branch_python_operator_decorator to 2024-11-15T00:00:00+00:00, run_after=2024-11-16T00:00:00+00:00
[2024-11-16T13:39:05.594+0000] {processor.py:179} INFO - Processing /home/vscode/.local/lib/python3.10/site-packages/airflow/example_dags/example_branch_operator_decorator.py took 0.198 seconds
[2024-11-16T13:39:57.046+0000] {processor.py:157} INFO - Started process (PID=6096) to work on /home/vscode/.local/lib/python3.10/site-packages/airflow/example_dags/example_branch_operator_decorator.py
[2024-11-16T13:39:57.047+0000] {processor.py:826} INFO - Processing file /home/vscode/.local/lib/python3.10/site-packages/airflow/example_dags/example_branch_operator_decorator.py for tasks to queue
[2024-11-16T13:39:57.047+0000] {logging_mixin.py:150} INFO - [2024-11-16T13:39:57.047+0000] {dagbag.py:541} INFO - Filling up the DagBag from /home/vscode/.local/lib/python3.10/site-packages/airflow/example_dags/example_branch_operator_decorator.py
[2024-11-16T13:39:57.054+0000] {processor.py:836} INFO - DAG(s) dict_keys(['example_branch_python_operator_decorator']) retrieved from /home/vscode/.local/lib/python3.10/site-packages/airflow/example_dags/example_branch_operator_decorator.py
[2024-11-16T13:39:57.067+0000] {logging_mixin.py:150} INFO - [2024-11-16T13:39:57.067+0000] {dag.py:2742} INFO - Sync 1 DAGs
[2024-11-16T13:39:57.082+0000] {logging_mixin.py:150} INFO - [2024-11-16T13:39:57.082+0000] {dag.py:3504} INFO - Setting next_dagrun for example_branch_python_operator_decorator to 2024-11-15T00:00:00+00:00, run_after=2024-11-16T00:00:00+00:00
[2024-11-16T13:39:57.096+0000] {processor.py:179} INFO - Processing /home/vscode/.local/lib/python3.10/site-packages/airflow/example_dags/example_branch_operator_decorator.py took 0.052 seconds
[2024-11-16T13:40:41.017+0000] {processor.py:157} INFO - Started process (PID=6385) to work on /home/vscode/.local/lib/python3.10/site-packages/airflow/example_dags/example_branch_operator_decorator.py
[2024-11-16T13:40:41.018+0000] {processor.py:826} INFO - Processing file /home/vscode/.local/lib/python3.10/site-packages/airflow/example_dags/example_branch_operator_decorator.py for tasks to queue
[2024-11-16T13:40:41.018+0000] {logging_mixin.py:150} INFO - [2024-11-16T13:40:41.018+0000] {dagbag.py:541} INFO - Filling up the DagBag from /home/vscode/.local/lib/python3.10/site-packages/airflow/example_dags/example_branch_operator_decorator.py
[2024-11-16T13:40:41.026+0000] {processor.py:836} INFO - DAG(s) dict_keys(['example_branch_python_operator_decorator']) retrieved from /home/vscode/.local/lib/python3.10/site-packages/airflow/example_dags/example_branch_operator_decorator.py
[2024-11-16T13:40:41.038+0000] {logging_mixin.py:150} INFO - [2024-11-16T13:40:41.038+0000] {dag.py:2742} INFO - Sync 1 DAGs
[2024-11-16T13:40:41.053+0000] {logging_mixin.py:150} INFO - [2024-11-16T13:40:41.053+0000] {dag.py:3504} INFO - Setting next_dagrun for example_branch_python_operator_decorator to 2024-11-15T00:00:00+00:00, run_after=2024-11-16T00:00:00+00:00
[2024-11-16T13:40:41.067+0000] {processor.py:179} INFO - Processing /home/vscode/.local/lib/python3.10/site-packages/airflow/example_dags/example_branch_operator_decorator.py took 0.052 seconds
[2024-11-16T13:41:24.351+0000] {processor.py:157} INFO - Started process (PID=6684) to work on /home/vscode/.local/lib/python3.10/site-packages/airflow/example_dags/example_branch_operator_decorator.py
[2024-11-16T13:41:24.352+0000] {processor.py:826} INFO - Processing file /home/vscode/.local/lib/python3.10/site-packages/airflow/example_dags/example_branch_operator_decorator.py for tasks to queue
[2024-11-16T13:41:24.352+0000] {logging_mixin.py:150} INFO - [2024-11-16T13:41:24.352+0000] {dagbag.py:541} INFO - Filling up the DagBag from /home/vscode/.local/lib/python3.10/site-packages/airflow/example_dags/example_branch_operator_decorator.py
[2024-11-16T13:41:24.359+0000] {processor.py:836} INFO - DAG(s) dict_keys(['example_branch_python_operator_decorator']) retrieved from /home/vscode/.local/lib/python3.10/site-packages/airflow/example_dags/example_branch_operator_decorator.py
[2024-11-16T13:41:24.372+0000] {logging_mixin.py:150} INFO - [2024-11-16T13:41:24.372+0000] {dag.py:2742} INFO - Sync 1 DAGs
[2024-11-16T13:41:24.387+0000] {logging_mixin.py:150} INFO - [2024-11-16T13:41:24.387+0000] {dag.py:3504} INFO - Setting next_dagrun for example_branch_python_operator_decorator to 2024-11-15T00:00:00+00:00, run_after=2024-11-16T00:00:00+00:00
[2024-11-16T13:41:24.402+0000] {processor.py:179} INFO - Processing /home/vscode/.local/lib/python3.10/site-packages/airflow/example_dags/example_branch_operator_decorator.py took 0.053 seconds
[2024-11-16T13:42:11.165+0000] {processor.py:157} INFO - Started process (PID=6990) to work on /home/vscode/.local/lib/python3.10/site-packages/airflow/example_dags/example_branch_operator_decorator.py
[2024-11-16T13:42:11.166+0000] {processor.py:826} INFO - Processing file /home/vscode/.local/lib/python3.10/site-packages/airflow/example_dags/example_branch_operator_decorator.py for tasks to queue
[2024-11-16T13:42:11.166+0000] {logging_mixin.py:150} INFO - [2024-11-16T13:42:11.166+0000] {dagbag.py:541} INFO - Filling up the DagBag from /home/vscode/.local/lib/python3.10/site-packages/airflow/example_dags/example_branch_operator_decorator.py
[2024-11-16T13:42:11.173+0000] {processor.py:836} INFO - DAG(s) dict_keys(['example_branch_python_operator_decorator']) retrieved from /home/vscode/.local/lib/python3.10/site-packages/airflow/example_dags/example_branch_operator_decorator.py
[2024-11-16T13:42:11.186+0000] {logging_mixin.py:150} INFO - [2024-11-16T13:42:11.186+0000] {dag.py:2742} INFO - Sync 1 DAGs
[2024-11-16T13:42:11.200+0000] {logging_mixin.py:150} INFO - [2024-11-16T13:42:11.200+0000] {dag.py:3504} INFO - Setting next_dagrun for example_branch_python_operator_decorator to 2024-11-15T00:00:00+00:00, run_after=2024-11-16T00:00:00+00:00
[2024-11-16T13:42:11.215+0000] {processor.py:179} INFO - Processing /home/vscode/.local/lib/python3.10/site-packages/airflow/example_dags/example_branch_operator_decorator.py took 0.052 seconds
[2024-11-16T13:42:53.930+0000] {processor.py:157} INFO - Started process (PID=7282) to work on /home/vscode/.local/lib/python3.10/site-packages/airflow/example_dags/example_branch_operator_decorator.py
[2024-11-16T13:42:53.930+0000] {processor.py:826} INFO - Processing file /home/vscode/.local/lib/python3.10/site-packages/airflow/example_dags/example_branch_operator_decorator.py for tasks to queue
[2024-11-16T13:42:53.931+0000] {logging_mixin.py:150} INFO - [2024-11-16T13:42:53.931+0000] {dagbag.py:541} INFO - Filling up the DagBag from /home/vscode/.local/lib/python3.10/site-packages/airflow/example_dags/example_branch_operator_decorator.py
[2024-11-16T13:42:53.938+0000] {processor.py:836} INFO - DAG(s) dict_keys(['example_branch_python_operator_decorator']) retrieved from /home/vscode/.local/lib/python3.10/site-packages/airflow/example_dags/example_branch_operator_decorator.py
[2024-11-16T13:42:53.950+0000] {logging_mixin.py:150} INFO - [2024-11-16T13:42:53.950+0000] {dag.py:2742} INFO - Sync 1 DAGs
[2024-11-16T13:42:53.965+0000] {logging_mixin.py:150} INFO - [2024-11-16T13:42:53.965+0000] {dag.py:3504} INFO - Setting next_dagrun for example_branch_python_operator_decorator to 2024-11-15T00:00:00+00:00, run_after=2024-11-16T00:00:00+00:00
[2024-11-16T13:42:53.978+0000] {processor.py:179} INFO - Processing /home/vscode/.local/lib/python3.10/site-packages/airflow/example_dags/example_branch_operator_decorator.py took 0.051 seconds
[2024-11-16T13:43:41.208+0000] {processor.py:157} INFO - Started process (PID=7594) to work on /home/vscode/.local/lib/python3.10/site-packages/airflow/example_dags/example_branch_operator_decorator.py
[2024-11-16T13:43:41.208+0000] {processor.py:826} INFO - Processing file /home/vscode/.local/lib/python3.10/site-packages/airflow/example_dags/example_branch_operator_decorator.py for tasks to queue
[2024-11-16T13:43:41.209+0000] {logging_mixin.py:150} INFO - [2024-11-16T13:43:41.209+0000] {dagbag.py:541} INFO - Filling up the DagBag from /home/vscode/.local/lib/python3.10/site-packages/airflow/example_dags/example_branch_operator_decorator.py
[2024-11-16T13:43:41.216+0000] {processor.py:836} INFO - DAG(s) dict_keys(['example_branch_python_operator_decorator']) retrieved from /home/vscode/.local/lib/python3.10/site-packages/airflow/example_dags/example_branch_operator_decorator.py
[2024-11-16T13:43:41.229+0000] {logging_mixin.py:150} INFO - [2024-11-16T13:43:41.229+0000] {dag.py:2742} INFO - Sync 1 DAGs
[2024-11-16T13:43:41.249+0000] {logging_mixin.py:150} INFO - [2024-11-16T13:43:41.249+0000] {dag.py:3504} INFO - Setting next_dagrun for example_branch_python_operator_decorator to 2024-11-15T00:00:00+00:00, run_after=2024-11-16T00:00:00+00:00
[2024-11-16T13:43:41.265+0000] {processor.py:179} INFO - Processing /home/vscode/.local/lib/python3.10/site-packages/airflow/example_dags/example_branch_operator_decorator.py took 0.059 seconds
[2024-11-16T13:44:26.249+0000] {processor.py:157} INFO - Started process (PID=7895) to work on /home/vscode/.local/lib/python3.10/site-packages/airflow/example_dags/example_branch_operator_decorator.py
[2024-11-16T13:44:26.250+0000] {processor.py:826} INFO - Processing file /home/vscode/.local/lib/python3.10/site-packages/airflow/example_dags/example_branch_operator_decorator.py for tasks to queue
[2024-11-16T13:44:26.250+0000] {logging_mixin.py:150} INFO - [2024-11-16T13:44:26.250+0000] {dagbag.py:541} INFO - Filling up the DagBag from /home/vscode/.local/lib/python3.10/site-packages/airflow/example_dags/example_branch_operator_decorator.py
[2024-11-16T13:44:26.258+0000] {processor.py:836} INFO - DAG(s) dict_keys(['example_branch_python_operator_decorator']) retrieved from /home/vscode/.local/lib/python3.10/site-packages/airflow/example_dags/example_branch_operator_decorator.py
[2024-11-16T13:44:26.270+0000] {logging_mixin.py:150} INFO - [2024-11-16T13:44:26.270+0000] {dag.py:2742} INFO - Sync 1 DAGs
[2024-11-16T13:44:26.285+0000] {logging_mixin.py:150} INFO - [2024-11-16T13:44:26.285+0000] {dag.py:3504} INFO - Setting next_dagrun for example_branch_python_operator_decorator to 2024-11-15T00:00:00+00:00, run_after=2024-11-16T00:00:00+00:00
[2024-11-16T13:44:26.299+0000] {processor.py:179} INFO - Processing /home/vscode/.local/lib/python3.10/site-packages/airflow/example_dags/example_branch_operator_decorator.py took 0.051 seconds
[2024-11-16T13:45:08.963+0000] {processor.py:157} INFO - Started process (PID=8181) to work on /home/vscode/.local/lib/python3.10/site-packages/airflow/example_dags/example_branch_operator_decorator.py
[2024-11-16T13:45:08.963+0000] {processor.py:826} INFO - Processing file /home/vscode/.local/lib/python3.10/site-packages/airflow/example_dags/example_branch_operator_decorator.py for tasks to queue
[2024-11-16T13:45:08.964+0000] {logging_mixin.py:150} INFO - [2024-11-16T13:45:08.964+0000] {dagbag.py:541} INFO - Filling up the DagBag from /home/vscode/.local/lib/python3.10/site-packages/airflow/example_dags/example_branch_operator_decorator.py
[2024-11-16T13:45:08.971+0000] {processor.py:836} INFO - DAG(s) dict_keys(['example_branch_python_operator_decorator']) retrieved from /home/vscode/.local/lib/python3.10/site-packages/airflow/example_dags/example_branch_operator_decorator.py
[2024-11-16T13:45:08.983+0000] {logging_mixin.py:150} INFO - [2024-11-16T13:45:08.983+0000] {dag.py:2742} INFO - Sync 1 DAGs
[2024-11-16T13:45:08.998+0000] {logging_mixin.py:150} INFO - [2024-11-16T13:45:08.998+0000] {dag.py:3504} INFO - Setting next_dagrun for example_branch_python_operator_decorator to 2024-11-15T00:00:00+00:00, run_after=2024-11-16T00:00:00+00:00
[2024-11-16T13:45:09.012+0000] {processor.py:179} INFO - Processing /home/vscode/.local/lib/python3.10/site-packages/airflow/example_dags/example_branch_operator_decorator.py took 0.051 seconds
[2024-11-16T13:45:58.542+0000] {processor.py:157} INFO - Started process (PID=8509) to work on /home/vscode/.local/lib/python3.10/site-packages/airflow/example_dags/example_branch_operator_decorator.py
[2024-11-16T13:45:58.542+0000] {processor.py:826} INFO - Processing file /home/vscode/.local/lib/python3.10/site-packages/airflow/example_dags/example_branch_operator_decorator.py for tasks to queue
[2024-11-16T13:45:58.543+0000] {logging_mixin.py:150} INFO - [2024-11-16T13:45:58.543+0000] {dagbag.py:541} INFO - Filling up the DagBag from /home/vscode/.local/lib/python3.10/site-packages/airflow/example_dags/example_branch_operator_decorator.py
[2024-11-16T13:45:58.552+0000] {processor.py:836} INFO - DAG(s) dict_keys(['example_branch_python_operator_decorator']) retrieved from /home/vscode/.local/lib/python3.10/site-packages/airflow/example_dags/example_branch_operator_decorator.py
[2024-11-16T13:45:58.567+0000] {logging_mixin.py:150} INFO - [2024-11-16T13:45:58.567+0000] {dag.py:2742} INFO - Sync 1 DAGs
[2024-11-16T13:45:58.582+0000] {logging_mixin.py:150} INFO - [2024-11-16T13:45:58.582+0000] {dag.py:3504} INFO - Setting next_dagrun for example_branch_python_operator_decorator to 2024-11-15T00:00:00+00:00, run_after=2024-11-16T00:00:00+00:00
[2024-11-16T13:45:58.596+0000] {processor.py:179} INFO - Processing /home/vscode/.local/lib/python3.10/site-packages/airflow/example_dags/example_branch_operator_decorator.py took 0.057 seconds
[2024-11-16T13:46:42.511+0000] {processor.py:157} INFO - Started process (PID=8810) to work on /home/vscode/.local/lib/python3.10/site-packages/airflow/example_dags/example_branch_operator_decorator.py
[2024-11-16T13:46:42.511+0000] {processor.py:826} INFO - Processing file /home/vscode/.local/lib/python3.10/site-packages/airflow/example_dags/example_branch_operator_decorator.py for tasks to queue
[2024-11-16T13:46:42.512+0000] {logging_mixin.py:150} INFO - [2024-11-16T13:46:42.512+0000] {dagbag.py:541} INFO - Filling up the DagBag from /home/vscode/.local/lib/python3.10/site-packages/airflow/example_dags/example_branch_operator_decorator.py
[2024-11-16T13:46:42.519+0000] {processor.py:836} INFO - DAG(s) dict_keys(['example_branch_python_operator_decorator']) retrieved from /home/vscode/.local/lib/python3.10/site-packages/airflow/example_dags/example_branch_operator_decorator.py
[2024-11-16T13:46:42.532+0000] {logging_mixin.py:150} INFO - [2024-11-16T13:46:42.532+0000] {dag.py:2742} INFO - Sync 1 DAGs
[2024-11-16T13:46:42.546+0000] {logging_mixin.py:150} INFO - [2024-11-16T13:46:42.546+0000] {dag.py:3504} INFO - Setting next_dagrun for example_branch_python_operator_decorator to 2024-11-15T00:00:00+00:00, run_after=2024-11-16T00:00:00+00:00
[2024-11-16T13:46:42.561+0000] {processor.py:179} INFO - Processing /home/vscode/.local/lib/python3.10/site-packages/airflow/example_dags/example_branch_operator_decorator.py took 0.052 seconds
[2024-11-16T13:47:25.031+0000] {processor.py:157} INFO - Started process (PID=9089) to work on /home/vscode/.local/lib/python3.10/site-packages/airflow/example_dags/example_branch_operator_decorator.py
[2024-11-16T13:47:25.031+0000] {processor.py:826} INFO - Processing file /home/vscode/.local/lib/python3.10/site-packages/airflow/example_dags/example_branch_operator_decorator.py for tasks to queue
[2024-11-16T13:47:25.032+0000] {logging_mixin.py:150} INFO - [2024-11-16T13:47:25.032+0000] {dagbag.py:541} INFO - Filling up the DagBag from /home/vscode/.local/lib/python3.10/site-packages/airflow/example_dags/example_branch_operator_decorator.py
[2024-11-16T13:47:25.039+0000] {processor.py:836} INFO - DAG(s) dict_keys(['example_branch_python_operator_decorator']) retrieved from /home/vscode/.local/lib/python3.10/site-packages/airflow/example_dags/example_branch_operator_decorator.py
[2024-11-16T13:47:25.052+0000] {logging_mixin.py:150} INFO - [2024-11-16T13:47:25.052+0000] {dag.py:2742} INFO - Sync 1 DAGs
[2024-11-16T13:47:25.067+0000] {logging_mixin.py:150} INFO - [2024-11-16T13:47:25.067+0000] {dag.py:3504} INFO - Setting next_dagrun for example_branch_python_operator_decorator to 2024-11-15T00:00:00+00:00, run_after=2024-11-16T00:00:00+00:00
[2024-11-16T13:47:25.080+0000] {processor.py:179} INFO - Processing /home/vscode/.local/lib/python3.10/site-packages/airflow/example_dags/example_branch_operator_decorator.py took 0.052 seconds
[2024-11-16T13:48:17.707+0000] {processor.py:157} INFO - Started process (PID=9450) to work on /home/vscode/.local/lib/python3.10/site-packages/airflow/example_dags/example_branch_operator_decorator.py
[2024-11-16T13:48:17.708+0000] {processor.py:826} INFO - Processing file /home/vscode/.local/lib/python3.10/site-packages/airflow/example_dags/example_branch_operator_decorator.py for tasks to queue
[2024-11-16T13:48:17.709+0000] {logging_mixin.py:150} INFO - [2024-11-16T13:48:17.708+0000] {dagbag.py:541} INFO - Filling up the DagBag from /home/vscode/.local/lib/python3.10/site-packages/airflow/example_dags/example_branch_operator_decorator.py
[2024-11-16T13:48:17.716+0000] {processor.py:836} INFO - DAG(s) dict_keys(['example_branch_python_operator_decorator']) retrieved from /home/vscode/.local/lib/python3.10/site-packages/airflow/example_dags/example_branch_operator_decorator.py
[2024-11-16T13:48:17.729+0000] {logging_mixin.py:150} INFO - [2024-11-16T13:48:17.729+0000] {dag.py:2742} INFO - Sync 1 DAGs
[2024-11-16T13:48:17.744+0000] {logging_mixin.py:150} INFO - [2024-11-16T13:48:17.744+0000] {dag.py:3504} INFO - Setting next_dagrun for example_branch_python_operator_decorator to 2024-11-15T00:00:00+00:00, run_after=2024-11-16T00:00:00+00:00
[2024-11-16T13:48:17.758+0000] {processor.py:179} INFO - Processing /home/vscode/.local/lib/python3.10/site-packages/airflow/example_dags/example_branch_operator_decorator.py took 0.053 seconds
[2024-11-16T13:49:01.147+0000] {processor.py:157} INFO - Started process (PID=9738) to work on /home/vscode/.local/lib/python3.10/site-packages/airflow/example_dags/example_branch_operator_decorator.py
[2024-11-16T13:49:01.148+0000] {processor.py:826} INFO - Processing file /home/vscode/.local/lib/python3.10/site-packages/airflow/example_dags/example_branch_operator_decorator.py for tasks to queue
[2024-11-16T13:49:01.148+0000] {logging_mixin.py:150} INFO - [2024-11-16T13:49:01.148+0000] {dagbag.py:541} INFO - Filling up the DagBag from /home/vscode/.local/lib/python3.10/site-packages/airflow/example_dags/example_branch_operator_decorator.py
[2024-11-16T13:49:01.155+0000] {processor.py:836} INFO - DAG(s) dict_keys(['example_branch_python_operator_decorator']) retrieved from /home/vscode/.local/lib/python3.10/site-packages/airflow/example_dags/example_branch_operator_decorator.py
[2024-11-16T13:49:01.168+0000] {logging_mixin.py:150} INFO - [2024-11-16T13:49:01.168+0000] {dag.py:2742} INFO - Sync 1 DAGs
[2024-11-16T13:49:01.183+0000] {logging_mixin.py:150} INFO - [2024-11-16T13:49:01.183+0000] {dag.py:3504} INFO - Setting next_dagrun for example_branch_python_operator_decorator to 2024-11-15T00:00:00+00:00, run_after=2024-11-16T00:00:00+00:00
[2024-11-16T13:49:01.196+0000] {processor.py:179} INFO - Processing /home/vscode/.local/lib/python3.10/site-packages/airflow/example_dags/example_branch_operator_decorator.py took 0.051 seconds
[2024-11-16T13:49:51.359+0000] {processor.py:157} INFO - Started process (PID=10091) to work on /home/vscode/.local/lib/python3.10/site-packages/airflow/example_dags/example_branch_operator_decorator.py
[2024-11-16T13:49:51.359+0000] {processor.py:826} INFO - Processing file /home/vscode/.local/lib/python3.10/site-packages/airflow/example_dags/example_branch_operator_decorator.py for tasks to queue
[2024-11-16T13:49:51.360+0000] {logging_mixin.py:150} INFO - [2024-11-16T13:49:51.360+0000] {dagbag.py:541} INFO - Filling up the DagBag from /home/vscode/.local/lib/python3.10/site-packages/airflow/example_dags/example_branch_operator_decorator.py
[2024-11-16T13:49:51.369+0000] {processor.py:836} INFO - DAG(s) dict_keys(['example_branch_python_operator_decorator']) retrieved from /home/vscode/.local/lib/python3.10/site-packages/airflow/example_dags/example_branch_operator_decorator.py
[2024-11-16T13:49:51.385+0000] {logging_mixin.py:150} INFO - [2024-11-16T13:49:51.385+0000] {dag.py:2742} INFO - Sync 1 DAGs
[2024-11-16T13:49:51.401+0000] {logging_mixin.py:150} INFO - [2024-11-16T13:49:51.401+0000] {dag.py:3504} INFO - Setting next_dagrun for example_branch_python_operator_decorator to 2024-11-15T00:00:00+00:00, run_after=2024-11-16T00:00:00+00:00
[2024-11-16T13:49:51.416+0000] {processor.py:179} INFO - Processing /home/vscode/.local/lib/python3.10/site-packages/airflow/example_dags/example_branch_operator_decorator.py took 0.060 seconds
[2024-11-16T13:50:35.306+0000] {processor.py:157} INFO - Started process (PID=10379) to work on /home/vscode/.local/lib/python3.10/site-packages/airflow/example_dags/example_branch_operator_decorator.py
[2024-11-16T13:50:35.306+0000] {processor.py:826} INFO - Processing file /home/vscode/.local/lib/python3.10/site-packages/airflow/example_dags/example_branch_operator_decorator.py for tasks to queue
[2024-11-16T13:50:35.307+0000] {logging_mixin.py:150} INFO - [2024-11-16T13:50:35.307+0000] {dagbag.py:541} INFO - Filling up the DagBag from /home/vscode/.local/lib/python3.10/site-packages/airflow/example_dags/example_branch_operator_decorator.py
[2024-11-16T13:50:35.314+0000] {processor.py:836} INFO - DAG(s) dict_keys(['example_branch_python_operator_decorator']) retrieved from /home/vscode/.local/lib/python3.10/site-packages/airflow/example_dags/example_branch_operator_decorator.py
[2024-11-16T13:50:35.327+0000] {logging_mixin.py:150} INFO - [2024-11-16T13:50:35.326+0000] {dag.py:2742} INFO - Sync 1 DAGs
[2024-11-16T13:50:35.342+0000] {logging_mixin.py:150} INFO - [2024-11-16T13:50:35.342+0000] {dag.py:3504} INFO - Setting next_dagrun for example_branch_python_operator_decorator to 2024-11-15T00:00:00+00:00, run_after=2024-11-16T00:00:00+00:00
[2024-11-16T13:50:35.355+0000] {processor.py:179} INFO - Processing /home/vscode/.local/lib/python3.10/site-packages/airflow/example_dags/example_branch_operator_decorator.py took 0.052 seconds
[2024-11-16T13:51:18.463+0000] {processor.py:157} INFO - Started process (PID=10739) to work on /home/vscode/.local/lib/python3.10/site-packages/airflow/example_dags/example_branch_operator_decorator.py
[2024-11-16T13:51:18.463+0000] {processor.py:826} INFO - Processing file /home/vscode/.local/lib/python3.10/site-packages/airflow/example_dags/example_branch_operator_decorator.py for tasks to queue
[2024-11-16T13:51:18.464+0000] {logging_mixin.py:150} INFO - [2024-11-16T13:51:18.464+0000] {dagbag.py:541} INFO - Filling up the DagBag from /home/vscode/.local/lib/python3.10/site-packages/airflow/example_dags/example_branch_operator_decorator.py
[2024-11-16T13:51:18.471+0000] {processor.py:836} INFO - DAG(s) dict_keys(['example_branch_python_operator_decorator']) retrieved from /home/vscode/.local/lib/python3.10/site-packages/airflow/example_dags/example_branch_operator_decorator.py
[2024-11-16T13:51:18.484+0000] {logging_mixin.py:150} INFO - [2024-11-16T13:51:18.483+0000] {dag.py:2742} INFO - Sync 1 DAGs
[2024-11-16T13:51:18.498+0000] {logging_mixin.py:150} INFO - [2024-11-16T13:51:18.498+0000] {dag.py:3504} INFO - Setting next_dagrun for example_branch_python_operator_decorator to 2024-11-15T00:00:00+00:00, run_after=2024-11-16T00:00:00+00:00
[2024-11-16T13:51:18.511+0000] {processor.py:179} INFO - Processing /home/vscode/.local/lib/python3.10/site-packages/airflow/example_dags/example_branch_operator_decorator.py took 0.051 seconds
