[2024-11-16T13:38:31.109+0000] {processor.py:157} INFO - Started process (PID=5433) to work on /home/vscode/.local/lib/python3.10/site-packages/airflow/example_dags/example_short_circuit_decorator.py
[2024-11-16T13:38:31.110+0000] {processor.py:826} INFO - Processing file /home/vscode/.local/lib/python3.10/site-packages/airflow/example_dags/example_short_circuit_decorator.py for tasks to queue
[2024-11-16T13:38:31.110+0000] {logging_mixin.py:150} INFO - [2024-11-16T13:38:31.110+0000] {dagbag.py:541} INFO - Filling up the DagBag from /home/vscode/.local/lib/python3.10/site-packages/airflow/example_dags/example_short_circuit_decorator.py
[2024-11-16T13:38:31.118+0000] {processor.py:836} INFO - DAG(s) dict_keys(['example_short_circuit_decorator']) retrieved from /home/vscode/.local/lib/python3.10/site-packages/airflow/example_dags/example_short_circuit_decorator.py
[2024-11-16T13:38:31.262+0000] {logging_mixin.py:150} INFO - [2024-11-16T13:38:31.261+0000] {manager.py:504} INFO - Created Permission View: can edit on DAG:example_short_circuit_decorator
[2024-11-16T13:38:31.269+0000] {logging_mixin.py:150} INFO - [2024-11-16T13:38:31.269+0000] {manager.py:504} INFO - Created Permission View: can delete on DAG:example_short_circuit_decorator
[2024-11-16T13:38:31.274+0000] {logging_mixin.py:150} INFO - [2024-11-16T13:38:31.274+0000] {manager.py:504} INFO - Created Permission View: can read on DAG:example_short_circuit_decorator
[2024-11-16T13:38:31.281+0000] {logging_mixin.py:150} INFO - [2024-11-16T13:38:31.281+0000] {dag.py:2742} INFO - Sync 1 DAGs
[2024-11-16T13:38:31.288+0000] {logging_mixin.py:150} INFO - [2024-11-16T13:38:31.288+0000] {dag.py:2763} INFO - Creating ORM DAG for example_short_circuit_decorator
[2024-11-16T13:38:31.294+0000] {logging_mixin.py:150} INFO - [2024-11-16T13:38:31.294+0000] {dag.py:3504} INFO - Setting next_dagrun for example_short_circuit_decorator to 2024-11-15T13:38:31.294248+00:00, run_after=2024-11-16T13:38:31.294248+00:00
[2024-11-16T13:38:31.307+0000] {processor.py:179} INFO - Processing /home/vscode/.local/lib/python3.10/site-packages/airflow/example_dags/example_short_circuit_decorator.py took 0.200 seconds
[2024-11-16T13:39:20.917+0000] {processor.py:157} INFO - Started process (PID=5814) to work on /home/vscode/.local/lib/python3.10/site-packages/airflow/example_dags/example_short_circuit_decorator.py
[2024-11-16T13:39:20.918+0000] {processor.py:826} INFO - Processing file /home/vscode/.local/lib/python3.10/site-packages/airflow/example_dags/example_short_circuit_decorator.py for tasks to queue
[2024-11-16T13:39:20.918+0000] {logging_mixin.py:150} INFO - [2024-11-16T13:39:20.918+0000] {dagbag.py:541} INFO - Filling up the DagBag from /home/vscode/.local/lib/python3.10/site-packages/airflow/example_dags/example_short_circuit_decorator.py
[2024-11-16T13:39:20.925+0000] {processor.py:836} INFO - DAG(s) dict_keys(['example_short_circuit_decorator']) retrieved from /home/vscode/.local/lib/python3.10/site-packages/airflow/example_dags/example_short_circuit_decorator.py
[2024-11-16T13:39:20.937+0000] {logging_mixin.py:150} INFO - [2024-11-16T13:39:20.937+0000] {dag.py:2742} INFO - Sync 1 DAGs
[2024-11-16T13:39:20.951+0000] {logging_mixin.py:150} INFO - [2024-11-16T13:39:20.951+0000] {dag.py:3504} INFO - Setting next_dagrun for example_short_circuit_decorator to 2024-11-15T13:39:20.951109+00:00, run_after=2024-11-16T13:39:20.951109+00:00
[2024-11-16T13:39:20.965+0000] {processor.py:179} INFO - Processing /home/vscode/.local/lib/python3.10/site-packages/airflow/example_dags/example_short_circuit_decorator.py took 0.050 seconds
[2024-11-16T13:39:55.915+0000] {processor.py:157} INFO - Started process (PID=6088) to work on /home/vscode/.local/lib/python3.10/site-packages/airflow/example_dags/example_short_circuit_decorator.py
[2024-11-16T13:39:55.915+0000] {processor.py:826} INFO - Processing file /home/vscode/.local/lib/python3.10/site-packages/airflow/example_dags/example_short_circuit_decorator.py for tasks to queue
[2024-11-16T13:39:55.916+0000] {logging_mixin.py:150} INFO - [2024-11-16T13:39:55.916+0000] {dagbag.py:541} INFO - Filling up the DagBag from /home/vscode/.local/lib/python3.10/site-packages/airflow/example_dags/example_short_circuit_decorator.py
[2024-11-16T13:39:55.922+0000] {processor.py:836} INFO - DAG(s) dict_keys(['example_short_circuit_decorator']) retrieved from /home/vscode/.local/lib/python3.10/site-packages/airflow/example_dags/example_short_circuit_decorator.py
[2024-11-16T13:39:55.935+0000] {logging_mixin.py:150} INFO - [2024-11-16T13:39:55.935+0000] {dag.py:2742} INFO - Sync 1 DAGs
[2024-11-16T13:39:55.949+0000] {logging_mixin.py:150} INFO - [2024-11-16T13:39:55.948+0000] {dag.py:3504} INFO - Setting next_dagrun for example_short_circuit_decorator to 2024-11-15T13:39:55.948816+00:00, run_after=2024-11-16T13:39:55.948816+00:00
[2024-11-16T13:39:55.963+0000] {processor.py:179} INFO - Processing /home/vscode/.local/lib/python3.10/site-packages/airflow/example_dags/example_short_circuit_decorator.py took 0.050 seconds
[2024-11-16T13:40:39.990+0000] {processor.py:157} INFO - Started process (PID=6383) to work on /home/vscode/.local/lib/python3.10/site-packages/airflow/example_dags/example_short_circuit_decorator.py
[2024-11-16T13:40:39.990+0000] {processor.py:826} INFO - Processing file /home/vscode/.local/lib/python3.10/site-packages/airflow/example_dags/example_short_circuit_decorator.py for tasks to queue
[2024-11-16T13:40:39.991+0000] {logging_mixin.py:150} INFO - [2024-11-16T13:40:39.991+0000] {dagbag.py:541} INFO - Filling up the DagBag from /home/vscode/.local/lib/python3.10/site-packages/airflow/example_dags/example_short_circuit_decorator.py
[2024-11-16T13:40:39.998+0000] {processor.py:836} INFO - DAG(s) dict_keys(['example_short_circuit_decorator']) retrieved from /home/vscode/.local/lib/python3.10/site-packages/airflow/example_dags/example_short_circuit_decorator.py
[2024-11-16T13:40:40.010+0000] {logging_mixin.py:150} INFO - [2024-11-16T13:40:40.010+0000] {dag.py:2742} INFO - Sync 1 DAGs
[2024-11-16T13:40:40.024+0000] {logging_mixin.py:150} INFO - [2024-11-16T13:40:40.024+0000] {dag.py:3504} INFO - Setting next_dagrun for example_short_circuit_decorator to 2024-11-15T13:40:40.024039+00:00, run_after=2024-11-16T13:40:40.024039+00:00
[2024-11-16T13:40:40.038+0000] {processor.py:179} INFO - Processing /home/vscode/.local/lib/python3.10/site-packages/airflow/example_dags/example_short_circuit_decorator.py took 0.050 seconds
[2024-11-16T13:41:23.220+0000] {processor.py:157} INFO - Started process (PID=6676) to work on /home/vscode/.local/lib/python3.10/site-packages/airflow/example_dags/example_short_circuit_decorator.py
[2024-11-16T13:41:23.221+0000] {processor.py:826} INFO - Processing file /home/vscode/.local/lib/python3.10/site-packages/airflow/example_dags/example_short_circuit_decorator.py for tasks to queue
[2024-11-16T13:41:23.221+0000] {logging_mixin.py:150} INFO - [2024-11-16T13:41:23.221+0000] {dagbag.py:541} INFO - Filling up the DagBag from /home/vscode/.local/lib/python3.10/site-packages/airflow/example_dags/example_short_circuit_decorator.py
[2024-11-16T13:41:23.228+0000] {processor.py:836} INFO - DAG(s) dict_keys(['example_short_circuit_decorator']) retrieved from /home/vscode/.local/lib/python3.10/site-packages/airflow/example_dags/example_short_circuit_decorator.py
[2024-11-16T13:41:23.240+0000] {logging_mixin.py:150} INFO - [2024-11-16T13:41:23.240+0000] {dag.py:2742} INFO - Sync 1 DAGs
[2024-11-16T13:41:23.254+0000] {logging_mixin.py:150} INFO - [2024-11-16T13:41:23.253+0000] {dag.py:3504} INFO - Setting next_dagrun for example_short_circuit_decorator to 2024-11-15T13:41:23.253826+00:00, run_after=2024-11-16T13:41:23.253826+00:00
[2024-11-16T13:41:23.268+0000] {processor.py:179} INFO - Processing /home/vscode/.local/lib/python3.10/site-packages/airflow/example_dags/example_short_circuit_decorator.py took 0.050 seconds
[2024-11-16T13:42:08.320+0000] {processor.py:157} INFO - Started process (PID=6972) to work on /home/vscode/.local/lib/python3.10/site-packages/airflow/example_dags/example_short_circuit_decorator.py
[2024-11-16T13:42:08.321+0000] {processor.py:826} INFO - Processing file /home/vscode/.local/lib/python3.10/site-packages/airflow/example_dags/example_short_circuit_decorator.py for tasks to queue
[2024-11-16T13:42:08.322+0000] {logging_mixin.py:150} INFO - [2024-11-16T13:42:08.321+0000] {dagbag.py:541} INFO - Filling up the DagBag from /home/vscode/.local/lib/python3.10/site-packages/airflow/example_dags/example_short_circuit_decorator.py
[2024-11-16T13:42:08.328+0000] {processor.py:836} INFO - DAG(s) dict_keys(['example_short_circuit_decorator']) retrieved from /home/vscode/.local/lib/python3.10/site-packages/airflow/example_dags/example_short_circuit_decorator.py
[2024-11-16T13:42:08.341+0000] {logging_mixin.py:150} INFO - [2024-11-16T13:42:08.340+0000] {dag.py:2742} INFO - Sync 1 DAGs
[2024-11-16T13:42:08.354+0000] {logging_mixin.py:150} INFO - [2024-11-16T13:42:08.354+0000] {dag.py:3504} INFO - Setting next_dagrun for example_short_circuit_decorator to 2024-11-15T13:42:08.354175+00:00, run_after=2024-11-16T13:42:08.354175+00:00
[2024-11-16T13:42:08.368+0000] {processor.py:179} INFO - Processing /home/vscode/.local/lib/python3.10/site-packages/airflow/example_dags/example_short_circuit_decorator.py took 0.050 seconds
[2024-11-16T13:42:49.395+0000] {processor.py:157} INFO - Started process (PID=7250) to work on /home/vscode/.local/lib/python3.10/site-packages/airflow/example_dags/example_short_circuit_decorator.py
[2024-11-16T13:42:49.395+0000] {processor.py:826} INFO - Processing file /home/vscode/.local/lib/python3.10/site-packages/airflow/example_dags/example_short_circuit_decorator.py for tasks to queue
[2024-11-16T13:42:49.396+0000] {logging_mixin.py:150} INFO - [2024-11-16T13:42:49.396+0000] {dagbag.py:541} INFO - Filling up the DagBag from /home/vscode/.local/lib/python3.10/site-packages/airflow/example_dags/example_short_circuit_decorator.py
[2024-11-16T13:42:49.403+0000] {processor.py:836} INFO - DAG(s) dict_keys(['example_short_circuit_decorator']) retrieved from /home/vscode/.local/lib/python3.10/site-packages/airflow/example_dags/example_short_circuit_decorator.py
[2024-11-16T13:42:49.416+0000] {logging_mixin.py:150} INFO - [2024-11-16T13:42:49.416+0000] {dag.py:2742} INFO - Sync 1 DAGs
[2024-11-16T13:42:49.430+0000] {logging_mixin.py:150} INFO - [2024-11-16T13:42:49.430+0000] {dag.py:3504} INFO - Setting next_dagrun for example_short_circuit_decorator to 2024-11-15T13:42:49.430094+00:00, run_after=2024-11-16T13:42:49.430094+00:00
[2024-11-16T13:42:49.447+0000] {processor.py:179} INFO - Processing /home/vscode/.local/lib/python3.10/site-packages/airflow/example_dags/example_short_circuit_decorator.py took 0.055 seconds
[2024-11-16T13:43:36.743+0000] {processor.py:157} INFO - Started process (PID=7566) to work on /home/vscode/.local/lib/python3.10/site-packages/airflow/example_dags/example_short_circuit_decorator.py
[2024-11-16T13:43:36.744+0000] {processor.py:826} INFO - Processing file /home/vscode/.local/lib/python3.10/site-packages/airflow/example_dags/example_short_circuit_decorator.py for tasks to queue
[2024-11-16T13:43:36.744+0000] {logging_mixin.py:150} INFO - [2024-11-16T13:43:36.744+0000] {dagbag.py:541} INFO - Filling up the DagBag from /home/vscode/.local/lib/python3.10/site-packages/airflow/example_dags/example_short_circuit_decorator.py
[2024-11-16T13:43:36.751+0000] {processor.py:836} INFO - DAG(s) dict_keys(['example_short_circuit_decorator']) retrieved from /home/vscode/.local/lib/python3.10/site-packages/airflow/example_dags/example_short_circuit_decorator.py
[2024-11-16T13:43:36.767+0000] {logging_mixin.py:150} INFO - [2024-11-16T13:43:36.766+0000] {dag.py:2742} INFO - Sync 1 DAGs
[2024-11-16T13:43:36.782+0000] {logging_mixin.py:150} INFO - [2024-11-16T13:43:36.782+0000] {dag.py:3504} INFO - Setting next_dagrun for example_short_circuit_decorator to 2024-11-15T13:43:36.782057+00:00, run_after=2024-11-16T13:43:36.782057+00:00
[2024-11-16T13:43:36.795+0000] {processor.py:179} INFO - Processing /home/vscode/.local/lib/python3.10/site-packages/airflow/example_dags/example_short_circuit_decorator.py took 0.054 seconds
[2024-11-16T13:44:21.241+0000] {processor.py:157} INFO - Started process (PID=7861) to work on /home/vscode/.local/lib/python3.10/site-packages/airflow/example_dags/example_short_circuit_decorator.py
[2024-11-16T13:44:21.242+0000] {processor.py:826} INFO - Processing file /home/vscode/.local/lib/python3.10/site-packages/airflow/example_dags/example_short_circuit_decorator.py for tasks to queue
[2024-11-16T13:44:21.242+0000] {logging_mixin.py:150} INFO - [2024-11-16T13:44:21.242+0000] {dagbag.py:541} INFO - Filling up the DagBag from /home/vscode/.local/lib/python3.10/site-packages/airflow/example_dags/example_short_circuit_decorator.py
[2024-11-16T13:44:21.249+0000] {processor.py:836} INFO - DAG(s) dict_keys(['example_short_circuit_decorator']) retrieved from /home/vscode/.local/lib/python3.10/site-packages/airflow/example_dags/example_short_circuit_decorator.py
[2024-11-16T13:44:21.261+0000] {logging_mixin.py:150} INFO - [2024-11-16T13:44:21.261+0000] {dag.py:2742} INFO - Sync 1 DAGs
[2024-11-16T13:44:21.275+0000] {logging_mixin.py:150} INFO - [2024-11-16T13:44:21.275+0000] {dag.py:3504} INFO - Setting next_dagrun for example_short_circuit_decorator to 2024-11-15T13:44:21.275029+00:00, run_after=2024-11-16T13:44:21.275029+00:00
[2024-11-16T13:44:21.290+0000] {processor.py:179} INFO - Processing /home/vscode/.local/lib/python3.10/site-packages/airflow/example_dags/example_short_circuit_decorator.py took 0.051 seconds
[2024-11-16T13:45:02.688+0000] {processor.py:157} INFO - Started process (PID=8139) to work on /home/vscode/.local/lib/python3.10/site-packages/airflow/example_dags/example_short_circuit_decorator.py
[2024-11-16T13:45:02.688+0000] {processor.py:826} INFO - Processing file /home/vscode/.local/lib/python3.10/site-packages/airflow/example_dags/example_short_circuit_decorator.py for tasks to queue
[2024-11-16T13:45:02.689+0000] {logging_mixin.py:150} INFO - [2024-11-16T13:45:02.689+0000] {dagbag.py:541} INFO - Filling up the DagBag from /home/vscode/.local/lib/python3.10/site-packages/airflow/example_dags/example_short_circuit_decorator.py
[2024-11-16T13:45:02.696+0000] {processor.py:836} INFO - DAG(s) dict_keys(['example_short_circuit_decorator']) retrieved from /home/vscode/.local/lib/python3.10/site-packages/airflow/example_dags/example_short_circuit_decorator.py
[2024-11-16T13:45:02.708+0000] {logging_mixin.py:150} INFO - [2024-11-16T13:45:02.708+0000] {dag.py:2742} INFO - Sync 1 DAGs
[2024-11-16T13:45:02.721+0000] {logging_mixin.py:150} INFO - [2024-11-16T13:45:02.721+0000] {dag.py:3504} INFO - Setting next_dagrun for example_short_circuit_decorator to 2024-11-15T13:45:02.721549+00:00, run_after=2024-11-16T13:45:02.721549+00:00
[2024-11-16T13:45:02.735+0000] {processor.py:179} INFO - Processing /home/vscode/.local/lib/python3.10/site-packages/airflow/example_dags/example_short_circuit_decorator.py took 0.050 seconds
[2024-11-16T13:45:50.004+0000] {processor.py:157} INFO - Started process (PID=8455) to work on /home/vscode/.local/lib/python3.10/site-packages/airflow/example_dags/example_short_circuit_decorator.py
[2024-11-16T13:45:50.005+0000] {processor.py:826} INFO - Processing file /home/vscode/.local/lib/python3.10/site-packages/airflow/example_dags/example_short_circuit_decorator.py for tasks to queue
[2024-11-16T13:45:50.005+0000] {logging_mixin.py:150} INFO - [2024-11-16T13:45:50.005+0000] {dagbag.py:541} INFO - Filling up the DagBag from /home/vscode/.local/lib/python3.10/site-packages/airflow/example_dags/example_short_circuit_decorator.py
[2024-11-16T13:45:50.012+0000] {processor.py:836} INFO - DAG(s) dict_keys(['example_short_circuit_decorator']) retrieved from /home/vscode/.local/lib/python3.10/site-packages/airflow/example_dags/example_short_circuit_decorator.py
[2024-11-16T13:45:50.024+0000] {logging_mixin.py:150} INFO - [2024-11-16T13:45:50.024+0000] {dag.py:2742} INFO - Sync 1 DAGs
[2024-11-16T13:45:50.038+0000] {logging_mixin.py:150} INFO - [2024-11-16T13:45:50.037+0000] {dag.py:3504} INFO - Setting next_dagrun for example_short_circuit_decorator to 2024-11-15T13:45:50.037796+00:00, run_after=2024-11-16T13:45:50.037796+00:00
[2024-11-16T13:45:50.051+0000] {processor.py:179} INFO - Processing /home/vscode/.local/lib/python3.10/site-packages/airflow/example_dags/example_short_circuit_decorator.py took 0.049 seconds
[2024-11-16T13:46:33.230+0000] {processor.py:157} INFO - Started process (PID=8743) to work on /home/vscode/.local/lib/python3.10/site-packages/airflow/example_dags/example_short_circuit_decorator.py
[2024-11-16T13:46:33.231+0000] {processor.py:826} INFO - Processing file /home/vscode/.local/lib/python3.10/site-packages/airflow/example_dags/example_short_circuit_decorator.py for tasks to queue
[2024-11-16T13:46:33.232+0000] {logging_mixin.py:150} INFO - [2024-11-16T13:46:33.231+0000] {dagbag.py:541} INFO - Filling up the DagBag from /home/vscode/.local/lib/python3.10/site-packages/airflow/example_dags/example_short_circuit_decorator.py
[2024-11-16T13:46:33.238+0000] {processor.py:836} INFO - DAG(s) dict_keys(['example_short_circuit_decorator']) retrieved from /home/vscode/.local/lib/python3.10/site-packages/airflow/example_dags/example_short_circuit_decorator.py
[2024-11-16T13:46:33.251+0000] {logging_mixin.py:150} INFO - [2024-11-16T13:46:33.251+0000] {dag.py:2742} INFO - Sync 1 DAGs
[2024-11-16T13:46:33.265+0000] {logging_mixin.py:150} INFO - [2024-11-16T13:46:33.264+0000] {dag.py:3504} INFO - Setting next_dagrun for example_short_circuit_decorator to 2024-11-15T13:46:33.264818+00:00, run_after=2024-11-16T13:46:33.264818+00:00
[2024-11-16T13:46:33.279+0000] {processor.py:179} INFO - Processing /home/vscode/.local/lib/python3.10/site-packages/airflow/example_dags/example_short_circuit_decorator.py took 0.051 seconds
[2024-11-16T13:47:16.331+0000] {processor.py:157} INFO - Started process (PID=9041) to work on /home/vscode/.local/lib/python3.10/site-packages/airflow/example_dags/example_short_circuit_decorator.py
[2024-11-16T13:47:16.331+0000] {processor.py:826} INFO - Processing file /home/vscode/.local/lib/python3.10/site-packages/airflow/example_dags/example_short_circuit_decorator.py for tasks to queue
[2024-11-16T13:47:16.332+0000] {logging_mixin.py:150} INFO - [2024-11-16T13:47:16.332+0000] {dagbag.py:541} INFO - Filling up the DagBag from /home/vscode/.local/lib/python3.10/site-packages/airflow/example_dags/example_short_circuit_decorator.py
[2024-11-16T13:47:16.339+0000] {processor.py:836} INFO - DAG(s) dict_keys(['example_short_circuit_decorator']) retrieved from /home/vscode/.local/lib/python3.10/site-packages/airflow/example_dags/example_short_circuit_decorator.py
[2024-11-16T13:47:16.352+0000] {logging_mixin.py:150} INFO - [2024-11-16T13:47:16.352+0000] {dag.py:2742} INFO - Sync 1 DAGs
[2024-11-16T13:47:16.367+0000] {logging_mixin.py:150} INFO - [2024-11-16T13:47:16.367+0000] {dag.py:3504} INFO - Setting next_dagrun for example_short_circuit_decorator to 2024-11-15T13:47:16.366892+00:00, run_after=2024-11-16T13:47:16.366892+00:00
[2024-11-16T13:47:16.381+0000] {processor.py:179} INFO - Processing /home/vscode/.local/lib/python3.10/site-packages/airflow/example_dags/example_short_circuit_decorator.py took 0.052 seconds
[2024-11-16T13:47:54.295+0000] {processor.py:157} INFO - Started process (PID=9289) to work on /home/vscode/.local/lib/python3.10/site-packages/airflow/example_dags/example_short_circuit_decorator.py
[2024-11-16T13:47:54.295+0000] {processor.py:826} INFO - Processing file /home/vscode/.local/lib/python3.10/site-packages/airflow/example_dags/example_short_circuit_decorator.py for tasks to queue
[2024-11-16T13:47:54.296+0000] {logging_mixin.py:150} INFO - [2024-11-16T13:47:54.296+0000] {dagbag.py:541} INFO - Filling up the DagBag from /home/vscode/.local/lib/python3.10/site-packages/airflow/example_dags/example_short_circuit_decorator.py
[2024-11-16T13:47:54.303+0000] {processor.py:836} INFO - DAG(s) dict_keys(['example_short_circuit_decorator']) retrieved from /home/vscode/.local/lib/python3.10/site-packages/airflow/example_dags/example_short_circuit_decorator.py
[2024-11-16T13:47:54.316+0000] {logging_mixin.py:150} INFO - [2024-11-16T13:47:54.315+0000] {dag.py:2742} INFO - Sync 1 DAGs
[2024-11-16T13:47:54.329+0000] {logging_mixin.py:150} INFO - [2024-11-16T13:47:54.329+0000] {dag.py:3504} INFO - Setting next_dagrun for example_short_circuit_decorator to 2024-11-15T13:47:54.329398+00:00, run_after=2024-11-16T13:47:54.329398+00:00
[2024-11-16T13:47:54.344+0000] {processor.py:179} INFO - Processing /home/vscode/.local/lib/python3.10/site-packages/airflow/example_dags/example_short_circuit_decorator.py took 0.051 seconds
[2024-11-16T13:48:39.468+0000] {processor.py:157} INFO - Started process (PID=9594) to work on /home/vscode/.local/lib/python3.10/site-packages/airflow/example_dags/example_short_circuit_decorator.py
[2024-11-16T13:48:39.469+0000] {processor.py:826} INFO - Processing file /home/vscode/.local/lib/python3.10/site-packages/airflow/example_dags/example_short_circuit_decorator.py for tasks to queue
[2024-11-16T13:48:39.469+0000] {logging_mixin.py:150} INFO - [2024-11-16T13:48:39.469+0000] {dagbag.py:541} INFO - Filling up the DagBag from /home/vscode/.local/lib/python3.10/site-packages/airflow/example_dags/example_short_circuit_decorator.py
[2024-11-16T13:48:39.477+0000] {processor.py:836} INFO - DAG(s) dict_keys(['example_short_circuit_decorator']) retrieved from /home/vscode/.local/lib/python3.10/site-packages/airflow/example_dags/example_short_circuit_decorator.py
[2024-11-16T13:48:39.490+0000] {logging_mixin.py:150} INFO - [2024-11-16T13:48:39.490+0000] {dag.py:2742} INFO - Sync 1 DAGs
[2024-11-16T13:48:39.504+0000] {logging_mixin.py:150} INFO - [2024-11-16T13:48:39.504+0000] {dag.py:3504} INFO - Setting next_dagrun for example_short_circuit_decorator to 2024-11-15T13:48:39.504316+00:00, run_after=2024-11-16T13:48:39.504316+00:00
[2024-11-16T13:48:39.518+0000] {processor.py:179} INFO - Processing /home/vscode/.local/lib/python3.10/site-packages/airflow/example_dags/example_short_circuit_decorator.py took 0.052 seconds
[2024-11-16T13:49:23.966+0000] {processor.py:157} INFO - Started process (PID=9903) to work on /home/vscode/.local/lib/python3.10/site-packages/airflow/example_dags/example_short_circuit_decorator.py
[2024-11-16T13:49:23.967+0000] {processor.py:826} INFO - Processing file /home/vscode/.local/lib/python3.10/site-packages/airflow/example_dags/example_short_circuit_decorator.py for tasks to queue
[2024-11-16T13:49:23.967+0000] {logging_mixin.py:150} INFO - [2024-11-16T13:49:23.967+0000] {dagbag.py:541} INFO - Filling up the DagBag from /home/vscode/.local/lib/python3.10/site-packages/airflow/example_dags/example_short_circuit_decorator.py
[2024-11-16T13:49:23.974+0000] {processor.py:836} INFO - DAG(s) dict_keys(['example_short_circuit_decorator']) retrieved from /home/vscode/.local/lib/python3.10/site-packages/airflow/example_dags/example_short_circuit_decorator.py
[2024-11-16T13:49:23.987+0000] {logging_mixin.py:150} INFO - [2024-11-16T13:49:23.987+0000] {dag.py:2742} INFO - Sync 1 DAGs
[2024-11-16T13:49:24.001+0000] {logging_mixin.py:150} INFO - [2024-11-16T13:49:24.001+0000] {dag.py:3504} INFO - Setting next_dagrun for example_short_circuit_decorator to 2024-11-15T13:49:24.001212+00:00, run_after=2024-11-16T13:49:24.001212+00:00
[2024-11-16T13:49:24.015+0000] {processor.py:179} INFO - Processing /home/vscode/.local/lib/python3.10/site-packages/airflow/example_dags/example_short_circuit_decorator.py took 0.051 seconds
[2024-11-16T13:49:56.959+0000] {processor.py:157} INFO - Started process (PID=10133) to work on /home/vscode/.local/lib/python3.10/site-packages/airflow/example_dags/example_short_circuit_decorator.py
[2024-11-16T13:49:56.959+0000] {processor.py:826} INFO - Processing file /home/vscode/.local/lib/python3.10/site-packages/airflow/example_dags/example_short_circuit_decorator.py for tasks to queue
[2024-11-16T13:49:56.960+0000] {logging_mixin.py:150} INFO - [2024-11-16T13:49:56.960+0000] {dagbag.py:541} INFO - Filling up the DagBag from /home/vscode/.local/lib/python3.10/site-packages/airflow/example_dags/example_short_circuit_decorator.py
[2024-11-16T13:49:56.967+0000] {processor.py:836} INFO - DAG(s) dict_keys(['example_short_circuit_decorator']) retrieved from /home/vscode/.local/lib/python3.10/site-packages/airflow/example_dags/example_short_circuit_decorator.py
[2024-11-16T13:49:56.979+0000] {logging_mixin.py:150} INFO - [2024-11-16T13:49:56.979+0000] {dag.py:2742} INFO - Sync 1 DAGs
[2024-11-16T13:49:56.992+0000] {logging_mixin.py:150} INFO - [2024-11-16T13:49:56.992+0000] {dag.py:3504} INFO - Setting next_dagrun for example_short_circuit_decorator to 2024-11-15T13:49:56.992663+00:00, run_after=2024-11-16T13:49:56.992663+00:00
[2024-11-16T13:49:57.007+0000] {processor.py:179} INFO - Processing /home/vscode/.local/lib/python3.10/site-packages/airflow/example_dags/example_short_circuit_decorator.py took 0.050 seconds
[2024-11-16T13:50:40.859+0000] {processor.py:157} INFO - Started process (PID=10425) to work on /home/vscode/.local/lib/python3.10/site-packages/airflow/example_dags/example_short_circuit_decorator.py
[2024-11-16T13:50:40.859+0000] {processor.py:826} INFO - Processing file /home/vscode/.local/lib/python3.10/site-packages/airflow/example_dags/example_short_circuit_decorator.py for tasks to queue
[2024-11-16T13:50:40.860+0000] {logging_mixin.py:150} INFO - [2024-11-16T13:50:40.860+0000] {dagbag.py:541} INFO - Filling up the DagBag from /home/vscode/.local/lib/python3.10/site-packages/airflow/example_dags/example_short_circuit_decorator.py
[2024-11-16T13:50:40.867+0000] {processor.py:836} INFO - DAG(s) dict_keys(['example_short_circuit_decorator']) retrieved from /home/vscode/.local/lib/python3.10/site-packages/airflow/example_dags/example_short_circuit_decorator.py
[2024-11-16T13:50:40.879+0000] {logging_mixin.py:150} INFO - [2024-11-16T13:50:40.879+0000] {dag.py:2742} INFO - Sync 1 DAGs
[2024-11-16T13:50:40.893+0000] {logging_mixin.py:150} INFO - [2024-11-16T13:50:40.893+0000] {dag.py:3504} INFO - Setting next_dagrun for example_short_circuit_decorator to 2024-11-15T13:50:40.893633+00:00, run_after=2024-11-16T13:50:40.893633+00:00
[2024-11-16T13:50:40.909+0000] {processor.py:179} INFO - Processing /home/vscode/.local/lib/python3.10/site-packages/airflow/example_dags/example_short_circuit_decorator.py took 0.052 seconds
[2024-11-16T13:51:21.861+0000] {processor.py:157} INFO - Started process (PID=10758) to work on /home/vscode/.local/lib/python3.10/site-packages/airflow/example_dags/example_short_circuit_decorator.py
[2024-11-16T13:51:21.862+0000] {processor.py:826} INFO - Processing file /home/vscode/.local/lib/python3.10/site-packages/airflow/example_dags/example_short_circuit_decorator.py for tasks to queue
[2024-11-16T13:51:21.863+0000] {logging_mixin.py:150} INFO - [2024-11-16T13:51:21.862+0000] {dagbag.py:541} INFO - Filling up the DagBag from /home/vscode/.local/lib/python3.10/site-packages/airflow/example_dags/example_short_circuit_decorator.py
[2024-11-16T13:51:21.869+0000] {processor.py:836} INFO - DAG(s) dict_keys(['example_short_circuit_decorator']) retrieved from /home/vscode/.local/lib/python3.10/site-packages/airflow/example_dags/example_short_circuit_decorator.py
[2024-11-16T13:51:21.882+0000] {logging_mixin.py:150} INFO - [2024-11-16T13:51:21.882+0000] {dag.py:2742} INFO - Sync 1 DAGs
[2024-11-16T13:51:21.895+0000] {logging_mixin.py:150} INFO - [2024-11-16T13:51:21.895+0000] {dag.py:3504} INFO - Setting next_dagrun for example_short_circuit_decorator to 2024-11-15T13:51:21.895641+00:00, run_after=2024-11-16T13:51:21.895641+00:00
[2024-11-16T13:51:21.910+0000] {processor.py:179} INFO - Processing /home/vscode/.local/lib/python3.10/site-packages/airflow/example_dags/example_short_circuit_decorator.py took 0.050 seconds
[2024-11-16T13:51:56.771+0000] {processor.py:157} INFO - Started process (PID=11050) to work on /home/vscode/.local/lib/python3.10/site-packages/airflow/example_dags/example_short_circuit_decorator.py
[2024-11-16T13:51:56.772+0000] {processor.py:826} INFO - Processing file /home/vscode/.local/lib/python3.10/site-packages/airflow/example_dags/example_short_circuit_decorator.py for tasks to queue
[2024-11-16T13:51:56.772+0000] {logging_mixin.py:150} INFO - [2024-11-16T13:51:56.772+0000] {dagbag.py:541} INFO - Filling up the DagBag from /home/vscode/.local/lib/python3.10/site-packages/airflow/example_dags/example_short_circuit_decorator.py
[2024-11-16T13:51:56.779+0000] {processor.py:836} INFO - DAG(s) dict_keys(['example_short_circuit_decorator']) retrieved from /home/vscode/.local/lib/python3.10/site-packages/airflow/example_dags/example_short_circuit_decorator.py
[2024-11-16T13:51:56.792+0000] {logging_mixin.py:150} INFO - [2024-11-16T13:51:56.792+0000] {dag.py:2742} INFO - Sync 1 DAGs
[2024-11-16T13:51:56.805+0000] {logging_mixin.py:150} INFO - [2024-11-16T13:51:56.805+0000] {dag.py:3504} INFO - Setting next_dagrun for example_short_circuit_decorator to 2024-11-15T13:51:56.805369+00:00, run_after=2024-11-16T13:51:56.805369+00:00
[2024-11-16T13:51:56.820+0000] {processor.py:179} INFO - Processing /home/vscode/.local/lib/python3.10/site-packages/airflow/example_dags/example_short_circuit_decorator.py took 0.051 seconds
