[2024-11-16T13:38:35.523+0000] {processor.py:157} INFO - Started process (PID=5479) to work on /home/vscode/.local/lib/python3.10/site-packages/airflow/example_dags/example_trigger_target_dag.py
[2024-11-16T13:38:35.523+0000] {processor.py:826} INFO - Processing file /home/vscode/.local/lib/python3.10/site-packages/airflow/example_dags/example_trigger_target_dag.py for tasks to queue
[2024-11-16T13:38:35.524+0000] {logging_mixin.py:150} INFO - [2024-11-16T13:38:35.524+0000] {dagbag.py:541} INFO - Filling up the DagBag from /home/vscode/.local/lib/python3.10/site-packages/airflow/example_dags/example_trigger_target_dag.py
[2024-11-16T13:38:35.530+0000] {processor.py:836} INFO - DAG(s) dict_keys(['example_trigger_target_dag']) retrieved from /home/vscode/.local/lib/python3.10/site-packages/airflow/example_dags/example_trigger_target_dag.py
[2024-11-16T13:38:35.676+0000] {logging_mixin.py:150} INFO - [2024-11-16T13:38:35.676+0000] {manager.py:504} INFO - Created Permission View: can edit on DAG:example_trigger_target_dag
[2024-11-16T13:38:35.683+0000] {logging_mixin.py:150} INFO - [2024-11-16T13:38:35.683+0000] {manager.py:504} INFO - Created Permission View: can delete on DAG:example_trigger_target_dag
[2024-11-16T13:38:35.689+0000] {logging_mixin.py:150} INFO - [2024-11-16T13:38:35.689+0000] {manager.py:504} INFO - Created Permission View: can read on DAG:example_trigger_target_dag
[2024-11-16T13:38:35.696+0000] {logging_mixin.py:150} INFO - [2024-11-16T13:38:35.696+0000] {dag.py:2742} INFO - Sync 1 DAGs
[2024-11-16T13:38:35.703+0000] {logging_mixin.py:150} INFO - [2024-11-16T13:38:35.703+0000] {dag.py:2763} INFO - Creating ORM DAG for example_trigger_target_dag
[2024-11-16T13:38:35.708+0000] {logging_mixin.py:150} INFO - [2024-11-16T13:38:35.708+0000] {dag.py:3504} INFO - Setting next_dagrun for example_trigger_target_dag to None, run_after=None
[2024-11-16T13:38:35.722+0000] {processor.py:179} INFO - Processing /home/vscode/.local/lib/python3.10/site-packages/airflow/example_dags/example_trigger_target_dag.py took 0.201 seconds
[2024-11-16T13:39:24.920+0000] {processor.py:157} INFO - Started process (PID=5851) to work on /home/vscode/.local/lib/python3.10/site-packages/airflow/example_dags/example_trigger_target_dag.py
[2024-11-16T13:39:24.921+0000] {processor.py:826} INFO - Processing file /home/vscode/.local/lib/python3.10/site-packages/airflow/example_dags/example_trigger_target_dag.py for tasks to queue
[2024-11-16T13:39:24.922+0000] {logging_mixin.py:150} INFO - [2024-11-16T13:39:24.921+0000] {dagbag.py:541} INFO - Filling up the DagBag from /home/vscode/.local/lib/python3.10/site-packages/airflow/example_dags/example_trigger_target_dag.py
[2024-11-16T13:39:24.926+0000] {processor.py:836} INFO - DAG(s) dict_keys(['example_trigger_target_dag']) retrieved from /home/vscode/.local/lib/python3.10/site-packages/airflow/example_dags/example_trigger_target_dag.py
[2024-11-16T13:39:24.938+0000] {logging_mixin.py:150} INFO - [2024-11-16T13:39:24.938+0000] {dag.py:2742} INFO - Sync 1 DAGs
[2024-11-16T13:39:24.951+0000] {logging_mixin.py:150} INFO - [2024-11-16T13:39:24.951+0000] {dag.py:3504} INFO - Setting next_dagrun for example_trigger_target_dag to None, run_after=None
[2024-11-16T13:39:24.965+0000] {processor.py:179} INFO - Processing /home/vscode/.local/lib/python3.10/site-packages/airflow/example_dags/example_trigger_target_dag.py took 0.047 seconds
[2024-11-16T13:40:10.189+0000] {processor.py:157} INFO - Started process (PID=6177) to work on /home/vscode/.local/lib/python3.10/site-packages/airflow/example_dags/example_trigger_target_dag.py
[2024-11-16T13:40:10.189+0000] {processor.py:826} INFO - Processing file /home/vscode/.local/lib/python3.10/site-packages/airflow/example_dags/example_trigger_target_dag.py for tasks to queue
[2024-11-16T13:40:10.190+0000] {logging_mixin.py:150} INFO - [2024-11-16T13:40:10.190+0000] {dagbag.py:541} INFO - Filling up the DagBag from /home/vscode/.local/lib/python3.10/site-packages/airflow/example_dags/example_trigger_target_dag.py
[2024-11-16T13:40:10.194+0000] {processor.py:836} INFO - DAG(s) dict_keys(['example_trigger_target_dag']) retrieved from /home/vscode/.local/lib/python3.10/site-packages/airflow/example_dags/example_trigger_target_dag.py
[2024-11-16T13:40:10.205+0000] {logging_mixin.py:150} INFO - [2024-11-16T13:40:10.205+0000] {dag.py:2742} INFO - Sync 1 DAGs
[2024-11-16T13:40:10.218+0000] {logging_mixin.py:150} INFO - [2024-11-16T13:40:10.218+0000] {dag.py:3504} INFO - Setting next_dagrun for example_trigger_target_dag to None, run_after=None
[2024-11-16T13:40:10.233+0000] {processor.py:179} INFO - Processing /home/vscode/.local/lib/python3.10/site-packages/airflow/example_dags/example_trigger_target_dag.py took 0.046 seconds
[2024-11-16T13:40:55.790+0000] {processor.py:157} INFO - Started process (PID=6492) to work on /home/vscode/.local/lib/python3.10/site-packages/airflow/example_dags/example_trigger_target_dag.py
[2024-11-16T13:40:55.791+0000] {processor.py:826} INFO - Processing file /home/vscode/.local/lib/python3.10/site-packages/airflow/example_dags/example_trigger_target_dag.py for tasks to queue
[2024-11-16T13:40:55.791+0000] {logging_mixin.py:150} INFO - [2024-11-16T13:40:55.791+0000] {dagbag.py:541} INFO - Filling up the DagBag from /home/vscode/.local/lib/python3.10/site-packages/airflow/example_dags/example_trigger_target_dag.py
[2024-11-16T13:40:55.796+0000] {processor.py:836} INFO - DAG(s) dict_keys(['example_trigger_target_dag']) retrieved from /home/vscode/.local/lib/python3.10/site-packages/airflow/example_dags/example_trigger_target_dag.py
[2024-11-16T13:40:55.806+0000] {logging_mixin.py:150} INFO - [2024-11-16T13:40:55.806+0000] {dag.py:2742} INFO - Sync 1 DAGs
[2024-11-16T13:40:55.819+0000] {logging_mixin.py:150} INFO - [2024-11-16T13:40:55.819+0000] {dag.py:3504} INFO - Setting next_dagrun for example_trigger_target_dag to None, run_after=None
[2024-11-16T13:40:55.833+0000] {processor.py:179} INFO - Processing /home/vscode/.local/lib/python3.10/site-packages/airflow/example_dags/example_trigger_target_dag.py took 0.045 seconds
[2024-11-16T13:41:38.633+0000] {processor.py:157} INFO - Started process (PID=6773) to work on /home/vscode/.local/lib/python3.10/site-packages/airflow/example_dags/example_trigger_target_dag.py
[2024-11-16T13:41:38.633+0000] {processor.py:826} INFO - Processing file /home/vscode/.local/lib/python3.10/site-packages/airflow/example_dags/example_trigger_target_dag.py for tasks to queue
[2024-11-16T13:41:38.634+0000] {logging_mixin.py:150} INFO - [2024-11-16T13:41:38.634+0000] {dagbag.py:541} INFO - Filling up the DagBag from /home/vscode/.local/lib/python3.10/site-packages/airflow/example_dags/example_trigger_target_dag.py
[2024-11-16T13:41:38.638+0000] {processor.py:836} INFO - DAG(s) dict_keys(['example_trigger_target_dag']) retrieved from /home/vscode/.local/lib/python3.10/site-packages/airflow/example_dags/example_trigger_target_dag.py
[2024-11-16T13:41:38.649+0000] {logging_mixin.py:150} INFO - [2024-11-16T13:41:38.649+0000] {dag.py:2742} INFO - Sync 1 DAGs
[2024-11-16T13:41:38.662+0000] {logging_mixin.py:150} INFO - [2024-11-16T13:41:38.662+0000] {dag.py:3504} INFO - Setting next_dagrun for example_trigger_target_dag to None, run_after=None
[2024-11-16T13:41:38.676+0000] {processor.py:179} INFO - Processing /home/vscode/.local/lib/python3.10/site-packages/airflow/example_dags/example_trigger_target_dag.py took 0.046 seconds
[2024-11-16T13:42:24.841+0000] {processor.py:157} INFO - Started process (PID=7084) to work on /home/vscode/.local/lib/python3.10/site-packages/airflow/example_dags/example_trigger_target_dag.py
[2024-11-16T13:42:24.842+0000] {processor.py:826} INFO - Processing file /home/vscode/.local/lib/python3.10/site-packages/airflow/example_dags/example_trigger_target_dag.py for tasks to queue
[2024-11-16T13:42:24.842+0000] {logging_mixin.py:150} INFO - [2024-11-16T13:42:24.842+0000] {dagbag.py:541} INFO - Filling up the DagBag from /home/vscode/.local/lib/python3.10/site-packages/airflow/example_dags/example_trigger_target_dag.py
[2024-11-16T13:42:24.846+0000] {processor.py:836} INFO - DAG(s) dict_keys(['example_trigger_target_dag']) retrieved from /home/vscode/.local/lib/python3.10/site-packages/airflow/example_dags/example_trigger_target_dag.py
[2024-11-16T13:42:24.857+0000] {logging_mixin.py:150} INFO - [2024-11-16T13:42:24.857+0000] {dag.py:2742} INFO - Sync 1 DAGs
[2024-11-16T13:42:24.871+0000] {logging_mixin.py:150} INFO - [2024-11-16T13:42:24.871+0000] {dag.py:3504} INFO - Setting next_dagrun for example_trigger_target_dag to None, run_after=None
[2024-11-16T13:42:24.885+0000] {processor.py:179} INFO - Processing /home/vscode/.local/lib/python3.10/site-packages/airflow/example_dags/example_trigger_target_dag.py took 0.046 seconds
[2024-11-16T13:43:04.810+0000] {processor.py:157} INFO - Started process (PID=7352) to work on /home/vscode/.local/lib/python3.10/site-packages/airflow/example_dags/example_trigger_target_dag.py
[2024-11-16T13:43:04.810+0000] {processor.py:826} INFO - Processing file /home/vscode/.local/lib/python3.10/site-packages/airflow/example_dags/example_trigger_target_dag.py for tasks to queue
[2024-11-16T13:43:04.811+0000] {logging_mixin.py:150} INFO - [2024-11-16T13:43:04.810+0000] {dagbag.py:541} INFO - Filling up the DagBag from /home/vscode/.local/lib/python3.10/site-packages/airflow/example_dags/example_trigger_target_dag.py
[2024-11-16T13:43:04.815+0000] {processor.py:836} INFO - DAG(s) dict_keys(['example_trigger_target_dag']) retrieved from /home/vscode/.local/lib/python3.10/site-packages/airflow/example_dags/example_trigger_target_dag.py
[2024-11-16T13:43:04.825+0000] {logging_mixin.py:150} INFO - [2024-11-16T13:43:04.825+0000] {dag.py:2742} INFO - Sync 1 DAGs
[2024-11-16T13:43:04.839+0000] {logging_mixin.py:150} INFO - [2024-11-16T13:43:04.839+0000] {dag.py:3504} INFO - Setting next_dagrun for example_trigger_target_dag to None, run_after=None
[2024-11-16T13:43:04.853+0000] {processor.py:179} INFO - Processing /home/vscode/.local/lib/python3.10/site-packages/airflow/example_dags/example_trigger_target_dag.py took 0.045 seconds
[2024-11-16T13:43:50.412+0000] {processor.py:157} INFO - Started process (PID=7654) to work on /home/vscode/.local/lib/python3.10/site-packages/airflow/example_dags/example_trigger_target_dag.py
[2024-11-16T13:43:50.413+0000] {processor.py:826} INFO - Processing file /home/vscode/.local/lib/python3.10/site-packages/airflow/example_dags/example_trigger_target_dag.py for tasks to queue
[2024-11-16T13:43:50.413+0000] {logging_mixin.py:150} INFO - [2024-11-16T13:43:50.413+0000] {dagbag.py:541} INFO - Filling up the DagBag from /home/vscode/.local/lib/python3.10/site-packages/airflow/example_dags/example_trigger_target_dag.py
[2024-11-16T13:43:50.417+0000] {processor.py:836} INFO - DAG(s) dict_keys(['example_trigger_target_dag']) retrieved from /home/vscode/.local/lib/python3.10/site-packages/airflow/example_dags/example_trigger_target_dag.py
[2024-11-16T13:43:50.428+0000] {logging_mixin.py:150} INFO - [2024-11-16T13:43:50.428+0000] {dag.py:2742} INFO - Sync 1 DAGs
[2024-11-16T13:43:50.441+0000] {logging_mixin.py:150} INFO - [2024-11-16T13:43:50.441+0000] {dag.py:3504} INFO - Setting next_dagrun for example_trigger_target_dag to None, run_after=None
[2024-11-16T13:43:50.455+0000] {processor.py:179} INFO - Processing /home/vscode/.local/lib/python3.10/site-packages/airflow/example_dags/example_trigger_target_dag.py took 0.045 seconds
[2024-11-16T13:44:32.990+0000] {processor.py:157} INFO - Started process (PID=7939) to work on /home/vscode/.local/lib/python3.10/site-packages/airflow/example_dags/example_trigger_target_dag.py
[2024-11-16T13:44:32.991+0000] {processor.py:826} INFO - Processing file /home/vscode/.local/lib/python3.10/site-packages/airflow/example_dags/example_trigger_target_dag.py for tasks to queue
[2024-11-16T13:44:32.991+0000] {logging_mixin.py:150} INFO - [2024-11-16T13:44:32.991+0000] {dagbag.py:541} INFO - Filling up the DagBag from /home/vscode/.local/lib/python3.10/site-packages/airflow/example_dags/example_trigger_target_dag.py
[2024-11-16T13:44:32.995+0000] {processor.py:836} INFO - DAG(s) dict_keys(['example_trigger_target_dag']) retrieved from /home/vscode/.local/lib/python3.10/site-packages/airflow/example_dags/example_trigger_target_dag.py
[2024-11-16T13:44:33.006+0000] {logging_mixin.py:150} INFO - [2024-11-16T13:44:33.006+0000] {dag.py:2742} INFO - Sync 1 DAGs
[2024-11-16T13:44:33.019+0000] {logging_mixin.py:150} INFO - [2024-11-16T13:44:33.019+0000] {dag.py:3504} INFO - Setting next_dagrun for example_trigger_target_dag to None, run_after=None
[2024-11-16T13:44:33.033+0000] {processor.py:179} INFO - Processing /home/vscode/.local/lib/python3.10/site-packages/airflow/example_dags/example_trigger_target_dag.py took 0.045 seconds
[2024-11-16T13:45:16.367+0000] {processor.py:157} INFO - Started process (PID=8238) to work on /home/vscode/.local/lib/python3.10/site-packages/airflow/example_dags/example_trigger_target_dag.py
[2024-11-16T13:45:16.368+0000] {processor.py:826} INFO - Processing file /home/vscode/.local/lib/python3.10/site-packages/airflow/example_dags/example_trigger_target_dag.py for tasks to queue
[2024-11-16T13:45:16.368+0000] {logging_mixin.py:150} INFO - [2024-11-16T13:45:16.368+0000] {dagbag.py:541} INFO - Filling up the DagBag from /home/vscode/.local/lib/python3.10/site-packages/airflow/example_dags/example_trigger_target_dag.py
[2024-11-16T13:45:16.372+0000] {processor.py:836} INFO - DAG(s) dict_keys(['example_trigger_target_dag']) retrieved from /home/vscode/.local/lib/python3.10/site-packages/airflow/example_dags/example_trigger_target_dag.py
[2024-11-16T13:45:16.383+0000] {logging_mixin.py:150} INFO - [2024-11-16T13:45:16.383+0000] {dag.py:2742} INFO - Sync 1 DAGs
[2024-11-16T13:45:16.396+0000] {logging_mixin.py:150} INFO - [2024-11-16T13:45:16.396+0000] {dag.py:3504} INFO - Setting next_dagrun for example_trigger_target_dag to None, run_after=None
[2024-11-16T13:45:16.410+0000] {processor.py:179} INFO - Processing /home/vscode/.local/lib/python3.10/site-packages/airflow/example_dags/example_trigger_target_dag.py took 0.045 seconds
[2024-11-16T13:46:02.904+0000] {processor.py:157} INFO - Started process (PID=8542) to work on /home/vscode/.local/lib/python3.10/site-packages/airflow/example_dags/example_trigger_target_dag.py
[2024-11-16T13:46:02.905+0000] {processor.py:826} INFO - Processing file /home/vscode/.local/lib/python3.10/site-packages/airflow/example_dags/example_trigger_target_dag.py for tasks to queue
[2024-11-16T13:46:02.905+0000] {logging_mixin.py:150} INFO - [2024-11-16T13:46:02.905+0000] {dagbag.py:541} INFO - Filling up the DagBag from /home/vscode/.local/lib/python3.10/site-packages/airflow/example_dags/example_trigger_target_dag.py
[2024-11-16T13:46:02.909+0000] {processor.py:836} INFO - DAG(s) dict_keys(['example_trigger_target_dag']) retrieved from /home/vscode/.local/lib/python3.10/site-packages/airflow/example_dags/example_trigger_target_dag.py
[2024-11-16T13:46:02.920+0000] {logging_mixin.py:150} INFO - [2024-11-16T13:46:02.920+0000] {dag.py:2742} INFO - Sync 1 DAGs
[2024-11-16T13:46:02.933+0000] {logging_mixin.py:150} INFO - [2024-11-16T13:46:02.933+0000] {dag.py:3504} INFO - Setting next_dagrun for example_trigger_target_dag to None, run_after=None
[2024-11-16T13:46:02.947+0000] {processor.py:179} INFO - Processing /home/vscode/.local/lib/python3.10/site-packages/airflow/example_dags/example_trigger_target_dag.py took 0.045 seconds
[2024-11-16T13:46:37.372+0000] {processor.py:157} INFO - Started process (PID=8776) to work on /home/vscode/.local/lib/python3.10/site-packages/airflow/example_dags/example_trigger_target_dag.py
[2024-11-16T13:46:37.372+0000] {processor.py:826} INFO - Processing file /home/vscode/.local/lib/python3.10/site-packages/airflow/example_dags/example_trigger_target_dag.py for tasks to queue
[2024-11-16T13:46:37.373+0000] {logging_mixin.py:150} INFO - [2024-11-16T13:46:37.373+0000] {dagbag.py:541} INFO - Filling up the DagBag from /home/vscode/.local/lib/python3.10/site-packages/airflow/example_dags/example_trigger_target_dag.py
[2024-11-16T13:46:37.378+0000] {processor.py:836} INFO - DAG(s) dict_keys(['example_trigger_target_dag']) retrieved from /home/vscode/.local/lib/python3.10/site-packages/airflow/example_dags/example_trigger_target_dag.py
[2024-11-16T13:46:37.394+0000] {logging_mixin.py:150} INFO - [2024-11-16T13:46:37.394+0000] {dag.py:2742} INFO - Sync 1 DAGs
[2024-11-16T13:46:37.414+0000] {logging_mixin.py:150} INFO - [2024-11-16T13:46:37.414+0000] {dag.py:3504} INFO - Setting next_dagrun for example_trigger_target_dag to None, run_after=None
[2024-11-16T13:46:37.433+0000] {processor.py:179} INFO - Processing /home/vscode/.local/lib/python3.10/site-packages/airflow/example_dags/example_trigger_target_dag.py took 0.063 seconds
[2024-11-16T13:47:20.861+0000] {processor.py:157} INFO - Started process (PID=9068) to work on /home/vscode/.local/lib/python3.10/site-packages/airflow/example_dags/example_trigger_target_dag.py
[2024-11-16T13:47:20.862+0000] {processor.py:826} INFO - Processing file /home/vscode/.local/lib/python3.10/site-packages/airflow/example_dags/example_trigger_target_dag.py for tasks to queue
[2024-11-16T13:47:20.862+0000] {logging_mixin.py:150} INFO - [2024-11-16T13:47:20.862+0000] {dagbag.py:541} INFO - Filling up the DagBag from /home/vscode/.local/lib/python3.10/site-packages/airflow/example_dags/example_trigger_target_dag.py
[2024-11-16T13:47:20.867+0000] {processor.py:836} INFO - DAG(s) dict_keys(['example_trigger_target_dag']) retrieved from /home/vscode/.local/lib/python3.10/site-packages/airflow/example_dags/example_trigger_target_dag.py
[2024-11-16T13:47:20.878+0000] {logging_mixin.py:150} INFO - [2024-11-16T13:47:20.878+0000] {dag.py:2742} INFO - Sync 1 DAGs
[2024-11-16T13:47:20.891+0000] {logging_mixin.py:150} INFO - [2024-11-16T13:47:20.891+0000] {dag.py:3504} INFO - Setting next_dagrun for example_trigger_target_dag to None, run_after=None
[2024-11-16T13:47:20.905+0000] {processor.py:179} INFO - Processing /home/vscode/.local/lib/python3.10/site-packages/airflow/example_dags/example_trigger_target_dag.py took 0.046 seconds
[2024-11-16T13:47:58.295+0000] {processor.py:157} INFO - Started process (PID=9315) to work on /home/vscode/.local/lib/python3.10/site-packages/airflow/example_dags/example_trigger_target_dag.py
[2024-11-16T13:47:58.296+0000] {processor.py:826} INFO - Processing file /home/vscode/.local/lib/python3.10/site-packages/airflow/example_dags/example_trigger_target_dag.py for tasks to queue
[2024-11-16T13:47:58.296+0000] {logging_mixin.py:150} INFO - [2024-11-16T13:47:58.296+0000] {dagbag.py:541} INFO - Filling up the DagBag from /home/vscode/.local/lib/python3.10/site-packages/airflow/example_dags/example_trigger_target_dag.py
[2024-11-16T13:47:58.301+0000] {processor.py:836} INFO - DAG(s) dict_keys(['example_trigger_target_dag']) retrieved from /home/vscode/.local/lib/python3.10/site-packages/airflow/example_dags/example_trigger_target_dag.py
[2024-11-16T13:47:58.312+0000] {logging_mixin.py:150} INFO - [2024-11-16T13:47:58.312+0000] {dag.py:2742} INFO - Sync 1 DAGs
[2024-11-16T13:47:58.326+0000] {logging_mixin.py:150} INFO - [2024-11-16T13:47:58.326+0000] {dag.py:3504} INFO - Setting next_dagrun for example_trigger_target_dag to None, run_after=None
[2024-11-16T13:47:58.344+0000] {processor.py:179} INFO - Processing /home/vscode/.local/lib/python3.10/site-packages/airflow/example_dags/example_trigger_target_dag.py took 0.051 seconds
[2024-11-16T13:48:43.466+0000] {processor.py:157} INFO - Started process (PID=9617) to work on /home/vscode/.local/lib/python3.10/site-packages/airflow/example_dags/example_trigger_target_dag.py
[2024-11-16T13:48:43.466+0000] {processor.py:826} INFO - Processing file /home/vscode/.local/lib/python3.10/site-packages/airflow/example_dags/example_trigger_target_dag.py for tasks to queue
[2024-11-16T13:48:43.467+0000] {logging_mixin.py:150} INFO - [2024-11-16T13:48:43.467+0000] {dagbag.py:541} INFO - Filling up the DagBag from /home/vscode/.local/lib/python3.10/site-packages/airflow/example_dags/example_trigger_target_dag.py
[2024-11-16T13:48:43.471+0000] {processor.py:836} INFO - DAG(s) dict_keys(['example_trigger_target_dag']) retrieved from /home/vscode/.local/lib/python3.10/site-packages/airflow/example_dags/example_trigger_target_dag.py
[2024-11-16T13:48:43.482+0000] {logging_mixin.py:150} INFO - [2024-11-16T13:48:43.482+0000] {dag.py:2742} INFO - Sync 1 DAGs
[2024-11-16T13:48:43.495+0000] {logging_mixin.py:150} INFO - [2024-11-16T13:48:43.495+0000] {dag.py:3504} INFO - Setting next_dagrun for example_trigger_target_dag to None, run_after=None
[2024-11-16T13:48:43.509+0000] {processor.py:179} INFO - Processing /home/vscode/.local/lib/python3.10/site-packages/airflow/example_dags/example_trigger_target_dag.py took 0.046 seconds
[2024-11-16T13:49:27.690+0000] {processor.py:157} INFO - Started process (PID=9935) to work on /home/vscode/.local/lib/python3.10/site-packages/airflow/example_dags/example_trigger_target_dag.py
[2024-11-16T13:49:27.691+0000] {processor.py:826} INFO - Processing file /home/vscode/.local/lib/python3.10/site-packages/airflow/example_dags/example_trigger_target_dag.py for tasks to queue
[2024-11-16T13:49:27.691+0000] {logging_mixin.py:150} INFO - [2024-11-16T13:49:27.691+0000] {dagbag.py:541} INFO - Filling up the DagBag from /home/vscode/.local/lib/python3.10/site-packages/airflow/example_dags/example_trigger_target_dag.py
[2024-11-16T13:49:27.695+0000] {processor.py:836} INFO - DAG(s) dict_keys(['example_trigger_target_dag']) retrieved from /home/vscode/.local/lib/python3.10/site-packages/airflow/example_dags/example_trigger_target_dag.py
[2024-11-16T13:49:27.706+0000] {logging_mixin.py:150} INFO - [2024-11-16T13:49:27.706+0000] {dag.py:2742} INFO - Sync 1 DAGs
[2024-11-16T13:49:27.720+0000] {logging_mixin.py:150} INFO - [2024-11-16T13:49:27.720+0000] {dag.py:3504} INFO - Setting next_dagrun for example_trigger_target_dag to None, run_after=None
[2024-11-16T13:49:27.737+0000] {processor.py:179} INFO - Processing /home/vscode/.local/lib/python3.10/site-packages/airflow/example_dags/example_trigger_target_dag.py took 0.049 seconds
[2024-11-16T13:50:13.039+0000] {processor.py:157} INFO - Started process (PID=10238) to work on /home/vscode/.local/lib/python3.10/site-packages/airflow/example_dags/example_trigger_target_dag.py
[2024-11-16T13:50:13.039+0000] {processor.py:826} INFO - Processing file /home/vscode/.local/lib/python3.10/site-packages/airflow/example_dags/example_trigger_target_dag.py for tasks to queue
[2024-11-16T13:50:13.040+0000] {logging_mixin.py:150} INFO - [2024-11-16T13:50:13.040+0000] {dagbag.py:541} INFO - Filling up the DagBag from /home/vscode/.local/lib/python3.10/site-packages/airflow/example_dags/example_trigger_target_dag.py
[2024-11-16T13:50:13.045+0000] {processor.py:836} INFO - DAG(s) dict_keys(['example_trigger_target_dag']) retrieved from /home/vscode/.local/lib/python3.10/site-packages/airflow/example_dags/example_trigger_target_dag.py
[2024-11-16T13:50:13.056+0000] {logging_mixin.py:150} INFO - [2024-11-16T13:50:13.055+0000] {dag.py:2742} INFO - Sync 1 DAGs
[2024-11-16T13:50:13.069+0000] {logging_mixin.py:150} INFO - [2024-11-16T13:50:13.069+0000] {dag.py:3504} INFO - Setting next_dagrun for example_trigger_target_dag to None, run_after=None
[2024-11-16T13:50:13.083+0000] {processor.py:179} INFO - Processing /home/vscode/.local/lib/python3.10/site-packages/airflow/example_dags/example_trigger_target_dag.py took 0.047 seconds
[2024-11-16T13:50:56.270+0000] {processor.py:157} INFO - Started process (PID=10580) to work on /home/vscode/.local/lib/python3.10/site-packages/airflow/example_dags/example_trigger_target_dag.py
[2024-11-16T13:50:56.271+0000] {processor.py:826} INFO - Processing file /home/vscode/.local/lib/python3.10/site-packages/airflow/example_dags/example_trigger_target_dag.py for tasks to queue
[2024-11-16T13:50:56.272+0000] {logging_mixin.py:150} INFO - [2024-11-16T13:50:56.271+0000] {dagbag.py:541} INFO - Filling up the DagBag from /home/vscode/.local/lib/python3.10/site-packages/airflow/example_dags/example_trigger_target_dag.py
[2024-11-16T13:50:56.276+0000] {processor.py:836} INFO - DAG(s) dict_keys(['example_trigger_target_dag']) retrieved from /home/vscode/.local/lib/python3.10/site-packages/airflow/example_dags/example_trigger_target_dag.py
[2024-11-16T13:50:56.286+0000] {logging_mixin.py:150} INFO - [2024-11-16T13:50:56.286+0000] {dag.py:2742} INFO - Sync 1 DAGs
[2024-11-16T13:50:56.300+0000] {logging_mixin.py:150} INFO - [2024-11-16T13:50:56.300+0000] {dag.py:3504} INFO - Setting next_dagrun for example_trigger_target_dag to None, run_after=None
[2024-11-16T13:50:56.313+0000] {processor.py:179} INFO - Processing /home/vscode/.local/lib/python3.10/site-packages/airflow/example_dags/example_trigger_target_dag.py took 0.045 seconds
[2024-11-16T13:51:37.979+0000] {processor.py:157} INFO - Started process (PID=10869) to work on /home/vscode/.local/lib/python3.10/site-packages/airflow/example_dags/example_trigger_target_dag.py
[2024-11-16T13:51:37.980+0000] {processor.py:826} INFO - Processing file /home/vscode/.local/lib/python3.10/site-packages/airflow/example_dags/example_trigger_target_dag.py for tasks to queue
[2024-11-16T13:51:37.980+0000] {logging_mixin.py:150} INFO - [2024-11-16T13:51:37.980+0000] {dagbag.py:541} INFO - Filling up the DagBag from /home/vscode/.local/lib/python3.10/site-packages/airflow/example_dags/example_trigger_target_dag.py
[2024-11-16T13:51:37.984+0000] {processor.py:836} INFO - DAG(s) dict_keys(['example_trigger_target_dag']) retrieved from /home/vscode/.local/lib/python3.10/site-packages/airflow/example_dags/example_trigger_target_dag.py
[2024-11-16T13:51:37.995+0000] {logging_mixin.py:150} INFO - [2024-11-16T13:51:37.995+0000] {dag.py:2742} INFO - Sync 1 DAGs
[2024-11-16T13:51:38.008+0000] {logging_mixin.py:150} INFO - [2024-11-16T13:51:38.008+0000] {dag.py:3504} INFO - Setting next_dagrun for example_trigger_target_dag to None, run_after=None
[2024-11-16T13:51:38.023+0000] {processor.py:179} INFO - Processing /home/vscode/.local/lib/python3.10/site-packages/airflow/example_dags/example_trigger_target_dag.py took 0.046 seconds
