[2024-11-16T13:38:48.538+0000] {processor.py:157} INFO - Started process (PID=5569) to work on /home/vscode/.local/lib/python3.10/site-packages/airflow/example_dags/example_nested_branch_dag.py
[2024-11-16T13:38:48.539+0000] {processor.py:826} INFO - Processing file /home/vscode/.local/lib/python3.10/site-packages/airflow/example_dags/example_nested_branch_dag.py for tasks to queue
[2024-11-16T13:38:48.539+0000] {logging_mixin.py:150} INFO - [2024-11-16T13:38:48.539+0000] {dagbag.py:541} INFO - Filling up the DagBag from /home/vscode/.local/lib/python3.10/site-packages/airflow/example_dags/example_nested_branch_dag.py
[2024-11-16T13:38:48.546+0000] {processor.py:836} INFO - DAG(s) dict_keys(['example_nested_branch_dag']) retrieved from /home/vscode/.local/lib/python3.10/site-packages/airflow/example_dags/example_nested_branch_dag.py
[2024-11-16T13:38:48.686+0000] {logging_mixin.py:150} INFO - [2024-11-16T13:38:48.686+0000] {manager.py:504} INFO - Created Permission View: can edit on DAG:example_nested_branch_dag
[2024-11-16T13:38:48.693+0000] {logging_mixin.py:150} INFO - [2024-11-16T13:38:48.693+0000] {manager.py:504} INFO - Created Permission View: can delete on DAG:example_nested_branch_dag
[2024-11-16T13:38:48.698+0000] {logging_mixin.py:150} INFO - [2024-11-16T13:38:48.698+0000] {manager.py:504} INFO - Created Permission View: can read on DAG:example_nested_branch_dag
[2024-11-16T13:38:48.706+0000] {logging_mixin.py:150} INFO - [2024-11-16T13:38:48.706+0000] {dag.py:2742} INFO - Sync 1 DAGs
[2024-11-16T13:38:48.712+0000] {logging_mixin.py:150} INFO - [2024-11-16T13:38:48.712+0000] {dag.py:2763} INFO - Creating ORM DAG for example_nested_branch_dag
[2024-11-16T13:38:48.719+0000] {logging_mixin.py:150} INFO - [2024-11-16T13:38:48.719+0000] {dag.py:3504} INFO - Setting next_dagrun for example_nested_branch_dag to 2024-11-15T00:00:00+00:00, run_after=2024-11-16T00:00:00+00:00
[2024-11-16T13:38:48.732+0000] {processor.py:179} INFO - Processing /home/vscode/.local/lib/python3.10/site-packages/airflow/example_dags/example_nested_branch_dag.py took 0.196 seconds
[2024-11-16T13:39:36.332+0000] {processor.py:157} INFO - Started process (PID=5932) to work on /home/vscode/.local/lib/python3.10/site-packages/airflow/example_dags/example_nested_branch_dag.py
[2024-11-16T13:39:36.333+0000] {processor.py:826} INFO - Processing file /home/vscode/.local/lib/python3.10/site-packages/airflow/example_dags/example_nested_branch_dag.py for tasks to queue
[2024-11-16T13:39:36.333+0000] {logging_mixin.py:150} INFO - [2024-11-16T13:39:36.333+0000] {dagbag.py:541} INFO - Filling up the DagBag from /home/vscode/.local/lib/python3.10/site-packages/airflow/example_dags/example_nested_branch_dag.py
[2024-11-16T13:39:36.340+0000] {processor.py:836} INFO - DAG(s) dict_keys(['example_nested_branch_dag']) retrieved from /home/vscode/.local/lib/python3.10/site-packages/airflow/example_dags/example_nested_branch_dag.py
[2024-11-16T13:39:36.352+0000] {logging_mixin.py:150} INFO - [2024-11-16T13:39:36.352+0000] {dag.py:2742} INFO - Sync 1 DAGs
[2024-11-16T13:39:36.367+0000] {logging_mixin.py:150} INFO - [2024-11-16T13:39:36.367+0000] {dag.py:3504} INFO - Setting next_dagrun for example_nested_branch_dag to 2024-11-15T00:00:00+00:00, run_after=2024-11-16T00:00:00+00:00
[2024-11-16T13:39:36.381+0000] {processor.py:179} INFO - Processing /home/vscode/.local/lib/python3.10/site-packages/airflow/example_dags/example_nested_branch_dag.py took 0.051 seconds
[2024-11-16T13:40:21.602+0000] {processor.py:157} INFO - Started process (PID=6254) to work on /home/vscode/.local/lib/python3.10/site-packages/airflow/example_dags/example_nested_branch_dag.py
[2024-11-16T13:40:21.603+0000] {processor.py:826} INFO - Processing file /home/vscode/.local/lib/python3.10/site-packages/airflow/example_dags/example_nested_branch_dag.py for tasks to queue
[2024-11-16T13:40:21.603+0000] {logging_mixin.py:150} INFO - [2024-11-16T13:40:21.603+0000] {dagbag.py:541} INFO - Filling up the DagBag from /home/vscode/.local/lib/python3.10/site-packages/airflow/example_dags/example_nested_branch_dag.py
[2024-11-16T13:40:21.610+0000] {processor.py:836} INFO - DAG(s) dict_keys(['example_nested_branch_dag']) retrieved from /home/vscode/.local/lib/python3.10/site-packages/airflow/example_dags/example_nested_branch_dag.py
[2024-11-16T13:40:21.622+0000] {logging_mixin.py:150} INFO - [2024-11-16T13:40:21.622+0000] {dag.py:2742} INFO - Sync 1 DAGs
[2024-11-16T13:40:21.636+0000] {logging_mixin.py:150} INFO - [2024-11-16T13:40:21.636+0000] {dag.py:3504} INFO - Setting next_dagrun for example_nested_branch_dag to 2024-11-15T00:00:00+00:00, run_after=2024-11-16T00:00:00+00:00
[2024-11-16T13:40:21.650+0000] {processor.py:179} INFO - Processing /home/vscode/.local/lib/python3.10/site-packages/airflow/example_dags/example_nested_branch_dag.py took 0.051 seconds
[2024-11-16T13:41:06.667+0000] {processor.py:157} INFO - Started process (PID=6562) to work on /home/vscode/.local/lib/python3.10/site-packages/airflow/example_dags/example_nested_branch_dag.py
[2024-11-16T13:41:06.668+0000] {processor.py:826} INFO - Processing file /home/vscode/.local/lib/python3.10/site-packages/airflow/example_dags/example_nested_branch_dag.py for tasks to queue
[2024-11-16T13:41:06.668+0000] {logging_mixin.py:150} INFO - [2024-11-16T13:41:06.668+0000] {dagbag.py:541} INFO - Filling up the DagBag from /home/vscode/.local/lib/python3.10/site-packages/airflow/example_dags/example_nested_branch_dag.py
[2024-11-16T13:41:06.675+0000] {processor.py:836} INFO - DAG(s) dict_keys(['example_nested_branch_dag']) retrieved from /home/vscode/.local/lib/python3.10/site-packages/airflow/example_dags/example_nested_branch_dag.py
[2024-11-16T13:41:06.687+0000] {logging_mixin.py:150} INFO - [2024-11-16T13:41:06.687+0000] {dag.py:2742} INFO - Sync 1 DAGs
[2024-11-16T13:41:06.702+0000] {logging_mixin.py:150} INFO - [2024-11-16T13:41:06.702+0000] {dag.py:3504} INFO - Setting next_dagrun for example_nested_branch_dag to 2024-11-15T00:00:00+00:00, run_after=2024-11-16T00:00:00+00:00
[2024-11-16T13:41:06.715+0000] {processor.py:179} INFO - Processing /home/vscode/.local/lib/python3.10/site-packages/airflow/example_dags/example_nested_branch_dag.py took 0.050 seconds
[2024-11-16T13:41:52.905+0000] {processor.py:157} INFO - Started process (PID=6868) to work on /home/vscode/.local/lib/python3.10/site-packages/airflow/example_dags/example_nested_branch_dag.py
[2024-11-16T13:41:52.905+0000] {processor.py:826} INFO - Processing file /home/vscode/.local/lib/python3.10/site-packages/airflow/example_dags/example_nested_branch_dag.py for tasks to queue
[2024-11-16T13:41:52.906+0000] {logging_mixin.py:150} INFO - [2024-11-16T13:41:52.906+0000] {dagbag.py:541} INFO - Filling up the DagBag from /home/vscode/.local/lib/python3.10/site-packages/airflow/example_dags/example_nested_branch_dag.py
[2024-11-16T13:41:52.913+0000] {processor.py:836} INFO - DAG(s) dict_keys(['example_nested_branch_dag']) retrieved from /home/vscode/.local/lib/python3.10/site-packages/airflow/example_dags/example_nested_branch_dag.py
[2024-11-16T13:41:52.925+0000] {logging_mixin.py:150} INFO - [2024-11-16T13:41:52.925+0000] {dag.py:2742} INFO - Sync 1 DAGs
[2024-11-16T13:41:52.939+0000] {logging_mixin.py:150} INFO - [2024-11-16T13:41:52.939+0000] {dag.py:3504} INFO - Setting next_dagrun for example_nested_branch_dag to 2024-11-15T00:00:00+00:00, run_after=2024-11-16T00:00:00+00:00
[2024-11-16T13:41:52.953+0000] {processor.py:179} INFO - Processing /home/vscode/.local/lib/python3.10/site-packages/airflow/example_dags/example_nested_branch_dag.py took 0.050 seconds
[2024-11-16T13:42:36.252+0000] {processor.py:157} INFO - Started process (PID=7162) to work on /home/vscode/.local/lib/python3.10/site-packages/airflow/example_dags/example_nested_branch_dag.py
[2024-11-16T13:42:36.253+0000] {processor.py:826} INFO - Processing file /home/vscode/.local/lib/python3.10/site-packages/airflow/example_dags/example_nested_branch_dag.py for tasks to queue
[2024-11-16T13:42:36.253+0000] {logging_mixin.py:150} INFO - [2024-11-16T13:42:36.253+0000] {dagbag.py:541} INFO - Filling up the DagBag from /home/vscode/.local/lib/python3.10/site-packages/airflow/example_dags/example_nested_branch_dag.py
[2024-11-16T13:42:36.260+0000] {processor.py:836} INFO - DAG(s) dict_keys(['example_nested_branch_dag']) retrieved from /home/vscode/.local/lib/python3.10/site-packages/airflow/example_dags/example_nested_branch_dag.py
[2024-11-16T13:42:36.272+0000] {logging_mixin.py:150} INFO - [2024-11-16T13:42:36.272+0000] {dag.py:2742} INFO - Sync 1 DAGs
[2024-11-16T13:42:36.287+0000] {logging_mixin.py:150} INFO - [2024-11-16T13:42:36.286+0000] {dag.py:3504} INFO - Setting next_dagrun for example_nested_branch_dag to 2024-11-15T00:00:00+00:00, run_after=2024-11-16T00:00:00+00:00
[2024-11-16T13:42:36.300+0000] {processor.py:179} INFO - Processing /home/vscode/.local/lib/python3.10/site-packages/airflow/example_dags/example_nested_branch_dag.py took 0.050 seconds
[2024-11-16T13:43:20.934+0000] {processor.py:157} INFO - Started process (PID=7456) to work on /home/vscode/.local/lib/python3.10/site-packages/airflow/example_dags/example_nested_branch_dag.py
[2024-11-16T13:43:20.935+0000] {processor.py:826} INFO - Processing file /home/vscode/.local/lib/python3.10/site-packages/airflow/example_dags/example_nested_branch_dag.py for tasks to queue
[2024-11-16T13:43:20.935+0000] {logging_mixin.py:150} INFO - [2024-11-16T13:43:20.935+0000] {dagbag.py:541} INFO - Filling up the DagBag from /home/vscode/.local/lib/python3.10/site-packages/airflow/example_dags/example_nested_branch_dag.py
[2024-11-16T13:43:20.942+0000] {processor.py:836} INFO - DAG(s) dict_keys(['example_nested_branch_dag']) retrieved from /home/vscode/.local/lib/python3.10/site-packages/airflow/example_dags/example_nested_branch_dag.py
[2024-11-16T13:43:20.954+0000] {logging_mixin.py:150} INFO - [2024-11-16T13:43:20.954+0000] {dag.py:2742} INFO - Sync 1 DAGs
[2024-11-16T13:43:20.969+0000] {logging_mixin.py:150} INFO - [2024-11-16T13:43:20.969+0000] {dag.py:3504} INFO - Setting next_dagrun for example_nested_branch_dag to 2024-11-15T00:00:00+00:00, run_after=2024-11-16T00:00:00+00:00
[2024-11-16T13:43:20.983+0000] {processor.py:179} INFO - Processing /home/vscode/.local/lib/python3.10/site-packages/airflow/example_dags/example_nested_branch_dag.py took 0.051 seconds
[2024-11-16T13:44:04.874+0000] {processor.py:157} INFO - Started process (PID=7750) to work on /home/vscode/.local/lib/python3.10/site-packages/airflow/example_dags/example_nested_branch_dag.py
[2024-11-16T13:44:04.875+0000] {processor.py:826} INFO - Processing file /home/vscode/.local/lib/python3.10/site-packages/airflow/example_dags/example_nested_branch_dag.py for tasks to queue
[2024-11-16T13:44:04.875+0000] {logging_mixin.py:150} INFO - [2024-11-16T13:44:04.875+0000] {dagbag.py:541} INFO - Filling up the DagBag from /home/vscode/.local/lib/python3.10/site-packages/airflow/example_dags/example_nested_branch_dag.py
[2024-11-16T13:44:04.882+0000] {processor.py:836} INFO - DAG(s) dict_keys(['example_nested_branch_dag']) retrieved from /home/vscode/.local/lib/python3.10/site-packages/airflow/example_dags/example_nested_branch_dag.py
[2024-11-16T13:44:04.900+0000] {logging_mixin.py:150} INFO - [2024-11-16T13:44:04.900+0000] {dag.py:2742} INFO - Sync 1 DAGs
[2024-11-16T13:44:04.918+0000] {logging_mixin.py:150} INFO - [2024-11-16T13:44:04.918+0000] {dag.py:3504} INFO - Setting next_dagrun for example_nested_branch_dag to 2024-11-15T00:00:00+00:00, run_after=2024-11-16T00:00:00+00:00
[2024-11-16T13:44:04.933+0000] {processor.py:179} INFO - Processing /home/vscode/.local/lib/python3.10/site-packages/airflow/example_dags/example_nested_branch_dag.py took 0.060 seconds
[2024-11-16T13:44:48.417+0000] {processor.py:157} INFO - Started process (PID=8043) to work on /home/vscode/.local/lib/python3.10/site-packages/airflow/example_dags/example_nested_branch_dag.py
[2024-11-16T13:44:48.417+0000] {processor.py:826} INFO - Processing file /home/vscode/.local/lib/python3.10/site-packages/airflow/example_dags/example_nested_branch_dag.py for tasks to queue
[2024-11-16T13:44:48.418+0000] {logging_mixin.py:150} INFO - [2024-11-16T13:44:48.418+0000] {dagbag.py:541} INFO - Filling up the DagBag from /home/vscode/.local/lib/python3.10/site-packages/airflow/example_dags/example_nested_branch_dag.py
[2024-11-16T13:44:48.425+0000] {processor.py:836} INFO - DAG(s) dict_keys(['example_nested_branch_dag']) retrieved from /home/vscode/.local/lib/python3.10/site-packages/airflow/example_dags/example_nested_branch_dag.py
[2024-11-16T13:44:48.439+0000] {logging_mixin.py:150} INFO - [2024-11-16T13:44:48.439+0000] {dag.py:2742} INFO - Sync 1 DAGs
[2024-11-16T13:44:48.457+0000] {logging_mixin.py:150} INFO - [2024-11-16T13:44:48.457+0000] {dag.py:3504} INFO - Setting next_dagrun for example_nested_branch_dag to 2024-11-15T00:00:00+00:00, run_after=2024-11-16T00:00:00+00:00
[2024-11-16T13:44:48.471+0000] {processor.py:179} INFO - Processing /home/vscode/.local/lib/python3.10/site-packages/airflow/example_dags/example_nested_branch_dag.py took 0.057 seconds
[2024-11-16T13:45:32.625+0000] {processor.py:157} INFO - Started process (PID=8343) to work on /home/vscode/.local/lib/python3.10/site-packages/airflow/example_dags/example_nested_branch_dag.py
[2024-11-16T13:45:32.625+0000] {processor.py:826} INFO - Processing file /home/vscode/.local/lib/python3.10/site-packages/airflow/example_dags/example_nested_branch_dag.py for tasks to queue
[2024-11-16T13:45:32.626+0000] {logging_mixin.py:150} INFO - [2024-11-16T13:45:32.626+0000] {dagbag.py:541} INFO - Filling up the DagBag from /home/vscode/.local/lib/python3.10/site-packages/airflow/example_dags/example_nested_branch_dag.py
[2024-11-16T13:45:32.633+0000] {processor.py:836} INFO - DAG(s) dict_keys(['example_nested_branch_dag']) retrieved from /home/vscode/.local/lib/python3.10/site-packages/airflow/example_dags/example_nested_branch_dag.py
[2024-11-16T13:45:32.645+0000] {logging_mixin.py:150} INFO - [2024-11-16T13:45:32.645+0000] {dag.py:2742} INFO - Sync 1 DAGs
[2024-11-16T13:45:32.660+0000] {logging_mixin.py:150} INFO - [2024-11-16T13:45:32.660+0000] {dag.py:3504} INFO - Setting next_dagrun for example_nested_branch_dag to 2024-11-15T00:00:00+00:00, run_after=2024-11-16T00:00:00+00:00
[2024-11-16T13:45:32.674+0000] {processor.py:179} INFO - Processing /home/vscode/.local/lib/python3.10/site-packages/airflow/example_dags/example_nested_branch_dag.py took 0.051 seconds
[2024-11-16T13:46:14.173+0000] {processor.py:157} INFO - Started process (PID=8613) to work on /home/vscode/.local/lib/python3.10/site-packages/airflow/example_dags/example_nested_branch_dag.py
[2024-11-16T13:46:14.174+0000] {processor.py:826} INFO - Processing file /home/vscode/.local/lib/python3.10/site-packages/airflow/example_dags/example_nested_branch_dag.py for tasks to queue
[2024-11-16T13:46:14.175+0000] {logging_mixin.py:150} INFO - [2024-11-16T13:46:14.174+0000] {dagbag.py:541} INFO - Filling up the DagBag from /home/vscode/.local/lib/python3.10/site-packages/airflow/example_dags/example_nested_branch_dag.py
[2024-11-16T13:46:14.181+0000] {processor.py:836} INFO - DAG(s) dict_keys(['example_nested_branch_dag']) retrieved from /home/vscode/.local/lib/python3.10/site-packages/airflow/example_dags/example_nested_branch_dag.py
[2024-11-16T13:46:14.193+0000] {logging_mixin.py:150} INFO - [2024-11-16T13:46:14.193+0000] {dag.py:2742} INFO - Sync 1 DAGs
[2024-11-16T13:46:14.208+0000] {logging_mixin.py:150} INFO - [2024-11-16T13:46:14.208+0000] {dag.py:3504} INFO - Setting next_dagrun for example_nested_branch_dag to 2024-11-15T00:00:00+00:00, run_after=2024-11-16T00:00:00+00:00
[2024-11-16T13:46:14.221+0000] {processor.py:179} INFO - Processing /home/vscode/.local/lib/python3.10/site-packages/airflow/example_dags/example_nested_branch_dag.py took 0.050 seconds
[2024-11-16T13:46:59.040+0000] {processor.py:157} INFO - Started process (PID=8920) to work on /home/vscode/.local/lib/python3.10/site-packages/airflow/example_dags/example_nested_branch_dag.py
[2024-11-16T13:46:59.041+0000] {processor.py:826} INFO - Processing file /home/vscode/.local/lib/python3.10/site-packages/airflow/example_dags/example_nested_branch_dag.py for tasks to queue
[2024-11-16T13:46:59.041+0000] {logging_mixin.py:150} INFO - [2024-11-16T13:46:59.041+0000] {dagbag.py:541} INFO - Filling up the DagBag from /home/vscode/.local/lib/python3.10/site-packages/airflow/example_dags/example_nested_branch_dag.py
[2024-11-16T13:46:59.048+0000] {processor.py:836} INFO - DAG(s) dict_keys(['example_nested_branch_dag']) retrieved from /home/vscode/.local/lib/python3.10/site-packages/airflow/example_dags/example_nested_branch_dag.py
[2024-11-16T13:46:59.060+0000] {logging_mixin.py:150} INFO - [2024-11-16T13:46:59.060+0000] {dag.py:2742} INFO - Sync 1 DAGs
[2024-11-16T13:46:59.074+0000] {logging_mixin.py:150} INFO - [2024-11-16T13:46:59.074+0000] {dag.py:3504} INFO - Setting next_dagrun for example_nested_branch_dag to 2024-11-15T00:00:00+00:00, run_after=2024-11-16T00:00:00+00:00
[2024-11-16T13:46:59.093+0000] {processor.py:179} INFO - Processing /home/vscode/.local/lib/python3.10/site-packages/airflow/example_dags/example_nested_branch_dag.py took 0.054 seconds
[2024-11-16T13:47:41.143+0000] {processor.py:157} INFO - Started process (PID=9200) to work on /home/vscode/.local/lib/python3.10/site-packages/airflow/example_dags/example_nested_branch_dag.py
[2024-11-16T13:47:41.144+0000] {processor.py:826} INFO - Processing file /home/vscode/.local/lib/python3.10/site-packages/airflow/example_dags/example_nested_branch_dag.py for tasks to queue
[2024-11-16T13:47:41.145+0000] {logging_mixin.py:150} INFO - [2024-11-16T13:47:41.144+0000] {dagbag.py:541} INFO - Filling up the DagBag from /home/vscode/.local/lib/python3.10/site-packages/airflow/example_dags/example_nested_branch_dag.py
[2024-11-16T13:47:41.152+0000] {processor.py:836} INFO - DAG(s) dict_keys(['example_nested_branch_dag']) retrieved from /home/vscode/.local/lib/python3.10/site-packages/airflow/example_dags/example_nested_branch_dag.py
[2024-11-16T13:47:41.164+0000] {logging_mixin.py:150} INFO - [2024-11-16T13:47:41.164+0000] {dag.py:2742} INFO - Sync 1 DAGs
[2024-11-16T13:47:41.179+0000] {logging_mixin.py:150} INFO - [2024-11-16T13:47:41.178+0000] {dag.py:3504} INFO - Setting next_dagrun for example_nested_branch_dag to 2024-11-15T00:00:00+00:00, run_after=2024-11-16T00:00:00+00:00
[2024-11-16T13:47:41.192+0000] {processor.py:179} INFO - Processing /home/vscode/.local/lib/python3.10/site-packages/airflow/example_dags/example_nested_branch_dag.py took 0.051 seconds
[2024-11-16T13:48:27.981+0000] {processor.py:157} INFO - Started process (PID=9521) to work on /home/vscode/.local/lib/python3.10/site-packages/airflow/example_dags/example_nested_branch_dag.py
[2024-11-16T13:48:27.982+0000] {processor.py:826} INFO - Processing file /home/vscode/.local/lib/python3.10/site-packages/airflow/example_dags/example_nested_branch_dag.py for tasks to queue
[2024-11-16T13:48:27.982+0000] {logging_mixin.py:150} INFO - [2024-11-16T13:48:27.982+0000] {dagbag.py:541} INFO - Filling up the DagBag from /home/vscode/.local/lib/python3.10/site-packages/airflow/example_dags/example_nested_branch_dag.py
[2024-11-16T13:48:27.989+0000] {processor.py:836} INFO - DAG(s) dict_keys(['example_nested_branch_dag']) retrieved from /home/vscode/.local/lib/python3.10/site-packages/airflow/example_dags/example_nested_branch_dag.py
[2024-11-16T13:48:28.001+0000] {logging_mixin.py:150} INFO - [2024-11-16T13:48:28.001+0000] {dag.py:2742} INFO - Sync 1 DAGs
[2024-11-16T13:48:28.016+0000] {logging_mixin.py:150} INFO - [2024-11-16T13:48:28.016+0000] {dag.py:3504} INFO - Setting next_dagrun for example_nested_branch_dag to 2024-11-15T00:00:00+00:00, run_after=2024-11-16T00:00:00+00:00
[2024-11-16T13:48:28.031+0000] {processor.py:179} INFO - Processing /home/vscode/.local/lib/python3.10/site-packages/airflow/example_dags/example_nested_branch_dag.py took 0.052 seconds
[2024-11-16T13:49:13.692+0000] {processor.py:157} INFO - Started process (PID=9823) to work on /home/vscode/.local/lib/python3.10/site-packages/airflow/example_dags/example_nested_branch_dag.py
[2024-11-16T13:49:13.692+0000] {processor.py:826} INFO - Processing file /home/vscode/.local/lib/python3.10/site-packages/airflow/example_dags/example_nested_branch_dag.py for tasks to queue
[2024-11-16T13:49:13.693+0000] {logging_mixin.py:150} INFO - [2024-11-16T13:49:13.693+0000] {dagbag.py:541} INFO - Filling up the DagBag from /home/vscode/.local/lib/python3.10/site-packages/airflow/example_dags/example_nested_branch_dag.py
[2024-11-16T13:49:13.700+0000] {processor.py:836} INFO - DAG(s) dict_keys(['example_nested_branch_dag']) retrieved from /home/vscode/.local/lib/python3.10/site-packages/airflow/example_dags/example_nested_branch_dag.py
[2024-11-16T13:49:13.713+0000] {logging_mixin.py:150} INFO - [2024-11-16T13:49:13.713+0000] {dag.py:2742} INFO - Sync 1 DAGs
[2024-11-16T13:49:13.728+0000] {logging_mixin.py:150} INFO - [2024-11-16T13:49:13.728+0000] {dag.py:3504} INFO - Setting next_dagrun for example_nested_branch_dag to 2024-11-15T00:00:00+00:00, run_after=2024-11-16T00:00:00+00:00
[2024-11-16T13:49:13.743+0000] {processor.py:179} INFO - Processing /home/vscode/.local/lib/python3.10/site-packages/airflow/example_dags/example_nested_branch_dag.py took 0.053 seconds
[2024-11-16T13:50:02.763+0000] {processor.py:157} INFO - Started process (PID=10163) to work on /home/vscode/.local/lib/python3.10/site-packages/airflow/example_dags/example_nested_branch_dag.py
[2024-11-16T13:50:02.764+0000] {processor.py:826} INFO - Processing file /home/vscode/.local/lib/python3.10/site-packages/airflow/example_dags/example_nested_branch_dag.py for tasks to queue
[2024-11-16T13:50:02.764+0000] {logging_mixin.py:150} INFO - [2024-11-16T13:50:02.764+0000] {dagbag.py:541} INFO - Filling up the DagBag from /home/vscode/.local/lib/python3.10/site-packages/airflow/example_dags/example_nested_branch_dag.py
[2024-11-16T13:50:02.771+0000] {processor.py:836} INFO - DAG(s) dict_keys(['example_nested_branch_dag']) retrieved from /home/vscode/.local/lib/python3.10/site-packages/airflow/example_dags/example_nested_branch_dag.py
[2024-11-16T13:50:02.784+0000] {logging_mixin.py:150} INFO - [2024-11-16T13:50:02.784+0000] {dag.py:2742} INFO - Sync 1 DAGs
[2024-11-16T13:50:02.798+0000] {logging_mixin.py:150} INFO - [2024-11-16T13:50:02.798+0000] {dag.py:3504} INFO - Setting next_dagrun for example_nested_branch_dag to 2024-11-15T00:00:00+00:00, run_after=2024-11-16T00:00:00+00:00
[2024-11-16T13:50:02.812+0000] {processor.py:179} INFO - Processing /home/vscode/.local/lib/python3.10/site-packages/airflow/example_dags/example_nested_branch_dag.py took 0.051 seconds
[2024-11-16T13:50:46.458+0000] {processor.py:157} INFO - Started process (PID=10467) to work on /home/vscode/.local/lib/python3.10/site-packages/airflow/example_dags/example_nested_branch_dag.py
[2024-11-16T13:50:46.459+0000] {processor.py:826} INFO - Processing file /home/vscode/.local/lib/python3.10/site-packages/airflow/example_dags/example_nested_branch_dag.py for tasks to queue
[2024-11-16T13:50:46.459+0000] {logging_mixin.py:150} INFO - [2024-11-16T13:50:46.459+0000] {dagbag.py:541} INFO - Filling up the DagBag from /home/vscode/.local/lib/python3.10/site-packages/airflow/example_dags/example_nested_branch_dag.py
[2024-11-16T13:50:46.467+0000] {processor.py:836} INFO - DAG(s) dict_keys(['example_nested_branch_dag']) retrieved from /home/vscode/.local/lib/python3.10/site-packages/airflow/example_dags/example_nested_branch_dag.py
[2024-11-16T13:50:46.479+0000] {logging_mixin.py:150} INFO - [2024-11-16T13:50:46.479+0000] {dag.py:2742} INFO - Sync 1 DAGs
[2024-11-16T13:50:46.498+0000] {logging_mixin.py:150} INFO - [2024-11-16T13:50:46.498+0000] {dag.py:3504} INFO - Setting next_dagrun for example_nested_branch_dag to 2024-11-15T00:00:00+00:00, run_after=2024-11-16T00:00:00+00:00
[2024-11-16T13:50:46.512+0000] {processor.py:179} INFO - Processing /home/vscode/.local/lib/python3.10/site-packages/airflow/example_dags/example_nested_branch_dag.py took 0.056 seconds
[2024-11-16T13:51:27.706+0000] {processor.py:157} INFO - Started process (PID=10799) to work on /home/vscode/.local/lib/python3.10/site-packages/airflow/example_dags/example_nested_branch_dag.py
[2024-11-16T13:51:27.706+0000] {processor.py:826} INFO - Processing file /home/vscode/.local/lib/python3.10/site-packages/airflow/example_dags/example_nested_branch_dag.py for tasks to queue
[2024-11-16T13:51:27.707+0000] {logging_mixin.py:150} INFO - [2024-11-16T13:51:27.707+0000] {dagbag.py:541} INFO - Filling up the DagBag from /home/vscode/.local/lib/python3.10/site-packages/airflow/example_dags/example_nested_branch_dag.py
[2024-11-16T13:51:27.714+0000] {processor.py:836} INFO - DAG(s) dict_keys(['example_nested_branch_dag']) retrieved from /home/vscode/.local/lib/python3.10/site-packages/airflow/example_dags/example_nested_branch_dag.py
[2024-11-16T13:51:27.725+0000] {logging_mixin.py:150} INFO - [2024-11-16T13:51:27.725+0000] {dag.py:2742} INFO - Sync 1 DAGs
[2024-11-16T13:51:27.740+0000] {logging_mixin.py:150} INFO - [2024-11-16T13:51:27.740+0000] {dag.py:3504} INFO - Setting next_dagrun for example_nested_branch_dag to 2024-11-15T00:00:00+00:00, run_after=2024-11-16T00:00:00+00:00
[2024-11-16T13:51:27.753+0000] {processor.py:179} INFO - Processing /home/vscode/.local/lib/python3.10/site-packages/airflow/example_dags/example_nested_branch_dag.py took 0.050 seconds
