[2024-11-16T13:39:15.876+0000] {processor.py:157} INFO - Started process (PID=5774) to work on /home/vscode/.local/lib/python3.10/site-packages/airflow/example_dags/example_branch_python_dop_operator_3.py
[2024-11-16T13:39:15.876+0000] {processor.py:826} INFO - Processing file /home/vscode/.local/lib/python3.10/site-packages/airflow/example_dags/example_branch_python_dop_operator_3.py for tasks to queue
[2024-11-16T13:39:15.877+0000] {logging_mixin.py:150} INFO - [2024-11-16T13:39:15.877+0000] {dagbag.py:541} INFO - Filling up the DagBag from /home/vscode/.local/lib/python3.10/site-packages/airflow/example_dags/example_branch_python_dop_operator_3.py
[2024-11-16T13:39:15.883+0000] {processor.py:836} INFO - DAG(s) dict_keys(['example_branch_dop_operator_v3']) retrieved from /home/vscode/.local/lib/python3.10/site-packages/airflow/example_dags/example_branch_python_dop_operator_3.py
[2024-11-16T13:39:16.016+0000] {logging_mixin.py:150} INFO - [2024-11-16T13:39:16.015+0000] {manager.py:504} INFO - Created Permission View: can edit on DAG:example_branch_dop_operator_v3
[2024-11-16T13:39:16.023+0000] {logging_mixin.py:150} INFO - [2024-11-16T13:39:16.023+0000] {manager.py:504} INFO - Created Permission View: can delete on DAG:example_branch_dop_operator_v3
[2024-11-16T13:39:16.028+0000] {logging_mixin.py:150} INFO - [2024-11-16T13:39:16.028+0000] {manager.py:504} INFO - Created Permission View: can read on DAG:example_branch_dop_operator_v3
[2024-11-16T13:39:16.035+0000] {logging_mixin.py:150} INFO - [2024-11-16T13:39:16.035+0000] {dag.py:2742} INFO - Sync 1 DAGs
[2024-11-16T13:39:16.041+0000] {logging_mixin.py:150} INFO - [2024-11-16T13:39:16.041+0000] {dag.py:2763} INFO - Creating ORM DAG for example_branch_dop_operator_v3
[2024-11-16T13:39:16.050+0000] {logging_mixin.py:150} INFO - [2024-11-16T13:39:16.050+0000] {dag.py:3504} INFO - Setting next_dagrun for example_branch_dop_operator_v3 to 2024-11-16T13:38:00+00:00, run_after=2024-11-16T13:39:00+00:00
[2024-11-16T13:39:16.064+0000] {processor.py:179} INFO - Processing /home/vscode/.local/lib/python3.10/site-packages/airflow/example_dags/example_branch_python_dop_operator_3.py took 0.190 seconds
[2024-11-16T13:40:06.189+0000] {processor.py:157} INFO - Started process (PID=6151) to work on /home/vscode/.local/lib/python3.10/site-packages/airflow/example_dags/example_branch_python_dop_operator_3.py
[2024-11-16T13:40:06.190+0000] {processor.py:826} INFO - Processing file /home/vscode/.local/lib/python3.10/site-packages/airflow/example_dags/example_branch_python_dop_operator_3.py for tasks to queue
[2024-11-16T13:40:06.191+0000] {logging_mixin.py:150} INFO - [2024-11-16T13:40:06.190+0000] {dagbag.py:541} INFO - Filling up the DagBag from /home/vscode/.local/lib/python3.10/site-packages/airflow/example_dags/example_branch_python_dop_operator_3.py
[2024-11-16T13:40:06.196+0000] {processor.py:836} INFO - DAG(s) dict_keys(['example_branch_dop_operator_v3']) retrieved from /home/vscode/.local/lib/python3.10/site-packages/airflow/example_dags/example_branch_python_dop_operator_3.py
[2024-11-16T13:40:06.208+0000] {logging_mixin.py:150} INFO - [2024-11-16T13:40:06.208+0000] {dag.py:2742} INFO - Sync 1 DAGs
[2024-11-16T13:40:06.225+0000] {logging_mixin.py:150} INFO - [2024-11-16T13:40:06.225+0000] {dag.py:3504} INFO - Setting next_dagrun for example_branch_dop_operator_v3 to 2024-11-16T13:39:00+00:00, run_after=2024-11-16T13:40:00+00:00
[2024-11-16T13:40:06.239+0000] {processor.py:179} INFO - Processing /home/vscode/.local/lib/python3.10/site-packages/airflow/example_dags/example_branch_python_dop_operator_3.py took 0.051 seconds
[2024-11-16T13:40:51.256+0000] {processor.py:157} INFO - Started process (PID=6453) to work on /home/vscode/.local/lib/python3.10/site-packages/airflow/example_dags/example_branch_python_dop_operator_3.py
[2024-11-16T13:40:51.257+0000] {processor.py:826} INFO - Processing file /home/vscode/.local/lib/python3.10/site-packages/airflow/example_dags/example_branch_python_dop_operator_3.py for tasks to queue
[2024-11-16T13:40:51.257+0000] {logging_mixin.py:150} INFO - [2024-11-16T13:40:51.257+0000] {dagbag.py:541} INFO - Filling up the DagBag from /home/vscode/.local/lib/python3.10/site-packages/airflow/example_dags/example_branch_python_dop_operator_3.py
[2024-11-16T13:40:51.263+0000] {processor.py:836} INFO - DAG(s) dict_keys(['example_branch_dop_operator_v3']) retrieved from /home/vscode/.local/lib/python3.10/site-packages/airflow/example_dags/example_branch_python_dop_operator_3.py
[2024-11-16T13:40:51.274+0000] {logging_mixin.py:150} INFO - [2024-11-16T13:40:51.274+0000] {dag.py:2742} INFO - Sync 1 DAGs
[2024-11-16T13:40:51.291+0000] {logging_mixin.py:150} INFO - [2024-11-16T13:40:51.291+0000] {dag.py:3504} INFO - Setting next_dagrun for example_branch_dop_operator_v3 to 2024-11-16T13:39:00+00:00, run_after=2024-11-16T13:40:00+00:00
[2024-11-16T13:40:51.306+0000] {processor.py:179} INFO - Processing /home/vscode/.local/lib/python3.10/site-packages/airflow/example_dags/example_branch_python_dop_operator_3.py took 0.051 seconds
[2024-11-16T13:41:34.626+0000] {processor.py:157} INFO - Started process (PID=6753) to work on /home/vscode/.local/lib/python3.10/site-packages/airflow/example_dags/example_branch_python_dop_operator_3.py
[2024-11-16T13:41:34.627+0000] {processor.py:826} INFO - Processing file /home/vscode/.local/lib/python3.10/site-packages/airflow/example_dags/example_branch_python_dop_operator_3.py for tasks to queue
[2024-11-16T13:41:34.627+0000] {logging_mixin.py:150} INFO - [2024-11-16T13:41:34.627+0000] {dagbag.py:541} INFO - Filling up the DagBag from /home/vscode/.local/lib/python3.10/site-packages/airflow/example_dags/example_branch_python_dop_operator_3.py
[2024-11-16T13:41:34.633+0000] {processor.py:836} INFO - DAG(s) dict_keys(['example_branch_dop_operator_v3']) retrieved from /home/vscode/.local/lib/python3.10/site-packages/airflow/example_dags/example_branch_python_dop_operator_3.py
[2024-11-16T13:41:34.644+0000] {logging_mixin.py:150} INFO - [2024-11-16T13:41:34.644+0000] {dag.py:2742} INFO - Sync 1 DAGs
[2024-11-16T13:41:34.661+0000] {logging_mixin.py:150} INFO - [2024-11-16T13:41:34.661+0000] {dag.py:3504} INFO - Setting next_dagrun for example_branch_dop_operator_v3 to 2024-11-16T13:40:00+00:00, run_after=2024-11-16T13:41:00+00:00
[2024-11-16T13:41:34.676+0000] {processor.py:179} INFO - Processing /home/vscode/.local/lib/python3.10/site-packages/airflow/example_dags/example_branch_python_dop_operator_3.py took 0.051 seconds
[2024-11-16T13:42:20.164+0000] {processor.py:157} INFO - Started process (PID=7051) to work on /home/vscode/.local/lib/python3.10/site-packages/airflow/example_dags/example_branch_python_dop_operator_3.py
[2024-11-16T13:42:20.165+0000] {processor.py:826} INFO - Processing file /home/vscode/.local/lib/python3.10/site-packages/airflow/example_dags/example_branch_python_dop_operator_3.py for tasks to queue
[2024-11-16T13:42:20.165+0000] {logging_mixin.py:150} INFO - [2024-11-16T13:42:20.165+0000] {dagbag.py:541} INFO - Filling up the DagBag from /home/vscode/.local/lib/python3.10/site-packages/airflow/example_dags/example_branch_python_dop_operator_3.py
[2024-11-16T13:42:20.171+0000] {processor.py:836} INFO - DAG(s) dict_keys(['example_branch_dop_operator_v3']) retrieved from /home/vscode/.local/lib/python3.10/site-packages/airflow/example_dags/example_branch_python_dop_operator_3.py
[2024-11-16T13:42:20.182+0000] {logging_mixin.py:150} INFO - [2024-11-16T13:42:20.182+0000] {dag.py:2742} INFO - Sync 1 DAGs
[2024-11-16T13:42:20.200+0000] {logging_mixin.py:150} INFO - [2024-11-16T13:42:20.199+0000] {dag.py:3504} INFO - Setting next_dagrun for example_branch_dop_operator_v3 to 2024-11-16T13:41:00+00:00, run_after=2024-11-16T13:42:00+00:00
[2024-11-16T13:42:20.216+0000] {processor.py:179} INFO - Processing /home/vscode/.local/lib/python3.10/site-packages/airflow/example_dags/example_branch_python_dop_operator_3.py took 0.054 seconds
[2024-11-16T13:43:15.086+0000] {processor.py:157} INFO - Started process (PID=7421) to work on /home/vscode/.local/lib/python3.10/site-packages/airflow/example_dags/example_branch_python_dop_operator_3.py
[2024-11-16T13:43:15.086+0000] {processor.py:826} INFO - Processing file /home/vscode/.local/lib/python3.10/site-packages/airflow/example_dags/example_branch_python_dop_operator_3.py for tasks to queue
[2024-11-16T13:43:15.087+0000] {logging_mixin.py:150} INFO - [2024-11-16T13:43:15.087+0000] {dagbag.py:541} INFO - Filling up the DagBag from /home/vscode/.local/lib/python3.10/site-packages/airflow/example_dags/example_branch_python_dop_operator_3.py
[2024-11-16T13:43:15.093+0000] {processor.py:836} INFO - DAG(s) dict_keys(['example_branch_dop_operator_v3']) retrieved from /home/vscode/.local/lib/python3.10/site-packages/airflow/example_dags/example_branch_python_dop_operator_3.py
[2024-11-16T13:43:15.104+0000] {logging_mixin.py:150} INFO - [2024-11-16T13:43:15.104+0000] {dag.py:2742} INFO - Sync 1 DAGs
[2024-11-16T13:43:15.121+0000] {logging_mixin.py:150} INFO - [2024-11-16T13:43:15.121+0000] {dag.py:3504} INFO - Setting next_dagrun for example_branch_dop_operator_v3 to 2024-11-16T13:42:00+00:00, run_after=2024-11-16T13:43:00+00:00
[2024-11-16T13:43:15.136+0000] {processor.py:179} INFO - Processing /home/vscode/.local/lib/python3.10/site-packages/airflow/example_dags/example_branch_python_dop_operator_3.py took 0.053 seconds
[2024-11-16T13:44:01.290+0000] {processor.py:157} INFO - Started process (PID=7731) to work on /home/vscode/.local/lib/python3.10/site-packages/airflow/example_dags/example_branch_python_dop_operator_3.py
[2024-11-16T13:44:01.290+0000] {processor.py:826} INFO - Processing file /home/vscode/.local/lib/python3.10/site-packages/airflow/example_dags/example_branch_python_dop_operator_3.py for tasks to queue
[2024-11-16T13:44:01.291+0000] {logging_mixin.py:150} INFO - [2024-11-16T13:44:01.291+0000] {dagbag.py:541} INFO - Filling up the DagBag from /home/vscode/.local/lib/python3.10/site-packages/airflow/example_dags/example_branch_python_dop_operator_3.py
[2024-11-16T13:44:01.297+0000] {processor.py:836} INFO - DAG(s) dict_keys(['example_branch_dop_operator_v3']) retrieved from /home/vscode/.local/lib/python3.10/site-packages/airflow/example_dags/example_branch_python_dop_operator_3.py
[2024-11-16T13:44:01.308+0000] {logging_mixin.py:150} INFO - [2024-11-16T13:44:01.308+0000] {dag.py:2742} INFO - Sync 1 DAGs
[2024-11-16T13:44:01.325+0000] {logging_mixin.py:150} INFO - [2024-11-16T13:44:01.325+0000] {dag.py:3504} INFO - Setting next_dagrun for example_branch_dop_operator_v3 to 2024-11-16T13:43:00+00:00, run_after=2024-11-16T13:44:00+00:00
[2024-11-16T13:44:01.339+0000] {processor.py:179} INFO - Processing /home/vscode/.local/lib/python3.10/site-packages/airflow/example_dags/example_branch_python_dop_operator_3.py took 0.051 seconds
[2024-11-16T13:44:58.689+0000] {processor.py:157} INFO - Started process (PID=8112) to work on /home/vscode/.local/lib/python3.10/site-packages/airflow/example_dags/example_branch_python_dop_operator_3.py
[2024-11-16T13:44:58.690+0000] {processor.py:826} INFO - Processing file /home/vscode/.local/lib/python3.10/site-packages/airflow/example_dags/example_branch_python_dop_operator_3.py for tasks to queue
[2024-11-16T13:44:58.690+0000] {logging_mixin.py:150} INFO - [2024-11-16T13:44:58.690+0000] {dagbag.py:541} INFO - Filling up the DagBag from /home/vscode/.local/lib/python3.10/site-packages/airflow/example_dags/example_branch_python_dop_operator_3.py
[2024-11-16T13:44:58.696+0000] {processor.py:836} INFO - DAG(s) dict_keys(['example_branch_dop_operator_v3']) retrieved from /home/vscode/.local/lib/python3.10/site-packages/airflow/example_dags/example_branch_python_dop_operator_3.py
[2024-11-16T13:44:58.708+0000] {logging_mixin.py:150} INFO - [2024-11-16T13:44:58.707+0000] {dag.py:2742} INFO - Sync 1 DAGs
[2024-11-16T13:44:58.724+0000] {logging_mixin.py:150} INFO - [2024-11-16T13:44:58.724+0000] {dag.py:3504} INFO - Setting next_dagrun for example_branch_dop_operator_v3 to 2024-11-16T13:43:00+00:00, run_after=2024-11-16T13:44:00+00:00
[2024-11-16T13:44:58.738+0000] {processor.py:179} INFO - Processing /home/vscode/.local/lib/python3.10/site-packages/airflow/example_dags/example_branch_python_dop_operator_3.py took 0.050 seconds
[2024-11-16T13:45:44.866+0000] {processor.py:157} INFO - Started process (PID=8427) to work on /home/vscode/.local/lib/python3.10/site-packages/airflow/example_dags/example_branch_python_dop_operator_3.py
[2024-11-16T13:45:44.867+0000] {processor.py:826} INFO - Processing file /home/vscode/.local/lib/python3.10/site-packages/airflow/example_dags/example_branch_python_dop_operator_3.py for tasks to queue
[2024-11-16T13:45:44.867+0000] {logging_mixin.py:150} INFO - [2024-11-16T13:45:44.867+0000] {dagbag.py:541} INFO - Filling up the DagBag from /home/vscode/.local/lib/python3.10/site-packages/airflow/example_dags/example_branch_python_dop_operator_3.py
[2024-11-16T13:45:44.873+0000] {processor.py:836} INFO - DAG(s) dict_keys(['example_branch_dop_operator_v3']) retrieved from /home/vscode/.local/lib/python3.10/site-packages/airflow/example_dags/example_branch_python_dop_operator_3.py
[2024-11-16T13:45:44.884+0000] {logging_mixin.py:150} INFO - [2024-11-16T13:45:44.884+0000] {dag.py:2742} INFO - Sync 1 DAGs
[2024-11-16T13:45:44.901+0000] {logging_mixin.py:150} INFO - [2024-11-16T13:45:44.901+0000] {dag.py:3504} INFO - Setting next_dagrun for example_branch_dop_operator_v3 to 2024-11-16T13:44:00+00:00, run_after=2024-11-16T13:45:00+00:00
[2024-11-16T13:45:44.915+0000] {processor.py:179} INFO - Processing /home/vscode/.local/lib/python3.10/site-packages/airflow/example_dags/example_branch_python_dop_operator_3.py took 0.050 seconds
[2024-11-16T13:46:33.094+0000] {processor.py:157} INFO - Started process (PID=8742) to work on /home/vscode/.local/lib/python3.10/site-packages/airflow/example_dags/example_branch_python_dop_operator_3.py
[2024-11-16T13:46:33.094+0000] {processor.py:826} INFO - Processing file /home/vscode/.local/lib/python3.10/site-packages/airflow/example_dags/example_branch_python_dop_operator_3.py for tasks to queue
[2024-11-16T13:46:33.095+0000] {logging_mixin.py:150} INFO - [2024-11-16T13:46:33.095+0000] {dagbag.py:541} INFO - Filling up the DagBag from /home/vscode/.local/lib/python3.10/site-packages/airflow/example_dags/example_branch_python_dop_operator_3.py
[2024-11-16T13:46:33.101+0000] {processor.py:836} INFO - DAG(s) dict_keys(['example_branch_dop_operator_v3']) retrieved from /home/vscode/.local/lib/python3.10/site-packages/airflow/example_dags/example_branch_python_dop_operator_3.py
[2024-11-16T13:46:33.112+0000] {logging_mixin.py:150} INFO - [2024-11-16T13:46:33.112+0000] {dag.py:2742} INFO - Sync 1 DAGs
[2024-11-16T13:46:33.129+0000] {logging_mixin.py:150} INFO - [2024-11-16T13:46:33.129+0000] {dag.py:3504} INFO - Setting next_dagrun for example_branch_dop_operator_v3 to 2024-11-16T13:45:00+00:00, run_after=2024-11-16T13:46:00+00:00
[2024-11-16T13:46:33.143+0000] {processor.py:179} INFO - Processing /home/vscode/.local/lib/python3.10/site-packages/airflow/example_dags/example_branch_python_dop_operator_3.py took 0.051 seconds
[2024-11-16T13:47:29.719+0000] {processor.py:157} INFO - Started process (PID=9123) to work on /home/vscode/.local/lib/python3.10/site-packages/airflow/example_dags/example_branch_python_dop_operator_3.py
[2024-11-16T13:47:29.720+0000] {processor.py:826} INFO - Processing file /home/vscode/.local/lib/python3.10/site-packages/airflow/example_dags/example_branch_python_dop_operator_3.py for tasks to queue
[2024-11-16T13:47:29.720+0000] {logging_mixin.py:150} INFO - [2024-11-16T13:47:29.720+0000] {dagbag.py:541} INFO - Filling up the DagBag from /home/vscode/.local/lib/python3.10/site-packages/airflow/example_dags/example_branch_python_dop_operator_3.py
[2024-11-16T13:47:29.726+0000] {processor.py:836} INFO - DAG(s) dict_keys(['example_branch_dop_operator_v3']) retrieved from /home/vscode/.local/lib/python3.10/site-packages/airflow/example_dags/example_branch_python_dop_operator_3.py
[2024-11-16T13:47:29.738+0000] {logging_mixin.py:150} INFO - [2024-11-16T13:47:29.738+0000] {dag.py:2742} INFO - Sync 1 DAGs
[2024-11-16T13:47:29.755+0000] {logging_mixin.py:150} INFO - [2024-11-16T13:47:29.755+0000] {dag.py:3504} INFO - Setting next_dagrun for example_branch_dop_operator_v3 to 2024-11-16T13:46:00+00:00, run_after=2024-11-16T13:47:00+00:00
[2024-11-16T13:47:29.768+0000] {processor.py:179} INFO - Processing /home/vscode/.local/lib/python3.10/site-packages/airflow/example_dags/example_branch_python_dop_operator_3.py took 0.051 seconds
[2024-11-16T13:48:22.844+0000] {processor.py:157} INFO - Started process (PID=9479) to work on /home/vscode/.local/lib/python3.10/site-packages/airflow/example_dags/example_branch_python_dop_operator_3.py
[2024-11-16T13:48:22.845+0000] {processor.py:826} INFO - Processing file /home/vscode/.local/lib/python3.10/site-packages/airflow/example_dags/example_branch_python_dop_operator_3.py for tasks to queue
[2024-11-16T13:48:22.845+0000] {logging_mixin.py:150} INFO - [2024-11-16T13:48:22.845+0000] {dagbag.py:541} INFO - Filling up the DagBag from /home/vscode/.local/lib/python3.10/site-packages/airflow/example_dags/example_branch_python_dop_operator_3.py
[2024-11-16T13:48:22.851+0000] {processor.py:836} INFO - DAG(s) dict_keys(['example_branch_dop_operator_v3']) retrieved from /home/vscode/.local/lib/python3.10/site-packages/airflow/example_dags/example_branch_python_dop_operator_3.py
[2024-11-16T13:48:22.862+0000] {logging_mixin.py:150} INFO - [2024-11-16T13:48:22.862+0000] {dag.py:2742} INFO - Sync 1 DAGs
[2024-11-16T13:48:22.880+0000] {logging_mixin.py:150} INFO - [2024-11-16T13:48:22.880+0000] {dag.py:3504} INFO - Setting next_dagrun for example_branch_dop_operator_v3 to 2024-11-16T13:47:00+00:00, run_after=2024-11-16T13:48:00+00:00
[2024-11-16T13:48:22.896+0000] {processor.py:179} INFO - Processing /home/vscode/.local/lib/python3.10/site-packages/airflow/example_dags/example_branch_python_dop_operator_3.py took 0.054 seconds
[2024-11-16T13:49:06.286+0000] {processor.py:157} INFO - Started process (PID=9779) to work on /home/vscode/.local/lib/python3.10/site-packages/airflow/example_dags/example_branch_python_dop_operator_3.py
[2024-11-16T13:49:06.287+0000] {processor.py:826} INFO - Processing file /home/vscode/.local/lib/python3.10/site-packages/airflow/example_dags/example_branch_python_dop_operator_3.py for tasks to queue
[2024-11-16T13:49:06.287+0000] {logging_mixin.py:150} INFO - [2024-11-16T13:49:06.287+0000] {dagbag.py:541} INFO - Filling up the DagBag from /home/vscode/.local/lib/python3.10/site-packages/airflow/example_dags/example_branch_python_dop_operator_3.py
[2024-11-16T13:49:06.293+0000] {processor.py:836} INFO - DAG(s) dict_keys(['example_branch_dop_operator_v3']) retrieved from /home/vscode/.local/lib/python3.10/site-packages/airflow/example_dags/example_branch_python_dop_operator_3.py
[2024-11-16T13:49:06.304+0000] {logging_mixin.py:150} INFO - [2024-11-16T13:49:06.304+0000] {dag.py:2742} INFO - Sync 1 DAGs
[2024-11-16T13:49:06.321+0000] {logging_mixin.py:150} INFO - [2024-11-16T13:49:06.321+0000] {dag.py:3504} INFO - Setting next_dagrun for example_branch_dop_operator_v3 to 2024-11-16T13:48:00+00:00, run_after=2024-11-16T13:49:00+00:00
[2024-11-16T13:49:06.336+0000] {processor.py:179} INFO - Processing /home/vscode/.local/lib/python3.10/site-packages/airflow/example_dags/example_branch_python_dop_operator_3.py took 0.052 seconds
[2024-11-16T13:49:55.824+0000] {processor.py:157} INFO - Started process (PID=10119) to work on /home/vscode/.local/lib/python3.10/site-packages/airflow/example_dags/example_branch_python_dop_operator_3.py
[2024-11-16T13:49:55.824+0000] {processor.py:826} INFO - Processing file /home/vscode/.local/lib/python3.10/site-packages/airflow/example_dags/example_branch_python_dop_operator_3.py for tasks to queue
[2024-11-16T13:49:55.825+0000] {logging_mixin.py:150} INFO - [2024-11-16T13:49:55.825+0000] {dagbag.py:541} INFO - Filling up the DagBag from /home/vscode/.local/lib/python3.10/site-packages/airflow/example_dags/example_branch_python_dop_operator_3.py
[2024-11-16T13:49:55.831+0000] {processor.py:836} INFO - DAG(s) dict_keys(['example_branch_dop_operator_v3']) retrieved from /home/vscode/.local/lib/python3.10/site-packages/airflow/example_dags/example_branch_python_dop_operator_3.py
[2024-11-16T13:49:55.842+0000] {logging_mixin.py:150} INFO - [2024-11-16T13:49:55.842+0000] {dag.py:2742} INFO - Sync 1 DAGs
[2024-11-16T13:49:55.859+0000] {logging_mixin.py:150} INFO - [2024-11-16T13:49:55.859+0000] {dag.py:3504} INFO - Setting next_dagrun for example_branch_dop_operator_v3 to 2024-11-16T13:48:00+00:00, run_after=2024-11-16T13:49:00+00:00
[2024-11-16T13:49:55.872+0000] {processor.py:179} INFO - Processing /home/vscode/.local/lib/python3.10/site-packages/airflow/example_dags/example_branch_python_dop_operator_3.py took 0.051 seconds
[2024-11-16T13:50:54.006+0000] {processor.py:157} INFO - Started process (PID=10558) to work on /home/vscode/.local/lib/python3.10/site-packages/airflow/example_dags/example_branch_python_dop_operator_3.py
[2024-11-16T13:50:54.007+0000] {processor.py:826} INFO - Processing file /home/vscode/.local/lib/python3.10/site-packages/airflow/example_dags/example_branch_python_dop_operator_3.py for tasks to queue
[2024-11-16T13:50:54.007+0000] {logging_mixin.py:150} INFO - [2024-11-16T13:50:54.007+0000] {dagbag.py:541} INFO - Filling up the DagBag from /home/vscode/.local/lib/python3.10/site-packages/airflow/example_dags/example_branch_python_dop_operator_3.py
[2024-11-16T13:50:54.015+0000] {processor.py:836} INFO - DAG(s) dict_keys(['example_branch_dop_operator_v3']) retrieved from /home/vscode/.local/lib/python3.10/site-packages/airflow/example_dags/example_branch_python_dop_operator_3.py
[2024-11-16T13:50:54.030+0000] {logging_mixin.py:150} INFO - [2024-11-16T13:50:54.030+0000] {dag.py:2742} INFO - Sync 1 DAGs
[2024-11-16T13:50:54.049+0000] {logging_mixin.py:150} INFO - [2024-11-16T13:50:54.048+0000] {dag.py:3504} INFO - Setting next_dagrun for example_branch_dop_operator_v3 to 2024-11-16T13:49:00+00:00, run_after=2024-11-16T13:50:00+00:00
[2024-11-16T13:50:54.063+0000] {processor.py:179} INFO - Processing /home/vscode/.local/lib/python3.10/site-packages/airflow/example_dags/example_branch_python_dop_operator_3.py took 0.059 seconds
[2024-11-16T13:51:52.233+0000] {processor.py:157} INFO - Started process (PID=11004) to work on /home/vscode/.local/lib/python3.10/site-packages/airflow/example_dags/example_branch_python_dop_operator_3.py
[2024-11-16T13:51:52.234+0000] {processor.py:826} INFO - Processing file /home/vscode/.local/lib/python3.10/site-packages/airflow/example_dags/example_branch_python_dop_operator_3.py for tasks to queue
[2024-11-16T13:51:52.234+0000] {logging_mixin.py:150} INFO - [2024-11-16T13:51:52.234+0000] {dagbag.py:541} INFO - Filling up the DagBag from /home/vscode/.local/lib/python3.10/site-packages/airflow/example_dags/example_branch_python_dop_operator_3.py
[2024-11-16T13:51:52.240+0000] {processor.py:836} INFO - DAG(s) dict_keys(['example_branch_dop_operator_v3']) retrieved from /home/vscode/.local/lib/python3.10/site-packages/airflow/example_dags/example_branch_python_dop_operator_3.py
[2024-11-16T13:51:52.252+0000] {logging_mixin.py:150} INFO - [2024-11-16T13:51:52.252+0000] {dag.py:2742} INFO - Sync 1 DAGs
[2024-11-16T13:51:52.269+0000] {logging_mixin.py:150} INFO - [2024-11-16T13:51:52.269+0000] {dag.py:3504} INFO - Setting next_dagrun for example_branch_dop_operator_v3 to 2024-11-16T13:50:00+00:00, run_after=2024-11-16T13:51:00+00:00
[2024-11-16T13:51:52.283+0000] {processor.py:179} INFO - Processing /home/vscode/.local/lib/python3.10/site-packages/airflow/example_dags/example_branch_python_dop_operator_3.py took 0.051 seconds
