[2024-11-16T13:38:36.520+0000] {processor.py:157} INFO - Started process (PID=5481) to work on /home/vscode/.local/lib/python3.10/site-packages/airflow/example_dags/example_params_ui_tutorial.py
[2024-11-16T13:38:36.520+0000] {processor.py:826} INFO - Processing file /home/vscode/.local/lib/python3.10/site-packages/airflow/example_dags/example_params_ui_tutorial.py for tasks to queue
[2024-11-16T13:38:36.521+0000] {logging_mixin.py:150} INFO - [2024-11-16T13:38:36.520+0000] {dagbag.py:541} INFO - Filling up the DagBag from /home/vscode/.local/lib/python3.10/site-packages/airflow/example_dags/example_params_ui_tutorial.py
[2024-11-16T13:38:36.539+0000] {processor.py:836} INFO - DAG(s) dict_keys(['example_params_ui_tutorial']) retrieved from /home/vscode/.local/lib/python3.10/site-packages/airflow/example_dags/example_params_ui_tutorial.py
[2024-11-16T13:38:36.694+0000] {logging_mixin.py:150} INFO - [2024-11-16T13:38:36.694+0000] {manager.py:504} INFO - Created Permission View: can edit on DAG:example_params_ui_tutorial
[2024-11-16T13:38:36.702+0000] {logging_mixin.py:150} INFO - [2024-11-16T13:38:36.701+0000] {manager.py:504} INFO - Created Permission View: can delete on DAG:example_params_ui_tutorial
[2024-11-16T13:38:36.707+0000] {logging_mixin.py:150} INFO - [2024-11-16T13:38:36.707+0000] {manager.py:504} INFO - Created Permission View: can read on DAG:example_params_ui_tutorial
[2024-11-16T13:38:36.715+0000] {logging_mixin.py:150} INFO - [2024-11-16T13:38:36.715+0000] {dag.py:2742} INFO - Sync 1 DAGs
[2024-11-16T13:38:36.721+0000] {logging_mixin.py:150} INFO - [2024-11-16T13:38:36.721+0000] {dag.py:2763} INFO - Creating ORM DAG for example_params_ui_tutorial
[2024-11-16T13:38:36.727+0000] {logging_mixin.py:150} INFO - [2024-11-16T13:38:36.727+0000] {dag.py:3504} INFO - Setting next_dagrun for example_params_ui_tutorial to None, run_after=None
[2024-11-16T13:38:36.740+0000] {processor.py:179} INFO - Processing /home/vscode/.local/lib/python3.10/site-packages/airflow/example_dags/example_params_ui_tutorial.py took 0.223 seconds
[2024-11-16T13:39:26.053+0000] {processor.py:157} INFO - Started process (PID=5853) to work on /home/vscode/.local/lib/python3.10/site-packages/airflow/example_dags/example_params_ui_tutorial.py
[2024-11-16T13:39:26.054+0000] {processor.py:826} INFO - Processing file /home/vscode/.local/lib/python3.10/site-packages/airflow/example_dags/example_params_ui_tutorial.py for tasks to queue
[2024-11-16T13:39:26.054+0000] {logging_mixin.py:150} INFO - [2024-11-16T13:39:26.054+0000] {dagbag.py:541} INFO - Filling up the DagBag from /home/vscode/.local/lib/python3.10/site-packages/airflow/example_dags/example_params_ui_tutorial.py
[2024-11-16T13:39:26.071+0000] {processor.py:836} INFO - DAG(s) dict_keys(['example_params_ui_tutorial']) retrieved from /home/vscode/.local/lib/python3.10/site-packages/airflow/example_dags/example_params_ui_tutorial.py
[2024-11-16T13:39:26.096+0000] {logging_mixin.py:150} INFO - [2024-11-16T13:39:26.096+0000] {dag.py:2742} INFO - Sync 1 DAGs
[2024-11-16T13:39:26.109+0000] {logging_mixin.py:150} INFO - [2024-11-16T13:39:26.109+0000] {dag.py:3504} INFO - Setting next_dagrun for example_params_ui_tutorial to None, run_after=None
[2024-11-16T13:39:26.124+0000] {processor.py:179} INFO - Processing /home/vscode/.local/lib/python3.10/site-packages/airflow/example_dags/example_params_ui_tutorial.py took 0.073 seconds
[2024-11-16T13:40:11.327+0000] {processor.py:157} INFO - Started process (PID=6185) to work on /home/vscode/.local/lib/python3.10/site-packages/airflow/example_dags/example_params_ui_tutorial.py
[2024-11-16T13:40:11.328+0000] {processor.py:826} INFO - Processing file /home/vscode/.local/lib/python3.10/site-packages/airflow/example_dags/example_params_ui_tutorial.py for tasks to queue
[2024-11-16T13:40:11.329+0000] {logging_mixin.py:150} INFO - [2024-11-16T13:40:11.328+0000] {dagbag.py:541} INFO - Filling up the DagBag from /home/vscode/.local/lib/python3.10/site-packages/airflow/example_dags/example_params_ui_tutorial.py
[2024-11-16T13:40:11.345+0000] {processor.py:836} INFO - DAG(s) dict_keys(['example_params_ui_tutorial']) retrieved from /home/vscode/.local/lib/python3.10/site-packages/airflow/example_dags/example_params_ui_tutorial.py
[2024-11-16T13:40:11.370+0000] {logging_mixin.py:150} INFO - [2024-11-16T13:40:11.370+0000] {dag.py:2742} INFO - Sync 1 DAGs
[2024-11-16T13:40:11.383+0000] {logging_mixin.py:150} INFO - [2024-11-16T13:40:11.383+0000] {dag.py:3504} INFO - Setting next_dagrun for example_params_ui_tutorial to None, run_after=None
[2024-11-16T13:40:11.397+0000] {processor.py:179} INFO - Processing /home/vscode/.local/lib/python3.10/site-packages/airflow/example_dags/example_params_ui_tutorial.py took 0.071 seconds
[2024-11-16T13:40:56.395+0000] {processor.py:157} INFO - Started process (PID=6493) to work on /home/vscode/.local/lib/python3.10/site-packages/airflow/example_dags/example_params_ui_tutorial.py
[2024-11-16T13:40:56.395+0000] {processor.py:826} INFO - Processing file /home/vscode/.local/lib/python3.10/site-packages/airflow/example_dags/example_params_ui_tutorial.py for tasks to queue
[2024-11-16T13:40:56.396+0000] {logging_mixin.py:150} INFO - [2024-11-16T13:40:56.395+0000] {dagbag.py:541} INFO - Filling up the DagBag from /home/vscode/.local/lib/python3.10/site-packages/airflow/example_dags/example_params_ui_tutorial.py
[2024-11-16T13:40:56.413+0000] {processor.py:836} INFO - DAG(s) dict_keys(['example_params_ui_tutorial']) retrieved from /home/vscode/.local/lib/python3.10/site-packages/airflow/example_dags/example_params_ui_tutorial.py
[2024-11-16T13:40:56.437+0000] {logging_mixin.py:150} INFO - [2024-11-16T13:40:56.437+0000] {dag.py:2742} INFO - Sync 1 DAGs
[2024-11-16T13:40:56.451+0000] {logging_mixin.py:150} INFO - [2024-11-16T13:40:56.451+0000] {dag.py:3504} INFO - Setting next_dagrun for example_params_ui_tutorial to None, run_after=None
[2024-11-16T13:40:56.464+0000] {processor.py:179} INFO - Processing /home/vscode/.local/lib/python3.10/site-packages/airflow/example_dags/example_params_ui_tutorial.py took 0.072 seconds
[2024-11-16T13:41:39.630+0000] {processor.py:157} INFO - Started process (PID=6781) to work on /home/vscode/.local/lib/python3.10/site-packages/airflow/example_dags/example_params_ui_tutorial.py
[2024-11-16T13:41:39.631+0000] {processor.py:826} INFO - Processing file /home/vscode/.local/lib/python3.10/site-packages/airflow/example_dags/example_params_ui_tutorial.py for tasks to queue
[2024-11-16T13:41:39.632+0000] {logging_mixin.py:150} INFO - [2024-11-16T13:41:39.631+0000] {dagbag.py:541} INFO - Filling up the DagBag from /home/vscode/.local/lib/python3.10/site-packages/airflow/example_dags/example_params_ui_tutorial.py
[2024-11-16T13:41:39.648+0000] {processor.py:836} INFO - DAG(s) dict_keys(['example_params_ui_tutorial']) retrieved from /home/vscode/.local/lib/python3.10/site-packages/airflow/example_dags/example_params_ui_tutorial.py
[2024-11-16T13:41:39.673+0000] {logging_mixin.py:150} INFO - [2024-11-16T13:41:39.672+0000] {dag.py:2742} INFO - Sync 1 DAGs
[2024-11-16T13:41:39.686+0000] {logging_mixin.py:150} INFO - [2024-11-16T13:41:39.686+0000] {dag.py:3504} INFO - Setting next_dagrun for example_params_ui_tutorial to None, run_after=None
[2024-11-16T13:41:39.699+0000] {processor.py:179} INFO - Processing /home/vscode/.local/lib/python3.10/site-packages/airflow/example_dags/example_params_ui_tutorial.py took 0.071 seconds
[2024-11-16T13:42:25.974+0000] {processor.py:157} INFO - Started process (PID=7093) to work on /home/vscode/.local/lib/python3.10/site-packages/airflow/example_dags/example_params_ui_tutorial.py
[2024-11-16T13:42:25.974+0000] {processor.py:826} INFO - Processing file /home/vscode/.local/lib/python3.10/site-packages/airflow/example_dags/example_params_ui_tutorial.py for tasks to queue
[2024-11-16T13:42:25.975+0000] {logging_mixin.py:150} INFO - [2024-11-16T13:42:25.975+0000] {dagbag.py:541} INFO - Filling up the DagBag from /home/vscode/.local/lib/python3.10/site-packages/airflow/example_dags/example_params_ui_tutorial.py
[2024-11-16T13:42:25.992+0000] {processor.py:836} INFO - DAG(s) dict_keys(['example_params_ui_tutorial']) retrieved from /home/vscode/.local/lib/python3.10/site-packages/airflow/example_dags/example_params_ui_tutorial.py
[2024-11-16T13:42:26.016+0000] {logging_mixin.py:150} INFO - [2024-11-16T13:42:26.016+0000] {dag.py:2742} INFO - Sync 1 DAGs
[2024-11-16T13:42:26.030+0000] {logging_mixin.py:150} INFO - [2024-11-16T13:42:26.030+0000] {dag.py:3504} INFO - Setting next_dagrun for example_params_ui_tutorial to None, run_after=None
[2024-11-16T13:42:26.043+0000] {processor.py:179} INFO - Processing /home/vscode/.local/lib/python3.10/site-packages/airflow/example_dags/example_params_ui_tutorial.py took 0.072 seconds
[2024-11-16T13:43:05.949+0000] {processor.py:157} INFO - Started process (PID=7366) to work on /home/vscode/.local/lib/python3.10/site-packages/airflow/example_dags/example_params_ui_tutorial.py
[2024-11-16T13:43:05.949+0000] {processor.py:826} INFO - Processing file /home/vscode/.local/lib/python3.10/site-packages/airflow/example_dags/example_params_ui_tutorial.py for tasks to queue
[2024-11-16T13:43:05.950+0000] {logging_mixin.py:150} INFO - [2024-11-16T13:43:05.950+0000] {dagbag.py:541} INFO - Filling up the DagBag from /home/vscode/.local/lib/python3.10/site-packages/airflow/example_dags/example_params_ui_tutorial.py
[2024-11-16T13:43:05.967+0000] {processor.py:836} INFO - DAG(s) dict_keys(['example_params_ui_tutorial']) retrieved from /home/vscode/.local/lib/python3.10/site-packages/airflow/example_dags/example_params_ui_tutorial.py
[2024-11-16T13:43:05.992+0000] {logging_mixin.py:150} INFO - [2024-11-16T13:43:05.992+0000] {dag.py:2742} INFO - Sync 1 DAGs
[2024-11-16T13:43:06.006+0000] {logging_mixin.py:150} INFO - [2024-11-16T13:43:06.006+0000] {dag.py:3504} INFO - Setting next_dagrun for example_params_ui_tutorial to None, run_after=None
[2024-11-16T13:43:06.020+0000] {processor.py:179} INFO - Processing /home/vscode/.local/lib/python3.10/site-packages/airflow/example_dags/example_params_ui_tutorial.py took 0.073 seconds
[2024-11-16T13:43:51.017+0000] {processor.py:157} INFO - Started process (PID=7661) to work on /home/vscode/.local/lib/python3.10/site-packages/airflow/example_dags/example_params_ui_tutorial.py
[2024-11-16T13:43:51.017+0000] {processor.py:826} INFO - Processing file /home/vscode/.local/lib/python3.10/site-packages/airflow/example_dags/example_params_ui_tutorial.py for tasks to queue
[2024-11-16T13:43:51.018+0000] {logging_mixin.py:150} INFO - [2024-11-16T13:43:51.018+0000] {dagbag.py:541} INFO - Filling up the DagBag from /home/vscode/.local/lib/python3.10/site-packages/airflow/example_dags/example_params_ui_tutorial.py
[2024-11-16T13:43:51.035+0000] {processor.py:836} INFO - DAG(s) dict_keys(['example_params_ui_tutorial']) retrieved from /home/vscode/.local/lib/python3.10/site-packages/airflow/example_dags/example_params_ui_tutorial.py
[2024-11-16T13:43:51.059+0000] {logging_mixin.py:150} INFO - [2024-11-16T13:43:51.059+0000] {dag.py:2742} INFO - Sync 1 DAGs
[2024-11-16T13:43:51.072+0000] {logging_mixin.py:150} INFO - [2024-11-16T13:43:51.072+0000] {dag.py:3504} INFO - Setting next_dagrun for example_params_ui_tutorial to None, run_after=None
[2024-11-16T13:43:51.086+0000] {processor.py:179} INFO - Processing /home/vscode/.local/lib/python3.10/site-packages/airflow/example_dags/example_params_ui_tutorial.py took 0.072 seconds
[2024-11-16T13:44:34.123+0000] {processor.py:157} INFO - Started process (PID=7954) to work on /home/vscode/.local/lib/python3.10/site-packages/airflow/example_dags/example_params_ui_tutorial.py
[2024-11-16T13:44:34.123+0000] {processor.py:826} INFO - Processing file /home/vscode/.local/lib/python3.10/site-packages/airflow/example_dags/example_params_ui_tutorial.py for tasks to queue
[2024-11-16T13:44:34.124+0000] {logging_mixin.py:150} INFO - [2024-11-16T13:44:34.123+0000] {dagbag.py:541} INFO - Filling up the DagBag from /home/vscode/.local/lib/python3.10/site-packages/airflow/example_dags/example_params_ui_tutorial.py
[2024-11-16T13:44:34.146+0000] {processor.py:836} INFO - DAG(s) dict_keys(['example_params_ui_tutorial']) retrieved from /home/vscode/.local/lib/python3.10/site-packages/airflow/example_dags/example_params_ui_tutorial.py
[2024-11-16T13:44:34.173+0000] {logging_mixin.py:150} INFO - [2024-11-16T13:44:34.173+0000] {dag.py:2742} INFO - Sync 1 DAGs
[2024-11-16T13:44:34.186+0000] {logging_mixin.py:150} INFO - [2024-11-16T13:44:34.186+0000] {dag.py:3504} INFO - Setting next_dagrun for example_params_ui_tutorial to None, run_after=None
[2024-11-16T13:44:34.200+0000] {processor.py:179} INFO - Processing /home/vscode/.local/lib/python3.10/site-packages/airflow/example_dags/example_params_ui_tutorial.py took 0.079 seconds
[2024-11-16T13:45:17.500+0000] {processor.py:157} INFO - Started process (PID=8240) to work on /home/vscode/.local/lib/python3.10/site-packages/airflow/example_dags/example_params_ui_tutorial.py
[2024-11-16T13:45:17.500+0000] {processor.py:826} INFO - Processing file /home/vscode/.local/lib/python3.10/site-packages/airflow/example_dags/example_params_ui_tutorial.py for tasks to queue
[2024-11-16T13:45:17.501+0000] {logging_mixin.py:150} INFO - [2024-11-16T13:45:17.500+0000] {dagbag.py:541} INFO - Filling up the DagBag from /home/vscode/.local/lib/python3.10/site-packages/airflow/example_dags/example_params_ui_tutorial.py
[2024-11-16T13:45:17.518+0000] {processor.py:836} INFO - DAG(s) dict_keys(['example_params_ui_tutorial']) retrieved from /home/vscode/.local/lib/python3.10/site-packages/airflow/example_dags/example_params_ui_tutorial.py
[2024-11-16T13:45:17.542+0000] {logging_mixin.py:150} INFO - [2024-11-16T13:45:17.542+0000] {dag.py:2742} INFO - Sync 1 DAGs
[2024-11-16T13:45:17.555+0000] {logging_mixin.py:150} INFO - [2024-11-16T13:45:17.555+0000] {dag.py:3504} INFO - Setting next_dagrun for example_params_ui_tutorial to None, run_after=None
[2024-11-16T13:45:17.569+0000] {processor.py:179} INFO - Processing /home/vscode/.local/lib/python3.10/site-packages/airflow/example_dags/example_params_ui_tutorial.py took 0.072 seconds
[2024-11-16T13:46:04.038+0000] {processor.py:157} INFO - Started process (PID=8544) to work on /home/vscode/.local/lib/python3.10/site-packages/airflow/example_dags/example_params_ui_tutorial.py
[2024-11-16T13:46:04.039+0000] {processor.py:826} INFO - Processing file /home/vscode/.local/lib/python3.10/site-packages/airflow/example_dags/example_params_ui_tutorial.py for tasks to queue
[2024-11-16T13:46:04.039+0000] {logging_mixin.py:150} INFO - [2024-11-16T13:46:04.039+0000] {dagbag.py:541} INFO - Filling up the DagBag from /home/vscode/.local/lib/python3.10/site-packages/airflow/example_dags/example_params_ui_tutorial.py
[2024-11-16T13:46:04.056+0000] {processor.py:836} INFO - DAG(s) dict_keys(['example_params_ui_tutorial']) retrieved from /home/vscode/.local/lib/python3.10/site-packages/airflow/example_dags/example_params_ui_tutorial.py
[2024-11-16T13:46:04.081+0000] {logging_mixin.py:150} INFO - [2024-11-16T13:46:04.081+0000] {dag.py:2742} INFO - Sync 1 DAGs
[2024-11-16T13:46:04.094+0000] {logging_mixin.py:150} INFO - [2024-11-16T13:46:04.094+0000] {dag.py:3504} INFO - Setting next_dagrun for example_params_ui_tutorial to None, run_after=None
[2024-11-16T13:46:04.107+0000] {processor.py:179} INFO - Processing /home/vscode/.local/lib/python3.10/site-packages/airflow/example_dags/example_params_ui_tutorial.py took 0.071 seconds
[2024-11-16T13:46:47.097+0000] {processor.py:157} INFO - Started process (PID=8837) to work on /home/vscode/.local/lib/python3.10/site-packages/airflow/example_dags/example_params_ui_tutorial.py
[2024-11-16T13:46:47.098+0000] {processor.py:826} INFO - Processing file /home/vscode/.local/lib/python3.10/site-packages/airflow/example_dags/example_params_ui_tutorial.py for tasks to queue
[2024-11-16T13:46:47.098+0000] {logging_mixin.py:150} INFO - [2024-11-16T13:46:47.098+0000] {dagbag.py:541} INFO - Filling up the DagBag from /home/vscode/.local/lib/python3.10/site-packages/airflow/example_dags/example_params_ui_tutorial.py
[2024-11-16T13:46:47.115+0000] {processor.py:836} INFO - DAG(s) dict_keys(['example_params_ui_tutorial']) retrieved from /home/vscode/.local/lib/python3.10/site-packages/airflow/example_dags/example_params_ui_tutorial.py
[2024-11-16T13:46:47.139+0000] {logging_mixin.py:150} INFO - [2024-11-16T13:46:47.139+0000] {dag.py:2742} INFO - Sync 1 DAGs
[2024-11-16T13:46:47.153+0000] {logging_mixin.py:150} INFO - [2024-11-16T13:46:47.153+0000] {dag.py:3504} INFO - Setting next_dagrun for example_params_ui_tutorial to None, run_after=None
[2024-11-16T13:46:47.166+0000] {processor.py:179} INFO - Processing /home/vscode/.local/lib/python3.10/site-packages/airflow/example_dags/example_params_ui_tutorial.py took 0.071 seconds
[2024-11-16T13:47:30.852+0000] {processor.py:157} INFO - Started process (PID=9131) to work on /home/vscode/.local/lib/python3.10/site-packages/airflow/example_dags/example_params_ui_tutorial.py
[2024-11-16T13:47:30.853+0000] {processor.py:826} INFO - Processing file /home/vscode/.local/lib/python3.10/site-packages/airflow/example_dags/example_params_ui_tutorial.py for tasks to queue
[2024-11-16T13:47:30.853+0000] {logging_mixin.py:150} INFO - [2024-11-16T13:47:30.853+0000] {dagbag.py:541} INFO - Filling up the DagBag from /home/vscode/.local/lib/python3.10/site-packages/airflow/example_dags/example_params_ui_tutorial.py
[2024-11-16T13:47:30.870+0000] {processor.py:836} INFO - DAG(s) dict_keys(['example_params_ui_tutorial']) retrieved from /home/vscode/.local/lib/python3.10/site-packages/airflow/example_dags/example_params_ui_tutorial.py
[2024-11-16T13:47:30.895+0000] {logging_mixin.py:150} INFO - [2024-11-16T13:47:30.895+0000] {dag.py:2742} INFO - Sync 1 DAGs
[2024-11-16T13:47:30.908+0000] {logging_mixin.py:150} INFO - [2024-11-16T13:47:30.908+0000] {dag.py:3504} INFO - Setting next_dagrun for example_params_ui_tutorial to None, run_after=None
[2024-11-16T13:47:30.922+0000] {processor.py:179} INFO - Processing /home/vscode/.local/lib/python3.10/site-packages/airflow/example_dags/example_params_ui_tutorial.py took 0.072 seconds
[2024-11-16T13:48:08.571+0000] {processor.py:157} INFO - Started process (PID=9384) to work on /home/vscode/.local/lib/python3.10/site-packages/airflow/example_dags/example_params_ui_tutorial.py
[2024-11-16T13:48:08.572+0000] {processor.py:826} INFO - Processing file /home/vscode/.local/lib/python3.10/site-packages/airflow/example_dags/example_params_ui_tutorial.py for tasks to queue
[2024-11-16T13:48:08.573+0000] {logging_mixin.py:150} INFO - [2024-11-16T13:48:08.572+0000] {dagbag.py:541} INFO - Filling up the DagBag from /home/vscode/.local/lib/python3.10/site-packages/airflow/example_dags/example_params_ui_tutorial.py
[2024-11-16T13:48:08.590+0000] {processor.py:836} INFO - DAG(s) dict_keys(['example_params_ui_tutorial']) retrieved from /home/vscode/.local/lib/python3.10/site-packages/airflow/example_dags/example_params_ui_tutorial.py
[2024-11-16T13:48:08.614+0000] {logging_mixin.py:150} INFO - [2024-11-16T13:48:08.614+0000] {dag.py:2742} INFO - Sync 1 DAGs
[2024-11-16T13:48:08.628+0000] {logging_mixin.py:150} INFO - [2024-11-16T13:48:08.627+0000] {dag.py:3504} INFO - Setting next_dagrun for example_params_ui_tutorial to None, run_after=None
[2024-11-16T13:48:08.641+0000] {processor.py:179} INFO - Processing /home/vscode/.local/lib/python3.10/site-packages/airflow/example_dags/example_params_ui_tutorial.py took 0.072 seconds
[2024-11-16T13:48:44.604+0000] {processor.py:157} INFO - Started process (PID=9626) to work on /home/vscode/.local/lib/python3.10/site-packages/airflow/example_dags/example_params_ui_tutorial.py
[2024-11-16T13:48:44.605+0000] {processor.py:826} INFO - Processing file /home/vscode/.local/lib/python3.10/site-packages/airflow/example_dags/example_params_ui_tutorial.py for tasks to queue
[2024-11-16T13:48:44.605+0000] {logging_mixin.py:150} INFO - [2024-11-16T13:48:44.605+0000] {dagbag.py:541} INFO - Filling up the DagBag from /home/vscode/.local/lib/python3.10/site-packages/airflow/example_dags/example_params_ui_tutorial.py
[2024-11-16T13:48:44.622+0000] {processor.py:836} INFO - DAG(s) dict_keys(['example_params_ui_tutorial']) retrieved from /home/vscode/.local/lib/python3.10/site-packages/airflow/example_dags/example_params_ui_tutorial.py
[2024-11-16T13:48:44.646+0000] {logging_mixin.py:150} INFO - [2024-11-16T13:48:44.646+0000] {dag.py:2742} INFO - Sync 1 DAGs
[2024-11-16T13:48:44.660+0000] {logging_mixin.py:150} INFO - [2024-11-16T13:48:44.660+0000] {dag.py:3504} INFO - Setting next_dagrun for example_params_ui_tutorial to None, run_after=None
[2024-11-16T13:48:44.673+0000] {processor.py:179} INFO - Processing /home/vscode/.local/lib/python3.10/site-packages/airflow/example_dags/example_params_ui_tutorial.py took 0.071 seconds
[2024-11-16T13:49:28.842+0000] {processor.py:157} INFO - Started process (PID=9943) to work on /home/vscode/.local/lib/python3.10/site-packages/airflow/example_dags/example_params_ui_tutorial.py
[2024-11-16T13:49:28.843+0000] {processor.py:826} INFO - Processing file /home/vscode/.local/lib/python3.10/site-packages/airflow/example_dags/example_params_ui_tutorial.py for tasks to queue
[2024-11-16T13:49:28.844+0000] {logging_mixin.py:150} INFO - [2024-11-16T13:49:28.844+0000] {dagbag.py:541} INFO - Filling up the DagBag from /home/vscode/.local/lib/python3.10/site-packages/airflow/example_dags/example_params_ui_tutorial.py
[2024-11-16T13:49:28.870+0000] {processor.py:836} INFO - DAG(s) dict_keys(['example_params_ui_tutorial']) retrieved from /home/vscode/.local/lib/python3.10/site-packages/airflow/example_dags/example_params_ui_tutorial.py
[2024-11-16T13:49:28.912+0000] {logging_mixin.py:150} INFO - [2024-11-16T13:49:28.912+0000] {dag.py:2742} INFO - Sync 1 DAGs
[2024-11-16T13:49:28.932+0000] {logging_mixin.py:150} INFO - [2024-11-16T13:49:28.932+0000] {dag.py:3504} INFO - Setting next_dagrun for example_params_ui_tutorial to None, run_after=None
[2024-11-16T13:49:28.948+0000] {processor.py:179} INFO - Processing /home/vscode/.local/lib/python3.10/site-packages/airflow/example_dags/example_params_ui_tutorial.py took 0.109 seconds
[2024-11-16T13:50:14.172+0000] {processor.py:157} INFO - Started process (PID=10246) to work on /home/vscode/.local/lib/python3.10/site-packages/airflow/example_dags/example_params_ui_tutorial.py
[2024-11-16T13:50:14.173+0000] {processor.py:826} INFO - Processing file /home/vscode/.local/lib/python3.10/site-packages/airflow/example_dags/example_params_ui_tutorial.py for tasks to queue
[2024-11-16T13:50:14.174+0000] {logging_mixin.py:150} INFO - [2024-11-16T13:50:14.173+0000] {dagbag.py:541} INFO - Filling up the DagBag from /home/vscode/.local/lib/python3.10/site-packages/airflow/example_dags/example_params_ui_tutorial.py
[2024-11-16T13:50:14.191+0000] {processor.py:836} INFO - DAG(s) dict_keys(['example_params_ui_tutorial']) retrieved from /home/vscode/.local/lib/python3.10/site-packages/airflow/example_dags/example_params_ui_tutorial.py
[2024-11-16T13:50:14.215+0000] {logging_mixin.py:150} INFO - [2024-11-16T13:50:14.215+0000] {dag.py:2742} INFO - Sync 1 DAGs
[2024-11-16T13:50:14.228+0000] {logging_mixin.py:150} INFO - [2024-11-16T13:50:14.228+0000] {dag.py:3504} INFO - Setting next_dagrun for example_params_ui_tutorial to None, run_after=None
[2024-11-16T13:50:14.243+0000] {processor.py:179} INFO - Processing /home/vscode/.local/lib/python3.10/site-packages/airflow/example_dags/example_params_ui_tutorial.py took 0.073 seconds
[2024-11-16T13:50:56.592+0000] {processor.py:157} INFO - Started process (PID=10581) to work on /home/vscode/.local/lib/python3.10/site-packages/airflow/example_dags/example_params_ui_tutorial.py
[2024-11-16T13:50:56.592+0000] {processor.py:826} INFO - Processing file /home/vscode/.local/lib/python3.10/site-packages/airflow/example_dags/example_params_ui_tutorial.py for tasks to queue
[2024-11-16T13:50:56.593+0000] {logging_mixin.py:150} INFO - [2024-11-16T13:50:56.592+0000] {dagbag.py:541} INFO - Filling up the DagBag from /home/vscode/.local/lib/python3.10/site-packages/airflow/example_dags/example_params_ui_tutorial.py
[2024-11-16T13:50:56.633+0000] {processor.py:836} INFO - DAG(s) dict_keys(['example_params_ui_tutorial']) retrieved from /home/vscode/.local/lib/python3.10/site-packages/airflow/example_dags/example_params_ui_tutorial.py
[2024-11-16T13:50:56.660+0000] {logging_mixin.py:150} INFO - [2024-11-16T13:50:56.660+0000] {dag.py:2742} INFO - Sync 1 DAGs
[2024-11-16T13:50:56.674+0000] {logging_mixin.py:150} INFO - [2024-11-16T13:50:56.673+0000] {dag.py:3504} INFO - Setting next_dagrun for example_params_ui_tutorial to None, run_after=None
[2024-11-16T13:50:56.687+0000] {processor.py:179} INFO - Processing /home/vscode/.local/lib/python3.10/site-packages/airflow/example_dags/example_params_ui_tutorial.py took 0.098 seconds
[2024-11-16T13:51:39.117+0000] {processor.py:157} INFO - Started process (PID=10877) to work on /home/vscode/.local/lib/python3.10/site-packages/airflow/example_dags/example_params_ui_tutorial.py
[2024-11-16T13:51:39.118+0000] {processor.py:826} INFO - Processing file /home/vscode/.local/lib/python3.10/site-packages/airflow/example_dags/example_params_ui_tutorial.py for tasks to queue
[2024-11-16T13:51:39.119+0000] {logging_mixin.py:150} INFO - [2024-11-16T13:51:39.118+0000] {dagbag.py:541} INFO - Filling up the DagBag from /home/vscode/.local/lib/python3.10/site-packages/airflow/example_dags/example_params_ui_tutorial.py
[2024-11-16T13:51:39.136+0000] {processor.py:836} INFO - DAG(s) dict_keys(['example_params_ui_tutorial']) retrieved from /home/vscode/.local/lib/python3.10/site-packages/airflow/example_dags/example_params_ui_tutorial.py
[2024-11-16T13:51:39.160+0000] {logging_mixin.py:150} INFO - [2024-11-16T13:51:39.160+0000] {dag.py:2742} INFO - Sync 1 DAGs
[2024-11-16T13:51:39.174+0000] {logging_mixin.py:150} INFO - [2024-11-16T13:51:39.173+0000] {dag.py:3504} INFO - Setting next_dagrun for example_params_ui_tutorial to None, run_after=None
[2024-11-16T13:51:39.189+0000] {processor.py:179} INFO - Processing /home/vscode/.local/lib/python3.10/site-packages/airflow/example_dags/example_params_ui_tutorial.py took 0.074 seconds
