[2024-11-16T13:38:53.588+0000] {processor.py:157} INFO - Started process (PID=5608) to work on /home/vscode/.local/lib/python3.10/site-packages/airflow/example_dags/example_sensors.py
[2024-11-16T13:38:53.588+0000] {processor.py:826} INFO - Processing file /home/vscode/.local/lib/python3.10/site-packages/airflow/example_dags/example_sensors.py for tasks to queue
[2024-11-16T13:38:53.589+0000] {logging_mixin.py:150} INFO - [2024-11-16T13:38:53.589+0000] {dagbag.py:541} INFO - Filling up the DagBag from /home/vscode/.local/lib/python3.10/site-packages/airflow/example_dags/example_sensors.py
[2024-11-16T13:38:53.595+0000] {processor.py:836} INFO - DAG(s) dict_keys(['example_sensors']) retrieved from /home/vscode/.local/lib/python3.10/site-packages/airflow/example_dags/example_sensors.py
[2024-11-16T13:38:53.740+0000] {logging_mixin.py:150} INFO - [2024-11-16T13:38:53.740+0000] {manager.py:504} INFO - Created Permission View: can edit on DAG:example_sensors
[2024-11-16T13:38:53.748+0000] {logging_mixin.py:150} INFO - [2024-11-16T13:38:53.748+0000] {manager.py:504} INFO - Created Permission View: can delete on DAG:example_sensors
[2024-11-16T13:38:53.755+0000] {logging_mixin.py:150} INFO - [2024-11-16T13:38:53.755+0000] {manager.py:504} INFO - Created Permission View: can read on DAG:example_sensors
[2024-11-16T13:38:53.764+0000] {logging_mixin.py:150} INFO - [2024-11-16T13:38:53.764+0000] {dag.py:2742} INFO - Sync 1 DAGs
[2024-11-16T13:38:53.770+0000] {logging_mixin.py:150} INFO - [2024-11-16T13:38:53.770+0000] {dag.py:2763} INFO - Creating ORM DAG for example_sensors
[2024-11-16T13:38:53.776+0000] {logging_mixin.py:150} INFO - [2024-11-16T13:38:53.776+0000] {dag.py:3504} INFO - Setting next_dagrun for example_sensors to None, run_after=None
[2024-11-16T13:38:53.790+0000] {processor.py:179} INFO - Processing /home/vscode/.local/lib/python3.10/site-packages/airflow/example_dags/example_sensors.py took 0.204 seconds
[2024-11-16T13:39:40.328+0000] {processor.py:157} INFO - Started process (PID=5975) to work on /home/vscode/.local/lib/python3.10/site-packages/airflow/example_dags/example_sensors.py
[2024-11-16T13:39:40.328+0000] {processor.py:826} INFO - Processing file /home/vscode/.local/lib/python3.10/site-packages/airflow/example_dags/example_sensors.py for tasks to queue
[2024-11-16T13:39:40.329+0000] {logging_mixin.py:150} INFO - [2024-11-16T13:39:40.329+0000] {dagbag.py:541} INFO - Filling up the DagBag from /home/vscode/.local/lib/python3.10/site-packages/airflow/example_dags/example_sensors.py
[2024-11-16T13:39:40.335+0000] {processor.py:836} INFO - DAG(s) dict_keys(['example_sensors']) retrieved from /home/vscode/.local/lib/python3.10/site-packages/airflow/example_dags/example_sensors.py
[2024-11-16T13:39:40.349+0000] {logging_mixin.py:150} INFO - [2024-11-16T13:39:40.349+0000] {dag.py:2742} INFO - Sync 1 DAGs
[2024-11-16T13:39:40.362+0000] {logging_mixin.py:150} INFO - [2024-11-16T13:39:40.362+0000] {dag.py:3504} INFO - Setting next_dagrun for example_sensors to None, run_after=None
[2024-11-16T13:39:40.376+0000] {processor.py:179} INFO - Processing /home/vscode/.local/lib/python3.10/site-packages/airflow/example_dags/example_sensors.py took 0.051 seconds
[2024-11-16T13:40:26.519+0000] {processor.py:157} INFO - Started process (PID=6289) to work on /home/vscode/.local/lib/python3.10/site-packages/airflow/example_dags/example_sensors.py
[2024-11-16T13:40:26.520+0000] {processor.py:826} INFO - Processing file /home/vscode/.local/lib/python3.10/site-packages/airflow/example_dags/example_sensors.py for tasks to queue
[2024-11-16T13:40:26.521+0000] {logging_mixin.py:150} INFO - [2024-11-16T13:40:26.520+0000] {dagbag.py:541} INFO - Filling up the DagBag from /home/vscode/.local/lib/python3.10/site-packages/airflow/example_dags/example_sensors.py
[2024-11-16T13:40:26.527+0000] {processor.py:836} INFO - DAG(s) dict_keys(['example_sensors']) retrieved from /home/vscode/.local/lib/python3.10/site-packages/airflow/example_dags/example_sensors.py
[2024-11-16T13:40:26.541+0000] {logging_mixin.py:150} INFO - [2024-11-16T13:40:26.541+0000] {dag.py:2742} INFO - Sync 1 DAGs
[2024-11-16T13:40:26.554+0000] {logging_mixin.py:150} INFO - [2024-11-16T13:40:26.554+0000] {dag.py:3504} INFO - Setting next_dagrun for example_sensors to None, run_after=None
[2024-11-16T13:40:26.568+0000] {processor.py:179} INFO - Processing /home/vscode/.local/lib/python3.10/site-packages/airflow/example_dags/example_sensors.py took 0.051 seconds
[2024-11-16T13:41:11.807+0000] {processor.py:157} INFO - Started process (PID=6592) to work on /home/vscode/.local/lib/python3.10/site-packages/airflow/example_dags/example_sensors.py
[2024-11-16T13:41:11.808+0000] {processor.py:826} INFO - Processing file /home/vscode/.local/lib/python3.10/site-packages/airflow/example_dags/example_sensors.py for tasks to queue
[2024-11-16T13:41:11.809+0000] {logging_mixin.py:150} INFO - [2024-11-16T13:41:11.808+0000] {dagbag.py:541} INFO - Filling up the DagBag from /home/vscode/.local/lib/python3.10/site-packages/airflow/example_dags/example_sensors.py
[2024-11-16T13:41:11.820+0000] {processor.py:836} INFO - DAG(s) dict_keys(['example_sensors']) retrieved from /home/vscode/.local/lib/python3.10/site-packages/airflow/example_dags/example_sensors.py
[2024-11-16T13:41:11.836+0000] {logging_mixin.py:150} INFO - [2024-11-16T13:41:11.836+0000] {dag.py:2742} INFO - Sync 1 DAGs
[2024-11-16T13:41:11.851+0000] {logging_mixin.py:150} INFO - [2024-11-16T13:41:11.851+0000] {dag.py:3504} INFO - Setting next_dagrun for example_sensors to None, run_after=None
[2024-11-16T13:41:11.865+0000] {processor.py:179} INFO - Processing /home/vscode/.local/lib/python3.10/site-packages/airflow/example_dags/example_sensors.py took 0.060 seconds
[2024-11-16T13:41:57.441+0000] {processor.py:157} INFO - Started process (PID=6900) to work on /home/vscode/.local/lib/python3.10/site-packages/airflow/example_dags/example_sensors.py
[2024-11-16T13:41:57.442+0000] {processor.py:826} INFO - Processing file /home/vscode/.local/lib/python3.10/site-packages/airflow/example_dags/example_sensors.py for tasks to queue
[2024-11-16T13:41:57.442+0000] {logging_mixin.py:150} INFO - [2024-11-16T13:41:57.442+0000] {dagbag.py:541} INFO - Filling up the DagBag from /home/vscode/.local/lib/python3.10/site-packages/airflow/example_dags/example_sensors.py
[2024-11-16T13:41:57.449+0000] {processor.py:836} INFO - DAG(s) dict_keys(['example_sensors']) retrieved from /home/vscode/.local/lib/python3.10/site-packages/airflow/example_dags/example_sensors.py
[2024-11-16T13:41:57.463+0000] {logging_mixin.py:150} INFO - [2024-11-16T13:41:57.462+0000] {dag.py:2742} INFO - Sync 1 DAGs
[2024-11-16T13:41:57.476+0000] {logging_mixin.py:150} INFO - [2024-11-16T13:41:57.476+0000] {dag.py:3504} INFO - Setting next_dagrun for example_sensors to None, run_after=None
[2024-11-16T13:41:57.490+0000] {processor.py:179} INFO - Processing /home/vscode/.local/lib/python3.10/site-packages/airflow/example_dags/example_sensors.py took 0.051 seconds
[2024-11-16T13:42:40.258+0000] {processor.py:157} INFO - Started process (PID=7188) to work on /home/vscode/.local/lib/python3.10/site-packages/airflow/example_dags/example_sensors.py
[2024-11-16T13:42:40.259+0000] {processor.py:826} INFO - Processing file /home/vscode/.local/lib/python3.10/site-packages/airflow/example_dags/example_sensors.py for tasks to queue
[2024-11-16T13:42:40.259+0000] {logging_mixin.py:150} INFO - [2024-11-16T13:42:40.259+0000] {dagbag.py:541} INFO - Filling up the DagBag from /home/vscode/.local/lib/python3.10/site-packages/airflow/example_dags/example_sensors.py
[2024-11-16T13:42:40.266+0000] {processor.py:836} INFO - DAG(s) dict_keys(['example_sensors']) retrieved from /home/vscode/.local/lib/python3.10/site-packages/airflow/example_dags/example_sensors.py
[2024-11-16T13:42:40.279+0000] {logging_mixin.py:150} INFO - [2024-11-16T13:42:40.279+0000] {dag.py:2742} INFO - Sync 1 DAGs
[2024-11-16T13:42:40.292+0000] {logging_mixin.py:150} INFO - [2024-11-16T13:42:40.292+0000] {dag.py:3504} INFO - Setting next_dagrun for example_sensors to None, run_after=None
[2024-11-16T13:42:40.306+0000] {processor.py:179} INFO - Processing /home/vscode/.local/lib/python3.10/site-packages/airflow/example_dags/example_sensors.py took 0.050 seconds
[2024-11-16T13:43:25.361+0000] {processor.py:157} INFO - Started process (PID=7489) to work on /home/vscode/.local/lib/python3.10/site-packages/airflow/example_dags/example_sensors.py
[2024-11-16T13:43:25.362+0000] {processor.py:826} INFO - Processing file /home/vscode/.local/lib/python3.10/site-packages/airflow/example_dags/example_sensors.py for tasks to queue
[2024-11-16T13:43:25.363+0000] {logging_mixin.py:150} INFO - [2024-11-16T13:43:25.363+0000] {dagbag.py:541} INFO - Filling up the DagBag from /home/vscode/.local/lib/python3.10/site-packages/airflow/example_dags/example_sensors.py
[2024-11-16T13:43:25.371+0000] {processor.py:836} INFO - DAG(s) dict_keys(['example_sensors']) retrieved from /home/vscode/.local/lib/python3.10/site-packages/airflow/example_dags/example_sensors.py
[2024-11-16T13:43:25.386+0000] {logging_mixin.py:150} INFO - [2024-11-16T13:43:25.386+0000] {dag.py:2742} INFO - Sync 1 DAGs
[2024-11-16T13:43:25.400+0000] {logging_mixin.py:150} INFO - [2024-11-16T13:43:25.399+0000] {dag.py:3504} INFO - Setting next_dagrun for example_sensors to None, run_after=None
[2024-11-16T13:43:25.414+0000] {processor.py:179} INFO - Processing /home/vscode/.local/lib/python3.10/site-packages/airflow/example_dags/example_sensors.py took 0.055 seconds
[2024-11-16T13:44:08.701+0000] {processor.py:157} INFO - Started process (PID=7776) to work on /home/vscode/.local/lib/python3.10/site-packages/airflow/example_dags/example_sensors.py
[2024-11-16T13:44:08.702+0000] {processor.py:826} INFO - Processing file /home/vscode/.local/lib/python3.10/site-packages/airflow/example_dags/example_sensors.py for tasks to queue
[2024-11-16T13:44:08.702+0000] {logging_mixin.py:150} INFO - [2024-11-16T13:44:08.702+0000] {dagbag.py:541} INFO - Filling up the DagBag from /home/vscode/.local/lib/python3.10/site-packages/airflow/example_dags/example_sensors.py
[2024-11-16T13:44:08.709+0000] {processor.py:836} INFO - DAG(s) dict_keys(['example_sensors']) retrieved from /home/vscode/.local/lib/python3.10/site-packages/airflow/example_dags/example_sensors.py
[2024-11-16T13:44:08.723+0000] {logging_mixin.py:150} INFO - [2024-11-16T13:44:08.723+0000] {dag.py:2742} INFO - Sync 1 DAGs
[2024-11-16T13:44:08.736+0000] {logging_mixin.py:150} INFO - [2024-11-16T13:44:08.736+0000] {dag.py:3504} INFO - Setting next_dagrun for example_sensors to None, run_after=None
[2024-11-16T13:44:08.751+0000] {processor.py:179} INFO - Processing /home/vscode/.local/lib/python3.10/site-packages/airflow/example_dags/example_sensors.py took 0.052 seconds
[2024-11-16T13:44:52.126+0000] {processor.py:157} INFO - Started process (PID=8068) to work on /home/vscode/.local/lib/python3.10/site-packages/airflow/example_dags/example_sensors.py
[2024-11-16T13:44:52.126+0000] {processor.py:826} INFO - Processing file /home/vscode/.local/lib/python3.10/site-packages/airflow/example_dags/example_sensors.py for tasks to queue
[2024-11-16T13:44:52.127+0000] {logging_mixin.py:150} INFO - [2024-11-16T13:44:52.126+0000] {dagbag.py:541} INFO - Filling up the DagBag from /home/vscode/.local/lib/python3.10/site-packages/airflow/example_dags/example_sensors.py
[2024-11-16T13:44:52.134+0000] {processor.py:836} INFO - DAG(s) dict_keys(['example_sensors']) retrieved from /home/vscode/.local/lib/python3.10/site-packages/airflow/example_dags/example_sensors.py
[2024-11-16T13:44:52.153+0000] {logging_mixin.py:150} INFO - [2024-11-16T13:44:52.153+0000] {dag.py:2742} INFO - Sync 1 DAGs
[2024-11-16T13:44:52.169+0000] {logging_mixin.py:150} INFO - [2024-11-16T13:44:52.169+0000] {dag.py:3504} INFO - Setting next_dagrun for example_sensors to None, run_after=None
[2024-11-16T13:44:52.183+0000] {processor.py:179} INFO - Processing /home/vscode/.local/lib/python3.10/site-packages/airflow/example_dags/example_sensors.py took 0.059 seconds
[2024-11-16T13:45:36.858+0000] {processor.py:157} INFO - Started process (PID=8369) to work on /home/vscode/.local/lib/python3.10/site-packages/airflow/example_dags/example_sensors.py
[2024-11-16T13:45:36.859+0000] {processor.py:826} INFO - Processing file /home/vscode/.local/lib/python3.10/site-packages/airflow/example_dags/example_sensors.py for tasks to queue
[2024-11-16T13:45:36.860+0000] {logging_mixin.py:150} INFO - [2024-11-16T13:45:36.859+0000] {dagbag.py:541} INFO - Filling up the DagBag from /home/vscode/.local/lib/python3.10/site-packages/airflow/example_dags/example_sensors.py
[2024-11-16T13:45:36.866+0000] {processor.py:836} INFO - DAG(s) dict_keys(['example_sensors']) retrieved from /home/vscode/.local/lib/python3.10/site-packages/airflow/example_dags/example_sensors.py
[2024-11-16T13:45:36.880+0000] {logging_mixin.py:150} INFO - [2024-11-16T13:45:36.880+0000] {dag.py:2742} INFO - Sync 1 DAGs
[2024-11-16T13:45:36.893+0000] {logging_mixin.py:150} INFO - [2024-11-16T13:45:36.893+0000] {dag.py:3504} INFO - Setting next_dagrun for example_sensors to None, run_after=None
[2024-11-16T13:45:36.907+0000] {processor.py:179} INFO - Processing /home/vscode/.local/lib/python3.10/site-packages/airflow/example_dags/example_sensors.py took 0.050 seconds
[2024-11-16T13:46:25.966+0000] {processor.py:157} INFO - Started process (PID=8697) to work on /home/vscode/.local/lib/python3.10/site-packages/airflow/example_dags/example_sensors.py
[2024-11-16T13:46:25.967+0000] {processor.py:826} INFO - Processing file /home/vscode/.local/lib/python3.10/site-packages/airflow/example_dags/example_sensors.py for tasks to queue
[2024-11-16T13:46:25.967+0000] {logging_mixin.py:150} INFO - [2024-11-16T13:46:25.967+0000] {dagbag.py:541} INFO - Filling up the DagBag from /home/vscode/.local/lib/python3.10/site-packages/airflow/example_dags/example_sensors.py
[2024-11-16T13:46:25.974+0000] {processor.py:836} INFO - DAG(s) dict_keys(['example_sensors']) retrieved from /home/vscode/.local/lib/python3.10/site-packages/airflow/example_dags/example_sensors.py
[2024-11-16T13:46:25.987+0000] {logging_mixin.py:150} INFO - [2024-11-16T13:46:25.987+0000] {dag.py:2742} INFO - Sync 1 DAGs
[2024-11-16T13:46:26.000+0000] {logging_mixin.py:150} INFO - [2024-11-16T13:46:26.000+0000] {dag.py:3504} INFO - Setting next_dagrun for example_sensors to None, run_after=None
[2024-11-16T13:46:26.015+0000] {processor.py:179} INFO - Processing /home/vscode/.local/lib/python3.10/site-packages/airflow/example_dags/example_sensors.py took 0.050 seconds
[2024-11-16T13:47:09.300+0000] {processor.py:157} INFO - Started process (PID=8983) to work on /home/vscode/.local/lib/python3.10/site-packages/airflow/example_dags/example_sensors.py
[2024-11-16T13:47:09.300+0000] {processor.py:826} INFO - Processing file /home/vscode/.local/lib/python3.10/site-packages/airflow/example_dags/example_sensors.py for tasks to queue
[2024-11-16T13:47:09.301+0000] {logging_mixin.py:150} INFO - [2024-11-16T13:47:09.301+0000] {dagbag.py:541} INFO - Filling up the DagBag from /home/vscode/.local/lib/python3.10/site-packages/airflow/example_dags/example_sensors.py
[2024-11-16T13:47:09.308+0000] {processor.py:836} INFO - DAG(s) dict_keys(['example_sensors']) retrieved from /home/vscode/.local/lib/python3.10/site-packages/airflow/example_dags/example_sensors.py
[2024-11-16T13:47:09.322+0000] {logging_mixin.py:150} INFO - [2024-11-16T13:47:09.322+0000] {dag.py:2742} INFO - Sync 1 DAGs
[2024-11-16T13:47:09.335+0000] {logging_mixin.py:150} INFO - [2024-11-16T13:47:09.335+0000] {dag.py:3504} INFO - Setting next_dagrun for example_sensors to None, run_after=None
[2024-11-16T13:47:09.349+0000] {processor.py:179} INFO - Processing /home/vscode/.local/lib/python3.10/site-packages/airflow/example_dags/example_sensors.py took 0.052 seconds
[2024-11-16T13:47:48.022+0000] {processor.py:157} INFO - Started process (PID=9252) to work on /home/vscode/.local/lib/python3.10/site-packages/airflow/example_dags/example_sensors.py
[2024-11-16T13:47:48.023+0000] {processor.py:826} INFO - Processing file /home/vscode/.local/lib/python3.10/site-packages/airflow/example_dags/example_sensors.py for tasks to queue
[2024-11-16T13:47:48.023+0000] {logging_mixin.py:150} INFO - [2024-11-16T13:47:48.023+0000] {dagbag.py:541} INFO - Filling up the DagBag from /home/vscode/.local/lib/python3.10/site-packages/airflow/example_dags/example_sensors.py
[2024-11-16T13:47:48.032+0000] {processor.py:836} INFO - DAG(s) dict_keys(['example_sensors']) retrieved from /home/vscode/.local/lib/python3.10/site-packages/airflow/example_dags/example_sensors.py
[2024-11-16T13:47:48.051+0000] {logging_mixin.py:150} INFO - [2024-11-16T13:47:48.051+0000] {dag.py:2742} INFO - Sync 1 DAGs
[2024-11-16T13:47:48.068+0000] {logging_mixin.py:150} INFO - [2024-11-16T13:47:48.068+0000] {dag.py:3504} INFO - Setting next_dagrun for example_sensors to None, run_after=None
[2024-11-16T13:47:48.084+0000] {processor.py:179} INFO - Processing /home/vscode/.local/lib/python3.10/site-packages/airflow/example_dags/example_sensors.py took 0.063 seconds
[2024-11-16T13:48:31.963+0000] {processor.py:157} INFO - Started process (PID=9547) to work on /home/vscode/.local/lib/python3.10/site-packages/airflow/example_dags/example_sensors.py
[2024-11-16T13:48:31.964+0000] {processor.py:826} INFO - Processing file /home/vscode/.local/lib/python3.10/site-packages/airflow/example_dags/example_sensors.py for tasks to queue
[2024-11-16T13:48:31.964+0000] {logging_mixin.py:150} INFO - [2024-11-16T13:48:31.964+0000] {dagbag.py:541} INFO - Filling up the DagBag from /home/vscode/.local/lib/python3.10/site-packages/airflow/example_dags/example_sensors.py
[2024-11-16T13:48:31.971+0000] {processor.py:836} INFO - DAG(s) dict_keys(['example_sensors']) retrieved from /home/vscode/.local/lib/python3.10/site-packages/airflow/example_dags/example_sensors.py
[2024-11-16T13:48:31.986+0000] {logging_mixin.py:150} INFO - [2024-11-16T13:48:31.986+0000] {dag.py:2742} INFO - Sync 1 DAGs
[2024-11-16T13:48:31.999+0000] {logging_mixin.py:150} INFO - [2024-11-16T13:48:31.999+0000] {dag.py:3504} INFO - Setting next_dagrun for example_sensors to None, run_after=None
[2024-11-16T13:48:32.013+0000] {processor.py:179} INFO - Processing /home/vscode/.local/lib/python3.10/site-packages/airflow/example_dags/example_sensors.py took 0.052 seconds
[2024-11-16T13:49:17.374+0000] {processor.py:157} INFO - Started process (PID=9856) to work on /home/vscode/.local/lib/python3.10/site-packages/airflow/example_dags/example_sensors.py
[2024-11-16T13:49:17.375+0000] {processor.py:826} INFO - Processing file /home/vscode/.local/lib/python3.10/site-packages/airflow/example_dags/example_sensors.py for tasks to queue
[2024-11-16T13:49:17.376+0000] {logging_mixin.py:150} INFO - [2024-11-16T13:49:17.375+0000] {dagbag.py:541} INFO - Filling up the DagBag from /home/vscode/.local/lib/python3.10/site-packages/airflow/example_dags/example_sensors.py
[2024-11-16T13:49:17.382+0000] {processor.py:836} INFO - DAG(s) dict_keys(['example_sensors']) retrieved from /home/vscode/.local/lib/python3.10/site-packages/airflow/example_dags/example_sensors.py
[2024-11-16T13:49:17.396+0000] {logging_mixin.py:150} INFO - [2024-11-16T13:49:17.396+0000] {dag.py:2742} INFO - Sync 1 DAGs
[2024-11-16T13:49:17.410+0000] {logging_mixin.py:150} INFO - [2024-11-16T13:49:17.410+0000] {dag.py:3504} INFO - Setting next_dagrun for example_sensors to None, run_after=None
[2024-11-16T13:49:17.424+0000] {processor.py:179} INFO - Processing /home/vscode/.local/lib/python3.10/site-packages/airflow/example_dags/example_sensors.py took 0.052 seconds
[2024-11-16T13:50:05.957+0000] {processor.py:157} INFO - Started process (PID=10188) to work on /home/vscode/.local/lib/python3.10/site-packages/airflow/example_dags/example_sensors.py
[2024-11-16T13:50:05.958+0000] {processor.py:826} INFO - Processing file /home/vscode/.local/lib/python3.10/site-packages/airflow/example_dags/example_sensors.py for tasks to queue
[2024-11-16T13:50:05.958+0000] {logging_mixin.py:150} INFO - [2024-11-16T13:50:05.958+0000] {dagbag.py:541} INFO - Filling up the DagBag from /home/vscode/.local/lib/python3.10/site-packages/airflow/example_dags/example_sensors.py
[2024-11-16T13:50:05.965+0000] {processor.py:836} INFO - DAG(s) dict_keys(['example_sensors']) retrieved from /home/vscode/.local/lib/python3.10/site-packages/airflow/example_dags/example_sensors.py
[2024-11-16T13:50:05.979+0000] {logging_mixin.py:150} INFO - [2024-11-16T13:50:05.979+0000] {dag.py:2742} INFO - Sync 1 DAGs
[2024-11-16T13:50:05.992+0000] {logging_mixin.py:150} INFO - [2024-11-16T13:50:05.992+0000] {dag.py:3504} INFO - Setting next_dagrun for example_sensors to None, run_after=None
[2024-11-16T13:50:06.006+0000] {processor.py:179} INFO - Processing /home/vscode/.local/lib/python3.10/site-packages/airflow/example_dags/example_sensors.py took 0.051 seconds
[2024-11-16T13:50:49.310+0000] {processor.py:157} INFO - Started process (PID=10514) to work on /home/vscode/.local/lib/python3.10/site-packages/airflow/example_dags/example_sensors.py
[2024-11-16T13:50:49.310+0000] {processor.py:826} INFO - Processing file /home/vscode/.local/lib/python3.10/site-packages/airflow/example_dags/example_sensors.py for tasks to queue
[2024-11-16T13:50:49.311+0000] {logging_mixin.py:150} INFO - [2024-11-16T13:50:49.311+0000] {dagbag.py:541} INFO - Filling up the DagBag from /home/vscode/.local/lib/python3.10/site-packages/airflow/example_dags/example_sensors.py
[2024-11-16T13:50:49.318+0000] {processor.py:836} INFO - DAG(s) dict_keys(['example_sensors']) retrieved from /home/vscode/.local/lib/python3.10/site-packages/airflow/example_dags/example_sensors.py
[2024-11-16T13:50:49.332+0000] {logging_mixin.py:150} INFO - [2024-11-16T13:50:49.332+0000] {dag.py:2742} INFO - Sync 1 DAGs
[2024-11-16T13:50:49.345+0000] {logging_mixin.py:150} INFO - [2024-11-16T13:50:49.345+0000] {dag.py:3504} INFO - Setting next_dagrun for example_sensors to None, run_after=None
[2024-11-16T13:50:49.359+0000] {processor.py:179} INFO - Processing /home/vscode/.local/lib/python3.10/site-packages/airflow/example_dags/example_sensors.py took 0.051 seconds
[2024-11-16T13:51:31.370+0000] {processor.py:157} INFO - Started process (PID=10825) to work on /home/vscode/.local/lib/python3.10/site-packages/airflow/example_dags/example_sensors.py
[2024-11-16T13:51:31.370+0000] {processor.py:826} INFO - Processing file /home/vscode/.local/lib/python3.10/site-packages/airflow/example_dags/example_sensors.py for tasks to queue
[2024-11-16T13:51:31.371+0000] {logging_mixin.py:150} INFO - [2024-11-16T13:51:31.371+0000] {dagbag.py:541} INFO - Filling up the DagBag from /home/vscode/.local/lib/python3.10/site-packages/airflow/example_dags/example_sensors.py
[2024-11-16T13:51:31.378+0000] {processor.py:836} INFO - DAG(s) dict_keys(['example_sensors']) retrieved from /home/vscode/.local/lib/python3.10/site-packages/airflow/example_dags/example_sensors.py
[2024-11-16T13:51:31.391+0000] {logging_mixin.py:150} INFO - [2024-11-16T13:51:31.391+0000] {dag.py:2742} INFO - Sync 1 DAGs
[2024-11-16T13:51:31.405+0000] {logging_mixin.py:150} INFO - [2024-11-16T13:51:31.404+0000] {dag.py:3504} INFO - Setting next_dagrun for example_sensors to None, run_after=None
[2024-11-16T13:51:31.418+0000] {processor.py:179} INFO - Processing /home/vscode/.local/lib/python3.10/site-packages/airflow/example_dags/example_sensors.py took 0.051 seconds
