[2024-11-16T13:38:40.337+0000] {processor.py:157} INFO - Started process (PID=5506) to work on /home/vscode/.local/lib/python3.10/site-packages/airflow/example_dags/example_params_trigger_ui.py
[2024-11-16T13:38:40.338+0000] {processor.py:826} INFO - Processing file /home/vscode/.local/lib/python3.10/site-packages/airflow/example_dags/example_params_trigger_ui.py for tasks to queue
[2024-11-16T13:38:40.338+0000] {logging_mixin.py:150} INFO - [2024-11-16T13:38:40.338+0000] {dagbag.py:541} INFO - Filling up the DagBag from /home/vscode/.local/lib/python3.10/site-packages/airflow/example_dags/example_params_trigger_ui.py
[2024-11-16T13:38:40.351+0000] {processor.py:836} INFO - DAG(s) dict_keys(['example_params_trigger_ui']) retrieved from /home/vscode/.local/lib/python3.10/site-packages/airflow/example_dags/example_params_trigger_ui.py
[2024-11-16T13:38:40.509+0000] {logging_mixin.py:150} INFO - [2024-11-16T13:38:40.509+0000] {manager.py:504} INFO - Created Permission View: can edit on DAG:example_params_trigger_ui
[2024-11-16T13:38:40.517+0000] {logging_mixin.py:150} INFO - [2024-11-16T13:38:40.517+0000] {manager.py:504} INFO - Created Permission View: can delete on DAG:example_params_trigger_ui
[2024-11-16T13:38:40.523+0000] {logging_mixin.py:150} INFO - [2024-11-16T13:38:40.523+0000] {manager.py:504} INFO - Created Permission View: can read on DAG:example_params_trigger_ui
[2024-11-16T13:38:40.530+0000] {logging_mixin.py:150} INFO - [2024-11-16T13:38:40.530+0000] {dag.py:2742} INFO - Sync 1 DAGs
[2024-11-16T13:38:40.536+0000] {logging_mixin.py:150} INFO - [2024-11-16T13:38:40.536+0000] {dag.py:2763} INFO - Creating ORM DAG for example_params_trigger_ui
[2024-11-16T13:38:40.541+0000] {logging_mixin.py:150} INFO - [2024-11-16T13:38:40.541+0000] {dag.py:3504} INFO - Setting next_dagrun for example_params_trigger_ui to None, run_after=None
[2024-11-16T13:38:40.555+0000] {processor.py:179} INFO - Processing /home/vscode/.local/lib/python3.10/site-packages/airflow/example_dags/example_params_trigger_ui.py took 0.220 seconds
[2024-11-16T13:39:27.923+0000] {processor.py:157} INFO - Started process (PID=5869) to work on /home/vscode/.local/lib/python3.10/site-packages/airflow/example_dags/example_params_trigger_ui.py
[2024-11-16T13:39:27.923+0000] {processor.py:826} INFO - Processing file /home/vscode/.local/lib/python3.10/site-packages/airflow/example_dags/example_params_trigger_ui.py for tasks to queue
[2024-11-16T13:39:27.924+0000] {logging_mixin.py:150} INFO - [2024-11-16T13:39:27.924+0000] {dagbag.py:541} INFO - Filling up the DagBag from /home/vscode/.local/lib/python3.10/site-packages/airflow/example_dags/example_params_trigger_ui.py
[2024-11-16T13:39:27.936+0000] {processor.py:836} INFO - DAG(s) dict_keys(['example_params_trigger_ui']) retrieved from /home/vscode/.local/lib/python3.10/site-packages/airflow/example_dags/example_params_trigger_ui.py
[2024-11-16T13:39:27.966+0000] {logging_mixin.py:150} INFO - [2024-11-16T13:39:27.966+0000] {dag.py:2742} INFO - Sync 1 DAGs
[2024-11-16T13:39:27.980+0000] {logging_mixin.py:150} INFO - [2024-11-16T13:39:27.980+0000] {dag.py:3504} INFO - Setting next_dagrun for example_params_trigger_ui to None, run_after=None
[2024-11-16T13:39:27.994+0000] {processor.py:179} INFO - Processing /home/vscode/.local/lib/python3.10/site-packages/airflow/example_dags/example_params_trigger_ui.py took 0.073 seconds
[2024-11-16T13:40:13.876+0000] {processor.py:157} INFO - Started process (PID=6209) to work on /home/vscode/.local/lib/python3.10/site-packages/airflow/example_dags/example_params_trigger_ui.py
[2024-11-16T13:40:13.876+0000] {processor.py:826} INFO - Processing file /home/vscode/.local/lib/python3.10/site-packages/airflow/example_dags/example_params_trigger_ui.py for tasks to queue
[2024-11-16T13:40:13.877+0000] {logging_mixin.py:150} INFO - [2024-11-16T13:40:13.877+0000] {dagbag.py:541} INFO - Filling up the DagBag from /home/vscode/.local/lib/python3.10/site-packages/airflow/example_dags/example_params_trigger_ui.py
[2024-11-16T13:40:13.889+0000] {processor.py:836} INFO - DAG(s) dict_keys(['example_params_trigger_ui']) retrieved from /home/vscode/.local/lib/python3.10/site-packages/airflow/example_dags/example_params_trigger_ui.py
[2024-11-16T13:40:13.918+0000] {logging_mixin.py:150} INFO - [2024-11-16T13:40:13.918+0000] {dag.py:2742} INFO - Sync 1 DAGs
[2024-11-16T13:40:13.931+0000] {logging_mixin.py:150} INFO - [2024-11-16T13:40:13.931+0000] {dag.py:3504} INFO - Setting next_dagrun for example_params_trigger_ui to None, run_after=None
[2024-11-16T13:40:13.945+0000] {processor.py:179} INFO - Processing /home/vscode/.local/lib/python3.10/site-packages/airflow/example_dags/example_params_trigger_ui.py took 0.071 seconds
[2024-11-16T13:40:59.122+0000] {processor.py:157} INFO - Started process (PID=6505) to work on /home/vscode/.local/lib/python3.10/site-packages/airflow/example_dags/example_params_trigger_ui.py
[2024-11-16T13:40:59.123+0000] {processor.py:826} INFO - Processing file /home/vscode/.local/lib/python3.10/site-packages/airflow/example_dags/example_params_trigger_ui.py for tasks to queue
[2024-11-16T13:40:59.123+0000] {logging_mixin.py:150} INFO - [2024-11-16T13:40:59.123+0000] {dagbag.py:541} INFO - Filling up the DagBag from /home/vscode/.local/lib/python3.10/site-packages/airflow/example_dags/example_params_trigger_ui.py
[2024-11-16T13:40:59.135+0000] {processor.py:836} INFO - DAG(s) dict_keys(['example_params_trigger_ui']) retrieved from /home/vscode/.local/lib/python3.10/site-packages/airflow/example_dags/example_params_trigger_ui.py
[2024-11-16T13:40:59.165+0000] {logging_mixin.py:150} INFO - [2024-11-16T13:40:59.165+0000] {dag.py:2742} INFO - Sync 1 DAGs
[2024-11-16T13:40:59.178+0000] {logging_mixin.py:150} INFO - [2024-11-16T13:40:59.178+0000] {dag.py:3504} INFO - Setting next_dagrun for example_params_trigger_ui to None, run_after=None
[2024-11-16T13:40:59.192+0000] {processor.py:179} INFO - Processing /home/vscode/.local/lib/python3.10/site-packages/airflow/example_dags/example_params_trigger_ui.py took 0.072 seconds
[2024-11-16T13:41:42.631+0000] {processor.py:157} INFO - Started process (PID=6799) to work on /home/vscode/.local/lib/python3.10/site-packages/airflow/example_dags/example_params_trigger_ui.py
[2024-11-16T13:41:42.632+0000] {processor.py:826} INFO - Processing file /home/vscode/.local/lib/python3.10/site-packages/airflow/example_dags/example_params_trigger_ui.py for tasks to queue
[2024-11-16T13:41:42.632+0000] {logging_mixin.py:150} INFO - [2024-11-16T13:41:42.632+0000] {dagbag.py:541} INFO - Filling up the DagBag from /home/vscode/.local/lib/python3.10/site-packages/airflow/example_dags/example_params_trigger_ui.py
[2024-11-16T13:41:42.644+0000] {processor.py:836} INFO - DAG(s) dict_keys(['example_params_trigger_ui']) retrieved from /home/vscode/.local/lib/python3.10/site-packages/airflow/example_dags/example_params_trigger_ui.py
[2024-11-16T13:41:42.674+0000] {logging_mixin.py:150} INFO - [2024-11-16T13:41:42.674+0000] {dag.py:2742} INFO - Sync 1 DAGs
[2024-11-16T13:41:42.687+0000] {logging_mixin.py:150} INFO - [2024-11-16T13:41:42.687+0000] {dag.py:3504} INFO - Setting next_dagrun for example_params_trigger_ui to None, run_after=None
[2024-11-16T13:41:42.701+0000] {processor.py:179} INFO - Processing /home/vscode/.local/lib/python3.10/site-packages/airflow/example_dags/example_params_trigger_ui.py took 0.072 seconds
[2024-11-16T13:42:28.843+0000] {processor.py:157} INFO - Started process (PID=7110) to work on /home/vscode/.local/lib/python3.10/site-packages/airflow/example_dags/example_params_trigger_ui.py
[2024-11-16T13:42:28.844+0000] {processor.py:826} INFO - Processing file /home/vscode/.local/lib/python3.10/site-packages/airflow/example_dags/example_params_trigger_ui.py for tasks to queue
[2024-11-16T13:42:28.844+0000] {logging_mixin.py:150} INFO - [2024-11-16T13:42:28.844+0000] {dagbag.py:541} INFO - Filling up the DagBag from /home/vscode/.local/lib/python3.10/site-packages/airflow/example_dags/example_params_trigger_ui.py
[2024-11-16T13:42:28.856+0000] {processor.py:836} INFO - DAG(s) dict_keys(['example_params_trigger_ui']) retrieved from /home/vscode/.local/lib/python3.10/site-packages/airflow/example_dags/example_params_trigger_ui.py
[2024-11-16T13:42:28.886+0000] {logging_mixin.py:150} INFO - [2024-11-16T13:42:28.886+0000] {dag.py:2742} INFO - Sync 1 DAGs
[2024-11-16T13:42:28.899+0000] {logging_mixin.py:150} INFO - [2024-11-16T13:42:28.899+0000] {dag.py:3504} INFO - Setting next_dagrun for example_params_trigger_ui to None, run_after=None
[2024-11-16T13:42:28.913+0000] {processor.py:179} INFO - Processing /home/vscode/.local/lib/python3.10/site-packages/airflow/example_dags/example_params_trigger_ui.py took 0.072 seconds
[2024-11-16T13:43:09.344+0000] {processor.py:157} INFO - Started process (PID=7379) to work on /home/vscode/.local/lib/python3.10/site-packages/airflow/example_dags/example_params_trigger_ui.py
[2024-11-16T13:43:09.345+0000] {processor.py:826} INFO - Processing file /home/vscode/.local/lib/python3.10/site-packages/airflow/example_dags/example_params_trigger_ui.py for tasks to queue
[2024-11-16T13:43:09.345+0000] {logging_mixin.py:150} INFO - [2024-11-16T13:43:09.345+0000] {dagbag.py:541} INFO - Filling up the DagBag from /home/vscode/.local/lib/python3.10/site-packages/airflow/example_dags/example_params_trigger_ui.py
[2024-11-16T13:43:09.357+0000] {processor.py:836} INFO - DAG(s) dict_keys(['example_params_trigger_ui']) retrieved from /home/vscode/.local/lib/python3.10/site-packages/airflow/example_dags/example_params_trigger_ui.py
[2024-11-16T13:43:09.387+0000] {logging_mixin.py:150} INFO - [2024-11-16T13:43:09.387+0000] {dag.py:2742} INFO - Sync 1 DAGs
[2024-11-16T13:43:09.401+0000] {logging_mixin.py:150} INFO - [2024-11-16T13:43:09.401+0000] {dag.py:3504} INFO - Setting next_dagrun for example_params_trigger_ui to None, run_after=None
[2024-11-16T13:43:09.414+0000] {processor.py:179} INFO - Processing /home/vscode/.local/lib/python3.10/site-packages/airflow/example_dags/example_params_trigger_ui.py took 0.073 seconds
[2024-11-16T13:43:53.607+0000] {processor.py:157} INFO - Started process (PID=7673) to work on /home/vscode/.local/lib/python3.10/site-packages/airflow/example_dags/example_params_trigger_ui.py
[2024-11-16T13:43:53.608+0000] {processor.py:826} INFO - Processing file /home/vscode/.local/lib/python3.10/site-packages/airflow/example_dags/example_params_trigger_ui.py for tasks to queue
[2024-11-16T13:43:53.609+0000] {logging_mixin.py:150} INFO - [2024-11-16T13:43:53.608+0000] {dagbag.py:541} INFO - Filling up the DagBag from /home/vscode/.local/lib/python3.10/site-packages/airflow/example_dags/example_params_trigger_ui.py
[2024-11-16T13:43:53.620+0000] {processor.py:836} INFO - DAG(s) dict_keys(['example_params_trigger_ui']) retrieved from /home/vscode/.local/lib/python3.10/site-packages/airflow/example_dags/example_params_trigger_ui.py
[2024-11-16T13:43:53.650+0000] {logging_mixin.py:150} INFO - [2024-11-16T13:43:53.650+0000] {dag.py:2742} INFO - Sync 1 DAGs
[2024-11-16T13:43:53.664+0000] {logging_mixin.py:150} INFO - [2024-11-16T13:43:53.663+0000] {dag.py:3504} INFO - Setting next_dagrun for example_params_trigger_ui to None, run_after=None
[2024-11-16T13:43:53.677+0000] {processor.py:179} INFO - Processing /home/vscode/.local/lib/python3.10/site-packages/airflow/example_dags/example_params_trigger_ui.py took 0.072 seconds
[2024-11-16T13:44:36.990+0000] {processor.py:157} INFO - Started process (PID=7965) to work on /home/vscode/.local/lib/python3.10/site-packages/airflow/example_dags/example_params_trigger_ui.py
[2024-11-16T13:44:36.991+0000] {processor.py:826} INFO - Processing file /home/vscode/.local/lib/python3.10/site-packages/airflow/example_dags/example_params_trigger_ui.py for tasks to queue
[2024-11-16T13:44:36.991+0000] {logging_mixin.py:150} INFO - [2024-11-16T13:44:36.991+0000] {dagbag.py:541} INFO - Filling up the DagBag from /home/vscode/.local/lib/python3.10/site-packages/airflow/example_dags/example_params_trigger_ui.py
[2024-11-16T13:44:37.003+0000] {processor.py:836} INFO - DAG(s) dict_keys(['example_params_trigger_ui']) retrieved from /home/vscode/.local/lib/python3.10/site-packages/airflow/example_dags/example_params_trigger_ui.py
[2024-11-16T13:44:37.033+0000] {logging_mixin.py:150} INFO - [2024-11-16T13:44:37.033+0000] {dag.py:2742} INFO - Sync 1 DAGs
[2024-11-16T13:44:37.046+0000] {logging_mixin.py:150} INFO - [2024-11-16T13:44:37.046+0000] {dag.py:3504} INFO - Setting next_dagrun for example_params_trigger_ui to None, run_after=None
[2024-11-16T13:44:37.063+0000] {processor.py:179} INFO - Processing /home/vscode/.local/lib/python3.10/site-packages/airflow/example_dags/example_params_trigger_ui.py took 0.075 seconds
[2024-11-16T13:45:20.370+0000] {processor.py:157} INFO - Started process (PID=8258) to work on /home/vscode/.local/lib/python3.10/site-packages/airflow/example_dags/example_params_trigger_ui.py
[2024-11-16T13:45:20.371+0000] {processor.py:826} INFO - Processing file /home/vscode/.local/lib/python3.10/site-packages/airflow/example_dags/example_params_trigger_ui.py for tasks to queue
[2024-11-16T13:45:20.371+0000] {logging_mixin.py:150} INFO - [2024-11-16T13:45:20.371+0000] {dagbag.py:541} INFO - Filling up the DagBag from /home/vscode/.local/lib/python3.10/site-packages/airflow/example_dags/example_params_trigger_ui.py
[2024-11-16T13:45:20.383+0000] {processor.py:836} INFO - DAG(s) dict_keys(['example_params_trigger_ui']) retrieved from /home/vscode/.local/lib/python3.10/site-packages/airflow/example_dags/example_params_trigger_ui.py
[2024-11-16T13:45:20.413+0000] {logging_mixin.py:150} INFO - [2024-11-16T13:45:20.413+0000] {dag.py:2742} INFO - Sync 1 DAGs
[2024-11-16T13:45:20.427+0000] {logging_mixin.py:150} INFO - [2024-11-16T13:45:20.427+0000] {dag.py:3504} INFO - Setting next_dagrun for example_params_trigger_ui to None, run_after=None
[2024-11-16T13:45:20.440+0000] {processor.py:179} INFO - Processing /home/vscode/.local/lib/python3.10/site-packages/airflow/example_dags/example_params_trigger_ui.py took 0.072 seconds
[2024-11-16T13:46:06.549+0000] {processor.py:157} INFO - Started process (PID=8568) to work on /home/vscode/.local/lib/python3.10/site-packages/airflow/example_dags/example_params_trigger_ui.py
[2024-11-16T13:46:06.549+0000] {processor.py:826} INFO - Processing file /home/vscode/.local/lib/python3.10/site-packages/airflow/example_dags/example_params_trigger_ui.py for tasks to queue
[2024-11-16T13:46:06.550+0000] {logging_mixin.py:150} INFO - [2024-11-16T13:46:06.550+0000] {dagbag.py:541} INFO - Filling up the DagBag from /home/vscode/.local/lib/python3.10/site-packages/airflow/example_dags/example_params_trigger_ui.py
[2024-11-16T13:46:06.561+0000] {processor.py:836} INFO - DAG(s) dict_keys(['example_params_trigger_ui']) retrieved from /home/vscode/.local/lib/python3.10/site-packages/airflow/example_dags/example_params_trigger_ui.py
[2024-11-16T13:46:06.591+0000] {logging_mixin.py:150} INFO - [2024-11-16T13:46:06.591+0000] {dag.py:2742} INFO - Sync 1 DAGs
[2024-11-16T13:46:06.604+0000] {logging_mixin.py:150} INFO - [2024-11-16T13:46:06.604+0000] {dag.py:3504} INFO - Setting next_dagrun for example_params_trigger_ui to None, run_after=None
[2024-11-16T13:46:06.617+0000] {processor.py:179} INFO - Processing /home/vscode/.local/lib/python3.10/site-packages/airflow/example_dags/example_params_trigger_ui.py took 0.071 seconds
[2024-11-16T13:46:50.496+0000] {processor.py:157} INFO - Started process (PID=8862) to work on /home/vscode/.local/lib/python3.10/site-packages/airflow/example_dags/example_params_trigger_ui.py
[2024-11-16T13:46:50.497+0000] {processor.py:826} INFO - Processing file /home/vscode/.local/lib/python3.10/site-packages/airflow/example_dags/example_params_trigger_ui.py for tasks to queue
[2024-11-16T13:46:50.497+0000] {logging_mixin.py:150} INFO - [2024-11-16T13:46:50.497+0000] {dagbag.py:541} INFO - Filling up the DagBag from /home/vscode/.local/lib/python3.10/site-packages/airflow/example_dags/example_params_trigger_ui.py
[2024-11-16T13:46:50.509+0000] {processor.py:836} INFO - DAG(s) dict_keys(['example_params_trigger_ui']) retrieved from /home/vscode/.local/lib/python3.10/site-packages/airflow/example_dags/example_params_trigger_ui.py
[2024-11-16T13:46:50.539+0000] {logging_mixin.py:150} INFO - [2024-11-16T13:46:50.539+0000] {dag.py:2742} INFO - Sync 1 DAGs
[2024-11-16T13:46:50.553+0000] {logging_mixin.py:150} INFO - [2024-11-16T13:46:50.553+0000] {dag.py:3504} INFO - Setting next_dagrun for example_params_trigger_ui to None, run_after=None
[2024-11-16T13:46:50.567+0000] {processor.py:179} INFO - Processing /home/vscode/.local/lib/python3.10/site-packages/airflow/example_dags/example_params_trigger_ui.py took 0.073 seconds
[2024-11-16T13:47:33.739+0000] {processor.py:157} INFO - Started process (PID=9149) to work on /home/vscode/.local/lib/python3.10/site-packages/airflow/example_dags/example_params_trigger_ui.py
[2024-11-16T13:47:33.740+0000] {processor.py:826} INFO - Processing file /home/vscode/.local/lib/python3.10/site-packages/airflow/example_dags/example_params_trigger_ui.py for tasks to queue
[2024-11-16T13:47:33.740+0000] {logging_mixin.py:150} INFO - [2024-11-16T13:47:33.740+0000] {dagbag.py:541} INFO - Filling up the DagBag from /home/vscode/.local/lib/python3.10/site-packages/airflow/example_dags/example_params_trigger_ui.py
[2024-11-16T13:47:33.752+0000] {processor.py:836} INFO - DAG(s) dict_keys(['example_params_trigger_ui']) retrieved from /home/vscode/.local/lib/python3.10/site-packages/airflow/example_dags/example_params_trigger_ui.py
[2024-11-16T13:47:33.782+0000] {logging_mixin.py:150} INFO - [2024-11-16T13:47:33.782+0000] {dag.py:2742} INFO - Sync 1 DAGs
[2024-11-16T13:47:33.795+0000] {logging_mixin.py:150} INFO - [2024-11-16T13:47:33.795+0000] {dag.py:3504} INFO - Setting next_dagrun for example_params_trigger_ui to None, run_after=None
[2024-11-16T13:47:33.809+0000] {processor.py:179} INFO - Processing /home/vscode/.local/lib/python3.10/site-packages/airflow/example_dags/example_params_trigger_ui.py took 0.072 seconds
[2024-11-16T13:48:11.968+0000] {processor.py:157} INFO - Started process (PID=9408) to work on /home/vscode/.local/lib/python3.10/site-packages/airflow/example_dags/example_params_trigger_ui.py
[2024-11-16T13:48:11.968+0000] {processor.py:826} INFO - Processing file /home/vscode/.local/lib/python3.10/site-packages/airflow/example_dags/example_params_trigger_ui.py for tasks to queue
[2024-11-16T13:48:11.969+0000] {logging_mixin.py:150} INFO - [2024-11-16T13:48:11.969+0000] {dagbag.py:541} INFO - Filling up the DagBag from /home/vscode/.local/lib/python3.10/site-packages/airflow/example_dags/example_params_trigger_ui.py
[2024-11-16T13:48:11.981+0000] {processor.py:836} INFO - DAG(s) dict_keys(['example_params_trigger_ui']) retrieved from /home/vscode/.local/lib/python3.10/site-packages/airflow/example_dags/example_params_trigger_ui.py
[2024-11-16T13:48:12.010+0000] {logging_mixin.py:150} INFO - [2024-11-16T13:48:12.010+0000] {dag.py:2742} INFO - Sync 1 DAGs
[2024-11-16T13:48:12.024+0000] {logging_mixin.py:150} INFO - [2024-11-16T13:48:12.024+0000] {dag.py:3504} INFO - Setting next_dagrun for example_params_trigger_ui to None, run_after=None
[2024-11-16T13:48:12.037+0000] {processor.py:179} INFO - Processing /home/vscode/.local/lib/python3.10/site-packages/airflow/example_dags/example_params_trigger_ui.py took 0.072 seconds
[2024-11-16T13:48:55.096+0000] {processor.py:157} INFO - Started process (PID=9696) to work on /home/vscode/.local/lib/python3.10/site-packages/airflow/example_dags/example_params_trigger_ui.py
[2024-11-16T13:48:55.096+0000] {processor.py:826} INFO - Processing file /home/vscode/.local/lib/python3.10/site-packages/airflow/example_dags/example_params_trigger_ui.py for tasks to queue
[2024-11-16T13:48:55.097+0000] {logging_mixin.py:150} INFO - [2024-11-16T13:48:55.097+0000] {dagbag.py:541} INFO - Filling up the DagBag from /home/vscode/.local/lib/python3.10/site-packages/airflow/example_dags/example_params_trigger_ui.py
[2024-11-16T13:48:55.109+0000] {processor.py:836} INFO - DAG(s) dict_keys(['example_params_trigger_ui']) retrieved from /home/vscode/.local/lib/python3.10/site-packages/airflow/example_dags/example_params_trigger_ui.py
[2024-11-16T13:48:55.140+0000] {logging_mixin.py:150} INFO - [2024-11-16T13:48:55.140+0000] {dag.py:2742} INFO - Sync 1 DAGs
[2024-11-16T13:48:55.153+0000] {logging_mixin.py:150} INFO - [2024-11-16T13:48:55.153+0000] {dag.py:3504} INFO - Setting next_dagrun for example_params_trigger_ui to None, run_after=None
[2024-11-16T13:48:55.167+0000] {processor.py:179} INFO - Processing /home/vscode/.local/lib/python3.10/site-packages/airflow/example_dags/example_params_trigger_ui.py took 0.074 seconds
[2024-11-16T13:49:45.691+0000] {processor.py:157} INFO - Started process (PID=10049) to work on /home/vscode/.local/lib/python3.10/site-packages/airflow/example_dags/example_params_trigger_ui.py
[2024-11-16T13:49:45.691+0000] {processor.py:826} INFO - Processing file /home/vscode/.local/lib/python3.10/site-packages/airflow/example_dags/example_params_trigger_ui.py for tasks to queue
[2024-11-16T13:49:45.692+0000] {logging_mixin.py:150} INFO - [2024-11-16T13:49:45.692+0000] {dagbag.py:541} INFO - Filling up the DagBag from /home/vscode/.local/lib/python3.10/site-packages/airflow/example_dags/example_params_trigger_ui.py
[2024-11-16T13:49:45.704+0000] {processor.py:836} INFO - DAG(s) dict_keys(['example_params_trigger_ui']) retrieved from /home/vscode/.local/lib/python3.10/site-packages/airflow/example_dags/example_params_trigger_ui.py
[2024-11-16T13:49:45.734+0000] {logging_mixin.py:150} INFO - [2024-11-16T13:49:45.734+0000] {dag.py:2742} INFO - Sync 1 DAGs
[2024-11-16T13:49:45.747+0000] {logging_mixin.py:150} INFO - [2024-11-16T13:49:45.747+0000] {dag.py:3504} INFO - Setting next_dagrun for example_params_trigger_ui to None, run_after=None
[2024-11-16T13:49:45.760+0000] {processor.py:179} INFO - Processing /home/vscode/.local/lib/python3.10/site-packages/airflow/example_dags/example_params_trigger_ui.py took 0.072 seconds
[2024-11-16T13:50:28.959+0000] {processor.py:157} INFO - Started process (PID=10343) to work on /home/vscode/.local/lib/python3.10/site-packages/airflow/example_dags/example_params_trigger_ui.py
[2024-11-16T13:50:28.959+0000] {processor.py:826} INFO - Processing file /home/vscode/.local/lib/python3.10/site-packages/airflow/example_dags/example_params_trigger_ui.py for tasks to queue
[2024-11-16T13:50:28.960+0000] {logging_mixin.py:150} INFO - [2024-11-16T13:50:28.960+0000] {dagbag.py:541} INFO - Filling up the DagBag from /home/vscode/.local/lib/python3.10/site-packages/airflow/example_dags/example_params_trigger_ui.py
[2024-11-16T13:50:28.972+0000] {processor.py:836} INFO - DAG(s) dict_keys(['example_params_trigger_ui']) retrieved from /home/vscode/.local/lib/python3.10/site-packages/airflow/example_dags/example_params_trigger_ui.py
[2024-11-16T13:50:29.002+0000] {logging_mixin.py:150} INFO - [2024-11-16T13:50:29.001+0000] {dag.py:2742} INFO - Sync 1 DAGs
[2024-11-16T13:50:29.019+0000] {logging_mixin.py:150} INFO - [2024-11-16T13:50:29.019+0000] {dag.py:3504} INFO - Setting next_dagrun for example_params_trigger_ui to None, run_after=None
[2024-11-16T13:50:29.032+0000] {processor.py:179} INFO - Processing /home/vscode/.local/lib/python3.10/site-packages/airflow/example_dags/example_params_trigger_ui.py took 0.076 seconds
[2024-11-16T13:51:12.294+0000] {processor.py:157} INFO - Started process (PID=10697) to work on /home/vscode/.local/lib/python3.10/site-packages/airflow/example_dags/example_params_trigger_ui.py
[2024-11-16T13:51:12.295+0000] {processor.py:826} INFO - Processing file /home/vscode/.local/lib/python3.10/site-packages/airflow/example_dags/example_params_trigger_ui.py for tasks to queue
[2024-11-16T13:51:12.295+0000] {logging_mixin.py:150} INFO - [2024-11-16T13:51:12.295+0000] {dagbag.py:541} INFO - Filling up the DagBag from /home/vscode/.local/lib/python3.10/site-packages/airflow/example_dags/example_params_trigger_ui.py
[2024-11-16T13:51:12.307+0000] {processor.py:836} INFO - DAG(s) dict_keys(['example_params_trigger_ui']) retrieved from /home/vscode/.local/lib/python3.10/site-packages/airflow/example_dags/example_params_trigger_ui.py
[2024-11-16T13:51:12.337+0000] {logging_mixin.py:150} INFO - [2024-11-16T13:51:12.337+0000] {dag.py:2742} INFO - Sync 1 DAGs
[2024-11-16T13:51:12.350+0000] {logging_mixin.py:150} INFO - [2024-11-16T13:51:12.350+0000] {dag.py:3504} INFO - Setting next_dagrun for example_params_trigger_ui to None, run_after=None
[2024-11-16T13:51:12.364+0000] {processor.py:179} INFO - Processing /home/vscode/.local/lib/python3.10/site-packages/airflow/example_dags/example_params_trigger_ui.py took 0.072 seconds
[2024-11-16T13:51:59.547+0000] {processor.py:157} INFO - Started process (PID=11086) to work on /home/vscode/.local/lib/python3.10/site-packages/airflow/example_dags/example_params_trigger_ui.py
[2024-11-16T13:51:59.547+0000] {processor.py:826} INFO - Processing file /home/vscode/.local/lib/python3.10/site-packages/airflow/example_dags/example_params_trigger_ui.py for tasks to queue
[2024-11-16T13:51:59.548+0000] {logging_mixin.py:150} INFO - [2024-11-16T13:51:59.548+0000] {dagbag.py:541} INFO - Filling up the DagBag from /home/vscode/.local/lib/python3.10/site-packages/airflow/example_dags/example_params_trigger_ui.py
[2024-11-16T13:51:59.560+0000] {processor.py:836} INFO - DAG(s) dict_keys(['example_params_trigger_ui']) retrieved from /home/vscode/.local/lib/python3.10/site-packages/airflow/example_dags/example_params_trigger_ui.py
[2024-11-16T13:51:59.591+0000] {logging_mixin.py:150} INFO - [2024-11-16T13:51:59.591+0000] {dag.py:2742} INFO - Sync 1 DAGs
[2024-11-16T13:51:59.605+0000] {logging_mixin.py:150} INFO - [2024-11-16T13:51:59.605+0000] {dag.py:3504} INFO - Setting next_dagrun for example_params_trigger_ui to None, run_after=None
[2024-11-16T13:51:59.619+0000] {processor.py:179} INFO - Processing /home/vscode/.local/lib/python3.10/site-packages/airflow/example_dags/example_params_trigger_ui.py took 0.075 seconds
