[2024-11-16T13:39:02.827+0000] {processor.py:157} INFO - Started process (PID=5685) to work on /home/vscode/.local/lib/python3.10/site-packages/airflow/example_dags/example_dynamic_task_mapping_with_no_taskflow_operators.py
[2024-11-16T13:39:02.828+0000] {processor.py:826} INFO - Processing file /home/vscode/.local/lib/python3.10/site-packages/airflow/example_dags/example_dynamic_task_mapping_with_no_taskflow_operators.py for tasks to queue
[2024-11-16T13:39:02.829+0000] {logging_mixin.py:150} INFO - [2024-11-16T13:39:02.828+0000] {dagbag.py:541} INFO - Filling up the DagBag from /home/vscode/.local/lib/python3.10/site-packages/airflow/example_dags/example_dynamic_task_mapping_with_no_taskflow_operators.py
[2024-11-16T13:39:02.833+0000] {processor.py:836} INFO - DAG(s) dict_keys(['example_dynamic_task_mapping_with_no_taskflow_operators']) retrieved from /home/vscode/.local/lib/python3.10/site-packages/airflow/example_dags/example_dynamic_task_mapping_with_no_taskflow_operators.py
[2024-11-16T13:39:02.969+0000] {logging_mixin.py:150} INFO - [2024-11-16T13:39:02.969+0000] {manager.py:504} INFO - Created Permission View: can edit on DAG:example_dynamic_task_mapping_with_no_taskflow_operators
[2024-11-16T13:39:02.976+0000] {logging_mixin.py:150} INFO - [2024-11-16T13:39:02.976+0000] {manager.py:504} INFO - Created Permission View: can delete on DAG:example_dynamic_task_mapping_with_no_taskflow_operators
[2024-11-16T13:39:02.982+0000] {logging_mixin.py:150} INFO - [2024-11-16T13:39:02.982+0000] {manager.py:504} INFO - Created Permission View: can read on DAG:example_dynamic_task_mapping_with_no_taskflow_operators
[2024-11-16T13:39:02.989+0000] {logging_mixin.py:150} INFO - [2024-11-16T13:39:02.989+0000] {dag.py:2742} INFO - Sync 1 DAGs
[2024-11-16T13:39:02.995+0000] {logging_mixin.py:150} INFO - [2024-11-16T13:39:02.995+0000] {dag.py:2763} INFO - Creating ORM DAG for example_dynamic_task_mapping_with_no_taskflow_operators
[2024-11-16T13:39:03.001+0000] {logging_mixin.py:150} INFO - [2024-11-16T13:39:03.001+0000] {dag.py:3504} INFO - Setting next_dagrun for example_dynamic_task_mapping_with_no_taskflow_operators to 2024-11-15T13:39:03.001145+00:00, run_after=2024-11-16T13:39:03.001145+00:00
[2024-11-16T13:39:03.013+0000] {processor.py:179} INFO - Processing /home/vscode/.local/lib/python3.10/site-packages/airflow/example_dags/example_dynamic_task_mapping_with_no_taskflow_operators.py took 0.188 seconds
[2024-11-16T13:39:49.326+0000] {processor.py:157} INFO - Started process (PID=6040) to work on /home/vscode/.local/lib/python3.10/site-packages/airflow/example_dags/example_dynamic_task_mapping_with_no_taskflow_operators.py
[2024-11-16T13:39:49.329+0000] {processor.py:826} INFO - Processing file /home/vscode/.local/lib/python3.10/site-packages/airflow/example_dags/example_dynamic_task_mapping_with_no_taskflow_operators.py for tasks to queue
[2024-11-16T13:39:49.330+0000] {logging_mixin.py:150} INFO - [2024-11-16T13:39:49.329+0000] {dagbag.py:541} INFO - Filling up the DagBag from /home/vscode/.local/lib/python3.10/site-packages/airflow/example_dags/example_dynamic_task_mapping_with_no_taskflow_operators.py
[2024-11-16T13:39:49.337+0000] {processor.py:836} INFO - DAG(s) dict_keys(['example_dynamic_task_mapping_with_no_taskflow_operators']) retrieved from /home/vscode/.local/lib/python3.10/site-packages/airflow/example_dags/example_dynamic_task_mapping_with_no_taskflow_operators.py
[2024-11-16T13:39:49.584+0000] {logging_mixin.py:150} INFO - [2024-11-16T13:39:49.584+0000] {dag.py:2742} INFO - Sync 1 DAGs
[2024-11-16T13:39:49.603+0000] {logging_mixin.py:150} INFO - [2024-11-16T13:39:49.603+0000] {dag.py:3504} INFO - Setting next_dagrun for example_dynamic_task_mapping_with_no_taskflow_operators to 2024-11-15T13:39:49.603101+00:00, run_after=2024-11-16T13:39:49.603101+00:00
[2024-11-16T13:39:49.683+0000] {processor.py:179} INFO - Processing /home/vscode/.local/lib/python3.10/site-packages/airflow/example_dags/example_dynamic_task_mapping_with_no_taskflow_operators.py took 0.360 seconds
[2024-11-16T13:40:35.274+0000] {processor.py:157} INFO - Started process (PID=6349) to work on /home/vscode/.local/lib/python3.10/site-packages/airflow/example_dags/example_dynamic_task_mapping_with_no_taskflow_operators.py
[2024-11-16T13:40:35.275+0000] {processor.py:826} INFO - Processing file /home/vscode/.local/lib/python3.10/site-packages/airflow/example_dags/example_dynamic_task_mapping_with_no_taskflow_operators.py for tasks to queue
[2024-11-16T13:40:35.276+0000] {logging_mixin.py:150} INFO - [2024-11-16T13:40:35.275+0000] {dagbag.py:541} INFO - Filling up the DagBag from /home/vscode/.local/lib/python3.10/site-packages/airflow/example_dags/example_dynamic_task_mapping_with_no_taskflow_operators.py
[2024-11-16T13:40:35.281+0000] {processor.py:836} INFO - DAG(s) dict_keys(['example_dynamic_task_mapping_with_no_taskflow_operators']) retrieved from /home/vscode/.local/lib/python3.10/site-packages/airflow/example_dags/example_dynamic_task_mapping_with_no_taskflow_operators.py
[2024-11-16T13:40:35.291+0000] {logging_mixin.py:150} INFO - [2024-11-16T13:40:35.291+0000] {dag.py:2742} INFO - Sync 1 DAGs
[2024-11-16T13:40:35.304+0000] {logging_mixin.py:150} INFO - [2024-11-16T13:40:35.304+0000] {dag.py:3504} INFO - Setting next_dagrun for example_dynamic_task_mapping_with_no_taskflow_operators to 2024-11-15T13:40:35.304264+00:00, run_after=2024-11-16T13:40:35.304264+00:00
[2024-11-16T13:40:35.318+0000] {processor.py:179} INFO - Processing /home/vscode/.local/lib/python3.10/site-packages/airflow/example_dags/example_dynamic_task_mapping_with_no_taskflow_operators.py took 0.045 seconds
[2024-11-16T13:41:19.386+0000] {processor.py:157} INFO - Started process (PID=6644) to work on /home/vscode/.local/lib/python3.10/site-packages/airflow/example_dags/example_dynamic_task_mapping_with_no_taskflow_operators.py
[2024-11-16T13:41:19.386+0000] {processor.py:826} INFO - Processing file /home/vscode/.local/lib/python3.10/site-packages/airflow/example_dags/example_dynamic_task_mapping_with_no_taskflow_operators.py for tasks to queue
[2024-11-16T13:41:19.387+0000] {logging_mixin.py:150} INFO - [2024-11-16T13:41:19.387+0000] {dagbag.py:541} INFO - Filling up the DagBag from /home/vscode/.local/lib/python3.10/site-packages/airflow/example_dags/example_dynamic_task_mapping_with_no_taskflow_operators.py
[2024-11-16T13:41:19.392+0000] {processor.py:836} INFO - DAG(s) dict_keys(['example_dynamic_task_mapping_with_no_taskflow_operators']) retrieved from /home/vscode/.local/lib/python3.10/site-packages/airflow/example_dags/example_dynamic_task_mapping_with_no_taskflow_operators.py
[2024-11-16T13:41:19.402+0000] {logging_mixin.py:150} INFO - [2024-11-16T13:41:19.402+0000] {dag.py:2742} INFO - Sync 1 DAGs
[2024-11-16T13:41:19.415+0000] {logging_mixin.py:150} INFO - [2024-11-16T13:41:19.415+0000] {dag.py:3504} INFO - Setting next_dagrun for example_dynamic_task_mapping_with_no_taskflow_operators to 2024-11-15T13:41:19.415729+00:00, run_after=2024-11-16T13:41:19.415729+00:00
[2024-11-16T13:41:19.429+0000] {processor.py:179} INFO - Processing /home/vscode/.local/lib/python3.10/site-packages/airflow/example_dags/example_dynamic_task_mapping_with_no_taskflow_operators.py took 0.045 seconds
[2024-11-16T13:42:05.453+0000] {processor.py:157} INFO - Started process (PID=6954) to work on /home/vscode/.local/lib/python3.10/site-packages/airflow/example_dags/example_dynamic_task_mapping_with_no_taskflow_operators.py
[2024-11-16T13:42:05.453+0000] {processor.py:826} INFO - Processing file /home/vscode/.local/lib/python3.10/site-packages/airflow/example_dags/example_dynamic_task_mapping_with_no_taskflow_operators.py for tasks to queue
[2024-11-16T13:42:05.454+0000] {logging_mixin.py:150} INFO - [2024-11-16T13:42:05.454+0000] {dagbag.py:541} INFO - Filling up the DagBag from /home/vscode/.local/lib/python3.10/site-packages/airflow/example_dags/example_dynamic_task_mapping_with_no_taskflow_operators.py
[2024-11-16T13:42:05.459+0000] {processor.py:836} INFO - DAG(s) dict_keys(['example_dynamic_task_mapping_with_no_taskflow_operators']) retrieved from /home/vscode/.local/lib/python3.10/site-packages/airflow/example_dags/example_dynamic_task_mapping_with_no_taskflow_operators.py
[2024-11-16T13:42:05.469+0000] {logging_mixin.py:150} INFO - [2024-11-16T13:42:05.469+0000] {dag.py:2742} INFO - Sync 1 DAGs
[2024-11-16T13:42:05.483+0000] {logging_mixin.py:150} INFO - [2024-11-16T13:42:05.483+0000] {dag.py:3504} INFO - Setting next_dagrun for example_dynamic_task_mapping_with_no_taskflow_operators to 2024-11-15T13:42:05.482861+00:00, run_after=2024-11-16T13:42:05.482861+00:00
[2024-11-16T13:42:05.497+0000] {processor.py:179} INFO - Processing /home/vscode/.local/lib/python3.10/site-packages/airflow/example_dags/example_dynamic_task_mapping_with_no_taskflow_operators.py took 0.046 seconds
[2024-11-16T13:42:51.666+0000] {processor.py:157} INFO - Started process (PID=7263) to work on /home/vscode/.local/lib/python3.10/site-packages/airflow/example_dags/example_dynamic_task_mapping_with_no_taskflow_operators.py
[2024-11-16T13:42:51.667+0000] {processor.py:826} INFO - Processing file /home/vscode/.local/lib/python3.10/site-packages/airflow/example_dags/example_dynamic_task_mapping_with_no_taskflow_operators.py for tasks to queue
[2024-11-16T13:42:51.667+0000] {logging_mixin.py:150} INFO - [2024-11-16T13:42:51.667+0000] {dagbag.py:541} INFO - Filling up the DagBag from /home/vscode/.local/lib/python3.10/site-packages/airflow/example_dags/example_dynamic_task_mapping_with_no_taskflow_operators.py
[2024-11-16T13:42:51.672+0000] {processor.py:836} INFO - DAG(s) dict_keys(['example_dynamic_task_mapping_with_no_taskflow_operators']) retrieved from /home/vscode/.local/lib/python3.10/site-packages/airflow/example_dags/example_dynamic_task_mapping_with_no_taskflow_operators.py
[2024-11-16T13:42:51.686+0000] {logging_mixin.py:150} INFO - [2024-11-16T13:42:51.685+0000] {dag.py:2742} INFO - Sync 1 DAGs
[2024-11-16T13:42:51.699+0000] {logging_mixin.py:150} INFO - [2024-11-16T13:42:51.699+0000] {dag.py:3504} INFO - Setting next_dagrun for example_dynamic_task_mapping_with_no_taskflow_operators to 2024-11-15T13:42:51.699345+00:00, run_after=2024-11-16T13:42:51.699345+00:00
[2024-11-16T13:42:51.713+0000] {processor.py:179} INFO - Processing /home/vscode/.local/lib/python3.10/site-packages/airflow/example_dags/example_dynamic_task_mapping_with_no_taskflow_operators.py took 0.049 seconds
[2024-11-16T13:43:40.139+0000] {processor.py:157} INFO - Started process (PID=7585) to work on /home/vscode/.local/lib/python3.10/site-packages/airflow/example_dags/example_dynamic_task_mapping_with_no_taskflow_operators.py
[2024-11-16T13:43:40.140+0000] {processor.py:826} INFO - Processing file /home/vscode/.local/lib/python3.10/site-packages/airflow/example_dags/example_dynamic_task_mapping_with_no_taskflow_operators.py for tasks to queue
[2024-11-16T13:43:40.140+0000] {logging_mixin.py:150} INFO - [2024-11-16T13:43:40.140+0000] {dagbag.py:541} INFO - Filling up the DagBag from /home/vscode/.local/lib/python3.10/site-packages/airflow/example_dags/example_dynamic_task_mapping_with_no_taskflow_operators.py
[2024-11-16T13:43:40.145+0000] {processor.py:836} INFO - DAG(s) dict_keys(['example_dynamic_task_mapping_with_no_taskflow_operators']) retrieved from /home/vscode/.local/lib/python3.10/site-packages/airflow/example_dags/example_dynamic_task_mapping_with_no_taskflow_operators.py
[2024-11-16T13:43:40.156+0000] {logging_mixin.py:150} INFO - [2024-11-16T13:43:40.155+0000] {dag.py:2742} INFO - Sync 1 DAGs
[2024-11-16T13:43:40.169+0000] {logging_mixin.py:150} INFO - [2024-11-16T13:43:40.169+0000] {dag.py:3504} INFO - Setting next_dagrun for example_dynamic_task_mapping_with_no_taskflow_operators to 2024-11-15T13:43:40.169201+00:00, run_after=2024-11-16T13:43:40.169201+00:00
[2024-11-16T13:43:40.183+0000] {processor.py:179} INFO - Processing /home/vscode/.local/lib/python3.10/site-packages/airflow/example_dags/example_dynamic_task_mapping_with_no_taskflow_operators.py took 0.046 seconds
[2024-11-16T13:44:23.984+0000] {processor.py:157} INFO - Started process (PID=7878) to work on /home/vscode/.local/lib/python3.10/site-packages/airflow/example_dags/example_dynamic_task_mapping_with_no_taskflow_operators.py
[2024-11-16T13:44:23.985+0000] {processor.py:826} INFO - Processing file /home/vscode/.local/lib/python3.10/site-packages/airflow/example_dags/example_dynamic_task_mapping_with_no_taskflow_operators.py for tasks to queue
[2024-11-16T13:44:23.986+0000] {logging_mixin.py:150} INFO - [2024-11-16T13:44:23.985+0000] {dagbag.py:541} INFO - Filling up the DagBag from /home/vscode/.local/lib/python3.10/site-packages/airflow/example_dags/example_dynamic_task_mapping_with_no_taskflow_operators.py
[2024-11-16T13:44:23.991+0000] {processor.py:836} INFO - DAG(s) dict_keys(['example_dynamic_task_mapping_with_no_taskflow_operators']) retrieved from /home/vscode/.local/lib/python3.10/site-packages/airflow/example_dags/example_dynamic_task_mapping_with_no_taskflow_operators.py
[2024-11-16T13:44:24.002+0000] {logging_mixin.py:150} INFO - [2024-11-16T13:44:24.002+0000] {dag.py:2742} INFO - Sync 1 DAGs
[2024-11-16T13:44:24.017+0000] {logging_mixin.py:150} INFO - [2024-11-16T13:44:24.017+0000] {dag.py:3504} INFO - Setting next_dagrun for example_dynamic_task_mapping_with_no_taskflow_operators to 2024-11-15T13:44:24.016997+00:00, run_after=2024-11-16T13:44:24.016997+00:00
[2024-11-16T13:44:24.033+0000] {processor.py:179} INFO - Processing /home/vscode/.local/lib/python3.10/site-packages/airflow/example_dags/example_dynamic_task_mapping_with_no_taskflow_operators.py took 0.050 seconds
[2024-11-16T13:45:07.225+0000] {processor.py:157} INFO - Started process (PID=8172) to work on /home/vscode/.local/lib/python3.10/site-packages/airflow/example_dags/example_dynamic_task_mapping_with_no_taskflow_operators.py
[2024-11-16T13:45:07.225+0000] {processor.py:826} INFO - Processing file /home/vscode/.local/lib/python3.10/site-packages/airflow/example_dags/example_dynamic_task_mapping_with_no_taskflow_operators.py for tasks to queue
[2024-11-16T13:45:07.226+0000] {logging_mixin.py:150} INFO - [2024-11-16T13:45:07.226+0000] {dagbag.py:541} INFO - Filling up the DagBag from /home/vscode/.local/lib/python3.10/site-packages/airflow/example_dags/example_dynamic_task_mapping_with_no_taskflow_operators.py
[2024-11-16T13:45:07.232+0000] {processor.py:836} INFO - DAG(s) dict_keys(['example_dynamic_task_mapping_with_no_taskflow_operators']) retrieved from /home/vscode/.local/lib/python3.10/site-packages/airflow/example_dags/example_dynamic_task_mapping_with_no_taskflow_operators.py
[2024-11-16T13:45:07.242+0000] {logging_mixin.py:150} INFO - [2024-11-16T13:45:07.242+0000] {dag.py:2742} INFO - Sync 1 DAGs
[2024-11-16T13:45:07.256+0000] {logging_mixin.py:150} INFO - [2024-11-16T13:45:07.256+0000] {dag.py:3504} INFO - Setting next_dagrun for example_dynamic_task_mapping_with_no_taskflow_operators to 2024-11-15T13:45:07.256075+00:00, run_after=2024-11-16T13:45:07.256075+00:00
[2024-11-16T13:45:07.271+0000] {processor.py:179} INFO - Processing /home/vscode/.local/lib/python3.10/site-packages/airflow/example_dags/example_dynamic_task_mapping_with_no_taskflow_operators.py took 0.049 seconds
[2024-11-16T13:45:56.275+0000] {processor.py:157} INFO - Started process (PID=8499) to work on /home/vscode/.local/lib/python3.10/site-packages/airflow/example_dags/example_dynamic_task_mapping_with_no_taskflow_operators.py
[2024-11-16T13:45:56.275+0000] {processor.py:826} INFO - Processing file /home/vscode/.local/lib/python3.10/site-packages/airflow/example_dags/example_dynamic_task_mapping_with_no_taskflow_operators.py for tasks to queue
[2024-11-16T13:45:56.276+0000] {logging_mixin.py:150} INFO - [2024-11-16T13:45:56.276+0000] {dagbag.py:541} INFO - Filling up the DagBag from /home/vscode/.local/lib/python3.10/site-packages/airflow/example_dags/example_dynamic_task_mapping_with_no_taskflow_operators.py
[2024-11-16T13:45:56.281+0000] {processor.py:836} INFO - DAG(s) dict_keys(['example_dynamic_task_mapping_with_no_taskflow_operators']) retrieved from /home/vscode/.local/lib/python3.10/site-packages/airflow/example_dags/example_dynamic_task_mapping_with_no_taskflow_operators.py
[2024-11-16T13:45:56.292+0000] {logging_mixin.py:150} INFO - [2024-11-16T13:45:56.292+0000] {dag.py:2742} INFO - Sync 1 DAGs
[2024-11-16T13:45:56.306+0000] {logging_mixin.py:150} INFO - [2024-11-16T13:45:56.305+0000] {dag.py:3504} INFO - Setting next_dagrun for example_dynamic_task_mapping_with_no_taskflow_operators to 2024-11-15T13:45:56.305809+00:00, run_after=2024-11-16T13:45:56.305809+00:00
[2024-11-16T13:45:56.319+0000] {processor.py:179} INFO - Processing /home/vscode/.local/lib/python3.10/site-packages/airflow/example_dags/example_dynamic_task_mapping_with_no_taskflow_operators.py took 0.047 seconds
[2024-11-16T13:46:40.240+0000] {processor.py:157} INFO - Started process (PID=8793) to work on /home/vscode/.local/lib/python3.10/site-packages/airflow/example_dags/example_dynamic_task_mapping_with_no_taskflow_operators.py
[2024-11-16T13:46:40.240+0000] {processor.py:826} INFO - Processing file /home/vscode/.local/lib/python3.10/site-packages/airflow/example_dags/example_dynamic_task_mapping_with_no_taskflow_operators.py for tasks to queue
[2024-11-16T13:46:40.241+0000] {logging_mixin.py:150} INFO - [2024-11-16T13:46:40.241+0000] {dagbag.py:541} INFO - Filling up the DagBag from /home/vscode/.local/lib/python3.10/site-packages/airflow/example_dags/example_dynamic_task_mapping_with_no_taskflow_operators.py
[2024-11-16T13:46:40.246+0000] {processor.py:836} INFO - DAG(s) dict_keys(['example_dynamic_task_mapping_with_no_taskflow_operators']) retrieved from /home/vscode/.local/lib/python3.10/site-packages/airflow/example_dags/example_dynamic_task_mapping_with_no_taskflow_operators.py
[2024-11-16T13:46:40.256+0000] {logging_mixin.py:150} INFO - [2024-11-16T13:46:40.256+0000] {dag.py:2742} INFO - Sync 1 DAGs
[2024-11-16T13:46:40.270+0000] {logging_mixin.py:150} INFO - [2024-11-16T13:46:40.270+0000] {dag.py:3504} INFO - Setting next_dagrun for example_dynamic_task_mapping_with_no_taskflow_operators to 2024-11-15T13:46:40.270364+00:00, run_after=2024-11-16T13:46:40.270364+00:00
[2024-11-16T13:46:40.284+0000] {processor.py:179} INFO - Processing /home/vscode/.local/lib/python3.10/site-packages/airflow/example_dags/example_dynamic_task_mapping_with_no_taskflow_operators.py took 0.047 seconds
[2024-11-16T13:47:23.576+0000] {processor.py:157} INFO - Started process (PID=9080) to work on /home/vscode/.local/lib/python3.10/site-packages/airflow/example_dags/example_dynamic_task_mapping_with_no_taskflow_operators.py
[2024-11-16T13:47:23.576+0000] {processor.py:826} INFO - Processing file /home/vscode/.local/lib/python3.10/site-packages/airflow/example_dags/example_dynamic_task_mapping_with_no_taskflow_operators.py for tasks to queue
[2024-11-16T13:47:23.577+0000] {logging_mixin.py:150} INFO - [2024-11-16T13:47:23.577+0000] {dagbag.py:541} INFO - Filling up the DagBag from /home/vscode/.local/lib/python3.10/site-packages/airflow/example_dags/example_dynamic_task_mapping_with_no_taskflow_operators.py
[2024-11-16T13:47:23.582+0000] {processor.py:836} INFO - DAG(s) dict_keys(['example_dynamic_task_mapping_with_no_taskflow_operators']) retrieved from /home/vscode/.local/lib/python3.10/site-packages/airflow/example_dags/example_dynamic_task_mapping_with_no_taskflow_operators.py
[2024-11-16T13:47:23.593+0000] {logging_mixin.py:150} INFO - [2024-11-16T13:47:23.593+0000] {dag.py:2742} INFO - Sync 1 DAGs
[2024-11-16T13:47:23.606+0000] {logging_mixin.py:150} INFO - [2024-11-16T13:47:23.606+0000] {dag.py:3504} INFO - Setting next_dagrun for example_dynamic_task_mapping_with_no_taskflow_operators to 2024-11-15T13:47:23.606434+00:00, run_after=2024-11-16T13:47:23.606434+00:00
[2024-11-16T13:47:23.620+0000] {processor.py:179} INFO - Processing /home/vscode/.local/lib/python3.10/site-packages/airflow/example_dags/example_dynamic_task_mapping_with_no_taskflow_operators.py took 0.046 seconds
[2024-11-16T13:48:04.428+0000] {processor.py:157} INFO - Started process (PID=9358) to work on /home/vscode/.local/lib/python3.10/site-packages/airflow/example_dags/example_dynamic_task_mapping_with_no_taskflow_operators.py
[2024-11-16T13:48:04.429+0000] {processor.py:826} INFO - Processing file /home/vscode/.local/lib/python3.10/site-packages/airflow/example_dags/example_dynamic_task_mapping_with_no_taskflow_operators.py for tasks to queue
[2024-11-16T13:48:04.430+0000] {logging_mixin.py:150} INFO - [2024-11-16T13:48:04.429+0000] {dagbag.py:541} INFO - Filling up the DagBag from /home/vscode/.local/lib/python3.10/site-packages/airflow/example_dags/example_dynamic_task_mapping_with_no_taskflow_operators.py
[2024-11-16T13:48:04.435+0000] {processor.py:836} INFO - DAG(s) dict_keys(['example_dynamic_task_mapping_with_no_taskflow_operators']) retrieved from /home/vscode/.local/lib/python3.10/site-packages/airflow/example_dags/example_dynamic_task_mapping_with_no_taskflow_operators.py
[2024-11-16T13:48:04.445+0000] {logging_mixin.py:150} INFO - [2024-11-16T13:48:04.445+0000] {dag.py:2742} INFO - Sync 1 DAGs
[2024-11-16T13:48:04.459+0000] {logging_mixin.py:150} INFO - [2024-11-16T13:48:04.459+0000] {dag.py:3504} INFO - Setting next_dagrun for example_dynamic_task_mapping_with_no_taskflow_operators to 2024-11-15T13:48:04.459179+00:00, run_after=2024-11-16T13:48:04.459179+00:00
[2024-11-16T13:48:04.473+0000] {processor.py:179} INFO - Processing /home/vscode/.local/lib/python3.10/site-packages/airflow/example_dags/example_dynamic_task_mapping_with_no_taskflow_operators.py took 0.046 seconds
[2024-11-16T13:48:49.739+0000] {processor.py:157} INFO - Started process (PID=9667) to work on /home/vscode/.local/lib/python3.10/site-packages/airflow/example_dags/example_dynamic_task_mapping_with_no_taskflow_operators.py
[2024-11-16T13:48:49.739+0000] {processor.py:826} INFO - Processing file /home/vscode/.local/lib/python3.10/site-packages/airflow/example_dags/example_dynamic_task_mapping_with_no_taskflow_operators.py for tasks to queue
[2024-11-16T13:48:49.740+0000] {logging_mixin.py:150} INFO - [2024-11-16T13:48:49.740+0000] {dagbag.py:541} INFO - Filling up the DagBag from /home/vscode/.local/lib/python3.10/site-packages/airflow/example_dags/example_dynamic_task_mapping_with_no_taskflow_operators.py
[2024-11-16T13:48:49.745+0000] {processor.py:836} INFO - DAG(s) dict_keys(['example_dynamic_task_mapping_with_no_taskflow_operators']) retrieved from /home/vscode/.local/lib/python3.10/site-packages/airflow/example_dags/example_dynamic_task_mapping_with_no_taskflow_operators.py
[2024-11-16T13:48:49.755+0000] {logging_mixin.py:150} INFO - [2024-11-16T13:48:49.755+0000] {dag.py:2742} INFO - Sync 1 DAGs
[2024-11-16T13:48:49.769+0000] {logging_mixin.py:150} INFO - [2024-11-16T13:48:49.769+0000] {dag.py:3504} INFO - Setting next_dagrun for example_dynamic_task_mapping_with_no_taskflow_operators to 2024-11-15T13:48:49.769229+00:00, run_after=2024-11-16T13:48:49.769229+00:00
[2024-11-16T13:48:49.783+0000] {processor.py:179} INFO - Processing /home/vscode/.local/lib/python3.10/site-packages/airflow/example_dags/example_dynamic_task_mapping_with_no_taskflow_operators.py took 0.046 seconds
[2024-11-16T13:49:35.557+0000] {processor.py:157} INFO - Started process (PID=9980) to work on /home/vscode/.local/lib/python3.10/site-packages/airflow/example_dags/example_dynamic_task_mapping_with_no_taskflow_operators.py
[2024-11-16T13:49:35.558+0000] {processor.py:826} INFO - Processing file /home/vscode/.local/lib/python3.10/site-packages/airflow/example_dags/example_dynamic_task_mapping_with_no_taskflow_operators.py for tasks to queue
[2024-11-16T13:49:35.558+0000] {logging_mixin.py:150} INFO - [2024-11-16T13:49:35.558+0000] {dagbag.py:541} INFO - Filling up the DagBag from /home/vscode/.local/lib/python3.10/site-packages/airflow/example_dags/example_dynamic_task_mapping_with_no_taskflow_operators.py
[2024-11-16T13:49:35.564+0000] {processor.py:836} INFO - DAG(s) dict_keys(['example_dynamic_task_mapping_with_no_taskflow_operators']) retrieved from /home/vscode/.local/lib/python3.10/site-packages/airflow/example_dags/example_dynamic_task_mapping_with_no_taskflow_operators.py
[2024-11-16T13:49:35.574+0000] {logging_mixin.py:150} INFO - [2024-11-16T13:49:35.574+0000] {dag.py:2742} INFO - Sync 1 DAGs
[2024-11-16T13:49:35.588+0000] {logging_mixin.py:150} INFO - [2024-11-16T13:49:35.588+0000] {dag.py:3504} INFO - Setting next_dagrun for example_dynamic_task_mapping_with_no_taskflow_operators to 2024-11-15T13:49:35.588147+00:00, run_after=2024-11-16T13:49:35.588147+00:00
[2024-11-16T13:49:35.602+0000] {processor.py:179} INFO - Processing /home/vscode/.local/lib/python3.10/site-packages/airflow/example_dags/example_dynamic_task_mapping_with_no_taskflow_operators.py took 0.047 seconds
[2024-11-16T13:50:20.169+0000] {processor.py:157} INFO - Started process (PID=10289) to work on /home/vscode/.local/lib/python3.10/site-packages/airflow/example_dags/example_dynamic_task_mapping_with_no_taskflow_operators.py
[2024-11-16T13:50:20.170+0000] {processor.py:826} INFO - Processing file /home/vscode/.local/lib/python3.10/site-packages/airflow/example_dags/example_dynamic_task_mapping_with_no_taskflow_operators.py for tasks to queue
[2024-11-16T13:50:20.170+0000] {logging_mixin.py:150} INFO - [2024-11-16T13:50:20.170+0000] {dagbag.py:541} INFO - Filling up the DagBag from /home/vscode/.local/lib/python3.10/site-packages/airflow/example_dags/example_dynamic_task_mapping_with_no_taskflow_operators.py
[2024-11-16T13:50:20.175+0000] {processor.py:836} INFO - DAG(s) dict_keys(['example_dynamic_task_mapping_with_no_taskflow_operators']) retrieved from /home/vscode/.local/lib/python3.10/site-packages/airflow/example_dags/example_dynamic_task_mapping_with_no_taskflow_operators.py
[2024-11-16T13:50:20.185+0000] {logging_mixin.py:150} INFO - [2024-11-16T13:50:20.185+0000] {dag.py:2742} INFO - Sync 1 DAGs
[2024-11-16T13:50:20.198+0000] {logging_mixin.py:150} INFO - [2024-11-16T13:50:20.198+0000] {dag.py:3504} INFO - Setting next_dagrun for example_dynamic_task_mapping_with_no_taskflow_operators to 2024-11-15T13:50:20.198697+00:00, run_after=2024-11-16T13:50:20.198697+00:00
[2024-11-16T13:50:20.213+0000] {processor.py:179} INFO - Processing /home/vscode/.local/lib/python3.10/site-packages/airflow/example_dags/example_dynamic_task_mapping_with_no_taskflow_operators.py took 0.046 seconds
[2024-11-16T13:51:03.150+0000] {processor.py:157} INFO - Started process (PID=10636) to work on /home/vscode/.local/lib/python3.10/site-packages/airflow/example_dags/example_dynamic_task_mapping_with_no_taskflow_operators.py
[2024-11-16T13:51:03.151+0000] {processor.py:826} INFO - Processing file /home/vscode/.local/lib/python3.10/site-packages/airflow/example_dags/example_dynamic_task_mapping_with_no_taskflow_operators.py for tasks to queue
[2024-11-16T13:51:03.151+0000] {logging_mixin.py:150} INFO - [2024-11-16T13:51:03.151+0000] {dagbag.py:541} INFO - Filling up the DagBag from /home/vscode/.local/lib/python3.10/site-packages/airflow/example_dags/example_dynamic_task_mapping_with_no_taskflow_operators.py
[2024-11-16T13:51:03.157+0000] {processor.py:836} INFO - DAG(s) dict_keys(['example_dynamic_task_mapping_with_no_taskflow_operators']) retrieved from /home/vscode/.local/lib/python3.10/site-packages/airflow/example_dags/example_dynamic_task_mapping_with_no_taskflow_operators.py
[2024-11-16T13:51:03.170+0000] {logging_mixin.py:150} INFO - [2024-11-16T13:51:03.170+0000] {dag.py:2742} INFO - Sync 1 DAGs
[2024-11-16T13:51:03.185+0000] {logging_mixin.py:150} INFO - [2024-11-16T13:51:03.185+0000] {dag.py:3504} INFO - Setting next_dagrun for example_dynamic_task_mapping_with_no_taskflow_operators to 2024-11-15T13:51:03.185068+00:00, run_after=2024-11-16T13:51:03.185068+00:00
[2024-11-16T13:51:03.200+0000] {processor.py:179} INFO - Processing /home/vscode/.local/lib/python3.10/site-packages/airflow/example_dags/example_dynamic_task_mapping_with_no_taskflow_operators.py took 0.052 seconds
[2024-11-16T13:51:46.517+0000] {processor.py:157} INFO - Started process (PID=10940) to work on /home/vscode/.local/lib/python3.10/site-packages/airflow/example_dags/example_dynamic_task_mapping_with_no_taskflow_operators.py
[2024-11-16T13:51:46.518+0000] {processor.py:826} INFO - Processing file /home/vscode/.local/lib/python3.10/site-packages/airflow/example_dags/example_dynamic_task_mapping_with_no_taskflow_operators.py for tasks to queue
[2024-11-16T13:51:46.519+0000] {logging_mixin.py:150} INFO - [2024-11-16T13:51:46.518+0000] {dagbag.py:541} INFO - Filling up the DagBag from /home/vscode/.local/lib/python3.10/site-packages/airflow/example_dags/example_dynamic_task_mapping_with_no_taskflow_operators.py
[2024-11-16T13:51:46.524+0000] {processor.py:836} INFO - DAG(s) dict_keys(['example_dynamic_task_mapping_with_no_taskflow_operators']) retrieved from /home/vscode/.local/lib/python3.10/site-packages/airflow/example_dags/example_dynamic_task_mapping_with_no_taskflow_operators.py
[2024-11-16T13:51:46.534+0000] {logging_mixin.py:150} INFO - [2024-11-16T13:51:46.534+0000] {dag.py:2742} INFO - Sync 1 DAGs
[2024-11-16T13:51:46.548+0000] {logging_mixin.py:150} INFO - [2024-11-16T13:51:46.548+0000] {dag.py:3504} INFO - Setting next_dagrun for example_dynamic_task_mapping_with_no_taskflow_operators to 2024-11-15T13:51:46.548096+00:00, run_after=2024-11-16T13:51:46.548096+00:00
[2024-11-16T13:51:46.562+0000] {processor.py:179} INFO - Processing /home/vscode/.local/lib/python3.10/site-packages/airflow/example_dags/example_dynamic_task_mapping_with_no_taskflow_operators.py took 0.046 seconds
