[2024-11-16T13:38:57.585+0000] {processor.py:157} INFO - Started process (PID=5640) to work on /home/vscode/.local/lib/python3.10/site-packages/airflow/example_dags/example_branch_operator.py
[2024-11-16T13:38:57.585+0000] {processor.py:826} INFO - Processing file /home/vscode/.local/lib/python3.10/site-packages/airflow/example_dags/example_branch_operator.py for tasks to queue
[2024-11-16T13:38:57.586+0000] {logging_mixin.py:150} INFO - [2024-11-16T13:38:57.586+0000] {dagbag.py:541} INFO - Filling up the DagBag from /home/vscode/.local/lib/python3.10/site-packages/airflow/example_dags/example_branch_operator.py
[2024-11-16T13:38:57.593+0000] {processor.py:836} INFO - DAG(s) dict_keys(['example_branch_operator']) retrieved from /home/vscode/.local/lib/python3.10/site-packages/airflow/example_dags/example_branch_operator.py
[2024-11-16T13:38:57.738+0000] {logging_mixin.py:150} INFO - [2024-11-16T13:38:57.737+0000] {manager.py:504} INFO - Created Permission View: can edit on DAG:example_branch_operator
[2024-11-16T13:38:57.745+0000] {logging_mixin.py:150} INFO - [2024-11-16T13:38:57.745+0000] {manager.py:504} INFO - Created Permission View: can delete on DAG:example_branch_operator
[2024-11-16T13:38:57.750+0000] {logging_mixin.py:150} INFO - [2024-11-16T13:38:57.750+0000] {manager.py:504} INFO - Created Permission View: can read on DAG:example_branch_operator
[2024-11-16T13:38:57.757+0000] {logging_mixin.py:150} INFO - [2024-11-16T13:38:57.757+0000] {dag.py:2742} INFO - Sync 1 DAGs
[2024-11-16T13:38:57.763+0000] {logging_mixin.py:150} INFO - [2024-11-16T13:38:57.763+0000] {dag.py:2763} INFO - Creating ORM DAG for example_branch_operator
[2024-11-16T13:38:57.770+0000] {logging_mixin.py:150} INFO - [2024-11-16T13:38:57.770+0000] {dag.py:3504} INFO - Setting next_dagrun for example_branch_operator to 2024-11-15T00:00:00+00:00, run_after=2024-11-16T00:00:00+00:00
[2024-11-16T13:38:57.784+0000] {processor.py:179} INFO - Processing /home/vscode/.local/lib/python3.10/site-packages/airflow/example_dags/example_branch_operator.py took 0.201 seconds
[2024-11-16T13:39:45.465+0000] {processor.py:157} INFO - Started process (PID=6015) to work on /home/vscode/.local/lib/python3.10/site-packages/airflow/example_dags/example_branch_operator.py
[2024-11-16T13:39:45.465+0000] {processor.py:826} INFO - Processing file /home/vscode/.local/lib/python3.10/site-packages/airflow/example_dags/example_branch_operator.py for tasks to queue
[2024-11-16T13:39:45.466+0000] {logging_mixin.py:150} INFO - [2024-11-16T13:39:45.466+0000] {dagbag.py:541} INFO - Filling up the DagBag from /home/vscode/.local/lib/python3.10/site-packages/airflow/example_dags/example_branch_operator.py
[2024-11-16T13:39:45.473+0000] {processor.py:836} INFO - DAG(s) dict_keys(['example_branch_operator']) retrieved from /home/vscode/.local/lib/python3.10/site-packages/airflow/example_dags/example_branch_operator.py
[2024-11-16T13:39:45.485+0000] {logging_mixin.py:150} INFO - [2024-11-16T13:39:45.485+0000] {dag.py:2742} INFO - Sync 1 DAGs
[2024-11-16T13:39:45.500+0000] {logging_mixin.py:150} INFO - [2024-11-16T13:39:45.500+0000] {dag.py:3504} INFO - Setting next_dagrun for example_branch_operator to 2024-11-15T00:00:00+00:00, run_after=2024-11-16T00:00:00+00:00
[2024-11-16T13:39:45.514+0000] {processor.py:179} INFO - Processing /home/vscode/.local/lib/python3.10/site-packages/airflow/example_dags/example_branch_operator.py took 0.051 seconds
[2024-11-16T13:40:30.739+0000] {processor.py:157} INFO - Started process (PID=6316) to work on /home/vscode/.local/lib/python3.10/site-packages/airflow/example_dags/example_branch_operator.py
[2024-11-16T13:40:30.739+0000] {processor.py:826} INFO - Processing file /home/vscode/.local/lib/python3.10/site-packages/airflow/example_dags/example_branch_operator.py for tasks to queue
[2024-11-16T13:40:30.740+0000] {logging_mixin.py:150} INFO - [2024-11-16T13:40:30.740+0000] {dagbag.py:541} INFO - Filling up the DagBag from /home/vscode/.local/lib/python3.10/site-packages/airflow/example_dags/example_branch_operator.py
[2024-11-16T13:40:30.747+0000] {processor.py:836} INFO - DAG(s) dict_keys(['example_branch_operator']) retrieved from /home/vscode/.local/lib/python3.10/site-packages/airflow/example_dags/example_branch_operator.py
[2024-11-16T13:40:30.759+0000] {logging_mixin.py:150} INFO - [2024-11-16T13:40:30.759+0000] {dag.py:2742} INFO - Sync 1 DAGs
[2024-11-16T13:40:30.773+0000] {logging_mixin.py:150} INFO - [2024-11-16T13:40:30.773+0000] {dag.py:3504} INFO - Setting next_dagrun for example_branch_operator to 2024-11-15T00:00:00+00:00, run_after=2024-11-16T00:00:00+00:00
[2024-11-16T13:40:30.787+0000] {processor.py:179} INFO - Processing /home/vscode/.local/lib/python3.10/site-packages/airflow/example_dags/example_branch_operator.py took 0.050 seconds
[2024-11-16T13:41:16.675+0000] {processor.py:157} INFO - Started process (PID=6625) to work on /home/vscode/.local/lib/python3.10/site-packages/airflow/example_dags/example_branch_operator.py
[2024-11-16T13:41:16.676+0000] {processor.py:826} INFO - Processing file /home/vscode/.local/lib/python3.10/site-packages/airflow/example_dags/example_branch_operator.py for tasks to queue
[2024-11-16T13:41:16.677+0000] {logging_mixin.py:150} INFO - [2024-11-16T13:41:16.676+0000] {dagbag.py:541} INFO - Filling up the DagBag from /home/vscode/.local/lib/python3.10/site-packages/airflow/example_dags/example_branch_operator.py
[2024-11-16T13:41:16.684+0000] {processor.py:836} INFO - DAG(s) dict_keys(['example_branch_operator']) retrieved from /home/vscode/.local/lib/python3.10/site-packages/airflow/example_dags/example_branch_operator.py
[2024-11-16T13:41:16.697+0000] {logging_mixin.py:150} INFO - [2024-11-16T13:41:16.697+0000] {dag.py:2742} INFO - Sync 1 DAGs
[2024-11-16T13:41:16.712+0000] {logging_mixin.py:150} INFO - [2024-11-16T13:41:16.712+0000] {dag.py:3504} INFO - Setting next_dagrun for example_branch_operator to 2024-11-15T00:00:00+00:00, run_after=2024-11-16T00:00:00+00:00
[2024-11-16T13:41:16.726+0000] {processor.py:179} INFO - Processing /home/vscode/.local/lib/python3.10/site-packages/airflow/example_dags/example_branch_operator.py took 0.053 seconds
[2024-11-16T13:42:01.032+0000] {processor.py:157} INFO - Started process (PID=6928) to work on /home/vscode/.local/lib/python3.10/site-packages/airflow/example_dags/example_branch_operator.py
[2024-11-16T13:42:01.033+0000] {processor.py:826} INFO - Processing file /home/vscode/.local/lib/python3.10/site-packages/airflow/example_dags/example_branch_operator.py for tasks to queue
[2024-11-16T13:42:01.034+0000] {logging_mixin.py:150} INFO - [2024-11-16T13:42:01.034+0000] {dagbag.py:541} INFO - Filling up the DagBag from /home/vscode/.local/lib/python3.10/site-packages/airflow/example_dags/example_branch_operator.py
[2024-11-16T13:42:01.043+0000] {processor.py:836} INFO - DAG(s) dict_keys(['example_branch_operator']) retrieved from /home/vscode/.local/lib/python3.10/site-packages/airflow/example_dags/example_branch_operator.py
[2024-11-16T13:42:01.056+0000] {logging_mixin.py:150} INFO - [2024-11-16T13:42:01.056+0000] {dag.py:2742} INFO - Sync 1 DAGs
[2024-11-16T13:42:01.071+0000] {logging_mixin.py:150} INFO - [2024-11-16T13:42:01.071+0000] {dag.py:3504} INFO - Setting next_dagrun for example_branch_operator to 2024-11-15T00:00:00+00:00, run_after=2024-11-16T00:00:00+00:00
[2024-11-16T13:42:01.088+0000] {processor.py:179} INFO - Processing /home/vscode/.local/lib/python3.10/site-packages/airflow/example_dags/example_branch_operator.py took 0.058 seconds
[2024-11-16T13:42:43.984+0000] {processor.py:157} INFO - Started process (PID=7221) to work on /home/vscode/.local/lib/python3.10/site-packages/airflow/example_dags/example_branch_operator.py
[2024-11-16T13:42:43.985+0000] {processor.py:826} INFO - Processing file /home/vscode/.local/lib/python3.10/site-packages/airflow/example_dags/example_branch_operator.py for tasks to queue
[2024-11-16T13:42:43.985+0000] {logging_mixin.py:150} INFO - [2024-11-16T13:42:43.985+0000] {dagbag.py:541} INFO - Filling up the DagBag from /home/vscode/.local/lib/python3.10/site-packages/airflow/example_dags/example_branch_operator.py
[2024-11-16T13:42:43.992+0000] {processor.py:836} INFO - DAG(s) dict_keys(['example_branch_operator']) retrieved from /home/vscode/.local/lib/python3.10/site-packages/airflow/example_dags/example_branch_operator.py
[2024-11-16T13:42:44.005+0000] {logging_mixin.py:150} INFO - [2024-11-16T13:42:44.005+0000] {dag.py:2742} INFO - Sync 1 DAGs
[2024-11-16T13:42:44.019+0000] {logging_mixin.py:150} INFO - [2024-11-16T13:42:44.019+0000] {dag.py:3504} INFO - Setting next_dagrun for example_branch_operator to 2024-11-15T00:00:00+00:00, run_after=2024-11-16T00:00:00+00:00
[2024-11-16T13:42:44.033+0000] {processor.py:179} INFO - Processing /home/vscode/.local/lib/python3.10/site-packages/airflow/example_dags/example_branch_operator.py took 0.051 seconds
[2024-11-16T13:43:29.341+0000] {processor.py:157} INFO - Started process (PID=7516) to work on /home/vscode/.local/lib/python3.10/site-packages/airflow/example_dags/example_branch_operator.py
[2024-11-16T13:43:29.341+0000] {processor.py:826} INFO - Processing file /home/vscode/.local/lib/python3.10/site-packages/airflow/example_dags/example_branch_operator.py for tasks to queue
[2024-11-16T13:43:29.342+0000] {logging_mixin.py:150} INFO - [2024-11-16T13:43:29.341+0000] {dagbag.py:541} INFO - Filling up the DagBag from /home/vscode/.local/lib/python3.10/site-packages/airflow/example_dags/example_branch_operator.py
[2024-11-16T13:43:29.348+0000] {processor.py:836} INFO - DAG(s) dict_keys(['example_branch_operator']) retrieved from /home/vscode/.local/lib/python3.10/site-packages/airflow/example_dags/example_branch_operator.py
[2024-11-16T13:43:29.361+0000] {logging_mixin.py:150} INFO - [2024-11-16T13:43:29.361+0000] {dag.py:2742} INFO - Sync 1 DAGs
[2024-11-16T13:43:29.376+0000] {logging_mixin.py:150} INFO - [2024-11-16T13:43:29.376+0000] {dag.py:3504} INFO - Setting next_dagrun for example_branch_operator to 2024-11-15T00:00:00+00:00, run_after=2024-11-16T00:00:00+00:00
[2024-11-16T13:43:29.390+0000] {processor.py:179} INFO - Processing /home/vscode/.local/lib/python3.10/site-packages/airflow/example_dags/example_branch_operator.py took 0.051 seconds
[2024-11-16T13:44:13.841+0000] {processor.py:157} INFO - Started process (PID=7810) to work on /home/vscode/.local/lib/python3.10/site-packages/airflow/example_dags/example_branch_operator.py
[2024-11-16T13:44:13.841+0000] {processor.py:826} INFO - Processing file /home/vscode/.local/lib/python3.10/site-packages/airflow/example_dags/example_branch_operator.py for tasks to queue
[2024-11-16T13:44:13.842+0000] {logging_mixin.py:150} INFO - [2024-11-16T13:44:13.841+0000] {dagbag.py:541} INFO - Filling up the DagBag from /home/vscode/.local/lib/python3.10/site-packages/airflow/example_dags/example_branch_operator.py
[2024-11-16T13:44:13.848+0000] {processor.py:836} INFO - DAG(s) dict_keys(['example_branch_operator']) retrieved from /home/vscode/.local/lib/python3.10/site-packages/airflow/example_dags/example_branch_operator.py
[2024-11-16T13:44:13.861+0000] {logging_mixin.py:150} INFO - [2024-11-16T13:44:13.861+0000] {dag.py:2742} INFO - Sync 1 DAGs
[2024-11-16T13:44:13.875+0000] {logging_mixin.py:150} INFO - [2024-11-16T13:44:13.875+0000] {dag.py:3504} INFO - Setting next_dagrun for example_branch_operator to 2024-11-15T00:00:00+00:00, run_after=2024-11-16T00:00:00+00:00
[2024-11-16T13:44:13.890+0000] {processor.py:179} INFO - Processing /home/vscode/.local/lib/python3.10/site-packages/airflow/example_dags/example_branch_operator.py took 0.051 seconds
[2024-11-16T13:44:56.949+0000] {processor.py:157} INFO - Started process (PID=8102) to work on /home/vscode/.local/lib/python3.10/site-packages/airflow/example_dags/example_branch_operator.py
[2024-11-16T13:44:56.949+0000] {processor.py:826} INFO - Processing file /home/vscode/.local/lib/python3.10/site-packages/airflow/example_dags/example_branch_operator.py for tasks to queue
[2024-11-16T13:44:56.950+0000] {logging_mixin.py:150} INFO - [2024-11-16T13:44:56.949+0000] {dagbag.py:541} INFO - Filling up the DagBag from /home/vscode/.local/lib/python3.10/site-packages/airflow/example_dags/example_branch_operator.py
[2024-11-16T13:44:56.956+0000] {processor.py:836} INFO - DAG(s) dict_keys(['example_branch_operator']) retrieved from /home/vscode/.local/lib/python3.10/site-packages/airflow/example_dags/example_branch_operator.py
[2024-11-16T13:44:56.969+0000] {logging_mixin.py:150} INFO - [2024-11-16T13:44:56.969+0000] {dag.py:2742} INFO - Sync 1 DAGs
[2024-11-16T13:44:56.983+0000] {logging_mixin.py:150} INFO - [2024-11-16T13:44:56.983+0000] {dag.py:3504} INFO - Setting next_dagrun for example_branch_operator to 2024-11-15T00:00:00+00:00, run_after=2024-11-16T00:00:00+00:00
[2024-11-16T13:44:56.996+0000] {processor.py:179} INFO - Processing /home/vscode/.local/lib/python3.10/site-packages/airflow/example_dags/example_branch_operator.py took 0.050 seconds
[2024-11-16T13:45:41.993+0000] {processor.py:157} INFO - Started process (PID=8397) to work on /home/vscode/.local/lib/python3.10/site-packages/airflow/example_dags/example_branch_operator.py
[2024-11-16T13:45:41.993+0000] {processor.py:826} INFO - Processing file /home/vscode/.local/lib/python3.10/site-packages/airflow/example_dags/example_branch_operator.py for tasks to queue
[2024-11-16T13:45:41.994+0000] {logging_mixin.py:150} INFO - [2024-11-16T13:45:41.994+0000] {dagbag.py:541} INFO - Filling up the DagBag from /home/vscode/.local/lib/python3.10/site-packages/airflow/example_dags/example_branch_operator.py
[2024-11-16T13:45:42.001+0000] {processor.py:836} INFO - DAG(s) dict_keys(['example_branch_operator']) retrieved from /home/vscode/.local/lib/python3.10/site-packages/airflow/example_dags/example_branch_operator.py
[2024-11-16T13:45:42.013+0000] {logging_mixin.py:150} INFO - [2024-11-16T13:45:42.013+0000] {dag.py:2742} INFO - Sync 1 DAGs
[2024-11-16T13:45:42.028+0000] {logging_mixin.py:150} INFO - [2024-11-16T13:45:42.027+0000] {dag.py:3504} INFO - Setting next_dagrun for example_branch_operator to 2024-11-15T00:00:00+00:00, run_after=2024-11-16T00:00:00+00:00
[2024-11-16T13:45:42.041+0000] {processor.py:179} INFO - Processing /home/vscode/.local/lib/python3.10/site-packages/airflow/example_dags/example_branch_operator.py took 0.050 seconds
[2024-11-16T13:46:29.964+0000] {processor.py:157} INFO - Started process (PID=8724) to work on /home/vscode/.local/lib/python3.10/site-packages/airflow/example_dags/example_branch_operator.py
[2024-11-16T13:46:29.965+0000] {processor.py:826} INFO - Processing file /home/vscode/.local/lib/python3.10/site-packages/airflow/example_dags/example_branch_operator.py for tasks to queue
[2024-11-16T13:46:29.966+0000] {logging_mixin.py:150} INFO - [2024-11-16T13:46:29.965+0000] {dagbag.py:541} INFO - Filling up the DagBag from /home/vscode/.local/lib/python3.10/site-packages/airflow/example_dags/example_branch_operator.py
[2024-11-16T13:46:29.972+0000] {processor.py:836} INFO - DAG(s) dict_keys(['example_branch_operator']) retrieved from /home/vscode/.local/lib/python3.10/site-packages/airflow/example_dags/example_branch_operator.py
[2024-11-16T13:46:29.985+0000] {logging_mixin.py:150} INFO - [2024-11-16T13:46:29.985+0000] {dag.py:2742} INFO - Sync 1 DAGs
[2024-11-16T13:46:30.000+0000] {logging_mixin.py:150} INFO - [2024-11-16T13:46:30.000+0000] {dag.py:3504} INFO - Setting next_dagrun for example_branch_operator to 2024-11-15T00:00:00+00:00, run_after=2024-11-16T00:00:00+00:00
[2024-11-16T13:46:30.014+0000] {processor.py:179} INFO - Processing /home/vscode/.local/lib/python3.10/site-packages/airflow/example_dags/example_branch_operator.py took 0.052 seconds
[2024-11-16T13:47:13.765+0000] {processor.py:157} INFO - Started process (PID=9011) to work on /home/vscode/.local/lib/python3.10/site-packages/airflow/example_dags/example_branch_operator.py
[2024-11-16T13:47:13.766+0000] {processor.py:826} INFO - Processing file /home/vscode/.local/lib/python3.10/site-packages/airflow/example_dags/example_branch_operator.py for tasks to queue
[2024-11-16T13:47:13.766+0000] {logging_mixin.py:150} INFO - [2024-11-16T13:47:13.766+0000] {dagbag.py:541} INFO - Filling up the DagBag from /home/vscode/.local/lib/python3.10/site-packages/airflow/example_dags/example_branch_operator.py
[2024-11-16T13:47:13.773+0000] {processor.py:836} INFO - DAG(s) dict_keys(['example_branch_operator']) retrieved from /home/vscode/.local/lib/python3.10/site-packages/airflow/example_dags/example_branch_operator.py
[2024-11-16T13:47:13.786+0000] {logging_mixin.py:150} INFO - [2024-11-16T13:47:13.786+0000] {dag.py:2742} INFO - Sync 1 DAGs
[2024-11-16T13:47:13.801+0000] {logging_mixin.py:150} INFO - [2024-11-16T13:47:13.801+0000] {dag.py:3504} INFO - Setting next_dagrun for example_branch_operator to 2024-11-15T00:00:00+00:00, run_after=2024-11-16T00:00:00+00:00
[2024-11-16T13:47:13.814+0000] {processor.py:179} INFO - Processing /home/vscode/.local/lib/python3.10/site-packages/airflow/example_dags/example_branch_operator.py took 0.051 seconds
[2024-11-16T13:48:00.559+0000] {processor.py:157} INFO - Started process (PID=9332) to work on /home/vscode/.local/lib/python3.10/site-packages/airflow/example_dags/example_branch_operator.py
[2024-11-16T13:48:00.560+0000] {processor.py:826} INFO - Processing file /home/vscode/.local/lib/python3.10/site-packages/airflow/example_dags/example_branch_operator.py for tasks to queue
[2024-11-16T13:48:00.560+0000] {logging_mixin.py:150} INFO - [2024-11-16T13:48:00.560+0000] {dagbag.py:541} INFO - Filling up the DagBag from /home/vscode/.local/lib/python3.10/site-packages/airflow/example_dags/example_branch_operator.py
[2024-11-16T13:48:00.567+0000] {processor.py:836} INFO - DAG(s) dict_keys(['example_branch_operator']) retrieved from /home/vscode/.local/lib/python3.10/site-packages/airflow/example_dags/example_branch_operator.py
[2024-11-16T13:48:00.580+0000] {logging_mixin.py:150} INFO - [2024-11-16T13:48:00.580+0000] {dag.py:2742} INFO - Sync 1 DAGs
[2024-11-16T13:48:00.595+0000] {logging_mixin.py:150} INFO - [2024-11-16T13:48:00.595+0000] {dag.py:3504} INFO - Setting next_dagrun for example_branch_operator to 2024-11-15T00:00:00+00:00, run_after=2024-11-16T00:00:00+00:00
[2024-11-16T13:48:00.610+0000] {processor.py:179} INFO - Processing /home/vscode/.local/lib/python3.10/site-packages/airflow/example_dags/example_branch_operator.py took 0.053 seconds
[2024-11-16T13:48:46.097+0000] {processor.py:157} INFO - Started process (PID=9641) to work on /home/vscode/.local/lib/python3.10/site-packages/airflow/example_dags/example_branch_operator.py
[2024-11-16T13:48:46.098+0000] {processor.py:826} INFO - Processing file /home/vscode/.local/lib/python3.10/site-packages/airflow/example_dags/example_branch_operator.py for tasks to queue
[2024-11-16T13:48:46.098+0000] {logging_mixin.py:150} INFO - [2024-11-16T13:48:46.098+0000] {dagbag.py:541} INFO - Filling up the DagBag from /home/vscode/.local/lib/python3.10/site-packages/airflow/example_dags/example_branch_operator.py
[2024-11-16T13:48:46.105+0000] {processor.py:836} INFO - DAG(s) dict_keys(['example_branch_operator']) retrieved from /home/vscode/.local/lib/python3.10/site-packages/airflow/example_dags/example_branch_operator.py
[2024-11-16T13:48:46.118+0000] {logging_mixin.py:150} INFO - [2024-11-16T13:48:46.118+0000] {dag.py:2742} INFO - Sync 1 DAGs
[2024-11-16T13:48:46.132+0000] {logging_mixin.py:150} INFO - [2024-11-16T13:48:46.132+0000] {dag.py:3504} INFO - Setting next_dagrun for example_branch_operator to 2024-11-15T00:00:00+00:00, run_after=2024-11-16T00:00:00+00:00
[2024-11-16T13:48:46.146+0000] {processor.py:179} INFO - Processing /home/vscode/.local/lib/python3.10/site-packages/airflow/example_dags/example_branch_operator.py took 0.051 seconds
[2024-11-16T13:49:31.992+0000] {processor.py:157} INFO - Started process (PID=9961) to work on /home/vscode/.local/lib/python3.10/site-packages/airflow/example_dags/example_branch_operator.py
[2024-11-16T13:49:31.993+0000] {processor.py:826} INFO - Processing file /home/vscode/.local/lib/python3.10/site-packages/airflow/example_dags/example_branch_operator.py for tasks to queue
[2024-11-16T13:49:31.993+0000] {logging_mixin.py:150} INFO - [2024-11-16T13:49:31.993+0000] {dagbag.py:541} INFO - Filling up the DagBag from /home/vscode/.local/lib/python3.10/site-packages/airflow/example_dags/example_branch_operator.py
[2024-11-16T13:49:32.001+0000] {processor.py:836} INFO - DAG(s) dict_keys(['example_branch_operator']) retrieved from /home/vscode/.local/lib/python3.10/site-packages/airflow/example_dags/example_branch_operator.py
[2024-11-16T13:49:32.016+0000] {logging_mixin.py:150} INFO - [2024-11-16T13:49:32.016+0000] {dag.py:2742} INFO - Sync 1 DAGs
[2024-11-16T13:49:32.032+0000] {logging_mixin.py:150} INFO - [2024-11-16T13:49:32.032+0000] {dag.py:3504} INFO - Setting next_dagrun for example_branch_operator to 2024-11-15T00:00:00+00:00, run_after=2024-11-16T00:00:00+00:00
[2024-11-16T13:49:32.048+0000] {processor.py:179} INFO - Processing /home/vscode/.local/lib/python3.10/site-packages/airflow/example_dags/example_branch_operator.py took 0.059 seconds
[2024-11-16T13:50:16.089+0000] {processor.py:157} INFO - Started process (PID=10257) to work on /home/vscode/.local/lib/python3.10/site-packages/airflow/example_dags/example_branch_operator.py
[2024-11-16T13:50:16.089+0000] {processor.py:826} INFO - Processing file /home/vscode/.local/lib/python3.10/site-packages/airflow/example_dags/example_branch_operator.py for tasks to queue
[2024-11-16T13:50:16.090+0000] {logging_mixin.py:150} INFO - [2024-11-16T13:50:16.090+0000] {dagbag.py:541} INFO - Filling up the DagBag from /home/vscode/.local/lib/python3.10/site-packages/airflow/example_dags/example_branch_operator.py
[2024-11-16T13:50:16.096+0000] {processor.py:836} INFO - DAG(s) dict_keys(['example_branch_operator']) retrieved from /home/vscode/.local/lib/python3.10/site-packages/airflow/example_dags/example_branch_operator.py
[2024-11-16T13:50:16.109+0000] {logging_mixin.py:150} INFO - [2024-11-16T13:50:16.109+0000] {dag.py:2742} INFO - Sync 1 DAGs
[2024-11-16T13:50:16.124+0000] {logging_mixin.py:150} INFO - [2024-11-16T13:50:16.124+0000] {dag.py:3504} INFO - Setting next_dagrun for example_branch_operator to 2024-11-15T00:00:00+00:00, run_after=2024-11-16T00:00:00+00:00
[2024-11-16T13:50:16.137+0000] {processor.py:179} INFO - Processing /home/vscode/.local/lib/python3.10/site-packages/airflow/example_dags/example_branch_operator.py took 0.050 seconds
[2024-11-16T13:50:59.143+0000] {processor.py:157} INFO - Started process (PID=10610) to work on /home/vscode/.local/lib/python3.10/site-packages/airflow/example_dags/example_branch_operator.py
[2024-11-16T13:50:59.143+0000] {processor.py:826} INFO - Processing file /home/vscode/.local/lib/python3.10/site-packages/airflow/example_dags/example_branch_operator.py for tasks to queue
[2024-11-16T13:50:59.144+0000] {logging_mixin.py:150} INFO - [2024-11-16T13:50:59.144+0000] {dagbag.py:541} INFO - Filling up the DagBag from /home/vscode/.local/lib/python3.10/site-packages/airflow/example_dags/example_branch_operator.py
[2024-11-16T13:50:59.151+0000] {processor.py:836} INFO - DAG(s) dict_keys(['example_branch_operator']) retrieved from /home/vscode/.local/lib/python3.10/site-packages/airflow/example_dags/example_branch_operator.py
[2024-11-16T13:50:59.164+0000] {logging_mixin.py:150} INFO - [2024-11-16T13:50:59.163+0000] {dag.py:2742} INFO - Sync 1 DAGs
[2024-11-16T13:50:59.178+0000] {logging_mixin.py:150} INFO - [2024-11-16T13:50:59.178+0000] {dag.py:3504} INFO - Setting next_dagrun for example_branch_operator to 2024-11-15T00:00:00+00:00, run_after=2024-11-16T00:00:00+00:00
[2024-11-16T13:50:59.192+0000] {processor.py:179} INFO - Processing /home/vscode/.local/lib/python3.10/site-packages/airflow/example_dags/example_branch_operator.py took 0.051 seconds
[2024-11-16T13:51:42.513+0000] {processor.py:157} INFO - Started process (PID=10900) to work on /home/vscode/.local/lib/python3.10/site-packages/airflow/example_dags/example_branch_operator.py
[2024-11-16T13:51:42.514+0000] {processor.py:826} INFO - Processing file /home/vscode/.local/lib/python3.10/site-packages/airflow/example_dags/example_branch_operator.py for tasks to queue
[2024-11-16T13:51:42.514+0000] {logging_mixin.py:150} INFO - [2024-11-16T13:51:42.514+0000] {dagbag.py:541} INFO - Filling up the DagBag from /home/vscode/.local/lib/python3.10/site-packages/airflow/example_dags/example_branch_operator.py
[2024-11-16T13:51:42.521+0000] {processor.py:836} INFO - DAG(s) dict_keys(['example_branch_operator']) retrieved from /home/vscode/.local/lib/python3.10/site-packages/airflow/example_dags/example_branch_operator.py
[2024-11-16T13:51:42.534+0000] {logging_mixin.py:150} INFO - [2024-11-16T13:51:42.533+0000] {dag.py:2742} INFO - Sync 1 DAGs
[2024-11-16T13:51:42.549+0000] {logging_mixin.py:150} INFO - [2024-11-16T13:51:42.549+0000] {dag.py:3504} INFO - Setting next_dagrun for example_branch_operator to 2024-11-15T00:00:00+00:00, run_after=2024-11-16T00:00:00+00:00
[2024-11-16T13:51:42.564+0000] {processor.py:179} INFO - Processing /home/vscode/.local/lib/python3.10/site-packages/airflow/example_dags/example_branch_operator.py took 0.053 seconds
