[2024-11-16T13:39:08.066+0000] {processor.py:157} INFO - Started process (PID=5724) to work on /home/vscode/.local/lib/python3.10/site-packages/airflow/example_dags/example_branch_day_of_week_operator.py
[2024-11-16T13:39:08.066+0000] {processor.py:826} INFO - Processing file /home/vscode/.local/lib/python3.10/site-packages/airflow/example_dags/example_branch_day_of_week_operator.py for tasks to queue
[2024-11-16T13:39:08.067+0000] {logging_mixin.py:150} INFO - [2024-11-16T13:39:08.067+0000] {dagbag.py:541} INFO - Filling up the DagBag from /home/vscode/.local/lib/python3.10/site-packages/airflow/example_dags/example_branch_day_of_week_operator.py
[2024-11-16T13:39:08.072+0000] {processor.py:836} INFO - DAG(s) dict_keys(['example_weekday_branch_operator']) retrieved from /home/vscode/.local/lib/python3.10/site-packages/airflow/example_dags/example_branch_day_of_week_operator.py
[2024-11-16T13:39:08.209+0000] {logging_mixin.py:150} INFO - [2024-11-16T13:39:08.209+0000] {manager.py:504} INFO - Created Permission View: can edit on DAG:example_weekday_branch_operator
[2024-11-16T13:39:08.217+0000] {logging_mixin.py:150} INFO - [2024-11-16T13:39:08.217+0000] {manager.py:504} INFO - Created Permission View: can delete on DAG:example_weekday_branch_operator
[2024-11-16T13:39:08.222+0000] {logging_mixin.py:150} INFO - [2024-11-16T13:39:08.222+0000] {manager.py:504} INFO - Created Permission View: can read on DAG:example_weekday_branch_operator
[2024-11-16T13:39:08.229+0000] {logging_mixin.py:150} INFO - [2024-11-16T13:39:08.229+0000] {dag.py:2742} INFO - Sync 1 DAGs
[2024-11-16T13:39:08.235+0000] {logging_mixin.py:150} INFO - [2024-11-16T13:39:08.235+0000] {dag.py:2763} INFO - Creating ORM DAG for example_weekday_branch_operator
[2024-11-16T13:39:08.242+0000] {logging_mixin.py:150} INFO - [2024-11-16T13:39:08.242+0000] {dag.py:3504} INFO - Setting next_dagrun for example_weekday_branch_operator to 2024-11-15T00:00:00+00:00, run_after=2024-11-16T00:00:00+00:00
[2024-11-16T13:39:08.256+0000] {processor.py:179} INFO - Processing /home/vscode/.local/lib/python3.10/site-packages/airflow/example_dags/example_branch_day_of_week_operator.py took 0.192 seconds
[2024-11-16T13:39:59.455+0000] {processor.py:157} INFO - Started process (PID=6107) to work on /home/vscode/.local/lib/python3.10/site-packages/airflow/example_dags/example_branch_day_of_week_operator.py
[2024-11-16T13:39:59.456+0000] {processor.py:826} INFO - Processing file /home/vscode/.local/lib/python3.10/site-packages/airflow/example_dags/example_branch_day_of_week_operator.py for tasks to queue
[2024-11-16T13:39:59.457+0000] {logging_mixin.py:150} INFO - [2024-11-16T13:39:59.456+0000] {dagbag.py:541} INFO - Filling up the DagBag from /home/vscode/.local/lib/python3.10/site-packages/airflow/example_dags/example_branch_day_of_week_operator.py
[2024-11-16T13:39:59.462+0000] {processor.py:836} INFO - DAG(s) dict_keys(['example_weekday_branch_operator']) retrieved from /home/vscode/.local/lib/python3.10/site-packages/airflow/example_dags/example_branch_day_of_week_operator.py
[2024-11-16T13:39:59.474+0000] {logging_mixin.py:150} INFO - [2024-11-16T13:39:59.474+0000] {dag.py:2742} INFO - Sync 1 DAGs
[2024-11-16T13:39:59.489+0000] {logging_mixin.py:150} INFO - [2024-11-16T13:39:59.489+0000] {dag.py:3504} INFO - Setting next_dagrun for example_weekday_branch_operator to 2024-11-15T00:00:00+00:00, run_after=2024-11-16T00:00:00+00:00
[2024-11-16T13:39:59.503+0000] {processor.py:179} INFO - Processing /home/vscode/.local/lib/python3.10/site-packages/airflow/example_dags/example_branch_day_of_week_operator.py took 0.049 seconds
[2024-11-16T13:40:44.141+0000] {processor.py:157} INFO - Started process (PID=6409) to work on /home/vscode/.local/lib/python3.10/site-packages/airflow/example_dags/example_branch_day_of_week_operator.py
[2024-11-16T13:40:44.142+0000] {processor.py:826} INFO - Processing file /home/vscode/.local/lib/python3.10/site-packages/airflow/example_dags/example_branch_day_of_week_operator.py for tasks to queue
[2024-11-16T13:40:44.142+0000] {logging_mixin.py:150} INFO - [2024-11-16T13:40:44.142+0000] {dagbag.py:541} INFO - Filling up the DagBag from /home/vscode/.local/lib/python3.10/site-packages/airflow/example_dags/example_branch_day_of_week_operator.py
[2024-11-16T13:40:44.148+0000] {processor.py:836} INFO - DAG(s) dict_keys(['example_weekday_branch_operator']) retrieved from /home/vscode/.local/lib/python3.10/site-packages/airflow/example_dags/example_branch_day_of_week_operator.py
[2024-11-16T13:40:44.160+0000] {logging_mixin.py:150} INFO - [2024-11-16T13:40:44.160+0000] {dag.py:2742} INFO - Sync 1 DAGs
[2024-11-16T13:40:44.174+0000] {logging_mixin.py:150} INFO - [2024-11-16T13:40:44.174+0000] {dag.py:3504} INFO - Setting next_dagrun for example_weekday_branch_operator to 2024-11-15T00:00:00+00:00, run_after=2024-11-16T00:00:00+00:00
[2024-11-16T13:40:44.188+0000] {processor.py:179} INFO - Processing /home/vscode/.local/lib/python3.10/site-packages/airflow/example_dags/example_branch_day_of_week_operator.py took 0.049 seconds
[2024-11-16T13:41:27.219+0000] {processor.py:157} INFO - Started process (PID=6696) to work on /home/vscode/.local/lib/python3.10/site-packages/airflow/example_dags/example_branch_day_of_week_operator.py
[2024-11-16T13:41:27.219+0000] {processor.py:826} INFO - Processing file /home/vscode/.local/lib/python3.10/site-packages/airflow/example_dags/example_branch_day_of_week_operator.py for tasks to queue
[2024-11-16T13:41:27.220+0000] {logging_mixin.py:150} INFO - [2024-11-16T13:41:27.220+0000] {dagbag.py:541} INFO - Filling up the DagBag from /home/vscode/.local/lib/python3.10/site-packages/airflow/example_dags/example_branch_day_of_week_operator.py
[2024-11-16T13:41:27.225+0000] {processor.py:836} INFO - DAG(s) dict_keys(['example_weekday_branch_operator']) retrieved from /home/vscode/.local/lib/python3.10/site-packages/airflow/example_dags/example_branch_day_of_week_operator.py
[2024-11-16T13:41:27.237+0000] {logging_mixin.py:150} INFO - [2024-11-16T13:41:27.237+0000] {dag.py:2742} INFO - Sync 1 DAGs
[2024-11-16T13:41:27.251+0000] {logging_mixin.py:150} INFO - [2024-11-16T13:41:27.251+0000] {dag.py:3504} INFO - Setting next_dagrun for example_weekday_branch_operator to 2024-11-15T00:00:00+00:00, run_after=2024-11-16T00:00:00+00:00
[2024-11-16T13:41:27.265+0000] {processor.py:179} INFO - Processing /home/vscode/.local/lib/python3.10/site-packages/airflow/example_dags/example_branch_day_of_week_operator.py took 0.048 seconds
[2024-11-16T13:42:13.763+0000] {processor.py:157} INFO - Started process (PID=7013) to work on /home/vscode/.local/lib/python3.10/site-packages/airflow/example_dags/example_branch_day_of_week_operator.py
[2024-11-16T13:42:13.764+0000] {processor.py:826} INFO - Processing file /home/vscode/.local/lib/python3.10/site-packages/airflow/example_dags/example_branch_day_of_week_operator.py for tasks to queue
[2024-11-16T13:42:13.765+0000] {logging_mixin.py:150} INFO - [2024-11-16T13:42:13.764+0000] {dagbag.py:541} INFO - Filling up the DagBag from /home/vscode/.local/lib/python3.10/site-packages/airflow/example_dags/example_branch_day_of_week_operator.py
[2024-11-16T13:42:13.770+0000] {processor.py:836} INFO - DAG(s) dict_keys(['example_weekday_branch_operator']) retrieved from /home/vscode/.local/lib/python3.10/site-packages/airflow/example_dags/example_branch_day_of_week_operator.py
[2024-11-16T13:42:13.782+0000] {logging_mixin.py:150} INFO - [2024-11-16T13:42:13.782+0000] {dag.py:2742} INFO - Sync 1 DAGs
[2024-11-16T13:42:13.796+0000] {logging_mixin.py:150} INFO - [2024-11-16T13:42:13.796+0000] {dag.py:3504} INFO - Setting next_dagrun for example_weekday_branch_operator to 2024-11-15T00:00:00+00:00, run_after=2024-11-16T00:00:00+00:00
[2024-11-16T13:42:13.811+0000] {processor.py:179} INFO - Processing /home/vscode/.local/lib/python3.10/site-packages/airflow/example_dags/example_branch_day_of_week_operator.py took 0.050 seconds
[2024-11-16T13:42:56.808+0000] {processor.py:157} INFO - Started process (PID=7300) to work on /home/vscode/.local/lib/python3.10/site-packages/airflow/example_dags/example_branch_day_of_week_operator.py
[2024-11-16T13:42:56.809+0000] {processor.py:826} INFO - Processing file /home/vscode/.local/lib/python3.10/site-packages/airflow/example_dags/example_branch_day_of_week_operator.py for tasks to queue
[2024-11-16T13:42:56.809+0000] {logging_mixin.py:150} INFO - [2024-11-16T13:42:56.809+0000] {dagbag.py:541} INFO - Filling up the DagBag from /home/vscode/.local/lib/python3.10/site-packages/airflow/example_dags/example_branch_day_of_week_operator.py
[2024-11-16T13:42:56.815+0000] {processor.py:836} INFO - DAG(s) dict_keys(['example_weekday_branch_operator']) retrieved from /home/vscode/.local/lib/python3.10/site-packages/airflow/example_dags/example_branch_day_of_week_operator.py
[2024-11-16T13:42:56.827+0000] {logging_mixin.py:150} INFO - [2024-11-16T13:42:56.827+0000] {dag.py:2742} INFO - Sync 1 DAGs
[2024-11-16T13:42:56.841+0000] {logging_mixin.py:150} INFO - [2024-11-16T13:42:56.841+0000] {dag.py:3504} INFO - Setting next_dagrun for example_weekday_branch_operator to 2024-11-15T00:00:00+00:00, run_after=2024-11-16T00:00:00+00:00
[2024-11-16T13:42:56.855+0000] {processor.py:179} INFO - Processing /home/vscode/.local/lib/python3.10/site-packages/airflow/example_dags/example_branch_day_of_week_operator.py took 0.050 seconds
[2024-11-16T13:43:44.474+0000] {processor.py:157} INFO - Started process (PID=7618) to work on /home/vscode/.local/lib/python3.10/site-packages/airflow/example_dags/example_branch_day_of_week_operator.py
[2024-11-16T13:43:44.474+0000] {processor.py:826} INFO - Processing file /home/vscode/.local/lib/python3.10/site-packages/airflow/example_dags/example_branch_day_of_week_operator.py for tasks to queue
[2024-11-16T13:43:44.475+0000] {logging_mixin.py:150} INFO - [2024-11-16T13:43:44.475+0000] {dagbag.py:541} INFO - Filling up the DagBag from /home/vscode/.local/lib/python3.10/site-packages/airflow/example_dags/example_branch_day_of_week_operator.py
[2024-11-16T13:43:44.480+0000] {processor.py:836} INFO - DAG(s) dict_keys(['example_weekday_branch_operator']) retrieved from /home/vscode/.local/lib/python3.10/site-packages/airflow/example_dags/example_branch_day_of_week_operator.py
[2024-11-16T13:43:44.492+0000] {logging_mixin.py:150} INFO - [2024-11-16T13:43:44.492+0000] {dag.py:2742} INFO - Sync 1 DAGs
[2024-11-16T13:43:44.506+0000] {logging_mixin.py:150} INFO - [2024-11-16T13:43:44.506+0000] {dag.py:3504} INFO - Setting next_dagrun for example_weekday_branch_operator to 2024-11-15T00:00:00+00:00, run_after=2024-11-16T00:00:00+00:00
[2024-11-16T13:43:44.520+0000] {processor.py:179} INFO - Processing /home/vscode/.local/lib/python3.10/site-packages/airflow/example_dags/example_branch_day_of_week_operator.py took 0.048 seconds
[2024-11-16T13:44:28.084+0000] {processor.py:157} INFO - Started process (PID=7911) to work on /home/vscode/.local/lib/python3.10/site-packages/airflow/example_dags/example_branch_day_of_week_operator.py
[2024-11-16T13:44:28.085+0000] {processor.py:826} INFO - Processing file /home/vscode/.local/lib/python3.10/site-packages/airflow/example_dags/example_branch_day_of_week_operator.py for tasks to queue
[2024-11-16T13:44:28.085+0000] {logging_mixin.py:150} INFO - [2024-11-16T13:44:28.085+0000] {dagbag.py:541} INFO - Filling up the DagBag from /home/vscode/.local/lib/python3.10/site-packages/airflow/example_dags/example_branch_day_of_week_operator.py
[2024-11-16T13:44:28.090+0000] {processor.py:836} INFO - DAG(s) dict_keys(['example_weekday_branch_operator']) retrieved from /home/vscode/.local/lib/python3.10/site-packages/airflow/example_dags/example_branch_day_of_week_operator.py
[2024-11-16T13:44:28.102+0000] {logging_mixin.py:150} INFO - [2024-11-16T13:44:28.102+0000] {dag.py:2742} INFO - Sync 1 DAGs
[2024-11-16T13:44:28.117+0000] {logging_mixin.py:150} INFO - [2024-11-16T13:44:28.117+0000] {dag.py:3504} INFO - Setting next_dagrun for example_weekday_branch_operator to 2024-11-15T00:00:00+00:00, run_after=2024-11-16T00:00:00+00:00
[2024-11-16T13:44:28.131+0000] {processor.py:179} INFO - Processing /home/vscode/.local/lib/python3.10/site-packages/airflow/example_dags/example_branch_day_of_week_operator.py took 0.049 seconds
[2024-11-16T13:45:12.358+0000] {processor.py:157} INFO - Started process (PID=8206) to work on /home/vscode/.local/lib/python3.10/site-packages/airflow/example_dags/example_branch_day_of_week_operator.py
[2024-11-16T13:45:12.359+0000] {processor.py:826} INFO - Processing file /home/vscode/.local/lib/python3.10/site-packages/airflow/example_dags/example_branch_day_of_week_operator.py for tasks to queue
[2024-11-16T13:45:12.359+0000] {logging_mixin.py:150} INFO - [2024-11-16T13:45:12.359+0000] {dagbag.py:541} INFO - Filling up the DagBag from /home/vscode/.local/lib/python3.10/site-packages/airflow/example_dags/example_branch_day_of_week_operator.py
[2024-11-16T13:45:12.365+0000] {processor.py:836} INFO - DAG(s) dict_keys(['example_weekday_branch_operator']) retrieved from /home/vscode/.local/lib/python3.10/site-packages/airflow/example_dags/example_branch_day_of_week_operator.py
[2024-11-16T13:45:12.377+0000] {logging_mixin.py:150} INFO - [2024-11-16T13:45:12.377+0000] {dag.py:2742} INFO - Sync 1 DAGs
[2024-11-16T13:45:12.392+0000] {logging_mixin.py:150} INFO - [2024-11-16T13:45:12.392+0000] {dag.py:3504} INFO - Setting next_dagrun for example_weekday_branch_operator to 2024-11-15T00:00:00+00:00, run_after=2024-11-16T00:00:00+00:00
[2024-11-16T13:45:12.407+0000] {processor.py:179} INFO - Processing /home/vscode/.local/lib/python3.10/site-packages/airflow/example_dags/example_branch_day_of_week_operator.py took 0.051 seconds
[2024-11-16T13:46:00.635+0000] {processor.py:157} INFO - Started process (PID=8526) to work on /home/vscode/.local/lib/python3.10/site-packages/airflow/example_dags/example_branch_day_of_week_operator.py
[2024-11-16T13:46:00.636+0000] {processor.py:826} INFO - Processing file /home/vscode/.local/lib/python3.10/site-packages/airflow/example_dags/example_branch_day_of_week_operator.py for tasks to queue
[2024-11-16T13:46:00.636+0000] {logging_mixin.py:150} INFO - [2024-11-16T13:46:00.636+0000] {dagbag.py:541} INFO - Filling up the DagBag from /home/vscode/.local/lib/python3.10/site-packages/airflow/example_dags/example_branch_day_of_week_operator.py
[2024-11-16T13:46:00.642+0000] {processor.py:836} INFO - DAG(s) dict_keys(['example_weekday_branch_operator']) retrieved from /home/vscode/.local/lib/python3.10/site-packages/airflow/example_dags/example_branch_day_of_week_operator.py
[2024-11-16T13:46:00.653+0000] {logging_mixin.py:150} INFO - [2024-11-16T13:46:00.653+0000] {dag.py:2742} INFO - Sync 1 DAGs
[2024-11-16T13:46:00.668+0000] {logging_mixin.py:150} INFO - [2024-11-16T13:46:00.668+0000] {dag.py:3504} INFO - Setting next_dagrun for example_weekday_branch_operator to 2024-11-15T00:00:00+00:00, run_after=2024-11-16T00:00:00+00:00
[2024-11-16T13:46:00.682+0000] {processor.py:179} INFO - Processing /home/vscode/.local/lib/python3.10/site-packages/airflow/example_dags/example_branch_day_of_week_operator.py took 0.049 seconds
[2024-11-16T13:46:45.377+0000] {processor.py:157} INFO - Started process (PID=8828) to work on /home/vscode/.local/lib/python3.10/site-packages/airflow/example_dags/example_branch_day_of_week_operator.py
[2024-11-16T13:46:45.378+0000] {processor.py:826} INFO - Processing file /home/vscode/.local/lib/python3.10/site-packages/airflow/example_dags/example_branch_day_of_week_operator.py for tasks to queue
[2024-11-16T13:46:45.378+0000] {logging_mixin.py:150} INFO - [2024-11-16T13:46:45.378+0000] {dagbag.py:541} INFO - Filling up the DagBag from /home/vscode/.local/lib/python3.10/site-packages/airflow/example_dags/example_branch_day_of_week_operator.py
[2024-11-16T13:46:45.384+0000] {processor.py:836} INFO - DAG(s) dict_keys(['example_weekday_branch_operator']) retrieved from /home/vscode/.local/lib/python3.10/site-packages/airflow/example_dags/example_branch_day_of_week_operator.py
[2024-11-16T13:46:45.395+0000] {logging_mixin.py:150} INFO - [2024-11-16T13:46:45.395+0000] {dag.py:2742} INFO - Sync 1 DAGs
[2024-11-16T13:46:45.410+0000] {logging_mixin.py:150} INFO - [2024-11-16T13:46:45.410+0000] {dag.py:3504} INFO - Setting next_dagrun for example_weekday_branch_operator to 2024-11-15T00:00:00+00:00, run_after=2024-11-16T00:00:00+00:00
[2024-11-16T13:46:45.425+0000] {processor.py:179} INFO - Processing /home/vscode/.local/lib/python3.10/site-packages/airflow/example_dags/example_branch_day_of_week_operator.py took 0.050 seconds
[2024-11-16T13:47:27.449+0000] {processor.py:157} INFO - Started process (PID=9113) to work on /home/vscode/.local/lib/python3.10/site-packages/airflow/example_dags/example_branch_day_of_week_operator.py
[2024-11-16T13:47:27.450+0000] {processor.py:826} INFO - Processing file /home/vscode/.local/lib/python3.10/site-packages/airflow/example_dags/example_branch_day_of_week_operator.py for tasks to queue
[2024-11-16T13:47:27.451+0000] {logging_mixin.py:150} INFO - [2024-11-16T13:47:27.450+0000] {dagbag.py:541} INFO - Filling up the DagBag from /home/vscode/.local/lib/python3.10/site-packages/airflow/example_dags/example_branch_day_of_week_operator.py
[2024-11-16T13:47:27.456+0000] {processor.py:836} INFO - DAG(s) dict_keys(['example_weekday_branch_operator']) retrieved from /home/vscode/.local/lib/python3.10/site-packages/airflow/example_dags/example_branch_day_of_week_operator.py
[2024-11-16T13:47:27.468+0000] {logging_mixin.py:150} INFO - [2024-11-16T13:47:27.468+0000] {dag.py:2742} INFO - Sync 1 DAGs
[2024-11-16T13:47:27.483+0000] {logging_mixin.py:150} INFO - [2024-11-16T13:47:27.483+0000] {dag.py:3504} INFO - Setting next_dagrun for example_weekday_branch_operator to 2024-11-15T00:00:00+00:00, run_after=2024-11-16T00:00:00+00:00
[2024-11-16T13:47:27.497+0000] {processor.py:179} INFO - Processing /home/vscode/.local/lib/python3.10/site-packages/airflow/example_dags/example_branch_day_of_week_operator.py took 0.049 seconds
[2024-11-16T13:48:21.114+0000] {processor.py:157} INFO - Started process (PID=9469) to work on /home/vscode/.local/lib/python3.10/site-packages/airflow/example_dags/example_branch_day_of_week_operator.py
[2024-11-16T13:48:21.115+0000] {processor.py:826} INFO - Processing file /home/vscode/.local/lib/python3.10/site-packages/airflow/example_dags/example_branch_day_of_week_operator.py for tasks to queue
[2024-11-16T13:48:21.115+0000] {logging_mixin.py:150} INFO - [2024-11-16T13:48:21.115+0000] {dagbag.py:541} INFO - Filling up the DagBag from /home/vscode/.local/lib/python3.10/site-packages/airflow/example_dags/example_branch_day_of_week_operator.py
[2024-11-16T13:48:21.121+0000] {processor.py:836} INFO - DAG(s) dict_keys(['example_weekday_branch_operator']) retrieved from /home/vscode/.local/lib/python3.10/site-packages/airflow/example_dags/example_branch_day_of_week_operator.py
[2024-11-16T13:48:21.133+0000] {logging_mixin.py:150} INFO - [2024-11-16T13:48:21.133+0000] {dag.py:2742} INFO - Sync 1 DAGs
[2024-11-16T13:48:21.149+0000] {logging_mixin.py:150} INFO - [2024-11-16T13:48:21.148+0000] {dag.py:3504} INFO - Setting next_dagrun for example_weekday_branch_operator to 2024-11-15T00:00:00+00:00, run_after=2024-11-16T00:00:00+00:00
[2024-11-16T13:48:21.164+0000] {processor.py:179} INFO - Processing /home/vscode/.local/lib/python3.10/site-packages/airflow/example_dags/example_branch_day_of_week_operator.py took 0.052 seconds
[2024-11-16T13:49:04.014+0000] {processor.py:157} INFO - Started process (PID=9763) to work on /home/vscode/.local/lib/python3.10/site-packages/airflow/example_dags/example_branch_day_of_week_operator.py
[2024-11-16T13:49:04.015+0000] {processor.py:826} INFO - Processing file /home/vscode/.local/lib/python3.10/site-packages/airflow/example_dags/example_branch_day_of_week_operator.py for tasks to queue
[2024-11-16T13:49:04.015+0000] {logging_mixin.py:150} INFO - [2024-11-16T13:49:04.015+0000] {dagbag.py:541} INFO - Filling up the DagBag from /home/vscode/.local/lib/python3.10/site-packages/airflow/example_dags/example_branch_day_of_week_operator.py
[2024-11-16T13:49:04.021+0000] {processor.py:836} INFO - DAG(s) dict_keys(['example_weekday_branch_operator']) retrieved from /home/vscode/.local/lib/python3.10/site-packages/airflow/example_dags/example_branch_day_of_week_operator.py
[2024-11-16T13:49:04.033+0000] {logging_mixin.py:150} INFO - [2024-11-16T13:49:04.033+0000] {dag.py:2742} INFO - Sync 1 DAGs
[2024-11-16T13:49:04.047+0000] {logging_mixin.py:150} INFO - [2024-11-16T13:49:04.047+0000] {dag.py:3504} INFO - Setting next_dagrun for example_weekday_branch_operator to 2024-11-15T00:00:00+00:00, run_after=2024-11-16T00:00:00+00:00
[2024-11-16T13:49:04.061+0000] {processor.py:179} INFO - Processing /home/vscode/.local/lib/python3.10/site-packages/airflow/example_dags/example_branch_day_of_week_operator.py took 0.049 seconds
[2024-11-16T13:49:54.758+0000] {processor.py:157} INFO - Started process (PID=10116) to work on /home/vscode/.local/lib/python3.10/site-packages/airflow/example_dags/example_branch_day_of_week_operator.py
[2024-11-16T13:49:54.759+0000] {processor.py:826} INFO - Processing file /home/vscode/.local/lib/python3.10/site-packages/airflow/example_dags/example_branch_day_of_week_operator.py for tasks to queue
[2024-11-16T13:49:54.759+0000] {logging_mixin.py:150} INFO - [2024-11-16T13:49:54.759+0000] {dagbag.py:541} INFO - Filling up the DagBag from /home/vscode/.local/lib/python3.10/site-packages/airflow/example_dags/example_branch_day_of_week_operator.py
[2024-11-16T13:49:54.765+0000] {processor.py:836} INFO - DAG(s) dict_keys(['example_weekday_branch_operator']) retrieved from /home/vscode/.local/lib/python3.10/site-packages/airflow/example_dags/example_branch_day_of_week_operator.py
[2024-11-16T13:49:54.777+0000] {logging_mixin.py:150} INFO - [2024-11-16T13:49:54.777+0000] {dag.py:2742} INFO - Sync 1 DAGs
[2024-11-16T13:49:54.791+0000] {logging_mixin.py:150} INFO - [2024-11-16T13:49:54.791+0000] {dag.py:3504} INFO - Setting next_dagrun for example_weekday_branch_operator to 2024-11-15T00:00:00+00:00, run_after=2024-11-16T00:00:00+00:00
[2024-11-16T13:49:54.805+0000] {processor.py:179} INFO - Processing /home/vscode/.local/lib/python3.10/site-packages/airflow/example_dags/example_branch_day_of_week_operator.py took 0.049 seconds
[2024-11-16T13:50:38.593+0000] {processor.py:157} INFO - Started process (PID=10414) to work on /home/vscode/.local/lib/python3.10/site-packages/airflow/example_dags/example_branch_day_of_week_operator.py
[2024-11-16T13:50:38.594+0000] {processor.py:826} INFO - Processing file /home/vscode/.local/lib/python3.10/site-packages/airflow/example_dags/example_branch_day_of_week_operator.py for tasks to queue
[2024-11-16T13:50:38.594+0000] {logging_mixin.py:150} INFO - [2024-11-16T13:50:38.594+0000] {dagbag.py:541} INFO - Filling up the DagBag from /home/vscode/.local/lib/python3.10/site-packages/airflow/example_dags/example_branch_day_of_week_operator.py
[2024-11-16T13:50:38.600+0000] {processor.py:836} INFO - DAG(s) dict_keys(['example_weekday_branch_operator']) retrieved from /home/vscode/.local/lib/python3.10/site-packages/airflow/example_dags/example_branch_day_of_week_operator.py
[2024-11-16T13:50:38.612+0000] {logging_mixin.py:150} INFO - [2024-11-16T13:50:38.612+0000] {dag.py:2742} INFO - Sync 1 DAGs
[2024-11-16T13:50:38.626+0000] {logging_mixin.py:150} INFO - [2024-11-16T13:50:38.626+0000] {dag.py:3504} INFO - Setting next_dagrun for example_weekday_branch_operator to 2024-11-15T00:00:00+00:00, run_after=2024-11-16T00:00:00+00:00
[2024-11-16T13:50:38.640+0000] {processor.py:179} INFO - Processing /home/vscode/.local/lib/python3.10/site-packages/airflow/example_dags/example_branch_day_of_week_operator.py took 0.049 seconds
[2024-11-16T13:51:34.732+0000] {processor.py:157} INFO - Started process (PID=10844) to work on /home/vscode/.local/lib/python3.10/site-packages/airflow/example_dags/example_branch_day_of_week_operator.py
[2024-11-16T13:51:34.733+0000] {processor.py:826} INFO - Processing file /home/vscode/.local/lib/python3.10/site-packages/airflow/example_dags/example_branch_day_of_week_operator.py for tasks to queue
[2024-11-16T13:51:34.734+0000] {logging_mixin.py:150} INFO - [2024-11-16T13:51:34.733+0000] {dagbag.py:541} INFO - Filling up the DagBag from /home/vscode/.local/lib/python3.10/site-packages/airflow/example_dags/example_branch_day_of_week_operator.py
[2024-11-16T13:51:34.739+0000] {processor.py:836} INFO - DAG(s) dict_keys(['example_weekday_branch_operator']) retrieved from /home/vscode/.local/lib/python3.10/site-packages/airflow/example_dags/example_branch_day_of_week_operator.py
[2024-11-16T13:51:34.751+0000] {logging_mixin.py:150} INFO - [2024-11-16T13:51:34.751+0000] {dag.py:2742} INFO - Sync 1 DAGs
[2024-11-16T13:51:34.766+0000] {logging_mixin.py:150} INFO - [2024-11-16T13:51:34.766+0000] {dag.py:3504} INFO - Setting next_dagrun for example_weekday_branch_operator to 2024-11-15T00:00:00+00:00, run_after=2024-11-16T00:00:00+00:00
[2024-11-16T13:51:34.779+0000] {processor.py:179} INFO - Processing /home/vscode/.local/lib/python3.10/site-packages/airflow/example_dags/example_branch_day_of_week_operator.py took 0.049 seconds
