[2024-11-16T13:39:04.066+0000] {processor.py:157} INFO - Started process (PID=5693) to work on /home/vscode/.local/lib/python3.10/site-packages/airflow/example_dags/example_latest_only_with_trigger.py
[2024-11-16T13:39:04.066+0000] {processor.py:826} INFO - Processing file /home/vscode/.local/lib/python3.10/site-packages/airflow/example_dags/example_latest_only_with_trigger.py for tasks to queue
[2024-11-16T13:39:04.067+0000] {logging_mixin.py:150} INFO - [2024-11-16T13:39:04.066+0000] {dagbag.py:541} INFO - Filling up the DagBag from /home/vscode/.local/lib/python3.10/site-packages/airflow/example_dags/example_latest_only_with_trigger.py
[2024-11-16T13:39:04.071+0000] {processor.py:836} INFO - DAG(s) dict_keys(['latest_only_with_trigger']) retrieved from /home/vscode/.local/lib/python3.10/site-packages/airflow/example_dags/example_latest_only_with_trigger.py
[2024-11-16T13:39:04.228+0000] {logging_mixin.py:150} INFO - [2024-11-16T13:39:04.228+0000] {manager.py:504} INFO - Created Permission View: can edit on DAG:latest_only_with_trigger
[2024-11-16T13:39:04.235+0000] {logging_mixin.py:150} INFO - [2024-11-16T13:39:04.235+0000] {manager.py:504} INFO - Created Permission View: can delete on DAG:latest_only_with_trigger
[2024-11-16T13:39:04.241+0000] {logging_mixin.py:150} INFO - [2024-11-16T13:39:04.241+0000] {manager.py:504} INFO - Created Permission View: can read on DAG:latest_only_with_trigger
[2024-11-16T13:39:04.248+0000] {logging_mixin.py:150} INFO - [2024-11-16T13:39:04.248+0000] {dag.py:2742} INFO - Sync 1 DAGs
[2024-11-16T13:39:04.254+0000] {logging_mixin.py:150} INFO - [2024-11-16T13:39:04.254+0000] {dag.py:2763} INFO - Creating ORM DAG for latest_only_with_trigger
[2024-11-16T13:39:04.260+0000] {logging_mixin.py:150} INFO - [2024-11-16T13:39:04.259+0000] {dag.py:3504} INFO - Setting next_dagrun for latest_only_with_trigger to 2024-11-16T09:39:04.259835+00:00, run_after=2024-11-16T13:39:04.259835+00:00
[2024-11-16T13:39:04.272+0000] {processor.py:179} INFO - Processing /home/vscode/.local/lib/python3.10/site-packages/airflow/example_dags/example_latest_only_with_trigger.py took 0.209 seconds
[2024-11-16T13:39:50.783+0000] {processor.py:157} INFO - Started process (PID=6055) to work on /home/vscode/.local/lib/python3.10/site-packages/airflow/example_dags/example_latest_only_with_trigger.py
[2024-11-16T13:39:50.784+0000] {processor.py:826} INFO - Processing file /home/vscode/.local/lib/python3.10/site-packages/airflow/example_dags/example_latest_only_with_trigger.py for tasks to queue
[2024-11-16T13:39:50.785+0000] {logging_mixin.py:150} INFO - [2024-11-16T13:39:50.785+0000] {dagbag.py:541} INFO - Filling up the DagBag from /home/vscode/.local/lib/python3.10/site-packages/airflow/example_dags/example_latest_only_with_trigger.py
[2024-11-16T13:39:50.803+0000] {processor.py:836} INFO - DAG(s) dict_keys(['latest_only_with_trigger']) retrieved from /home/vscode/.local/lib/python3.10/site-packages/airflow/example_dags/example_latest_only_with_trigger.py
[2024-11-16T13:39:50.827+0000] {logging_mixin.py:150} INFO - [2024-11-16T13:39:50.827+0000] {dag.py:2742} INFO - Sync 1 DAGs
[2024-11-16T13:39:50.869+0000] {logging_mixin.py:150} INFO - [2024-11-16T13:39:50.869+0000] {dag.py:3504} INFO - Setting next_dagrun for latest_only_with_trigger to 2024-11-16T09:39:50.868870+00:00, run_after=2024-11-16T13:39:50.868870+00:00
[2024-11-16T13:39:50.953+0000] {processor.py:179} INFO - Processing /home/vscode/.local/lib/python3.10/site-packages/airflow/example_dags/example_latest_only_with_trigger.py took 0.172 seconds
[2024-11-16T13:40:35.880+0000] {processor.py:157} INFO - Started process (PID=6357) to work on /home/vscode/.local/lib/python3.10/site-packages/airflow/example_dags/example_latest_only_with_trigger.py
[2024-11-16T13:40:35.881+0000] {processor.py:826} INFO - Processing file /home/vscode/.local/lib/python3.10/site-packages/airflow/example_dags/example_latest_only_with_trigger.py for tasks to queue
[2024-11-16T13:40:35.881+0000] {logging_mixin.py:150} INFO - [2024-11-16T13:40:35.881+0000] {dagbag.py:541} INFO - Filling up the DagBag from /home/vscode/.local/lib/python3.10/site-packages/airflow/example_dags/example_latest_only_with_trigger.py
[2024-11-16T13:40:35.888+0000] {processor.py:836} INFO - DAG(s) dict_keys(['latest_only_with_trigger']) retrieved from /home/vscode/.local/lib/python3.10/site-packages/airflow/example_dags/example_latest_only_with_trigger.py
[2024-11-16T13:40:35.903+0000] {logging_mixin.py:150} INFO - [2024-11-16T13:40:35.903+0000] {dag.py:2742} INFO - Sync 1 DAGs
[2024-11-16T13:40:35.917+0000] {logging_mixin.py:150} INFO - [2024-11-16T13:40:35.917+0000] {dag.py:3504} INFO - Setting next_dagrun for latest_only_with_trigger to 2024-11-16T09:40:35.917185+00:00, run_after=2024-11-16T13:40:35.917185+00:00
[2024-11-16T13:40:35.931+0000] {processor.py:179} INFO - Processing /home/vscode/.local/lib/python3.10/site-packages/airflow/example_dags/example_latest_only_with_trigger.py took 0.053 seconds
[2024-11-16T13:41:20.520+0000] {processor.py:157} INFO - Started process (PID=6652) to work on /home/vscode/.local/lib/python3.10/site-packages/airflow/example_dags/example_latest_only_with_trigger.py
[2024-11-16T13:41:20.521+0000] {processor.py:826} INFO - Processing file /home/vscode/.local/lib/python3.10/site-packages/airflow/example_dags/example_latest_only_with_trigger.py for tasks to queue
[2024-11-16T13:41:20.521+0000] {logging_mixin.py:150} INFO - [2024-11-16T13:41:20.521+0000] {dagbag.py:541} INFO - Filling up the DagBag from /home/vscode/.local/lib/python3.10/site-packages/airflow/example_dags/example_latest_only_with_trigger.py
[2024-11-16T13:41:20.526+0000] {processor.py:836} INFO - DAG(s) dict_keys(['latest_only_with_trigger']) retrieved from /home/vscode/.local/lib/python3.10/site-packages/airflow/example_dags/example_latest_only_with_trigger.py
[2024-11-16T13:41:20.537+0000] {logging_mixin.py:150} INFO - [2024-11-16T13:41:20.537+0000] {dag.py:2742} INFO - Sync 1 DAGs
[2024-11-16T13:41:20.550+0000] {logging_mixin.py:150} INFO - [2024-11-16T13:41:20.550+0000] {dag.py:3504} INFO - Setting next_dagrun for latest_only_with_trigger to 2024-11-16T09:41:20.550416+00:00, run_after=2024-11-16T13:41:20.550416+00:00
[2024-11-16T13:41:20.564+0000] {processor.py:179} INFO - Processing /home/vscode/.local/lib/python3.10/site-packages/airflow/example_dags/example_latest_only_with_trigger.py took 0.046 seconds
[2024-11-16T13:42:10.031+0000] {processor.py:157} INFO - Started process (PID=6982) to work on /home/vscode/.local/lib/python3.10/site-packages/airflow/example_dags/example_latest_only_with_trigger.py
[2024-11-16T13:42:10.032+0000] {processor.py:826} INFO - Processing file /home/vscode/.local/lib/python3.10/site-packages/airflow/example_dags/example_latest_only_with_trigger.py for tasks to queue
[2024-11-16T13:42:10.032+0000] {logging_mixin.py:150} INFO - [2024-11-16T13:42:10.032+0000] {dagbag.py:541} INFO - Filling up the DagBag from /home/vscode/.local/lib/python3.10/site-packages/airflow/example_dags/example_latest_only_with_trigger.py
[2024-11-16T13:42:10.037+0000] {processor.py:836} INFO - DAG(s) dict_keys(['latest_only_with_trigger']) retrieved from /home/vscode/.local/lib/python3.10/site-packages/airflow/example_dags/example_latest_only_with_trigger.py
[2024-11-16T13:42:10.048+0000] {logging_mixin.py:150} INFO - [2024-11-16T13:42:10.048+0000] {dag.py:2742} INFO - Sync 1 DAGs
[2024-11-16T13:42:10.061+0000] {logging_mixin.py:150} INFO - [2024-11-16T13:42:10.061+0000] {dag.py:3504} INFO - Setting next_dagrun for latest_only_with_trigger to 2024-11-16T09:42:10.061619+00:00, run_after=2024-11-16T13:42:10.061619+00:00
[2024-11-16T13:42:10.076+0000] {processor.py:179} INFO - Processing /home/vscode/.local/lib/python3.10/site-packages/airflow/example_dags/example_latest_only_with_trigger.py took 0.047 seconds
[2024-11-16T13:42:52.798+0000] {processor.py:157} INFO - Started process (PID=7268) to work on /home/vscode/.local/lib/python3.10/site-packages/airflow/example_dags/example_latest_only_with_trigger.py
[2024-11-16T13:42:52.799+0000] {processor.py:826} INFO - Processing file /home/vscode/.local/lib/python3.10/site-packages/airflow/example_dags/example_latest_only_with_trigger.py for tasks to queue
[2024-11-16T13:42:52.799+0000] {logging_mixin.py:150} INFO - [2024-11-16T13:42:52.799+0000] {dagbag.py:541} INFO - Filling up the DagBag from /home/vscode/.local/lib/python3.10/site-packages/airflow/example_dags/example_latest_only_with_trigger.py
[2024-11-16T13:42:52.804+0000] {processor.py:836} INFO - DAG(s) dict_keys(['latest_only_with_trigger']) retrieved from /home/vscode/.local/lib/python3.10/site-packages/airflow/example_dags/example_latest_only_with_trigger.py
[2024-11-16T13:42:52.815+0000] {logging_mixin.py:150} INFO - [2024-11-16T13:42:52.815+0000] {dag.py:2742} INFO - Sync 1 DAGs
[2024-11-16T13:42:52.828+0000] {logging_mixin.py:150} INFO - [2024-11-16T13:42:52.828+0000] {dag.py:3504} INFO - Setting next_dagrun for latest_only_with_trigger to 2024-11-16T09:42:52.828641+00:00, run_after=2024-11-16T13:42:52.828641+00:00
[2024-11-16T13:42:52.845+0000] {processor.py:179} INFO - Processing /home/vscode/.local/lib/python3.10/site-packages/airflow/example_dags/example_latest_only_with_trigger.py took 0.049 seconds
[2024-11-16T13:43:40.743+0000] {processor.py:157} INFO - Started process (PID=7592) to work on /home/vscode/.local/lib/python3.10/site-packages/airflow/example_dags/example_latest_only_with_trigger.py
[2024-11-16T13:43:40.743+0000] {processor.py:826} INFO - Processing file /home/vscode/.local/lib/python3.10/site-packages/airflow/example_dags/example_latest_only_with_trigger.py for tasks to queue
[2024-11-16T13:43:40.744+0000] {logging_mixin.py:150} INFO - [2024-11-16T13:43:40.744+0000] {dagbag.py:541} INFO - Filling up the DagBag from /home/vscode/.local/lib/python3.10/site-packages/airflow/example_dags/example_latest_only_with_trigger.py
[2024-11-16T13:43:40.749+0000] {processor.py:836} INFO - DAG(s) dict_keys(['latest_only_with_trigger']) retrieved from /home/vscode/.local/lib/python3.10/site-packages/airflow/example_dags/example_latest_only_with_trigger.py
[2024-11-16T13:43:40.759+0000] {logging_mixin.py:150} INFO - [2024-11-16T13:43:40.759+0000] {dag.py:2742} INFO - Sync 1 DAGs
[2024-11-16T13:43:40.773+0000] {logging_mixin.py:150} INFO - [2024-11-16T13:43:40.773+0000] {dag.py:3504} INFO - Setting next_dagrun for latest_only_with_trigger to 2024-11-16T09:43:40.773287+00:00, run_after=2024-11-16T13:43:40.773287+00:00
[2024-11-16T13:43:40.787+0000] {processor.py:179} INFO - Processing /home/vscode/.local/lib/python3.10/site-packages/airflow/example_dags/example_latest_only_with_trigger.py took 0.046 seconds
[2024-11-16T13:44:25.117+0000] {processor.py:157} INFO - Started process (PID=7887) to work on /home/vscode/.local/lib/python3.10/site-packages/airflow/example_dags/example_latest_only_with_trigger.py
[2024-11-16T13:44:25.117+0000] {processor.py:826} INFO - Processing file /home/vscode/.local/lib/python3.10/site-packages/airflow/example_dags/example_latest_only_with_trigger.py for tasks to queue
[2024-11-16T13:44:25.118+0000] {logging_mixin.py:150} INFO - [2024-11-16T13:44:25.118+0000] {dagbag.py:541} INFO - Filling up the DagBag from /home/vscode/.local/lib/python3.10/site-packages/airflow/example_dags/example_latest_only_with_trigger.py
[2024-11-16T13:44:25.123+0000] {processor.py:836} INFO - DAG(s) dict_keys(['latest_only_with_trigger']) retrieved from /home/vscode/.local/lib/python3.10/site-packages/airflow/example_dags/example_latest_only_with_trigger.py
[2024-11-16T13:44:25.133+0000] {logging_mixin.py:150} INFO - [2024-11-16T13:44:25.133+0000] {dag.py:2742} INFO - Sync 1 DAGs
[2024-11-16T13:44:25.147+0000] {logging_mixin.py:150} INFO - [2024-11-16T13:44:25.147+0000] {dag.py:3504} INFO - Setting next_dagrun for latest_only_with_trigger to 2024-11-16T09:44:25.147508+00:00, run_after=2024-11-16T13:44:25.147508+00:00
[2024-11-16T13:44:25.161+0000] {processor.py:179} INFO - Processing /home/vscode/.local/lib/python3.10/site-packages/airflow/example_dags/example_latest_only_with_trigger.py took 0.046 seconds
[2024-11-16T13:45:07.826+0000] {processor.py:157} INFO - Started process (PID=8173) to work on /home/vscode/.local/lib/python3.10/site-packages/airflow/example_dags/example_latest_only_with_trigger.py
[2024-11-16T13:45:07.826+0000] {processor.py:826} INFO - Processing file /home/vscode/.local/lib/python3.10/site-packages/airflow/example_dags/example_latest_only_with_trigger.py for tasks to queue
[2024-11-16T13:45:07.827+0000] {logging_mixin.py:150} INFO - [2024-11-16T13:45:07.827+0000] {dagbag.py:541} INFO - Filling up the DagBag from /home/vscode/.local/lib/python3.10/site-packages/airflow/example_dags/example_latest_only_with_trigger.py
[2024-11-16T13:45:07.831+0000] {processor.py:836} INFO - DAG(s) dict_keys(['latest_only_with_trigger']) retrieved from /home/vscode/.local/lib/python3.10/site-packages/airflow/example_dags/example_latest_only_with_trigger.py
[2024-11-16T13:45:07.842+0000] {logging_mixin.py:150} INFO - [2024-11-16T13:45:07.842+0000] {dag.py:2742} INFO - Sync 1 DAGs
[2024-11-16T13:45:07.856+0000] {logging_mixin.py:150} INFO - [2024-11-16T13:45:07.856+0000] {dag.py:3504} INFO - Setting next_dagrun for latest_only_with_trigger to 2024-11-16T09:45:07.856233+00:00, run_after=2024-11-16T13:45:07.856233+00:00
[2024-11-16T13:45:07.870+0000] {processor.py:179} INFO - Processing /home/vscode/.local/lib/python3.10/site-packages/airflow/example_dags/example_latest_only_with_trigger.py took 0.047 seconds
[2024-11-16T13:45:57.408+0000] {processor.py:157} INFO - Started process (PID=8507) to work on /home/vscode/.local/lib/python3.10/site-packages/airflow/example_dags/example_latest_only_with_trigger.py
[2024-11-16T13:45:57.408+0000] {processor.py:826} INFO - Processing file /home/vscode/.local/lib/python3.10/site-packages/airflow/example_dags/example_latest_only_with_trigger.py for tasks to queue
[2024-11-16T13:45:57.409+0000] {logging_mixin.py:150} INFO - [2024-11-16T13:45:57.409+0000] {dagbag.py:541} INFO - Filling up the DagBag from /home/vscode/.local/lib/python3.10/site-packages/airflow/example_dags/example_latest_only_with_trigger.py
[2024-11-16T13:45:57.414+0000] {processor.py:836} INFO - DAG(s) dict_keys(['latest_only_with_trigger']) retrieved from /home/vscode/.local/lib/python3.10/site-packages/airflow/example_dags/example_latest_only_with_trigger.py
[2024-11-16T13:45:57.425+0000] {logging_mixin.py:150} INFO - [2024-11-16T13:45:57.425+0000] {dag.py:2742} INFO - Sync 1 DAGs
[2024-11-16T13:45:57.439+0000] {logging_mixin.py:150} INFO - [2024-11-16T13:45:57.439+0000] {dag.py:3504} INFO - Setting next_dagrun for latest_only_with_trigger to 2024-11-16T09:45:57.439474+00:00, run_after=2024-11-16T13:45:57.439474+00:00
[2024-11-16T13:45:57.453+0000] {processor.py:179} INFO - Processing /home/vscode/.local/lib/python3.10/site-packages/airflow/example_dags/example_latest_only_with_trigger.py took 0.048 seconds
[2024-11-16T13:46:41.378+0000] {processor.py:157} INFO - Started process (PID=8796) to work on /home/vscode/.local/lib/python3.10/site-packages/airflow/example_dags/example_latest_only_with_trigger.py
[2024-11-16T13:46:41.379+0000] {processor.py:826} INFO - Processing file /home/vscode/.local/lib/python3.10/site-packages/airflow/example_dags/example_latest_only_with_trigger.py for tasks to queue
[2024-11-16T13:46:41.380+0000] {logging_mixin.py:150} INFO - [2024-11-16T13:46:41.379+0000] {dagbag.py:541} INFO - Filling up the DagBag from /home/vscode/.local/lib/python3.10/site-packages/airflow/example_dags/example_latest_only_with_trigger.py
[2024-11-16T13:46:41.384+0000] {processor.py:836} INFO - DAG(s) dict_keys(['latest_only_with_trigger']) retrieved from /home/vscode/.local/lib/python3.10/site-packages/airflow/example_dags/example_latest_only_with_trigger.py
[2024-11-16T13:46:41.396+0000] {logging_mixin.py:150} INFO - [2024-11-16T13:46:41.396+0000] {dag.py:2742} INFO - Sync 1 DAGs
[2024-11-16T13:46:41.409+0000] {logging_mixin.py:150} INFO - [2024-11-16T13:46:41.409+0000] {dag.py:3504} INFO - Setting next_dagrun for latest_only_with_trigger to 2024-11-16T09:46:41.409408+00:00, run_after=2024-11-16T13:46:41.409408+00:00
[2024-11-16T13:46:41.423+0000] {processor.py:179} INFO - Processing /home/vscode/.local/lib/python3.10/site-packages/airflow/example_dags/example_latest_only_with_trigger.py took 0.047 seconds
[2024-11-16T13:47:23.896+0000] {processor.py:157} INFO - Started process (PID=9081) to work on /home/vscode/.local/lib/python3.10/site-packages/airflow/example_dags/example_latest_only_with_trigger.py
[2024-11-16T13:47:23.897+0000] {processor.py:826} INFO - Processing file /home/vscode/.local/lib/python3.10/site-packages/airflow/example_dags/example_latest_only_with_trigger.py for tasks to queue
[2024-11-16T13:47:23.898+0000] {logging_mixin.py:150} INFO - [2024-11-16T13:47:23.897+0000] {dagbag.py:541} INFO - Filling up the DagBag from /home/vscode/.local/lib/python3.10/site-packages/airflow/example_dags/example_latest_only_with_trigger.py
[2024-11-16T13:47:23.902+0000] {processor.py:836} INFO - DAG(s) dict_keys(['latest_only_with_trigger']) retrieved from /home/vscode/.local/lib/python3.10/site-packages/airflow/example_dags/example_latest_only_with_trigger.py
[2024-11-16T13:47:23.913+0000] {logging_mixin.py:150} INFO - [2024-11-16T13:47:23.913+0000] {dag.py:2742} INFO - Sync 1 DAGs
[2024-11-16T13:47:23.927+0000] {logging_mixin.py:150} INFO - [2024-11-16T13:47:23.927+0000] {dag.py:3504} INFO - Setting next_dagrun for latest_only_with_trigger to 2024-11-16T09:47:23.927281+00:00, run_after=2024-11-16T13:47:23.927281+00:00
[2024-11-16T13:47:23.941+0000] {processor.py:179} INFO - Processing /home/vscode/.local/lib/python3.10/site-packages/airflow/example_dags/example_latest_only_with_trigger.py took 0.046 seconds
[2024-11-16T13:48:05.563+0000] {processor.py:157} INFO - Started process (PID=9366) to work on /home/vscode/.local/lib/python3.10/site-packages/airflow/example_dags/example_latest_only_with_trigger.py
[2024-11-16T13:48:05.564+0000] {processor.py:826} INFO - Processing file /home/vscode/.local/lib/python3.10/site-packages/airflow/example_dags/example_latest_only_with_trigger.py for tasks to queue
[2024-11-16T13:48:05.564+0000] {logging_mixin.py:150} INFO - [2024-11-16T13:48:05.564+0000] {dagbag.py:541} INFO - Filling up the DagBag from /home/vscode/.local/lib/python3.10/site-packages/airflow/example_dags/example_latest_only_with_trigger.py
[2024-11-16T13:48:05.568+0000] {processor.py:836} INFO - DAG(s) dict_keys(['latest_only_with_trigger']) retrieved from /home/vscode/.local/lib/python3.10/site-packages/airflow/example_dags/example_latest_only_with_trigger.py
[2024-11-16T13:48:05.580+0000] {logging_mixin.py:150} INFO - [2024-11-16T13:48:05.579+0000] {dag.py:2742} INFO - Sync 1 DAGs
[2024-11-16T13:48:05.594+0000] {logging_mixin.py:150} INFO - [2024-11-16T13:48:05.593+0000] {dag.py:3504} INFO - Setting next_dagrun for latest_only_with_trigger to 2024-11-16T09:48:05.593705+00:00, run_after=2024-11-16T13:48:05.593705+00:00
[2024-11-16T13:48:05.611+0000] {processor.py:179} INFO - Processing /home/vscode/.local/lib/python3.10/site-packages/airflow/example_dags/example_latest_only_with_trigger.py took 0.051 seconds
[2024-11-16T13:48:50.871+0000] {processor.py:157} INFO - Started process (PID=9669) to work on /home/vscode/.local/lib/python3.10/site-packages/airflow/example_dags/example_latest_only_with_trigger.py
[2024-11-16T13:48:50.872+0000] {processor.py:826} INFO - Processing file /home/vscode/.local/lib/python3.10/site-packages/airflow/example_dags/example_latest_only_with_trigger.py for tasks to queue
[2024-11-16T13:48:50.872+0000] {logging_mixin.py:150} INFO - [2024-11-16T13:48:50.872+0000] {dagbag.py:541} INFO - Filling up the DagBag from /home/vscode/.local/lib/python3.10/site-packages/airflow/example_dags/example_latest_only_with_trigger.py
[2024-11-16T13:48:50.877+0000] {processor.py:836} INFO - DAG(s) dict_keys(['latest_only_with_trigger']) retrieved from /home/vscode/.local/lib/python3.10/site-packages/airflow/example_dags/example_latest_only_with_trigger.py
[2024-11-16T13:48:50.888+0000] {logging_mixin.py:150} INFO - [2024-11-16T13:48:50.888+0000] {dag.py:2742} INFO - Sync 1 DAGs
[2024-11-16T13:48:50.902+0000] {logging_mixin.py:150} INFO - [2024-11-16T13:48:50.902+0000] {dag.py:3504} INFO - Setting next_dagrun for latest_only_with_trigger to 2024-11-16T09:48:50.901875+00:00, run_after=2024-11-16T13:48:50.901875+00:00
[2024-11-16T13:48:50.915+0000] {processor.py:179} INFO - Processing /home/vscode/.local/lib/python3.10/site-packages/airflow/example_dags/example_latest_only_with_trigger.py took 0.046 seconds
[2024-11-16T13:49:36.691+0000] {processor.py:157} INFO - Started process (PID=10001) to work on /home/vscode/.local/lib/python3.10/site-packages/airflow/example_dags/example_latest_only_with_trigger.py
[2024-11-16T13:49:36.692+0000] {processor.py:826} INFO - Processing file /home/vscode/.local/lib/python3.10/site-packages/airflow/example_dags/example_latest_only_with_trigger.py for tasks to queue
[2024-11-16T13:49:36.692+0000] {logging_mixin.py:150} INFO - [2024-11-16T13:49:36.692+0000] {dagbag.py:541} INFO - Filling up the DagBag from /home/vscode/.local/lib/python3.10/site-packages/airflow/example_dags/example_latest_only_with_trigger.py
[2024-11-16T13:49:36.697+0000] {processor.py:836} INFO - DAG(s) dict_keys(['latest_only_with_trigger']) retrieved from /home/vscode/.local/lib/python3.10/site-packages/airflow/example_dags/example_latest_only_with_trigger.py
[2024-11-16T13:49:36.708+0000] {logging_mixin.py:150} INFO - [2024-11-16T13:49:36.708+0000] {dag.py:2742} INFO - Sync 1 DAGs
[2024-11-16T13:49:36.722+0000] {logging_mixin.py:150} INFO - [2024-11-16T13:49:36.722+0000] {dag.py:3504} INFO - Setting next_dagrun for latest_only_with_trigger to 2024-11-16T09:49:36.721856+00:00, run_after=2024-11-16T13:49:36.721856+00:00
[2024-11-16T13:49:36.736+0000] {processor.py:179} INFO - Processing /home/vscode/.local/lib/python3.10/site-packages/airflow/example_dags/example_latest_only_with_trigger.py took 0.047 seconds
[2024-11-16T13:50:21.041+0000] {processor.py:157} INFO - Started process (PID=10291) to work on /home/vscode/.local/lib/python3.10/site-packages/airflow/example_dags/example_latest_only_with_trigger.py
[2024-11-16T13:50:21.042+0000] {processor.py:826} INFO - Processing file /home/vscode/.local/lib/python3.10/site-packages/airflow/example_dags/example_latest_only_with_trigger.py for tasks to queue
[2024-11-16T13:50:21.042+0000] {logging_mixin.py:150} INFO - [2024-11-16T13:50:21.042+0000] {dagbag.py:541} INFO - Filling up the DagBag from /home/vscode/.local/lib/python3.10/site-packages/airflow/example_dags/example_latest_only_with_trigger.py
[2024-11-16T13:50:21.047+0000] {processor.py:836} INFO - DAG(s) dict_keys(['latest_only_with_trigger']) retrieved from /home/vscode/.local/lib/python3.10/site-packages/airflow/example_dags/example_latest_only_with_trigger.py
[2024-11-16T13:50:21.058+0000] {logging_mixin.py:150} INFO - [2024-11-16T13:50:21.058+0000] {dag.py:2742} INFO - Sync 1 DAGs
[2024-11-16T13:50:21.071+0000] {logging_mixin.py:150} INFO - [2024-11-16T13:50:21.071+0000] {dag.py:3504} INFO - Setting next_dagrun for latest_only_with_trigger to 2024-11-16T09:50:21.071698+00:00, run_after=2024-11-16T13:50:21.071698+00:00
[2024-11-16T13:50:21.086+0000] {processor.py:179} INFO - Processing /home/vscode/.local/lib/python3.10/site-packages/airflow/example_dags/example_latest_only_with_trigger.py took 0.047 seconds
[2024-11-16T13:51:03.308+0000] {processor.py:157} INFO - Started process (PID=10637) to work on /home/vscode/.local/lib/python3.10/site-packages/airflow/example_dags/example_latest_only_with_trigger.py
[2024-11-16T13:51:03.309+0000] {processor.py:826} INFO - Processing file /home/vscode/.local/lib/python3.10/site-packages/airflow/example_dags/example_latest_only_with_trigger.py for tasks to queue
[2024-11-16T13:51:03.309+0000] {logging_mixin.py:150} INFO - [2024-11-16T13:51:03.309+0000] {dagbag.py:541} INFO - Filling up the DagBag from /home/vscode/.local/lib/python3.10/site-packages/airflow/example_dags/example_latest_only_with_trigger.py
[2024-11-16T13:51:03.314+0000] {processor.py:836} INFO - DAG(s) dict_keys(['latest_only_with_trigger']) retrieved from /home/vscode/.local/lib/python3.10/site-packages/airflow/example_dags/example_latest_only_with_trigger.py
[2024-11-16T13:51:03.325+0000] {logging_mixin.py:150} INFO - [2024-11-16T13:51:03.325+0000] {dag.py:2742} INFO - Sync 1 DAGs
[2024-11-16T13:51:03.339+0000] {logging_mixin.py:150} INFO - [2024-11-16T13:51:03.339+0000] {dag.py:3504} INFO - Setting next_dagrun for latest_only_with_trigger to 2024-11-16T09:51:03.339541+00:00, run_after=2024-11-16T13:51:03.339541+00:00
[2024-11-16T13:51:03.358+0000] {processor.py:179} INFO - Processing /home/vscode/.local/lib/python3.10/site-packages/airflow/example_dags/example_latest_only_with_trigger.py took 0.051 seconds
[2024-11-16T13:51:47.138+0000] {processor.py:157} INFO - Started process (PID=10951) to work on /home/vscode/.local/lib/python3.10/site-packages/airflow/example_dags/example_latest_only_with_trigger.py
[2024-11-16T13:51:47.138+0000] {processor.py:826} INFO - Processing file /home/vscode/.local/lib/python3.10/site-packages/airflow/example_dags/example_latest_only_with_trigger.py for tasks to queue
[2024-11-16T13:51:47.139+0000] {logging_mixin.py:150} INFO - [2024-11-16T13:51:47.138+0000] {dagbag.py:541} INFO - Filling up the DagBag from /home/vscode/.local/lib/python3.10/site-packages/airflow/example_dags/example_latest_only_with_trigger.py
[2024-11-16T13:51:47.143+0000] {processor.py:836} INFO - DAG(s) dict_keys(['latest_only_with_trigger']) retrieved from /home/vscode/.local/lib/python3.10/site-packages/airflow/example_dags/example_latest_only_with_trigger.py
[2024-11-16T13:51:47.155+0000] {logging_mixin.py:150} INFO - [2024-11-16T13:51:47.155+0000] {dag.py:2742} INFO - Sync 1 DAGs
[2024-11-16T13:51:47.168+0000] {logging_mixin.py:150} INFO - [2024-11-16T13:51:47.168+0000] {dag.py:3504} INFO - Setting next_dagrun for latest_only_with_trigger to 2024-11-16T09:51:47.168653+00:00, run_after=2024-11-16T13:51:47.168653+00:00
[2024-11-16T13:51:47.185+0000] {processor.py:179} INFO - Processing /home/vscode/.local/lib/python3.10/site-packages/airflow/example_dags/example_latest_only_with_trigger.py took 0.050 seconds
