[2024-11-16T13:39:13.305+0000] {processor.py:157} INFO - Started process (PID=5763) to work on /home/vscode/.local/lib/python3.10/site-packages/airflow/example_dags/example_complex.py
[2024-11-16T13:39:13.306+0000] {processor.py:826} INFO - Processing file /home/vscode/.local/lib/python3.10/site-packages/airflow/example_dags/example_complex.py for tasks to queue
[2024-11-16T13:39:13.306+0000] {logging_mixin.py:150} INFO - [2024-11-16T13:39:13.306+0000] {dagbag.py:541} INFO - Filling up the DagBag from /home/vscode/.local/lib/python3.10/site-packages/airflow/example_dags/example_complex.py
[2024-11-16T13:39:13.385+0000] {processor.py:836} INFO - DAG(s) dict_keys(['example_complex']) retrieved from /home/vscode/.local/lib/python3.10/site-packages/airflow/example_dags/example_complex.py
[2024-11-16T13:39:13.458+0000] {logging_mixin.py:150} INFO - [2024-11-16T13:39:13.458+0000] {manager.py:504} INFO - Created Permission View: can edit on DAG:example_complex
[2024-11-16T13:39:13.465+0000] {logging_mixin.py:150} INFO - [2024-11-16T13:39:13.465+0000] {manager.py:504} INFO - Created Permission View: can delete on DAG:example_complex
[2024-11-16T13:39:13.471+0000] {logging_mixin.py:150} INFO - [2024-11-16T13:39:13.471+0000] {manager.py:504} INFO - Created Permission View: can read on DAG:example_complex
[2024-11-16T13:39:13.478+0000] {logging_mixin.py:150} INFO - [2024-11-16T13:39:13.478+0000] {dag.py:2742} INFO - Sync 1 DAGs
[2024-11-16T13:39:13.484+0000] {logging_mixin.py:150} INFO - [2024-11-16T13:39:13.484+0000] {dag.py:2763} INFO - Creating ORM DAG for example_complex
[2024-11-16T13:39:13.490+0000] {logging_mixin.py:150} INFO - [2024-11-16T13:39:13.490+0000] {dag.py:3504} INFO - Setting next_dagrun for example_complex to None, run_after=None
[2024-11-16T13:39:13.504+0000] {processor.py:179} INFO - Processing /home/vscode/.local/lib/python3.10/site-packages/airflow/example_dags/example_complex.py took 0.201 seconds
[2024-11-16T13:40:04.552+0000] {processor.py:157} INFO - Started process (PID=6141) to work on /home/vscode/.local/lib/python3.10/site-packages/airflow/example_dags/example_complex.py
[2024-11-16T13:40:04.553+0000] {processor.py:826} INFO - Processing file /home/vscode/.local/lib/python3.10/site-packages/airflow/example_dags/example_complex.py for tasks to queue
[2024-11-16T13:40:04.553+0000] {logging_mixin.py:150} INFO - [2024-11-16T13:40:04.553+0000] {dagbag.py:541} INFO - Filling up the DagBag from /home/vscode/.local/lib/python3.10/site-packages/airflow/example_dags/example_complex.py
[2024-11-16T13:40:04.561+0000] {processor.py:836} INFO - DAG(s) dict_keys(['example_complex']) retrieved from /home/vscode/.local/lib/python3.10/site-packages/airflow/example_dags/example_complex.py
[2024-11-16T13:40:04.580+0000] {logging_mixin.py:150} INFO - [2024-11-16T13:40:04.579+0000] {dag.py:2742} INFO - Sync 1 DAGs
[2024-11-16T13:40:04.593+0000] {logging_mixin.py:150} INFO - [2024-11-16T13:40:04.593+0000] {dag.py:3504} INFO - Setting next_dagrun for example_complex to None, run_after=None
[2024-11-16T13:40:04.607+0000] {processor.py:179} INFO - Processing /home/vscode/.local/lib/python3.10/site-packages/airflow/example_dags/example_complex.py took 0.057 seconds
[2024-11-16T13:40:48.988+0000] {processor.py:157} INFO - Started process (PID=6437) to work on /home/vscode/.local/lib/python3.10/site-packages/airflow/example_dags/example_complex.py
[2024-11-16T13:40:48.989+0000] {processor.py:826} INFO - Processing file /home/vscode/.local/lib/python3.10/site-packages/airflow/example_dags/example_complex.py for tasks to queue
[2024-11-16T13:40:48.989+0000] {logging_mixin.py:150} INFO - [2024-11-16T13:40:48.989+0000] {dagbag.py:541} INFO - Filling up the DagBag from /home/vscode/.local/lib/python3.10/site-packages/airflow/example_dags/example_complex.py
[2024-11-16T13:40:48.997+0000] {processor.py:836} INFO - DAG(s) dict_keys(['example_complex']) retrieved from /home/vscode/.local/lib/python3.10/site-packages/airflow/example_dags/example_complex.py
[2024-11-16T13:40:49.015+0000] {logging_mixin.py:150} INFO - [2024-11-16T13:40:49.015+0000] {dag.py:2742} INFO - Sync 1 DAGs
[2024-11-16T13:40:49.028+0000] {logging_mixin.py:150} INFO - [2024-11-16T13:40:49.028+0000] {dag.py:3504} INFO - Setting next_dagrun for example_complex to None, run_after=None
[2024-11-16T13:40:49.043+0000] {processor.py:179} INFO - Processing /home/vscode/.local/lib/python3.10/site-packages/airflow/example_dags/example_complex.py took 0.057 seconds
[2024-11-16T13:41:32.357+0000] {processor.py:157} INFO - Started process (PID=6728) to work on /home/vscode/.local/lib/python3.10/site-packages/airflow/example_dags/example_complex.py
[2024-11-16T13:41:32.358+0000] {processor.py:826} INFO - Processing file /home/vscode/.local/lib/python3.10/site-packages/airflow/example_dags/example_complex.py for tasks to queue
[2024-11-16T13:41:32.358+0000] {logging_mixin.py:150} INFO - [2024-11-16T13:41:32.358+0000] {dagbag.py:541} INFO - Filling up the DagBag from /home/vscode/.local/lib/python3.10/site-packages/airflow/example_dags/example_complex.py
[2024-11-16T13:41:32.366+0000] {processor.py:836} INFO - DAG(s) dict_keys(['example_complex']) retrieved from /home/vscode/.local/lib/python3.10/site-packages/airflow/example_dags/example_complex.py
[2024-11-16T13:41:32.386+0000] {logging_mixin.py:150} INFO - [2024-11-16T13:41:32.385+0000] {dag.py:2742} INFO - Sync 1 DAGs
[2024-11-16T13:41:32.399+0000] {logging_mixin.py:150} INFO - [2024-11-16T13:41:32.399+0000] {dag.py:3504} INFO - Setting next_dagrun for example_complex to None, run_after=None
[2024-11-16T13:41:32.413+0000] {processor.py:179} INFO - Processing /home/vscode/.local/lib/python3.10/site-packages/airflow/example_dags/example_complex.py took 0.058 seconds
[2024-11-16T13:42:18.567+0000] {processor.py:157} INFO - Started process (PID=7041) to work on /home/vscode/.local/lib/python3.10/site-packages/airflow/example_dags/example_complex.py
[2024-11-16T13:42:18.567+0000] {processor.py:826} INFO - Processing file /home/vscode/.local/lib/python3.10/site-packages/airflow/example_dags/example_complex.py for tasks to queue
[2024-11-16T13:42:18.568+0000] {logging_mixin.py:150} INFO - [2024-11-16T13:42:18.568+0000] {dagbag.py:541} INFO - Filling up the DagBag from /home/vscode/.local/lib/python3.10/site-packages/airflow/example_dags/example_complex.py
[2024-11-16T13:42:18.576+0000] {processor.py:836} INFO - DAG(s) dict_keys(['example_complex']) retrieved from /home/vscode/.local/lib/python3.10/site-packages/airflow/example_dags/example_complex.py
[2024-11-16T13:42:18.594+0000] {logging_mixin.py:150} INFO - [2024-11-16T13:42:18.594+0000] {dag.py:2742} INFO - Sync 1 DAGs
[2024-11-16T13:42:18.608+0000] {logging_mixin.py:150} INFO - [2024-11-16T13:42:18.608+0000] {dag.py:3504} INFO - Setting next_dagrun for example_complex to None, run_after=None
[2024-11-16T13:42:18.622+0000] {processor.py:179} INFO - Processing /home/vscode/.local/lib/python3.10/site-packages/airflow/example_dags/example_complex.py took 0.057 seconds
[2024-11-16T13:43:13.172+0000] {processor.py:157} INFO - Started process (PID=7405) to work on /home/vscode/.local/lib/python3.10/site-packages/airflow/example_dags/example_complex.py
[2024-11-16T13:43:13.172+0000] {processor.py:826} INFO - Processing file /home/vscode/.local/lib/python3.10/site-packages/airflow/example_dags/example_complex.py for tasks to queue
[2024-11-16T13:43:13.173+0000] {logging_mixin.py:150} INFO - [2024-11-16T13:43:13.172+0000] {dagbag.py:541} INFO - Filling up the DagBag from /home/vscode/.local/lib/python3.10/site-packages/airflow/example_dags/example_complex.py
[2024-11-16T13:43:13.180+0000] {processor.py:836} INFO - DAG(s) dict_keys(['example_complex']) retrieved from /home/vscode/.local/lib/python3.10/site-packages/airflow/example_dags/example_complex.py
[2024-11-16T13:43:13.198+0000] {logging_mixin.py:150} INFO - [2024-11-16T13:43:13.198+0000] {dag.py:2742} INFO - Sync 1 DAGs
[2024-11-16T13:43:13.212+0000] {logging_mixin.py:150} INFO - [2024-11-16T13:43:13.212+0000] {dag.py:3504} INFO - Setting next_dagrun for example_complex to None, run_after=None
[2024-11-16T13:43:13.226+0000] {processor.py:179} INFO - Processing /home/vscode/.local/lib/python3.10/site-packages/airflow/example_dags/example_complex.py took 0.057 seconds
[2024-11-16T13:43:59.609+0000] {processor.py:157} INFO - Started process (PID=7715) to work on /home/vscode/.local/lib/python3.10/site-packages/airflow/example_dags/example_complex.py
[2024-11-16T13:43:59.609+0000] {processor.py:826} INFO - Processing file /home/vscode/.local/lib/python3.10/site-packages/airflow/example_dags/example_complex.py for tasks to queue
[2024-11-16T13:43:59.610+0000] {logging_mixin.py:150} INFO - [2024-11-16T13:43:59.610+0000] {dagbag.py:541} INFO - Filling up the DagBag from /home/vscode/.local/lib/python3.10/site-packages/airflow/example_dags/example_complex.py
[2024-11-16T13:43:59.618+0000] {processor.py:836} INFO - DAG(s) dict_keys(['example_complex']) retrieved from /home/vscode/.local/lib/python3.10/site-packages/airflow/example_dags/example_complex.py
[2024-11-16T13:43:59.635+0000] {logging_mixin.py:150} INFO - [2024-11-16T13:43:59.635+0000] {dag.py:2742} INFO - Sync 1 DAGs
[2024-11-16T13:43:59.649+0000] {logging_mixin.py:150} INFO - [2024-11-16T13:43:59.649+0000] {dag.py:3504} INFO - Setting next_dagrun for example_complex to None, run_after=None
[2024-11-16T13:43:59.663+0000] {processor.py:179} INFO - Processing /home/vscode/.local/lib/python3.10/site-packages/airflow/example_dags/example_complex.py took 0.056 seconds
[2024-11-16T13:44:43.365+0000] {processor.py:157} INFO - Started process (PID=8009) to work on /home/vscode/.local/lib/python3.10/site-packages/airflow/example_dags/example_complex.py
[2024-11-16T13:44:43.366+0000] {processor.py:826} INFO - Processing file /home/vscode/.local/lib/python3.10/site-packages/airflow/example_dags/example_complex.py for tasks to queue
[2024-11-16T13:44:43.366+0000] {logging_mixin.py:150} INFO - [2024-11-16T13:44:43.366+0000] {dagbag.py:541} INFO - Filling up the DagBag from /home/vscode/.local/lib/python3.10/site-packages/airflow/example_dags/example_complex.py
[2024-11-16T13:44:43.374+0000] {processor.py:836} INFO - DAG(s) dict_keys(['example_complex']) retrieved from /home/vscode/.local/lib/python3.10/site-packages/airflow/example_dags/example_complex.py
[2024-11-16T13:44:43.392+0000] {logging_mixin.py:150} INFO - [2024-11-16T13:44:43.392+0000] {dag.py:2742} INFO - Sync 1 DAGs
[2024-11-16T13:44:43.405+0000] {logging_mixin.py:150} INFO - [2024-11-16T13:44:43.405+0000] {dag.py:3504} INFO - Setting next_dagrun for example_complex to None, run_after=None
[2024-11-16T13:44:43.419+0000] {processor.py:179} INFO - Processing /home/vscode/.local/lib/python3.10/site-packages/airflow/example_dags/example_complex.py took 0.056 seconds
[2024-11-16T13:45:28.319+0000] {processor.py:157} INFO - Started process (PID=8317) to work on /home/vscode/.local/lib/python3.10/site-packages/airflow/example_dags/example_complex.py
[2024-11-16T13:45:28.319+0000] {processor.py:826} INFO - Processing file /home/vscode/.local/lib/python3.10/site-packages/airflow/example_dags/example_complex.py for tasks to queue
[2024-11-16T13:45:28.320+0000] {logging_mixin.py:150} INFO - [2024-11-16T13:45:28.320+0000] {dagbag.py:541} INFO - Filling up the DagBag from /home/vscode/.local/lib/python3.10/site-packages/airflow/example_dags/example_complex.py
[2024-11-16T13:45:28.328+0000] {processor.py:836} INFO - DAG(s) dict_keys(['example_complex']) retrieved from /home/vscode/.local/lib/python3.10/site-packages/airflow/example_dags/example_complex.py
[2024-11-16T13:45:28.347+0000] {logging_mixin.py:150} INFO - [2024-11-16T13:45:28.347+0000] {dag.py:2742} INFO - Sync 1 DAGs
[2024-11-16T13:45:28.367+0000] {logging_mixin.py:150} INFO - [2024-11-16T13:45:28.367+0000] {dag.py:3504} INFO - Setting next_dagrun for example_complex to None, run_after=None
[2024-11-16T13:45:28.382+0000] {processor.py:179} INFO - Processing /home/vscode/.local/lib/python3.10/site-packages/airflow/example_dags/example_complex.py took 0.065 seconds
[2024-11-16T13:46:18.058+0000] {processor.py:157} INFO - Started process (PID=8645) to work on /home/vscode/.local/lib/python3.10/site-packages/airflow/example_dags/example_complex.py
[2024-11-16T13:46:18.058+0000] {processor.py:826} INFO - Processing file /home/vscode/.local/lib/python3.10/site-packages/airflow/example_dags/example_complex.py for tasks to queue
[2024-11-16T13:46:18.059+0000] {logging_mixin.py:150} INFO - [2024-11-16T13:46:18.058+0000] {dagbag.py:541} INFO - Filling up the DagBag from /home/vscode/.local/lib/python3.10/site-packages/airflow/example_dags/example_complex.py
[2024-11-16T13:46:18.067+0000] {processor.py:836} INFO - DAG(s) dict_keys(['example_complex']) retrieved from /home/vscode/.local/lib/python3.10/site-packages/airflow/example_dags/example_complex.py
[2024-11-16T13:46:18.085+0000] {logging_mixin.py:150} INFO - [2024-11-16T13:46:18.085+0000] {dag.py:2742} INFO - Sync 1 DAGs
[2024-11-16T13:46:18.098+0000] {logging_mixin.py:150} INFO - [2024-11-16T13:46:18.098+0000] {dag.py:3504} INFO - Setting next_dagrun for example_complex to None, run_after=None
[2024-11-16T13:46:18.112+0000] {processor.py:179} INFO - Processing /home/vscode/.local/lib/python3.10/site-packages/airflow/example_dags/example_complex.py took 0.056 seconds
[2024-11-16T13:47:16.031+0000] {processor.py:157} INFO - Started process (PID=9033) to work on /home/vscode/.local/lib/python3.10/site-packages/airflow/example_dags/example_complex.py
[2024-11-16T13:47:16.032+0000] {processor.py:826} INFO - Processing file /home/vscode/.local/lib/python3.10/site-packages/airflow/example_dags/example_complex.py for tasks to queue
[2024-11-16T13:47:16.032+0000] {logging_mixin.py:150} INFO - [2024-11-16T13:47:16.032+0000] {dagbag.py:541} INFO - Filling up the DagBag from /home/vscode/.local/lib/python3.10/site-packages/airflow/example_dags/example_complex.py
[2024-11-16T13:47:16.040+0000] {processor.py:836} INFO - DAG(s) dict_keys(['example_complex']) retrieved from /home/vscode/.local/lib/python3.10/site-packages/airflow/example_dags/example_complex.py
[2024-11-16T13:47:16.059+0000] {logging_mixin.py:150} INFO - [2024-11-16T13:47:16.059+0000] {dag.py:2742} INFO - Sync 1 DAGs
[2024-11-16T13:47:16.074+0000] {logging_mixin.py:150} INFO - [2024-11-16T13:47:16.074+0000] {dag.py:3504} INFO - Setting next_dagrun for example_complex to None, run_after=None
[2024-11-16T13:47:16.090+0000] {processor.py:179} INFO - Processing /home/vscode/.local/lib/python3.10/site-packages/airflow/example_dags/example_complex.py took 0.061 seconds
[2024-11-16T13:48:06.695+0000] {processor.py:157} INFO - Started process (PID=9374) to work on /home/vscode/.local/lib/python3.10/site-packages/airflow/example_dags/example_complex.py
[2024-11-16T13:48:06.695+0000] {processor.py:826} INFO - Processing file /home/vscode/.local/lib/python3.10/site-packages/airflow/example_dags/example_complex.py for tasks to queue
[2024-11-16T13:48:06.696+0000] {logging_mixin.py:150} INFO - [2024-11-16T13:48:06.696+0000] {dagbag.py:541} INFO - Filling up the DagBag from /home/vscode/.local/lib/python3.10/site-packages/airflow/example_dags/example_complex.py
[2024-11-16T13:48:06.704+0000] {processor.py:836} INFO - DAG(s) dict_keys(['example_complex']) retrieved from /home/vscode/.local/lib/python3.10/site-packages/airflow/example_dags/example_complex.py
[2024-11-16T13:48:06.722+0000] {logging_mixin.py:150} INFO - [2024-11-16T13:48:06.722+0000] {dag.py:2742} INFO - Sync 1 DAGs
[2024-11-16T13:48:06.736+0000] {logging_mixin.py:150} INFO - [2024-11-16T13:48:06.736+0000] {dag.py:3504} INFO - Setting next_dagrun for example_complex to None, run_after=None
[2024-11-16T13:48:06.749+0000] {processor.py:179} INFO - Processing /home/vscode/.local/lib/python3.10/site-packages/airflow/example_dags/example_complex.py took 0.057 seconds
[2024-11-16T13:48:52.004+0000] {processor.py:157} INFO - Started process (PID=9677) to work on /home/vscode/.local/lib/python3.10/site-packages/airflow/example_dags/example_complex.py
[2024-11-16T13:48:52.005+0000] {processor.py:826} INFO - Processing file /home/vscode/.local/lib/python3.10/site-packages/airflow/example_dags/example_complex.py for tasks to queue
[2024-11-16T13:48:52.006+0000] {logging_mixin.py:150} INFO - [2024-11-16T13:48:52.005+0000] {dagbag.py:541} INFO - Filling up the DagBag from /home/vscode/.local/lib/python3.10/site-packages/airflow/example_dags/example_complex.py
[2024-11-16T13:48:52.013+0000] {processor.py:836} INFO - DAG(s) dict_keys(['example_complex']) retrieved from /home/vscode/.local/lib/python3.10/site-packages/airflow/example_dags/example_complex.py
[2024-11-16T13:48:52.032+0000] {logging_mixin.py:150} INFO - [2024-11-16T13:48:52.031+0000] {dag.py:2742} INFO - Sync 1 DAGs
[2024-11-16T13:48:52.045+0000] {logging_mixin.py:150} INFO - [2024-11-16T13:48:52.045+0000] {dag.py:3504} INFO - Setting next_dagrun for example_complex to None, run_after=None
[2024-11-16T13:48:52.059+0000] {processor.py:179} INFO - Processing /home/vscode/.local/lib/python3.10/site-packages/airflow/example_dags/example_complex.py took 0.056 seconds
[2024-11-16T13:49:39.056+0000] {processor.py:157} INFO - Started process (PID=10011) to work on /home/vscode/.local/lib/python3.10/site-packages/airflow/example_dags/example_complex.py
[2024-11-16T13:49:39.057+0000] {processor.py:826} INFO - Processing file /home/vscode/.local/lib/python3.10/site-packages/airflow/example_dags/example_complex.py for tasks to queue
[2024-11-16T13:49:39.057+0000] {logging_mixin.py:150} INFO - [2024-11-16T13:49:39.057+0000] {dagbag.py:541} INFO - Filling up the DagBag from /home/vscode/.local/lib/python3.10/site-packages/airflow/example_dags/example_complex.py
[2024-11-16T13:49:39.065+0000] {processor.py:836} INFO - DAG(s) dict_keys(['example_complex']) retrieved from /home/vscode/.local/lib/python3.10/site-packages/airflow/example_dags/example_complex.py
[2024-11-16T13:49:39.083+0000] {logging_mixin.py:150} INFO - [2024-11-16T13:49:39.083+0000] {dag.py:2742} INFO - Sync 1 DAGs
[2024-11-16T13:49:39.097+0000] {logging_mixin.py:150} INFO - [2024-11-16T13:49:39.097+0000] {dag.py:3504} INFO - Setting next_dagrun for example_complex to None, run_after=None
[2024-11-16T13:49:39.111+0000] {processor.py:179} INFO - Processing /home/vscode/.local/lib/python3.10/site-packages/airflow/example_dags/example_complex.py took 0.056 seconds
[2024-11-16T13:50:23.415+0000] {processor.py:157} INFO - Started process (PID=10307) to work on /home/vscode/.local/lib/python3.10/site-packages/airflow/example_dags/example_complex.py
[2024-11-16T13:50:23.415+0000] {processor.py:826} INFO - Processing file /home/vscode/.local/lib/python3.10/site-packages/airflow/example_dags/example_complex.py for tasks to queue
[2024-11-16T13:50:23.416+0000] {logging_mixin.py:150} INFO - [2024-11-16T13:50:23.416+0000] {dagbag.py:541} INFO - Filling up the DagBag from /home/vscode/.local/lib/python3.10/site-packages/airflow/example_dags/example_complex.py
[2024-11-16T13:50:23.424+0000] {processor.py:836} INFO - DAG(s) dict_keys(['example_complex']) retrieved from /home/vscode/.local/lib/python3.10/site-packages/airflow/example_dags/example_complex.py
[2024-11-16T13:50:23.442+0000] {logging_mixin.py:150} INFO - [2024-11-16T13:50:23.442+0000] {dag.py:2742} INFO - Sync 1 DAGs
[2024-11-16T13:50:23.455+0000] {logging_mixin.py:150} INFO - [2024-11-16T13:50:23.455+0000] {dag.py:3504} INFO - Setting next_dagrun for example_complex to None, run_after=None
[2024-11-16T13:50:23.469+0000] {processor.py:179} INFO - Processing /home/vscode/.local/lib/python3.10/site-packages/airflow/example_dags/example_complex.py took 0.056 seconds
[2024-11-16T13:51:06.730+0000] {processor.py:157} INFO - Started process (PID=10656) to work on /home/vscode/.local/lib/python3.10/site-packages/airflow/example_dags/example_complex.py
[2024-11-16T13:51:06.731+0000] {processor.py:826} INFO - Processing file /home/vscode/.local/lib/python3.10/site-packages/airflow/example_dags/example_complex.py for tasks to queue
[2024-11-16T13:51:06.732+0000] {logging_mixin.py:150} INFO - [2024-11-16T13:51:06.731+0000] {dagbag.py:541} INFO - Filling up the DagBag from /home/vscode/.local/lib/python3.10/site-packages/airflow/example_dags/example_complex.py
[2024-11-16T13:51:06.740+0000] {processor.py:836} INFO - DAG(s) dict_keys(['example_complex']) retrieved from /home/vscode/.local/lib/python3.10/site-packages/airflow/example_dags/example_complex.py
[2024-11-16T13:51:06.758+0000] {logging_mixin.py:150} INFO - [2024-11-16T13:51:06.758+0000] {dag.py:2742} INFO - Sync 1 DAGs
[2024-11-16T13:51:06.771+0000] {logging_mixin.py:150} INFO - [2024-11-16T13:51:06.771+0000] {dag.py:3504} INFO - Setting next_dagrun for example_complex to None, run_after=None
[2024-11-16T13:51:06.785+0000] {processor.py:179} INFO - Processing /home/vscode/.local/lib/python3.10/site-packages/airflow/example_dags/example_complex.py took 0.057 seconds
[2024-11-16T13:51:51.098+0000] {processor.py:157} INFO - Started process (PID=10988) to work on /home/vscode/.local/lib/python3.10/site-packages/airflow/example_dags/example_complex.py
[2024-11-16T13:51:51.099+0000] {processor.py:826} INFO - Processing file /home/vscode/.local/lib/python3.10/site-packages/airflow/example_dags/example_complex.py for tasks to queue
[2024-11-16T13:51:51.099+0000] {logging_mixin.py:150} INFO - [2024-11-16T13:51:51.099+0000] {dagbag.py:541} INFO - Filling up the DagBag from /home/vscode/.local/lib/python3.10/site-packages/airflow/example_dags/example_complex.py
[2024-11-16T13:51:51.107+0000] {processor.py:836} INFO - DAG(s) dict_keys(['example_complex']) retrieved from /home/vscode/.local/lib/python3.10/site-packages/airflow/example_dags/example_complex.py
[2024-11-16T13:51:51.126+0000] {logging_mixin.py:150} INFO - [2024-11-16T13:51:51.125+0000] {dag.py:2742} INFO - Sync 1 DAGs
[2024-11-16T13:51:51.139+0000] {logging_mixin.py:150} INFO - [2024-11-16T13:51:51.139+0000] {dag.py:3504} INFO - Setting next_dagrun for example_complex to None, run_after=None
[2024-11-16T13:51:51.154+0000] {processor.py:179} INFO - Processing /home/vscode/.local/lib/python3.10/site-packages/airflow/example_dags/example_complex.py took 0.058 seconds
