[2024-11-16T13:38:47.199+0000] {processor.py:157} INFO - Started process (PID=5561) to work on /home/vscode/.local/lib/python3.10/site-packages/airflow/example_dags/example_short_circuit_operator.py
[2024-11-16T13:38:47.199+0000] {processor.py:826} INFO - Processing file /home/vscode/.local/lib/python3.10/site-packages/airflow/example_dags/example_short_circuit_operator.py for tasks to queue
[2024-11-16T13:38:47.200+0000] {logging_mixin.py:150} INFO - [2024-11-16T13:38:47.200+0000] {dagbag.py:541} INFO - Filling up the DagBag from /home/vscode/.local/lib/python3.10/site-packages/airflow/example_dags/example_short_circuit_operator.py
[2024-11-16T13:38:47.206+0000] {processor.py:836} INFO - DAG(s) dict_keys(['example_short_circuit_operator']) retrieved from /home/vscode/.local/lib/python3.10/site-packages/airflow/example_dags/example_short_circuit_operator.py
[2024-11-16T13:38:47.358+0000] {logging_mixin.py:150} INFO - [2024-11-16T13:38:47.358+0000] {manager.py:504} INFO - Created Permission View: can edit on DAG:example_short_circuit_operator
[2024-11-16T13:38:47.365+0000] {logging_mixin.py:150} INFO - [2024-11-16T13:38:47.365+0000] {manager.py:504} INFO - Created Permission View: can delete on DAG:example_short_circuit_operator
[2024-11-16T13:38:47.371+0000] {logging_mixin.py:150} INFO - [2024-11-16T13:38:47.370+0000] {manager.py:504} INFO - Created Permission View: can read on DAG:example_short_circuit_operator
[2024-11-16T13:38:47.378+0000] {logging_mixin.py:150} INFO - [2024-11-16T13:38:47.378+0000] {dag.py:2742} INFO - Sync 1 DAGs
[2024-11-16T13:38:47.384+0000] {logging_mixin.py:150} INFO - [2024-11-16T13:38:47.384+0000] {dag.py:2763} INFO - Creating ORM DAG for example_short_circuit_operator
[2024-11-16T13:38:47.390+0000] {logging_mixin.py:150} INFO - [2024-11-16T13:38:47.390+0000] {dag.py:3504} INFO - Setting next_dagrun for example_short_circuit_operator to 2024-11-15T13:38:47.390232+00:00, run_after=2024-11-16T13:38:47.390232+00:00
[2024-11-16T13:38:47.404+0000] {processor.py:179} INFO - Processing /home/vscode/.local/lib/python3.10/site-packages/airflow/example_dags/example_short_circuit_operator.py took 0.207 seconds
[2024-11-16T13:39:35.199+0000] {processor.py:157} INFO - Started process (PID=5930) to work on /home/vscode/.local/lib/python3.10/site-packages/airflow/example_dags/example_short_circuit_operator.py
[2024-11-16T13:39:35.199+0000] {processor.py:826} INFO - Processing file /home/vscode/.local/lib/python3.10/site-packages/airflow/example_dags/example_short_circuit_operator.py for tasks to queue
[2024-11-16T13:39:35.200+0000] {logging_mixin.py:150} INFO - [2024-11-16T13:39:35.200+0000] {dagbag.py:541} INFO - Filling up the DagBag from /home/vscode/.local/lib/python3.10/site-packages/airflow/example_dags/example_short_circuit_operator.py
[2024-11-16T13:39:35.206+0000] {processor.py:836} INFO - DAG(s) dict_keys(['example_short_circuit_operator']) retrieved from /home/vscode/.local/lib/python3.10/site-packages/airflow/example_dags/example_short_circuit_operator.py
[2024-11-16T13:39:35.218+0000] {logging_mixin.py:150} INFO - [2024-11-16T13:39:35.218+0000] {dag.py:2742} INFO - Sync 1 DAGs
[2024-11-16T13:39:35.232+0000] {logging_mixin.py:150} INFO - [2024-11-16T13:39:35.232+0000] {dag.py:3504} INFO - Setting next_dagrun for example_short_circuit_operator to 2024-11-15T13:39:35.232498+00:00, run_after=2024-11-16T13:39:35.232498+00:00
[2024-11-16T13:39:35.246+0000] {processor.py:179} INFO - Processing /home/vscode/.local/lib/python3.10/site-packages/airflow/example_dags/example_short_circuit_operator.py took 0.050 seconds
[2024-11-16T13:40:20.464+0000] {processor.py:157} INFO - Started process (PID=6246) to work on /home/vscode/.local/lib/python3.10/site-packages/airflow/example_dags/example_short_circuit_operator.py
[2024-11-16T13:40:20.465+0000] {processor.py:826} INFO - Processing file /home/vscode/.local/lib/python3.10/site-packages/airflow/example_dags/example_short_circuit_operator.py for tasks to queue
[2024-11-16T13:40:20.466+0000] {logging_mixin.py:150} INFO - [2024-11-16T13:40:20.466+0000] {dagbag.py:541} INFO - Filling up the DagBag from /home/vscode/.local/lib/python3.10/site-packages/airflow/example_dags/example_short_circuit_operator.py
[2024-11-16T13:40:20.474+0000] {processor.py:836} INFO - DAG(s) dict_keys(['example_short_circuit_operator']) retrieved from /home/vscode/.local/lib/python3.10/site-packages/airflow/example_dags/example_short_circuit_operator.py
[2024-11-16T13:40:20.489+0000] {logging_mixin.py:150} INFO - [2024-11-16T13:40:20.489+0000] {dag.py:2742} INFO - Sync 1 DAGs
[2024-11-16T13:40:20.504+0000] {logging_mixin.py:150} INFO - [2024-11-16T13:40:20.504+0000] {dag.py:3504} INFO - Setting next_dagrun for example_short_circuit_operator to 2024-11-15T13:40:20.504172+00:00, run_after=2024-11-16T13:40:20.504172+00:00
[2024-11-16T13:40:20.518+0000] {processor.py:179} INFO - Processing /home/vscode/.local/lib/python3.10/site-packages/airflow/example_dags/example_short_circuit_operator.py took 0.056 seconds
[2024-11-16T13:41:06.064+0000] {processor.py:157} INFO - Started process (PID=6555) to work on /home/vscode/.local/lib/python3.10/site-packages/airflow/example_dags/example_short_circuit_operator.py
[2024-11-16T13:41:06.064+0000] {processor.py:826} INFO - Processing file /home/vscode/.local/lib/python3.10/site-packages/airflow/example_dags/example_short_circuit_operator.py for tasks to queue
[2024-11-16T13:41:06.065+0000] {logging_mixin.py:150} INFO - [2024-11-16T13:41:06.065+0000] {dagbag.py:541} INFO - Filling up the DagBag from /home/vscode/.local/lib/python3.10/site-packages/airflow/example_dags/example_short_circuit_operator.py
[2024-11-16T13:41:06.071+0000] {processor.py:836} INFO - DAG(s) dict_keys(['example_short_circuit_operator']) retrieved from /home/vscode/.local/lib/python3.10/site-packages/airflow/example_dags/example_short_circuit_operator.py
[2024-11-16T13:41:06.083+0000] {logging_mixin.py:150} INFO - [2024-11-16T13:41:06.083+0000] {dag.py:2742} INFO - Sync 1 DAGs
[2024-11-16T13:41:06.097+0000] {logging_mixin.py:150} INFO - [2024-11-16T13:41:06.097+0000] {dag.py:3504} INFO - Setting next_dagrun for example_short_circuit_operator to 2024-11-15T13:41:06.097309+00:00, run_after=2024-11-16T13:41:06.097309+00:00
[2024-11-16T13:41:06.111+0000] {processor.py:179} INFO - Processing /home/vscode/.local/lib/python3.10/site-packages/airflow/example_dags/example_short_circuit_operator.py took 0.049 seconds
[2024-11-16T13:41:52.033+0000] {processor.py:157} INFO - Started process (PID=6860) to work on /home/vscode/.local/lib/python3.10/site-packages/airflow/example_dags/example_short_circuit_operator.py
[2024-11-16T13:41:52.033+0000] {processor.py:826} INFO - Processing file /home/vscode/.local/lib/python3.10/site-packages/airflow/example_dags/example_short_circuit_operator.py for tasks to queue
[2024-11-16T13:41:52.034+0000] {logging_mixin.py:150} INFO - [2024-11-16T13:41:52.033+0000] {dagbag.py:541} INFO - Filling up the DagBag from /home/vscode/.local/lib/python3.10/site-packages/airflow/example_dags/example_short_circuit_operator.py
[2024-11-16T13:41:52.039+0000] {processor.py:836} INFO - DAG(s) dict_keys(['example_short_circuit_operator']) retrieved from /home/vscode/.local/lib/python3.10/site-packages/airflow/example_dags/example_short_circuit_operator.py
[2024-11-16T13:41:52.052+0000] {logging_mixin.py:150} INFO - [2024-11-16T13:41:52.052+0000] {dag.py:2742} INFO - Sync 1 DAGs
[2024-11-16T13:41:52.065+0000] {logging_mixin.py:150} INFO - [2024-11-16T13:41:52.065+0000] {dag.py:3504} INFO - Setting next_dagrun for example_short_circuit_operator to 2024-11-15T13:41:52.065498+00:00, run_after=2024-11-16T13:41:52.065498+00:00
[2024-11-16T13:41:52.079+0000] {processor.py:179} INFO - Processing /home/vscode/.local/lib/python3.10/site-packages/airflow/example_dags/example_short_circuit_operator.py took 0.049 seconds
[2024-11-16T13:42:35.121+0000] {processor.py:157} INFO - Started process (PID=7154) to work on /home/vscode/.local/lib/python3.10/site-packages/airflow/example_dags/example_short_circuit_operator.py
[2024-11-16T13:42:35.121+0000] {processor.py:826} INFO - Processing file /home/vscode/.local/lib/python3.10/site-packages/airflow/example_dags/example_short_circuit_operator.py for tasks to queue
[2024-11-16T13:42:35.122+0000] {logging_mixin.py:150} INFO - [2024-11-16T13:42:35.121+0000] {dagbag.py:541} INFO - Filling up the DagBag from /home/vscode/.local/lib/python3.10/site-packages/airflow/example_dags/example_short_circuit_operator.py
[2024-11-16T13:42:35.127+0000] {processor.py:836} INFO - DAG(s) dict_keys(['example_short_circuit_operator']) retrieved from /home/vscode/.local/lib/python3.10/site-packages/airflow/example_dags/example_short_circuit_operator.py
[2024-11-16T13:42:35.140+0000] {logging_mixin.py:150} INFO - [2024-11-16T13:42:35.140+0000] {dag.py:2742} INFO - Sync 1 DAGs
[2024-11-16T13:42:35.153+0000] {logging_mixin.py:150} INFO - [2024-11-16T13:42:35.153+0000] {dag.py:3504} INFO - Setting next_dagrun for example_short_circuit_operator to 2024-11-15T13:42:35.153716+00:00, run_after=2024-11-16T13:42:35.153716+00:00
[2024-11-16T13:42:35.168+0000] {processor.py:179} INFO - Processing /home/vscode/.local/lib/python3.10/site-packages/airflow/example_dags/example_short_circuit_operator.py took 0.049 seconds
[2024-11-16T13:43:20.223+0000] {processor.py:157} INFO - Started process (PID=7455) to work on /home/vscode/.local/lib/python3.10/site-packages/airflow/example_dags/example_short_circuit_operator.py
[2024-11-16T13:43:20.223+0000] {processor.py:826} INFO - Processing file /home/vscode/.local/lib/python3.10/site-packages/airflow/example_dags/example_short_circuit_operator.py for tasks to queue
[2024-11-16T13:43:20.224+0000] {logging_mixin.py:150} INFO - [2024-11-16T13:43:20.223+0000] {dagbag.py:541} INFO - Filling up the DagBag from /home/vscode/.local/lib/python3.10/site-packages/airflow/example_dags/example_short_circuit_operator.py
[2024-11-16T13:43:20.229+0000] {processor.py:836} INFO - DAG(s) dict_keys(['example_short_circuit_operator']) retrieved from /home/vscode/.local/lib/python3.10/site-packages/airflow/example_dags/example_short_circuit_operator.py
[2024-11-16T13:43:20.242+0000] {logging_mixin.py:150} INFO - [2024-11-16T13:43:20.241+0000] {dag.py:2742} INFO - Sync 1 DAGs
[2024-11-16T13:43:20.255+0000] {logging_mixin.py:150} INFO - [2024-11-16T13:43:20.255+0000] {dag.py:3504} INFO - Setting next_dagrun for example_short_circuit_operator to 2024-11-15T13:43:20.255454+00:00, run_after=2024-11-16T13:43:20.255454+00:00
[2024-11-16T13:43:20.269+0000] {processor.py:179} INFO - Processing /home/vscode/.local/lib/python3.10/site-packages/airflow/example_dags/example_short_circuit_operator.py took 0.048 seconds
[2024-11-16T13:44:03.742+0000] {processor.py:157} INFO - Started process (PID=7742) to work on /home/vscode/.local/lib/python3.10/site-packages/airflow/example_dags/example_short_circuit_operator.py
[2024-11-16T13:44:03.743+0000] {processor.py:826} INFO - Processing file /home/vscode/.local/lib/python3.10/site-packages/airflow/example_dags/example_short_circuit_operator.py for tasks to queue
[2024-11-16T13:44:03.743+0000] {logging_mixin.py:150} INFO - [2024-11-16T13:44:03.743+0000] {dagbag.py:541} INFO - Filling up the DagBag from /home/vscode/.local/lib/python3.10/site-packages/airflow/example_dags/example_short_circuit_operator.py
[2024-11-16T13:44:03.749+0000] {processor.py:836} INFO - DAG(s) dict_keys(['example_short_circuit_operator']) retrieved from /home/vscode/.local/lib/python3.10/site-packages/airflow/example_dags/example_short_circuit_operator.py
[2024-11-16T13:44:03.762+0000] {logging_mixin.py:150} INFO - [2024-11-16T13:44:03.762+0000] {dag.py:2742} INFO - Sync 1 DAGs
[2024-11-16T13:44:03.775+0000] {logging_mixin.py:150} INFO - [2024-11-16T13:44:03.775+0000] {dag.py:3504} INFO - Setting next_dagrun for example_short_circuit_operator to 2024-11-15T13:44:03.775492+00:00, run_after=2024-11-16T13:44:03.775492+00:00
[2024-11-16T13:44:03.789+0000] {processor.py:179} INFO - Processing /home/vscode/.local/lib/python3.10/site-packages/airflow/example_dags/example_short_circuit_operator.py took 0.049 seconds
[2024-11-16T13:44:47.280+0000] {processor.py:157} INFO - Started process (PID=8035) to work on /home/vscode/.local/lib/python3.10/site-packages/airflow/example_dags/example_short_circuit_operator.py
[2024-11-16T13:44:47.280+0000] {processor.py:826} INFO - Processing file /home/vscode/.local/lib/python3.10/site-packages/airflow/example_dags/example_short_circuit_operator.py for tasks to queue
[2024-11-16T13:44:47.281+0000] {logging_mixin.py:150} INFO - [2024-11-16T13:44:47.280+0000] {dagbag.py:541} INFO - Filling up the DagBag from /home/vscode/.local/lib/python3.10/site-packages/airflow/example_dags/example_short_circuit_operator.py
[2024-11-16T13:44:47.286+0000] {processor.py:836} INFO - DAG(s) dict_keys(['example_short_circuit_operator']) retrieved from /home/vscode/.local/lib/python3.10/site-packages/airflow/example_dags/example_short_circuit_operator.py
[2024-11-16T13:44:47.299+0000] {logging_mixin.py:150} INFO - [2024-11-16T13:44:47.299+0000] {dag.py:2742} INFO - Sync 1 DAGs
[2024-11-16T13:44:47.312+0000] {logging_mixin.py:150} INFO - [2024-11-16T13:44:47.312+0000] {dag.py:3504} INFO - Setting next_dagrun for example_short_circuit_operator to 2024-11-15T13:44:47.312450+00:00, run_after=2024-11-16T13:44:47.312450+00:00
[2024-11-16T13:44:47.326+0000] {processor.py:179} INFO - Processing /home/vscode/.local/lib/python3.10/site-packages/airflow/example_dags/example_short_circuit_operator.py took 0.049 seconds
[2024-11-16T13:45:31.504+0000] {processor.py:157} INFO - Started process (PID=8329) to work on /home/vscode/.local/lib/python3.10/site-packages/airflow/example_dags/example_short_circuit_operator.py
[2024-11-16T13:45:31.504+0000] {processor.py:826} INFO - Processing file /home/vscode/.local/lib/python3.10/site-packages/airflow/example_dags/example_short_circuit_operator.py for tasks to queue
[2024-11-16T13:45:31.505+0000] {logging_mixin.py:150} INFO - [2024-11-16T13:45:31.504+0000] {dagbag.py:541} INFO - Filling up the DagBag from /home/vscode/.local/lib/python3.10/site-packages/airflow/example_dags/example_short_circuit_operator.py
[2024-11-16T13:45:31.510+0000] {processor.py:836} INFO - DAG(s) dict_keys(['example_short_circuit_operator']) retrieved from /home/vscode/.local/lib/python3.10/site-packages/airflow/example_dags/example_short_circuit_operator.py
[2024-11-16T13:45:31.523+0000] {logging_mixin.py:150} INFO - [2024-11-16T13:45:31.523+0000] {dag.py:2742} INFO - Sync 1 DAGs
[2024-11-16T13:45:31.536+0000] {logging_mixin.py:150} INFO - [2024-11-16T13:45:31.536+0000] {dag.py:3504} INFO - Setting next_dagrun for example_short_circuit_operator to 2024-11-15T13:45:31.536577+00:00, run_after=2024-11-16T13:45:31.536577+00:00
[2024-11-16T13:45:31.550+0000] {processor.py:179} INFO - Processing /home/vscode/.local/lib/python3.10/site-packages/airflow/example_dags/example_short_circuit_operator.py took 0.049 seconds
[2024-11-16T13:46:13.040+0000] {processor.py:157} INFO - Started process (PID=8609) to work on /home/vscode/.local/lib/python3.10/site-packages/airflow/example_dags/example_short_circuit_operator.py
[2024-11-16T13:46:13.041+0000] {processor.py:826} INFO - Processing file /home/vscode/.local/lib/python3.10/site-packages/airflow/example_dags/example_short_circuit_operator.py for tasks to queue
[2024-11-16T13:46:13.041+0000] {logging_mixin.py:150} INFO - [2024-11-16T13:46:13.041+0000] {dagbag.py:541} INFO - Filling up the DagBag from /home/vscode/.local/lib/python3.10/site-packages/airflow/example_dags/example_short_circuit_operator.py
[2024-11-16T13:46:13.047+0000] {processor.py:836} INFO - DAG(s) dict_keys(['example_short_circuit_operator']) retrieved from /home/vscode/.local/lib/python3.10/site-packages/airflow/example_dags/example_short_circuit_operator.py
[2024-11-16T13:46:13.060+0000] {logging_mixin.py:150} INFO - [2024-11-16T13:46:13.060+0000] {dag.py:2742} INFO - Sync 1 DAGs
[2024-11-16T13:46:13.074+0000] {logging_mixin.py:150} INFO - [2024-11-16T13:46:13.073+0000] {dag.py:3504} INFO - Setting next_dagrun for example_short_circuit_operator to 2024-11-15T13:46:13.073809+00:00, run_after=2024-11-16T13:46:13.073809+00:00
[2024-11-16T13:46:13.087+0000] {processor.py:179} INFO - Processing /home/vscode/.local/lib/python3.10/site-packages/airflow/example_dags/example_short_circuit_operator.py took 0.049 seconds
[2024-11-16T13:46:57.909+0000] {processor.py:157} INFO - Started process (PID=8912) to work on /home/vscode/.local/lib/python3.10/site-packages/airflow/example_dags/example_short_circuit_operator.py
[2024-11-16T13:46:57.909+0000] {processor.py:826} INFO - Processing file /home/vscode/.local/lib/python3.10/site-packages/airflow/example_dags/example_short_circuit_operator.py for tasks to queue
[2024-11-16T13:46:57.910+0000] {logging_mixin.py:150} INFO - [2024-11-16T13:46:57.910+0000] {dagbag.py:541} INFO - Filling up the DagBag from /home/vscode/.local/lib/python3.10/site-packages/airflow/example_dags/example_short_circuit_operator.py
[2024-11-16T13:46:57.915+0000] {processor.py:836} INFO - DAG(s) dict_keys(['example_short_circuit_operator']) retrieved from /home/vscode/.local/lib/python3.10/site-packages/airflow/example_dags/example_short_circuit_operator.py
[2024-11-16T13:46:57.928+0000] {logging_mixin.py:150} INFO - [2024-11-16T13:46:57.928+0000] {dag.py:2742} INFO - Sync 1 DAGs
[2024-11-16T13:46:57.942+0000] {logging_mixin.py:150} INFO - [2024-11-16T13:46:57.942+0000] {dag.py:3504} INFO - Setting next_dagrun for example_short_circuit_operator to 2024-11-15T13:46:57.941993+00:00, run_after=2024-11-16T13:46:57.941993+00:00
[2024-11-16T13:46:57.956+0000] {processor.py:179} INFO - Processing /home/vscode/.local/lib/python3.10/site-packages/airflow/example_dags/example_short_circuit_operator.py took 0.049 seconds
[2024-11-16T13:47:40.011+0000] {processor.py:157} INFO - Started process (PID=9192) to work on /home/vscode/.local/lib/python3.10/site-packages/airflow/example_dags/example_short_circuit_operator.py
[2024-11-16T13:47:40.012+0000] {processor.py:826} INFO - Processing file /home/vscode/.local/lib/python3.10/site-packages/airflow/example_dags/example_short_circuit_operator.py for tasks to queue
[2024-11-16T13:47:40.013+0000] {logging_mixin.py:150} INFO - [2024-11-16T13:47:40.012+0000] {dagbag.py:541} INFO - Filling up the DagBag from /home/vscode/.local/lib/python3.10/site-packages/airflow/example_dags/example_short_circuit_operator.py
[2024-11-16T13:47:40.018+0000] {processor.py:836} INFO - DAG(s) dict_keys(['example_short_circuit_operator']) retrieved from /home/vscode/.local/lib/python3.10/site-packages/airflow/example_dags/example_short_circuit_operator.py
[2024-11-16T13:47:40.031+0000] {logging_mixin.py:150} INFO - [2024-11-16T13:47:40.031+0000] {dag.py:2742} INFO - Sync 1 DAGs
[2024-11-16T13:47:40.045+0000] {logging_mixin.py:150} INFO - [2024-11-16T13:47:40.045+0000] {dag.py:3504} INFO - Setting next_dagrun for example_short_circuit_operator to 2024-11-15T13:47:40.045121+00:00, run_after=2024-11-16T13:47:40.045121+00:00
[2024-11-16T13:47:40.059+0000] {processor.py:179} INFO - Processing /home/vscode/.local/lib/python3.10/site-packages/airflow/example_dags/example_short_circuit_operator.py took 0.050 seconds
[2024-11-16T13:48:27.583+0000] {processor.py:157} INFO - Started process (PID=9520) to work on /home/vscode/.local/lib/python3.10/site-packages/airflow/example_dags/example_short_circuit_operator.py
[2024-11-16T13:48:27.584+0000] {processor.py:826} INFO - Processing file /home/vscode/.local/lib/python3.10/site-packages/airflow/example_dags/example_short_circuit_operator.py for tasks to queue
[2024-11-16T13:48:27.584+0000] {logging_mixin.py:150} INFO - [2024-11-16T13:48:27.584+0000] {dagbag.py:541} INFO - Filling up the DagBag from /home/vscode/.local/lib/python3.10/site-packages/airflow/example_dags/example_short_circuit_operator.py
[2024-11-16T13:48:27.590+0000] {processor.py:836} INFO - DAG(s) dict_keys(['example_short_circuit_operator']) retrieved from /home/vscode/.local/lib/python3.10/site-packages/airflow/example_dags/example_short_circuit_operator.py
[2024-11-16T13:48:27.603+0000] {logging_mixin.py:150} INFO - [2024-11-16T13:48:27.603+0000] {dag.py:2742} INFO - Sync 1 DAGs
[2024-11-16T13:48:27.616+0000] {logging_mixin.py:150} INFO - [2024-11-16T13:48:27.616+0000] {dag.py:3504} INFO - Setting next_dagrun for example_short_circuit_operator to 2024-11-15T13:48:27.616457+00:00, run_after=2024-11-16T13:48:27.616457+00:00
[2024-11-16T13:48:27.630+0000] {processor.py:179} INFO - Processing /home/vscode/.local/lib/python3.10/site-packages/airflow/example_dags/example_short_circuit_operator.py took 0.049 seconds
[2024-11-16T13:49:12.559+0000] {processor.py:157} INFO - Started process (PID=9816) to work on /home/vscode/.local/lib/python3.10/site-packages/airflow/example_dags/example_short_circuit_operator.py
[2024-11-16T13:49:12.559+0000] {processor.py:826} INFO - Processing file /home/vscode/.local/lib/python3.10/site-packages/airflow/example_dags/example_short_circuit_operator.py for tasks to queue
[2024-11-16T13:49:12.560+0000] {logging_mixin.py:150} INFO - [2024-11-16T13:49:12.560+0000] {dagbag.py:541} INFO - Filling up the DagBag from /home/vscode/.local/lib/python3.10/site-packages/airflow/example_dags/example_short_circuit_operator.py
[2024-11-16T13:49:12.566+0000] {processor.py:836} INFO - DAG(s) dict_keys(['example_short_circuit_operator']) retrieved from /home/vscode/.local/lib/python3.10/site-packages/airflow/example_dags/example_short_circuit_operator.py
[2024-11-16T13:49:12.578+0000] {logging_mixin.py:150} INFO - [2024-11-16T13:49:12.578+0000] {dag.py:2742} INFO - Sync 1 DAGs
[2024-11-16T13:49:12.592+0000] {logging_mixin.py:150} INFO - [2024-11-16T13:49:12.592+0000] {dag.py:3504} INFO - Setting next_dagrun for example_short_circuit_operator to 2024-11-15T13:49:12.592413+00:00, run_after=2024-11-16T13:49:12.592413+00:00
[2024-11-16T13:49:12.606+0000] {processor.py:179} INFO - Processing /home/vscode/.local/lib/python3.10/site-packages/airflow/example_dags/example_short_circuit_operator.py took 0.049 seconds
[2024-11-16T13:50:01.631+0000] {processor.py:157} INFO - Started process (PID=10161) to work on /home/vscode/.local/lib/python3.10/site-packages/airflow/example_dags/example_short_circuit_operator.py
[2024-11-16T13:50:01.631+0000] {processor.py:826} INFO - Processing file /home/vscode/.local/lib/python3.10/site-packages/airflow/example_dags/example_short_circuit_operator.py for tasks to queue
[2024-11-16T13:50:01.632+0000] {logging_mixin.py:150} INFO - [2024-11-16T13:50:01.632+0000] {dagbag.py:541} INFO - Filling up the DagBag from /home/vscode/.local/lib/python3.10/site-packages/airflow/example_dags/example_short_circuit_operator.py
[2024-11-16T13:50:01.638+0000] {processor.py:836} INFO - DAG(s) dict_keys(['example_short_circuit_operator']) retrieved from /home/vscode/.local/lib/python3.10/site-packages/airflow/example_dags/example_short_circuit_operator.py
[2024-11-16T13:50:01.651+0000] {logging_mixin.py:150} INFO - [2024-11-16T13:50:01.651+0000] {dag.py:2742} INFO - Sync 1 DAGs
[2024-11-16T13:50:01.664+0000] {logging_mixin.py:150} INFO - [2024-11-16T13:50:01.664+0000] {dag.py:3504} INFO - Setting next_dagrun for example_short_circuit_operator to 2024-11-15T13:50:01.664454+00:00, run_after=2024-11-16T13:50:01.664454+00:00
[2024-11-16T13:50:01.678+0000] {processor.py:179} INFO - Processing /home/vscode/.local/lib/python3.10/site-packages/airflow/example_dags/example_short_circuit_operator.py took 0.050 seconds
[2024-11-16T13:50:45.996+0000] {processor.py:157} INFO - Started process (PID=10466) to work on /home/vscode/.local/lib/python3.10/site-packages/airflow/example_dags/example_short_circuit_operator.py
[2024-11-16T13:50:45.997+0000] {processor.py:826} INFO - Processing file /home/vscode/.local/lib/python3.10/site-packages/airflow/example_dags/example_short_circuit_operator.py for tasks to queue
[2024-11-16T13:50:45.997+0000] {logging_mixin.py:150} INFO - [2024-11-16T13:50:45.997+0000] {dagbag.py:541} INFO - Filling up the DagBag from /home/vscode/.local/lib/python3.10/site-packages/airflow/example_dags/example_short_circuit_operator.py
[2024-11-16T13:50:46.003+0000] {processor.py:836} INFO - DAG(s) dict_keys(['example_short_circuit_operator']) retrieved from /home/vscode/.local/lib/python3.10/site-packages/airflow/example_dags/example_short_circuit_operator.py
[2024-11-16T13:50:46.016+0000] {logging_mixin.py:150} INFO - [2024-11-16T13:50:46.016+0000] {dag.py:2742} INFO - Sync 1 DAGs
[2024-11-16T13:50:46.030+0000] {logging_mixin.py:150} INFO - [2024-11-16T13:50:46.030+0000] {dag.py:3504} INFO - Setting next_dagrun for example_short_circuit_operator to 2024-11-15T13:50:46.030333+00:00, run_after=2024-11-16T13:50:46.030333+00:00
[2024-11-16T13:50:46.044+0000] {processor.py:179} INFO - Processing /home/vscode/.local/lib/python3.10/site-packages/airflow/example_dags/example_short_circuit_operator.py took 0.051 seconds
[2024-11-16T13:51:26.960+0000] {processor.py:157} INFO - Started process (PID=10792) to work on /home/vscode/.local/lib/python3.10/site-packages/airflow/example_dags/example_short_circuit_operator.py
[2024-11-16T13:51:26.961+0000] {processor.py:826} INFO - Processing file /home/vscode/.local/lib/python3.10/site-packages/airflow/example_dags/example_short_circuit_operator.py for tasks to queue
[2024-11-16T13:51:26.962+0000] {logging_mixin.py:150} INFO - [2024-11-16T13:51:26.961+0000] {dagbag.py:541} INFO - Filling up the DagBag from /home/vscode/.local/lib/python3.10/site-packages/airflow/example_dags/example_short_circuit_operator.py
[2024-11-16T13:51:26.967+0000] {processor.py:836} INFO - DAG(s) dict_keys(['example_short_circuit_operator']) retrieved from /home/vscode/.local/lib/python3.10/site-packages/airflow/example_dags/example_short_circuit_operator.py
[2024-11-16T13:51:26.980+0000] {logging_mixin.py:150} INFO - [2024-11-16T13:51:26.980+0000] {dag.py:2742} INFO - Sync 1 DAGs
[2024-11-16T13:51:26.993+0000] {logging_mixin.py:150} INFO - [2024-11-16T13:51:26.993+0000] {dag.py:3504} INFO - Setting next_dagrun for example_short_circuit_operator to 2024-11-15T13:51:26.993428+00:00, run_after=2024-11-16T13:51:26.993428+00:00
[2024-11-16T13:51:27.007+0000] {processor.py:179} INFO - Processing /home/vscode/.local/lib/python3.10/site-packages/airflow/example_dags/example_short_circuit_operator.py took 0.049 seconds
