[2024-11-16T13:38:41.518+0000] {processor.py:157} INFO - Started process (PID=5513) to work on /home/vscode/.local/lib/python3.10/site-packages/airflow/example_dags/example_task_group_decorator.py
[2024-11-16T13:38:41.519+0000] {processor.py:826} INFO - Processing file /home/vscode/.local/lib/python3.10/site-packages/airflow/example_dags/example_task_group_decorator.py for tasks to queue
[2024-11-16T13:38:41.519+0000] {logging_mixin.py:150} INFO - [2024-11-16T13:38:41.519+0000] {dagbag.py:541} INFO - Filling up the DagBag from /home/vscode/.local/lib/python3.10/site-packages/airflow/example_dags/example_task_group_decorator.py
[2024-11-16T13:38:41.534+0000] {processor.py:836} INFO - DAG(s) dict_keys(['example_task_group_decorator']) retrieved from /home/vscode/.local/lib/python3.10/site-packages/airflow/example_dags/example_task_group_decorator.py
[2024-11-16T13:38:41.698+0000] {logging_mixin.py:150} INFO - [2024-11-16T13:38:41.698+0000] {manager.py:504} INFO - Created Permission View: can edit on DAG:example_task_group_decorator
[2024-11-16T13:38:41.705+0000] {logging_mixin.py:150} INFO - [2024-11-16T13:38:41.705+0000] {manager.py:504} INFO - Created Permission View: can delete on DAG:example_task_group_decorator
[2024-11-16T13:38:41.711+0000] {logging_mixin.py:150} INFO - [2024-11-16T13:38:41.710+0000] {manager.py:504} INFO - Created Permission View: can read on DAG:example_task_group_decorator
[2024-11-16T13:38:41.718+0000] {logging_mixin.py:150} INFO - [2024-11-16T13:38:41.718+0000] {dag.py:2742} INFO - Sync 1 DAGs
[2024-11-16T13:38:41.725+0000] {logging_mixin.py:150} INFO - [2024-11-16T13:38:41.725+0000] {dag.py:2763} INFO - Creating ORM DAG for example_task_group_decorator
[2024-11-16T13:38:41.730+0000] {logging_mixin.py:150} INFO - [2024-11-16T13:38:41.730+0000] {dag.py:3504} INFO - Setting next_dagrun for example_task_group_decorator to 2024-11-15T13:38:41.730634+00:00, run_after=2024-11-16T13:38:41.730634+00:00
[2024-11-16T13:38:41.744+0000] {processor.py:179} INFO - Processing /home/vscode/.local/lib/python3.10/site-packages/airflow/example_dags/example_task_group_decorator.py took 0.228 seconds
[2024-11-16T13:39:28.921+0000] {processor.py:157} INFO - Started process (PID=5883) to work on /home/vscode/.local/lib/python3.10/site-packages/airflow/example_dags/example_task_group_decorator.py
[2024-11-16T13:39:28.922+0000] {processor.py:826} INFO - Processing file /home/vscode/.local/lib/python3.10/site-packages/airflow/example_dags/example_task_group_decorator.py for tasks to queue
[2024-11-16T13:39:28.922+0000] {logging_mixin.py:150} INFO - [2024-11-16T13:39:28.922+0000] {dagbag.py:541} INFO - Filling up the DagBag from /home/vscode/.local/lib/python3.10/site-packages/airflow/example_dags/example_task_group_decorator.py
[2024-11-16T13:39:28.937+0000] {processor.py:836} INFO - DAG(s) dict_keys(['example_task_group_decorator']) retrieved from /home/vscode/.local/lib/python3.10/site-packages/airflow/example_dags/example_task_group_decorator.py
[2024-11-16T13:39:28.954+0000] {logging_mixin.py:150} INFO - [2024-11-16T13:39:28.954+0000] {dag.py:2742} INFO - Sync 1 DAGs
[2024-11-16T13:39:28.967+0000] {logging_mixin.py:150} INFO - [2024-11-16T13:39:28.967+0000] {dag.py:3504} INFO - Setting next_dagrun for example_task_group_decorator to 2024-11-15T13:39:28.967635+00:00, run_after=2024-11-16T13:39:28.967635+00:00
[2024-11-16T13:39:28.983+0000] {processor.py:179} INFO - Processing /home/vscode/.local/lib/python3.10/site-packages/airflow/example_dags/example_task_group_decorator.py took 0.064 seconds
[2024-11-16T13:40:15.008+0000] {processor.py:157} INFO - Started process (PID=6211) to work on /home/vscode/.local/lib/python3.10/site-packages/airflow/example_dags/example_task_group_decorator.py
[2024-11-16T13:40:15.008+0000] {processor.py:826} INFO - Processing file /home/vscode/.local/lib/python3.10/site-packages/airflow/example_dags/example_task_group_decorator.py for tasks to queue
[2024-11-16T13:40:15.009+0000] {logging_mixin.py:150} INFO - [2024-11-16T13:40:15.009+0000] {dagbag.py:541} INFO - Filling up the DagBag from /home/vscode/.local/lib/python3.10/site-packages/airflow/example_dags/example_task_group_decorator.py
[2024-11-16T13:40:15.020+0000] {processor.py:836} INFO - DAG(s) dict_keys(['example_task_group_decorator']) retrieved from /home/vscode/.local/lib/python3.10/site-packages/airflow/example_dags/example_task_group_decorator.py
[2024-11-16T13:40:15.033+0000] {logging_mixin.py:150} INFO - [2024-11-16T13:40:15.033+0000] {dag.py:2742} INFO - Sync 1 DAGs
[2024-11-16T13:40:15.047+0000] {logging_mixin.py:150} INFO - [2024-11-16T13:40:15.046+0000] {dag.py:3504} INFO - Setting next_dagrun for example_task_group_decorator to 2024-11-15T13:40:15.046715+00:00, run_after=2024-11-16T13:40:15.046715+00:00
[2024-11-16T13:40:15.061+0000] {processor.py:179} INFO - Processing /home/vscode/.local/lib/python3.10/site-packages/airflow/example_dags/example_task_group_decorator.py took 0.055 seconds
[2024-11-16T13:41:00.256+0000] {processor.py:157} INFO - Started process (PID=6513) to work on /home/vscode/.local/lib/python3.10/site-packages/airflow/example_dags/example_task_group_decorator.py
[2024-11-16T13:41:00.257+0000] {processor.py:826} INFO - Processing file /home/vscode/.local/lib/python3.10/site-packages/airflow/example_dags/example_task_group_decorator.py for tasks to queue
[2024-11-16T13:41:00.257+0000] {logging_mixin.py:150} INFO - [2024-11-16T13:41:00.257+0000] {dagbag.py:541} INFO - Filling up the DagBag from /home/vscode/.local/lib/python3.10/site-packages/airflow/example_dags/example_task_group_decorator.py
[2024-11-16T13:41:00.268+0000] {processor.py:836} INFO - DAG(s) dict_keys(['example_task_group_decorator']) retrieved from /home/vscode/.local/lib/python3.10/site-packages/airflow/example_dags/example_task_group_decorator.py
[2024-11-16T13:41:00.281+0000] {logging_mixin.py:150} INFO - [2024-11-16T13:41:00.281+0000] {dag.py:2742} INFO - Sync 1 DAGs
[2024-11-16T13:41:00.295+0000] {logging_mixin.py:150} INFO - [2024-11-16T13:41:00.295+0000] {dag.py:3504} INFO - Setting next_dagrun for example_task_group_decorator to 2024-11-15T13:41:00.295510+00:00, run_after=2024-11-16T13:41:00.295510+00:00
[2024-11-16T13:41:00.309+0000] {processor.py:179} INFO - Processing /home/vscode/.local/lib/python3.10/site-packages/airflow/example_dags/example_task_group_decorator.py took 0.055 seconds
[2024-11-16T13:41:43.496+0000] {processor.py:157} INFO - Started process (PID=6807) to work on /home/vscode/.local/lib/python3.10/site-packages/airflow/example_dags/example_task_group_decorator.py
[2024-11-16T13:41:43.497+0000] {processor.py:826} INFO - Processing file /home/vscode/.local/lib/python3.10/site-packages/airflow/example_dags/example_task_group_decorator.py for tasks to queue
[2024-11-16T13:41:43.497+0000] {logging_mixin.py:150} INFO - [2024-11-16T13:41:43.497+0000] {dagbag.py:541} INFO - Filling up the DagBag from /home/vscode/.local/lib/python3.10/site-packages/airflow/example_dags/example_task_group_decorator.py
[2024-11-16T13:41:43.508+0000] {processor.py:836} INFO - DAG(s) dict_keys(['example_task_group_decorator']) retrieved from /home/vscode/.local/lib/python3.10/site-packages/airflow/example_dags/example_task_group_decorator.py
[2024-11-16T13:41:43.521+0000] {logging_mixin.py:150} INFO - [2024-11-16T13:41:43.521+0000] {dag.py:2742} INFO - Sync 1 DAGs
[2024-11-16T13:41:43.535+0000] {logging_mixin.py:150} INFO - [2024-11-16T13:41:43.535+0000] {dag.py:3504} INFO - Setting next_dagrun for example_task_group_decorator to 2024-11-15T13:41:43.535021+00:00, run_after=2024-11-16T13:41:43.535021+00:00
[2024-11-16T13:41:43.548+0000] {processor.py:179} INFO - Processing /home/vscode/.local/lib/python3.10/site-packages/airflow/example_dags/example_task_group_decorator.py took 0.055 seconds
[2024-11-16T13:42:29.984+0000] {processor.py:157} INFO - Started process (PID=7119) to work on /home/vscode/.local/lib/python3.10/site-packages/airflow/example_dags/example_task_group_decorator.py
[2024-11-16T13:42:29.985+0000] {processor.py:826} INFO - Processing file /home/vscode/.local/lib/python3.10/site-packages/airflow/example_dags/example_task_group_decorator.py for tasks to queue
[2024-11-16T13:42:29.986+0000] {logging_mixin.py:150} INFO - [2024-11-16T13:42:29.985+0000] {dagbag.py:541} INFO - Filling up the DagBag from /home/vscode/.local/lib/python3.10/site-packages/airflow/example_dags/example_task_group_decorator.py
[2024-11-16T13:42:29.996+0000] {processor.py:836} INFO - DAG(s) dict_keys(['example_task_group_decorator']) retrieved from /home/vscode/.local/lib/python3.10/site-packages/airflow/example_dags/example_task_group_decorator.py
[2024-11-16T13:42:30.010+0000] {logging_mixin.py:150} INFO - [2024-11-16T13:42:30.010+0000] {dag.py:2742} INFO - Sync 1 DAGs
[2024-11-16T13:42:30.023+0000] {logging_mixin.py:150} INFO - [2024-11-16T13:42:30.023+0000] {dag.py:3504} INFO - Setting next_dagrun for example_task_group_decorator to 2024-11-15T13:42:30.023683+00:00, run_after=2024-11-16T13:42:30.023683+00:00
[2024-11-16T13:42:30.037+0000] {processor.py:179} INFO - Processing /home/vscode/.local/lib/python3.10/site-packages/airflow/example_dags/example_task_group_decorator.py took 0.055 seconds
[2024-11-16T13:43:09.947+0000] {processor.py:157} INFO - Started process (PID=7380) to work on /home/vscode/.local/lib/python3.10/site-packages/airflow/example_dags/example_task_group_decorator.py
[2024-11-16T13:43:09.948+0000] {processor.py:826} INFO - Processing file /home/vscode/.local/lib/python3.10/site-packages/airflow/example_dags/example_task_group_decorator.py for tasks to queue
[2024-11-16T13:43:09.948+0000] {logging_mixin.py:150} INFO - [2024-11-16T13:43:09.948+0000] {dagbag.py:541} INFO - Filling up the DagBag from /home/vscode/.local/lib/python3.10/site-packages/airflow/example_dags/example_task_group_decorator.py
[2024-11-16T13:43:09.960+0000] {processor.py:836} INFO - DAG(s) dict_keys(['example_task_group_decorator']) retrieved from /home/vscode/.local/lib/python3.10/site-packages/airflow/example_dags/example_task_group_decorator.py
[2024-11-16T13:43:09.978+0000] {logging_mixin.py:150} INFO - [2024-11-16T13:43:09.978+0000] {dag.py:2742} INFO - Sync 1 DAGs
[2024-11-16T13:43:09.996+0000] {logging_mixin.py:150} INFO - [2024-11-16T13:43:09.996+0000] {dag.py:3504} INFO - Setting next_dagrun for example_task_group_decorator to 2024-11-15T13:43:09.996503+00:00, run_after=2024-11-16T13:43:09.996503+00:00
[2024-11-16T13:43:10.011+0000] {processor.py:179} INFO - Processing /home/vscode/.local/lib/python3.10/site-packages/airflow/example_dags/example_task_group_decorator.py took 0.066 seconds
[2024-11-16T13:43:54.743+0000] {processor.py:157} INFO - Started process (PID=7691) to work on /home/vscode/.local/lib/python3.10/site-packages/airflow/example_dags/example_task_group_decorator.py
[2024-11-16T13:43:54.743+0000] {processor.py:826} INFO - Processing file /home/vscode/.local/lib/python3.10/site-packages/airflow/example_dags/example_task_group_decorator.py for tasks to queue
[2024-11-16T13:43:54.744+0000] {logging_mixin.py:150} INFO - [2024-11-16T13:43:54.744+0000] {dagbag.py:541} INFO - Filling up the DagBag from /home/vscode/.local/lib/python3.10/site-packages/airflow/example_dags/example_task_group_decorator.py
[2024-11-16T13:43:54.755+0000] {processor.py:836} INFO - DAG(s) dict_keys(['example_task_group_decorator']) retrieved from /home/vscode/.local/lib/python3.10/site-packages/airflow/example_dags/example_task_group_decorator.py
[2024-11-16T13:43:54.768+0000] {logging_mixin.py:150} INFO - [2024-11-16T13:43:54.768+0000] {dag.py:2742} INFO - Sync 1 DAGs
[2024-11-16T13:43:54.782+0000] {logging_mixin.py:150} INFO - [2024-11-16T13:43:54.781+0000] {dag.py:3504} INFO - Setting next_dagrun for example_task_group_decorator to 2024-11-15T13:43:54.781814+00:00, run_after=2024-11-16T13:43:54.781814+00:00
[2024-11-16T13:43:54.795+0000] {processor.py:179} INFO - Processing /home/vscode/.local/lib/python3.10/site-packages/airflow/example_dags/example_task_group_decorator.py took 0.054 seconds
[2024-11-16T13:44:38.129+0000] {processor.py:157} INFO - Started process (PID=7980) to work on /home/vscode/.local/lib/python3.10/site-packages/airflow/example_dags/example_task_group_decorator.py
[2024-11-16T13:44:38.130+0000] {processor.py:826} INFO - Processing file /home/vscode/.local/lib/python3.10/site-packages/airflow/example_dags/example_task_group_decorator.py for tasks to queue
[2024-11-16T13:44:38.130+0000] {logging_mixin.py:150} INFO - [2024-11-16T13:44:38.130+0000] {dagbag.py:541} INFO - Filling up the DagBag from /home/vscode/.local/lib/python3.10/site-packages/airflow/example_dags/example_task_group_decorator.py
[2024-11-16T13:44:38.141+0000] {processor.py:836} INFO - DAG(s) dict_keys(['example_task_group_decorator']) retrieved from /home/vscode/.local/lib/python3.10/site-packages/airflow/example_dags/example_task_group_decorator.py
[2024-11-16T13:44:38.155+0000] {logging_mixin.py:150} INFO - [2024-11-16T13:44:38.155+0000] {dag.py:2742} INFO - Sync 1 DAGs
[2024-11-16T13:44:38.168+0000] {logging_mixin.py:150} INFO - [2024-11-16T13:44:38.168+0000] {dag.py:3504} INFO - Setting next_dagrun for example_task_group_decorator to 2024-11-15T13:44:38.168575+00:00, run_after=2024-11-16T13:44:38.168575+00:00
[2024-11-16T13:44:38.183+0000] {processor.py:179} INFO - Processing /home/vscode/.local/lib/python3.10/site-packages/airflow/example_dags/example_task_group_decorator.py took 0.056 seconds
[2024-11-16T13:45:21.503+0000] {processor.py:157} INFO - Started process (PID=8266) to work on /home/vscode/.local/lib/python3.10/site-packages/airflow/example_dags/example_task_group_decorator.py
[2024-11-16T13:45:21.503+0000] {processor.py:826} INFO - Processing file /home/vscode/.local/lib/python3.10/site-packages/airflow/example_dags/example_task_group_decorator.py for tasks to queue
[2024-11-16T13:45:21.504+0000] {logging_mixin.py:150} INFO - [2024-11-16T13:45:21.504+0000] {dagbag.py:541} INFO - Filling up the DagBag from /home/vscode/.local/lib/python3.10/site-packages/airflow/example_dags/example_task_group_decorator.py
[2024-11-16T13:45:21.515+0000] {processor.py:836} INFO - DAG(s) dict_keys(['example_task_group_decorator']) retrieved from /home/vscode/.local/lib/python3.10/site-packages/airflow/example_dags/example_task_group_decorator.py
[2024-11-16T13:45:21.528+0000] {logging_mixin.py:150} INFO - [2024-11-16T13:45:21.528+0000] {dag.py:2742} INFO - Sync 1 DAGs
[2024-11-16T13:45:21.542+0000] {logging_mixin.py:150} INFO - [2024-11-16T13:45:21.542+0000] {dag.py:3504} INFO - Setting next_dagrun for example_task_group_decorator to 2024-11-15T13:45:21.542431+00:00, run_after=2024-11-16T13:45:21.542431+00:00
[2024-11-16T13:45:21.556+0000] {processor.py:179} INFO - Processing /home/vscode/.local/lib/python3.10/site-packages/airflow/example_dags/example_task_group_decorator.py took 0.056 seconds
[2024-11-16T13:46:07.680+0000] {processor.py:157} INFO - Started process (PID=8576) to work on /home/vscode/.local/lib/python3.10/site-packages/airflow/example_dags/example_task_group_decorator.py
[2024-11-16T13:46:07.681+0000] {processor.py:826} INFO - Processing file /home/vscode/.local/lib/python3.10/site-packages/airflow/example_dags/example_task_group_decorator.py for tasks to queue
[2024-11-16T13:46:07.682+0000] {logging_mixin.py:150} INFO - [2024-11-16T13:46:07.681+0000] {dagbag.py:541} INFO - Filling up the DagBag from /home/vscode/.local/lib/python3.10/site-packages/airflow/example_dags/example_task_group_decorator.py
[2024-11-16T13:46:07.693+0000] {processor.py:836} INFO - DAG(s) dict_keys(['example_task_group_decorator']) retrieved from /home/vscode/.local/lib/python3.10/site-packages/airflow/example_dags/example_task_group_decorator.py
[2024-11-16T13:46:07.706+0000] {logging_mixin.py:150} INFO - [2024-11-16T13:46:07.706+0000] {dag.py:2742} INFO - Sync 1 DAGs
[2024-11-16T13:46:07.719+0000] {logging_mixin.py:150} INFO - [2024-11-16T13:46:07.719+0000] {dag.py:3504} INFO - Setting next_dagrun for example_task_group_decorator to 2024-11-15T13:46:07.719686+00:00, run_after=2024-11-16T13:46:07.719686+00:00
[2024-11-16T13:46:07.735+0000] {processor.py:179} INFO - Processing /home/vscode/.local/lib/python3.10/site-packages/airflow/example_dags/example_task_group_decorator.py took 0.056 seconds
[2024-11-16T13:46:51.634+0000] {processor.py:157} INFO - Started process (PID=8864) to work on /home/vscode/.local/lib/python3.10/site-packages/airflow/example_dags/example_task_group_decorator.py
[2024-11-16T13:46:51.634+0000] {processor.py:826} INFO - Processing file /home/vscode/.local/lib/python3.10/site-packages/airflow/example_dags/example_task_group_decorator.py for tasks to queue
[2024-11-16T13:46:51.635+0000] {logging_mixin.py:150} INFO - [2024-11-16T13:46:51.635+0000] {dagbag.py:541} INFO - Filling up the DagBag from /home/vscode/.local/lib/python3.10/site-packages/airflow/example_dags/example_task_group_decorator.py
[2024-11-16T13:46:51.646+0000] {processor.py:836} INFO - DAG(s) dict_keys(['example_task_group_decorator']) retrieved from /home/vscode/.local/lib/python3.10/site-packages/airflow/example_dags/example_task_group_decorator.py
[2024-11-16T13:46:51.661+0000] {logging_mixin.py:150} INFO - [2024-11-16T13:46:51.661+0000] {dag.py:2742} INFO - Sync 1 DAGs
[2024-11-16T13:46:51.678+0000] {logging_mixin.py:150} INFO - [2024-11-16T13:46:51.678+0000] {dag.py:3504} INFO - Setting next_dagrun for example_task_group_decorator to 2024-11-15T13:46:51.677971+00:00, run_after=2024-11-16T13:46:51.677971+00:00
[2024-11-16T13:46:51.692+0000] {processor.py:179} INFO - Processing /home/vscode/.local/lib/python3.10/site-packages/airflow/example_dags/example_task_group_decorator.py took 0.061 seconds
[2024-11-16T13:47:34.029+0000] {processor.py:157} INFO - Started process (PID=9150) to work on /home/vscode/.local/lib/python3.10/site-packages/airflow/example_dags/example_task_group_decorator.py
[2024-11-16T13:47:34.029+0000] {processor.py:826} INFO - Processing file /home/vscode/.local/lib/python3.10/site-packages/airflow/example_dags/example_task_group_decorator.py for tasks to queue
[2024-11-16T13:47:34.030+0000] {logging_mixin.py:150} INFO - [2024-11-16T13:47:34.030+0000] {dagbag.py:541} INFO - Filling up the DagBag from /home/vscode/.local/lib/python3.10/site-packages/airflow/example_dags/example_task_group_decorator.py
[2024-11-16T13:47:34.041+0000] {processor.py:836} INFO - DAG(s) dict_keys(['example_task_group_decorator']) retrieved from /home/vscode/.local/lib/python3.10/site-packages/airflow/example_dags/example_task_group_decorator.py
[2024-11-16T13:47:34.055+0000] {logging_mixin.py:150} INFO - [2024-11-16T13:47:34.054+0000] {dag.py:2742} INFO - Sync 1 DAGs
[2024-11-16T13:47:34.068+0000] {logging_mixin.py:150} INFO - [2024-11-16T13:47:34.068+0000] {dag.py:3504} INFO - Setting next_dagrun for example_task_group_decorator to 2024-11-15T13:47:34.068143+00:00, run_after=2024-11-16T13:47:34.068143+00:00
[2024-11-16T13:47:34.082+0000] {processor.py:179} INFO - Processing /home/vscode/.local/lib/python3.10/site-packages/airflow/example_dags/example_task_group_decorator.py took 0.055 seconds
[2024-11-16T13:48:12.570+0000] {processor.py:157} INFO - Started process (PID=9410) to work on /home/vscode/.local/lib/python3.10/site-packages/airflow/example_dags/example_task_group_decorator.py
[2024-11-16T13:48:12.571+0000] {processor.py:826} INFO - Processing file /home/vscode/.local/lib/python3.10/site-packages/airflow/example_dags/example_task_group_decorator.py for tasks to queue
[2024-11-16T13:48:12.571+0000] {logging_mixin.py:150} INFO - [2024-11-16T13:48:12.571+0000] {dagbag.py:541} INFO - Filling up the DagBag from /home/vscode/.local/lib/python3.10/site-packages/airflow/example_dags/example_task_group_decorator.py
[2024-11-16T13:48:12.582+0000] {processor.py:836} INFO - DAG(s) dict_keys(['example_task_group_decorator']) retrieved from /home/vscode/.local/lib/python3.10/site-packages/airflow/example_dags/example_task_group_decorator.py
[2024-11-16T13:48:12.596+0000] {logging_mixin.py:150} INFO - [2024-11-16T13:48:12.596+0000] {dag.py:2742} INFO - Sync 1 DAGs
[2024-11-16T13:48:12.609+0000] {logging_mixin.py:150} INFO - [2024-11-16T13:48:12.609+0000] {dag.py:3504} INFO - Setting next_dagrun for example_task_group_decorator to 2024-11-15T13:48:12.609669+00:00, run_after=2024-11-16T13:48:12.609669+00:00
[2024-11-16T13:48:12.624+0000] {processor.py:179} INFO - Processing /home/vscode/.local/lib/python3.10/site-packages/airflow/example_dags/example_task_group_decorator.py took 0.056 seconds
[2024-11-16T13:48:56.230+0000] {processor.py:157} INFO - Started process (PID=9710) to work on /home/vscode/.local/lib/python3.10/site-packages/airflow/example_dags/example_task_group_decorator.py
[2024-11-16T13:48:56.231+0000] {processor.py:826} INFO - Processing file /home/vscode/.local/lib/python3.10/site-packages/airflow/example_dags/example_task_group_decorator.py for tasks to queue
[2024-11-16T13:48:56.231+0000] {logging_mixin.py:150} INFO - [2024-11-16T13:48:56.231+0000] {dagbag.py:541} INFO - Filling up the DagBag from /home/vscode/.local/lib/python3.10/site-packages/airflow/example_dags/example_task_group_decorator.py
[2024-11-16T13:48:56.242+0000] {processor.py:836} INFO - DAG(s) dict_keys(['example_task_group_decorator']) retrieved from /home/vscode/.local/lib/python3.10/site-packages/airflow/example_dags/example_task_group_decorator.py
[2024-11-16T13:48:56.256+0000] {logging_mixin.py:150} INFO - [2024-11-16T13:48:56.256+0000] {dag.py:2742} INFO - Sync 1 DAGs
[2024-11-16T13:48:56.269+0000] {logging_mixin.py:150} INFO - [2024-11-16T13:48:56.269+0000] {dag.py:3504} INFO - Setting next_dagrun for example_task_group_decorator to 2024-11-15T13:48:56.269309+00:00, run_after=2024-11-16T13:48:56.269309+00:00
[2024-11-16T13:48:56.283+0000] {processor.py:179} INFO - Processing /home/vscode/.local/lib/python3.10/site-packages/airflow/example_dags/example_task_group_decorator.py took 0.055 seconds
[2024-11-16T13:49:46.825+0000] {processor.py:157} INFO - Started process (PID=10063) to work on /home/vscode/.local/lib/python3.10/site-packages/airflow/example_dags/example_task_group_decorator.py
[2024-11-16T13:49:46.826+0000] {processor.py:826} INFO - Processing file /home/vscode/.local/lib/python3.10/site-packages/airflow/example_dags/example_task_group_decorator.py for tasks to queue
[2024-11-16T13:49:46.826+0000] {logging_mixin.py:150} INFO - [2024-11-16T13:49:46.826+0000] {dagbag.py:541} INFO - Filling up the DagBag from /home/vscode/.local/lib/python3.10/site-packages/airflow/example_dags/example_task_group_decorator.py
[2024-11-16T13:49:46.840+0000] {processor.py:836} INFO - DAG(s) dict_keys(['example_task_group_decorator']) retrieved from /home/vscode/.local/lib/python3.10/site-packages/airflow/example_dags/example_task_group_decorator.py
[2024-11-16T13:49:46.856+0000] {logging_mixin.py:150} INFO - [2024-11-16T13:49:46.856+0000] {dag.py:2742} INFO - Sync 1 DAGs
[2024-11-16T13:49:46.870+0000] {logging_mixin.py:150} INFO - [2024-11-16T13:49:46.870+0000] {dag.py:3504} INFO - Setting next_dagrun for example_task_group_decorator to 2024-11-15T13:49:46.870270+00:00, run_after=2024-11-16T13:49:46.870270+00:00
[2024-11-16T13:49:46.886+0000] {processor.py:179} INFO - Processing /home/vscode/.local/lib/python3.10/site-packages/airflow/example_dags/example_task_group_decorator.py took 0.063 seconds
[2024-11-16T13:50:30.094+0000] {processor.py:157} INFO - Started process (PID=10351) to work on /home/vscode/.local/lib/python3.10/site-packages/airflow/example_dags/example_task_group_decorator.py
[2024-11-16T13:50:30.095+0000] {processor.py:826} INFO - Processing file /home/vscode/.local/lib/python3.10/site-packages/airflow/example_dags/example_task_group_decorator.py for tasks to queue
[2024-11-16T13:50:30.095+0000] {logging_mixin.py:150} INFO - [2024-11-16T13:50:30.095+0000] {dagbag.py:541} INFO - Filling up the DagBag from /home/vscode/.local/lib/python3.10/site-packages/airflow/example_dags/example_task_group_decorator.py
[2024-11-16T13:50:30.106+0000] {processor.py:836} INFO - DAG(s) dict_keys(['example_task_group_decorator']) retrieved from /home/vscode/.local/lib/python3.10/site-packages/airflow/example_dags/example_task_group_decorator.py
[2024-11-16T13:50:30.120+0000] {logging_mixin.py:150} INFO - [2024-11-16T13:50:30.120+0000] {dag.py:2742} INFO - Sync 1 DAGs
[2024-11-16T13:50:30.133+0000] {logging_mixin.py:150} INFO - [2024-11-16T13:50:30.133+0000] {dag.py:3504} INFO - Setting next_dagrun for example_task_group_decorator to 2024-11-15T13:50:30.133738+00:00, run_after=2024-11-16T13:50:30.133738+00:00
[2024-11-16T13:50:30.147+0000] {processor.py:179} INFO - Processing /home/vscode/.local/lib/python3.10/site-packages/airflow/example_dags/example_task_group_decorator.py took 0.056 seconds
[2024-11-16T13:51:13.432+0000] {processor.py:157} INFO - Started process (PID=10699) to work on /home/vscode/.local/lib/python3.10/site-packages/airflow/example_dags/example_task_group_decorator.py
[2024-11-16T13:51:13.432+0000] {processor.py:826} INFO - Processing file /home/vscode/.local/lib/python3.10/site-packages/airflow/example_dags/example_task_group_decorator.py for tasks to queue
[2024-11-16T13:51:13.433+0000] {logging_mixin.py:150} INFO - [2024-11-16T13:51:13.433+0000] {dagbag.py:541} INFO - Filling up the DagBag from /home/vscode/.local/lib/python3.10/site-packages/airflow/example_dags/example_task_group_decorator.py
[2024-11-16T13:51:13.444+0000] {processor.py:836} INFO - DAG(s) dict_keys(['example_task_group_decorator']) retrieved from /home/vscode/.local/lib/python3.10/site-packages/airflow/example_dags/example_task_group_decorator.py
[2024-11-16T13:51:13.457+0000] {logging_mixin.py:150} INFO - [2024-11-16T13:51:13.457+0000] {dag.py:2742} INFO - Sync 1 DAGs
[2024-11-16T13:51:13.472+0000] {logging_mixin.py:150} INFO - [2024-11-16T13:51:13.472+0000] {dag.py:3504} INFO - Setting next_dagrun for example_task_group_decorator to 2024-11-15T13:51:13.472514+00:00, run_after=2024-11-16T13:51:13.472514+00:00
[2024-11-16T13:51:13.486+0000] {processor.py:179} INFO - Processing /home/vscode/.local/lib/python3.10/site-packages/airflow/example_dags/example_task_group_decorator.py took 0.057 seconds
[2024-11-16T13:52:00.679+0000] {processor.py:157} INFO - Started process (PID=11088) to work on /home/vscode/.local/lib/python3.10/site-packages/airflow/example_dags/example_task_group_decorator.py
[2024-11-16T13:52:00.680+0000] {processor.py:826} INFO - Processing file /home/vscode/.local/lib/python3.10/site-packages/airflow/example_dags/example_task_group_decorator.py for tasks to queue
[2024-11-16T13:52:00.680+0000] {logging_mixin.py:150} INFO - [2024-11-16T13:52:00.680+0000] {dagbag.py:541} INFO - Filling up the DagBag from /home/vscode/.local/lib/python3.10/site-packages/airflow/example_dags/example_task_group_decorator.py
[2024-11-16T13:52:00.692+0000] {processor.py:836} INFO - DAG(s) dict_keys(['example_task_group_decorator']) retrieved from /home/vscode/.local/lib/python3.10/site-packages/airflow/example_dags/example_task_group_decorator.py
[2024-11-16T13:52:00.705+0000] {logging_mixin.py:150} INFO - [2024-11-16T13:52:00.705+0000] {dag.py:2742} INFO - Sync 1 DAGs
[2024-11-16T13:52:00.719+0000] {logging_mixin.py:150} INFO - [2024-11-16T13:52:00.719+0000] {dag.py:3504} INFO - Setting next_dagrun for example_task_group_decorator to 2024-11-15T13:52:00.718997+00:00, run_after=2024-11-16T13:52:00.718997+00:00
[2024-11-16T13:52:00.736+0000] {processor.py:179} INFO - Processing /home/vscode/.local/lib/python3.10/site-packages/airflow/example_dags/example_task_group_decorator.py took 0.059 seconds
