[2024-11-16T13:39:07.373+0000] {processor.py:157} INFO - Started process (PID=5716) to work on /home/vscode/.local/lib/python3.10/site-packages/airflow/example_dags/example_branch_datetime_operator.py
[2024-11-16T13:39:07.374+0000] {processor.py:826} INFO - Processing file /home/vscode/.local/lib/python3.10/site-packages/airflow/example_dags/example_branch_datetime_operator.py for tasks to queue
[2024-11-16T13:39:07.374+0000] {logging_mixin.py:150} INFO - [2024-11-16T13:39:07.374+0000] {dagbag.py:541} INFO - Filling up the DagBag from /home/vscode/.local/lib/python3.10/site-packages/airflow/example_dags/example_branch_datetime_operator.py
[2024-11-16T13:39:07.382+0000] {processor.py:836} INFO - DAG(s) dict_keys(['example_branch_datetime_operator_2', 'example_branch_datetime_operator', 'example_branch_datetime_operator_3']) retrieved from /home/vscode/.local/lib/python3.10/site-packages/airflow/example_dags/example_branch_datetime_operator.py
[2024-11-16T13:39:07.524+0000] {logging_mixin.py:150} INFO - [2024-11-16T13:39:07.523+0000] {manager.py:504} INFO - Created Permission View: can edit on DAG:example_branch_datetime_operator_2
[2024-11-16T13:39:07.531+0000] {logging_mixin.py:150} INFO - [2024-11-16T13:39:07.531+0000] {manager.py:504} INFO - Created Permission View: can delete on DAG:example_branch_datetime_operator_2
[2024-11-16T13:39:07.536+0000] {logging_mixin.py:150} INFO - [2024-11-16T13:39:07.536+0000] {manager.py:504} INFO - Created Permission View: can read on DAG:example_branch_datetime_operator_2
[2024-11-16T13:39:07.554+0000] {logging_mixin.py:150} INFO - [2024-11-16T13:39:07.554+0000] {manager.py:504} INFO - Created Permission View: can edit on DAG:example_branch_datetime_operator
[2024-11-16T13:39:07.559+0000] {logging_mixin.py:150} INFO - [2024-11-16T13:39:07.559+0000] {manager.py:504} INFO - Created Permission View: can delete on DAG:example_branch_datetime_operator
[2024-11-16T13:39:07.565+0000] {logging_mixin.py:150} INFO - [2024-11-16T13:39:07.565+0000] {manager.py:504} INFO - Created Permission View: can read on DAG:example_branch_datetime_operator
[2024-11-16T13:39:07.578+0000] {logging_mixin.py:150} INFO - [2024-11-16T13:39:07.578+0000] {manager.py:504} INFO - Created Permission View: can edit on DAG:example_branch_datetime_operator_3
[2024-11-16T13:39:07.584+0000] {logging_mixin.py:150} INFO - [2024-11-16T13:39:07.584+0000] {manager.py:504} INFO - Created Permission View: can delete on DAG:example_branch_datetime_operator_3
[2024-11-16T13:39:07.589+0000] {logging_mixin.py:150} INFO - [2024-11-16T13:39:07.589+0000] {manager.py:504} INFO - Created Permission View: can read on DAG:example_branch_datetime_operator_3
[2024-11-16T13:39:07.592+0000] {logging_mixin.py:150} INFO - [2024-11-16T13:39:07.592+0000] {dag.py:2742} INFO - Sync 3 DAGs
[2024-11-16T13:39:07.598+0000] {logging_mixin.py:150} INFO - [2024-11-16T13:39:07.598+0000] {dag.py:2763} INFO - Creating ORM DAG for example_branch_datetime_operator_3
[2024-11-16T13:39:07.599+0000] {logging_mixin.py:150} INFO - [2024-11-16T13:39:07.599+0000] {dag.py:2763} INFO - Creating ORM DAG for example_branch_datetime_operator
[2024-11-16T13:39:07.599+0000] {logging_mixin.py:150} INFO - [2024-11-16T13:39:07.599+0000] {dag.py:2763} INFO - Creating ORM DAG for example_branch_datetime_operator_2
[2024-11-16T13:39:07.606+0000] {logging_mixin.py:150} INFO - [2024-11-16T13:39:07.606+0000] {dag.py:3504} INFO - Setting next_dagrun for example_branch_datetime_operator to 2024-11-15T00:00:00+00:00, run_after=2024-11-16T00:00:00+00:00
[2024-11-16T13:39:07.607+0000] {logging_mixin.py:150} INFO - [2024-11-16T13:39:07.607+0000] {dag.py:3504} INFO - Setting next_dagrun for example_branch_datetime_operator_2 to 2024-11-15T00:00:00+00:00, run_after=2024-11-16T00:00:00+00:00
[2024-11-16T13:39:07.608+0000] {logging_mixin.py:150} INFO - [2024-11-16T13:39:07.608+0000] {dag.py:3504} INFO - Setting next_dagrun for example_branch_datetime_operator_3 to 2024-11-15T00:00:00+00:00, run_after=2024-11-16T00:00:00+00:00
[2024-11-16T13:39:07.622+0000] {processor.py:179} INFO - Processing /home/vscode/.local/lib/python3.10/site-packages/airflow/example_dags/example_branch_datetime_operator.py took 0.252 seconds
[2024-11-16T13:39:58.322+0000] {processor.py:157} INFO - Started process (PID=6099) to work on /home/vscode/.local/lib/python3.10/site-packages/airflow/example_dags/example_branch_datetime_operator.py
[2024-11-16T13:39:58.322+0000] {processor.py:826} INFO - Processing file /home/vscode/.local/lib/python3.10/site-packages/airflow/example_dags/example_branch_datetime_operator.py for tasks to queue
[2024-11-16T13:39:58.323+0000] {logging_mixin.py:150} INFO - [2024-11-16T13:39:58.323+0000] {dagbag.py:541} INFO - Filling up the DagBag from /home/vscode/.local/lib/python3.10/site-packages/airflow/example_dags/example_branch_datetime_operator.py
[2024-11-16T13:39:58.330+0000] {processor.py:836} INFO - DAG(s) dict_keys(['example_branch_datetime_operator_3', 'example_branch_datetime_operator', 'example_branch_datetime_operator_2']) retrieved from /home/vscode/.local/lib/python3.10/site-packages/airflow/example_dags/example_branch_datetime_operator.py
[2024-11-16T13:39:58.346+0000] {logging_mixin.py:150} INFO - [2024-11-16T13:39:58.346+0000] {dag.py:2742} INFO - Sync 3 DAGs
[2024-11-16T13:39:58.361+0000] {logging_mixin.py:150} INFO - [2024-11-16T13:39:58.361+0000] {dag.py:3504} INFO - Setting next_dagrun for example_branch_datetime_operator to 2024-11-15T00:00:00+00:00, run_after=2024-11-16T00:00:00+00:00
[2024-11-16T13:39:58.364+0000] {logging_mixin.py:150} INFO - [2024-11-16T13:39:58.364+0000] {dag.py:3504} INFO - Setting next_dagrun for example_branch_datetime_operator_2 to 2024-11-15T00:00:00+00:00, run_after=2024-11-16T00:00:00+00:00
[2024-11-16T13:39:58.366+0000] {logging_mixin.py:150} INFO - [2024-11-16T13:39:58.365+0000] {dag.py:3504} INFO - Setting next_dagrun for example_branch_datetime_operator_3 to 2024-11-15T00:00:00+00:00, run_after=2024-11-16T00:00:00+00:00
[2024-11-16T13:39:58.379+0000] {processor.py:179} INFO - Processing /home/vscode/.local/lib/python3.10/site-packages/airflow/example_dags/example_branch_datetime_operator.py took 0.059 seconds
[2024-11-16T13:40:43.007+0000] {processor.py:157} INFO - Started process (PID=6401) to work on /home/vscode/.local/lib/python3.10/site-packages/airflow/example_dags/example_branch_datetime_operator.py
[2024-11-16T13:40:43.008+0000] {processor.py:826} INFO - Processing file /home/vscode/.local/lib/python3.10/site-packages/airflow/example_dags/example_branch_datetime_operator.py for tasks to queue
[2024-11-16T13:40:43.008+0000] {logging_mixin.py:150} INFO - [2024-11-16T13:40:43.008+0000] {dagbag.py:541} INFO - Filling up the DagBag from /home/vscode/.local/lib/python3.10/site-packages/airflow/example_dags/example_branch_datetime_operator.py
[2024-11-16T13:40:43.016+0000] {processor.py:836} INFO - DAG(s) dict_keys(['example_branch_datetime_operator', 'example_branch_datetime_operator_2', 'example_branch_datetime_operator_3']) retrieved from /home/vscode/.local/lib/python3.10/site-packages/airflow/example_dags/example_branch_datetime_operator.py
[2024-11-16T13:40:43.031+0000] {logging_mixin.py:150} INFO - [2024-11-16T13:40:43.031+0000] {dag.py:2742} INFO - Sync 3 DAGs
[2024-11-16T13:40:43.045+0000] {logging_mixin.py:150} INFO - [2024-11-16T13:40:43.045+0000] {dag.py:3504} INFO - Setting next_dagrun for example_branch_datetime_operator to 2024-11-15T00:00:00+00:00, run_after=2024-11-16T00:00:00+00:00
[2024-11-16T13:40:43.048+0000] {logging_mixin.py:150} INFO - [2024-11-16T13:40:43.048+0000] {dag.py:3504} INFO - Setting next_dagrun for example_branch_datetime_operator_2 to 2024-11-15T00:00:00+00:00, run_after=2024-11-16T00:00:00+00:00
[2024-11-16T13:40:43.050+0000] {logging_mixin.py:150} INFO - [2024-11-16T13:40:43.050+0000] {dag.py:3504} INFO - Setting next_dagrun for example_branch_datetime_operator_3 to 2024-11-15T00:00:00+00:00, run_after=2024-11-16T00:00:00+00:00
[2024-11-16T13:40:43.062+0000] {processor.py:179} INFO - Processing /home/vscode/.local/lib/python3.10/site-packages/airflow/example_dags/example_branch_datetime_operator.py took 0.057 seconds
[2024-11-16T13:41:26.616+0000] {processor.py:157} INFO - Started process (PID=6694) to work on /home/vscode/.local/lib/python3.10/site-packages/airflow/example_dags/example_branch_datetime_operator.py
[2024-11-16T13:41:26.617+0000] {processor.py:826} INFO - Processing file /home/vscode/.local/lib/python3.10/site-packages/airflow/example_dags/example_branch_datetime_operator.py for tasks to queue
[2024-11-16T13:41:26.617+0000] {logging_mixin.py:150} INFO - [2024-11-16T13:41:26.617+0000] {dagbag.py:541} INFO - Filling up the DagBag from /home/vscode/.local/lib/python3.10/site-packages/airflow/example_dags/example_branch_datetime_operator.py
[2024-11-16T13:41:26.624+0000] {processor.py:836} INFO - DAG(s) dict_keys(['example_branch_datetime_operator_2', 'example_branch_datetime_operator', 'example_branch_datetime_operator_3']) retrieved from /home/vscode/.local/lib/python3.10/site-packages/airflow/example_dags/example_branch_datetime_operator.py
[2024-11-16T13:41:26.640+0000] {logging_mixin.py:150} INFO - [2024-11-16T13:41:26.640+0000] {dag.py:2742} INFO - Sync 3 DAGs
[2024-11-16T13:41:26.655+0000] {logging_mixin.py:150} INFO - [2024-11-16T13:41:26.654+0000] {dag.py:3504} INFO - Setting next_dagrun for example_branch_datetime_operator to 2024-11-15T00:00:00+00:00, run_after=2024-11-16T00:00:00+00:00
[2024-11-16T13:41:26.658+0000] {logging_mixin.py:150} INFO - [2024-11-16T13:41:26.658+0000] {dag.py:3504} INFO - Setting next_dagrun for example_branch_datetime_operator_2 to 2024-11-15T00:00:00+00:00, run_after=2024-11-16T00:00:00+00:00
[2024-11-16T13:41:26.659+0000] {logging_mixin.py:150} INFO - [2024-11-16T13:41:26.659+0000] {dag.py:3504} INFO - Setting next_dagrun for example_branch_datetime_operator_3 to 2024-11-15T00:00:00+00:00, run_after=2024-11-16T00:00:00+00:00
[2024-11-16T13:41:26.672+0000] {processor.py:179} INFO - Processing /home/vscode/.local/lib/python3.10/site-packages/airflow/example_dags/example_branch_datetime_operator.py took 0.057 seconds
[2024-11-16T13:42:13.431+0000] {processor.py:157} INFO - Started process (PID=7012) to work on /home/vscode/.local/lib/python3.10/site-packages/airflow/example_dags/example_branch_datetime_operator.py
[2024-11-16T13:42:13.432+0000] {processor.py:826} INFO - Processing file /home/vscode/.local/lib/python3.10/site-packages/airflow/example_dags/example_branch_datetime_operator.py for tasks to queue
[2024-11-16T13:42:13.432+0000] {logging_mixin.py:150} INFO - [2024-11-16T13:42:13.432+0000] {dagbag.py:541} INFO - Filling up the DagBag from /home/vscode/.local/lib/python3.10/site-packages/airflow/example_dags/example_branch_datetime_operator.py
[2024-11-16T13:42:13.440+0000] {processor.py:836} INFO - DAG(s) dict_keys(['example_branch_datetime_operator', 'example_branch_datetime_operator_2', 'example_branch_datetime_operator_3']) retrieved from /home/vscode/.local/lib/python3.10/site-packages/airflow/example_dags/example_branch_datetime_operator.py
[2024-11-16T13:42:13.456+0000] {logging_mixin.py:150} INFO - [2024-11-16T13:42:13.456+0000] {dag.py:2742} INFO - Sync 3 DAGs
[2024-11-16T13:42:13.471+0000] {logging_mixin.py:150} INFO - [2024-11-16T13:42:13.471+0000] {dag.py:3504} INFO - Setting next_dagrun for example_branch_datetime_operator to 2024-11-15T00:00:00+00:00, run_after=2024-11-16T00:00:00+00:00
[2024-11-16T13:42:13.474+0000] {logging_mixin.py:150} INFO - [2024-11-16T13:42:13.474+0000] {dag.py:3504} INFO - Setting next_dagrun for example_branch_datetime_operator_2 to 2024-11-15T00:00:00+00:00, run_after=2024-11-16T00:00:00+00:00
[2024-11-16T13:42:13.475+0000] {logging_mixin.py:150} INFO - [2024-11-16T13:42:13.475+0000] {dag.py:3504} INFO - Setting next_dagrun for example_branch_datetime_operator_3 to 2024-11-15T00:00:00+00:00, run_after=2024-11-16T00:00:00+00:00
[2024-11-16T13:42:13.488+0000] {processor.py:179} INFO - Processing /home/vscode/.local/lib/python3.10/site-packages/airflow/example_dags/example_branch_datetime_operator.py took 0.060 seconds
[2024-11-16T13:42:55.673+0000] {processor.py:157} INFO - Started process (PID=7292) to work on /home/vscode/.local/lib/python3.10/site-packages/airflow/example_dags/example_branch_datetime_operator.py
[2024-11-16T13:42:55.673+0000] {processor.py:826} INFO - Processing file /home/vscode/.local/lib/python3.10/site-packages/airflow/example_dags/example_branch_datetime_operator.py for tasks to queue
[2024-11-16T13:42:55.674+0000] {logging_mixin.py:150} INFO - [2024-11-16T13:42:55.673+0000] {dagbag.py:541} INFO - Filling up the DagBag from /home/vscode/.local/lib/python3.10/site-packages/airflow/example_dags/example_branch_datetime_operator.py
[2024-11-16T13:42:55.681+0000] {processor.py:836} INFO - DAG(s) dict_keys(['example_branch_datetime_operator_3', 'example_branch_datetime_operator_2', 'example_branch_datetime_operator']) retrieved from /home/vscode/.local/lib/python3.10/site-packages/airflow/example_dags/example_branch_datetime_operator.py
[2024-11-16T13:42:55.696+0000] {logging_mixin.py:150} INFO - [2024-11-16T13:42:55.696+0000] {dag.py:2742} INFO - Sync 3 DAGs
[2024-11-16T13:42:55.711+0000] {logging_mixin.py:150} INFO - [2024-11-16T13:42:55.711+0000] {dag.py:3504} INFO - Setting next_dagrun for example_branch_datetime_operator to 2024-11-15T00:00:00+00:00, run_after=2024-11-16T00:00:00+00:00
[2024-11-16T13:42:55.714+0000] {logging_mixin.py:150} INFO - [2024-11-16T13:42:55.714+0000] {dag.py:3504} INFO - Setting next_dagrun for example_branch_datetime_operator_2 to 2024-11-15T00:00:00+00:00, run_after=2024-11-16T00:00:00+00:00
[2024-11-16T13:42:55.716+0000] {logging_mixin.py:150} INFO - [2024-11-16T13:42:55.716+0000] {dag.py:3504} INFO - Setting next_dagrun for example_branch_datetime_operator_3 to 2024-11-15T00:00:00+00:00, run_after=2024-11-16T00:00:00+00:00
[2024-11-16T13:42:55.729+0000] {processor.py:179} INFO - Processing /home/vscode/.local/lib/python3.10/site-packages/airflow/example_dags/example_branch_datetime_operator.py took 0.059 seconds
[2024-11-16T13:43:43.477+0000] {processor.py:157} INFO - Started process (PID=7610) to work on /home/vscode/.local/lib/python3.10/site-packages/airflow/example_dags/example_branch_datetime_operator.py
[2024-11-16T13:43:43.477+0000] {processor.py:826} INFO - Processing file /home/vscode/.local/lib/python3.10/site-packages/airflow/example_dags/example_branch_datetime_operator.py for tasks to queue
[2024-11-16T13:43:43.478+0000] {logging_mixin.py:150} INFO - [2024-11-16T13:43:43.478+0000] {dagbag.py:541} INFO - Filling up the DagBag from /home/vscode/.local/lib/python3.10/site-packages/airflow/example_dags/example_branch_datetime_operator.py
[2024-11-16T13:43:43.485+0000] {processor.py:836} INFO - DAG(s) dict_keys(['example_branch_datetime_operator_3', 'example_branch_datetime_operator_2', 'example_branch_datetime_operator']) retrieved from /home/vscode/.local/lib/python3.10/site-packages/airflow/example_dags/example_branch_datetime_operator.py
[2024-11-16T13:43:43.501+0000] {logging_mixin.py:150} INFO - [2024-11-16T13:43:43.500+0000] {dag.py:2742} INFO - Sync 3 DAGs
[2024-11-16T13:43:43.515+0000] {logging_mixin.py:150} INFO - [2024-11-16T13:43:43.515+0000] {dag.py:3504} INFO - Setting next_dagrun for example_branch_datetime_operator to 2024-11-15T00:00:00+00:00, run_after=2024-11-16T00:00:00+00:00
[2024-11-16T13:43:43.518+0000] {logging_mixin.py:150} INFO - [2024-11-16T13:43:43.518+0000] {dag.py:3504} INFO - Setting next_dagrun for example_branch_datetime_operator_2 to 2024-11-15T00:00:00+00:00, run_after=2024-11-16T00:00:00+00:00
[2024-11-16T13:43:43.520+0000] {logging_mixin.py:150} INFO - [2024-11-16T13:43:43.520+0000] {dag.py:3504} INFO - Setting next_dagrun for example_branch_datetime_operator_3 to 2024-11-15T00:00:00+00:00, run_after=2024-11-16T00:00:00+00:00
[2024-11-16T13:43:43.532+0000] {processor.py:179} INFO - Processing /home/vscode/.local/lib/python3.10/site-packages/airflow/example_dags/example_branch_datetime_operator.py took 0.058 seconds
[2024-11-16T13:44:26.946+0000] {processor.py:157} INFO - Started process (PID=7903) to work on /home/vscode/.local/lib/python3.10/site-packages/airflow/example_dags/example_branch_datetime_operator.py
[2024-11-16T13:44:26.946+0000] {processor.py:826} INFO - Processing file /home/vscode/.local/lib/python3.10/site-packages/airflow/example_dags/example_branch_datetime_operator.py for tasks to queue
[2024-11-16T13:44:26.947+0000] {logging_mixin.py:150} INFO - [2024-11-16T13:44:26.947+0000] {dagbag.py:541} INFO - Filling up the DagBag from /home/vscode/.local/lib/python3.10/site-packages/airflow/example_dags/example_branch_datetime_operator.py
[2024-11-16T13:44:26.954+0000] {processor.py:836} INFO - DAG(s) dict_keys(['example_branch_datetime_operator_2', 'example_branch_datetime_operator_3', 'example_branch_datetime_operator']) retrieved from /home/vscode/.local/lib/python3.10/site-packages/airflow/example_dags/example_branch_datetime_operator.py
[2024-11-16T13:44:26.969+0000] {logging_mixin.py:150} INFO - [2024-11-16T13:44:26.969+0000] {dag.py:2742} INFO - Sync 3 DAGs
[2024-11-16T13:44:26.984+0000] {logging_mixin.py:150} INFO - [2024-11-16T13:44:26.984+0000] {dag.py:3504} INFO - Setting next_dagrun for example_branch_datetime_operator to 2024-11-15T00:00:00+00:00, run_after=2024-11-16T00:00:00+00:00
[2024-11-16T13:44:26.988+0000] {logging_mixin.py:150} INFO - [2024-11-16T13:44:26.987+0000] {dag.py:3504} INFO - Setting next_dagrun for example_branch_datetime_operator_2 to 2024-11-15T00:00:00+00:00, run_after=2024-11-16T00:00:00+00:00
[2024-11-16T13:44:26.989+0000] {logging_mixin.py:150} INFO - [2024-11-16T13:44:26.989+0000] {dag.py:3504} INFO - Setting next_dagrun for example_branch_datetime_operator_3 to 2024-11-15T00:00:00+00:00, run_after=2024-11-16T00:00:00+00:00
[2024-11-16T13:44:27.002+0000] {processor.py:179} INFO - Processing /home/vscode/.local/lib/python3.10/site-packages/airflow/example_dags/example_branch_datetime_operator.py took 0.058 seconds
[2024-11-16T13:45:11.226+0000] {processor.py:157} INFO - Started process (PID=8198) to work on /home/vscode/.local/lib/python3.10/site-packages/airflow/example_dags/example_branch_datetime_operator.py
[2024-11-16T13:45:11.227+0000] {processor.py:826} INFO - Processing file /home/vscode/.local/lib/python3.10/site-packages/airflow/example_dags/example_branch_datetime_operator.py for tasks to queue
[2024-11-16T13:45:11.227+0000] {logging_mixin.py:150} INFO - [2024-11-16T13:45:11.227+0000] {dagbag.py:541} INFO - Filling up the DagBag from /home/vscode/.local/lib/python3.10/site-packages/airflow/example_dags/example_branch_datetime_operator.py
[2024-11-16T13:45:11.235+0000] {processor.py:836} INFO - DAG(s) dict_keys(['example_branch_datetime_operator_2', 'example_branch_datetime_operator', 'example_branch_datetime_operator_3']) retrieved from /home/vscode/.local/lib/python3.10/site-packages/airflow/example_dags/example_branch_datetime_operator.py
[2024-11-16T13:45:11.250+0000] {logging_mixin.py:150} INFO - [2024-11-16T13:45:11.250+0000] {dag.py:2742} INFO - Sync 3 DAGs
[2024-11-16T13:45:11.265+0000] {logging_mixin.py:150} INFO - [2024-11-16T13:45:11.265+0000] {dag.py:3504} INFO - Setting next_dagrun for example_branch_datetime_operator to 2024-11-15T00:00:00+00:00, run_after=2024-11-16T00:00:00+00:00
[2024-11-16T13:45:11.268+0000] {logging_mixin.py:150} INFO - [2024-11-16T13:45:11.268+0000] {dag.py:3504} INFO - Setting next_dagrun for example_branch_datetime_operator_2 to 2024-11-15T00:00:00+00:00, run_after=2024-11-16T00:00:00+00:00
[2024-11-16T13:45:11.269+0000] {logging_mixin.py:150} INFO - [2024-11-16T13:45:11.269+0000] {dag.py:3504} INFO - Setting next_dagrun for example_branch_datetime_operator_3 to 2024-11-15T00:00:00+00:00, run_after=2024-11-16T00:00:00+00:00
[2024-11-16T13:45:11.282+0000] {processor.py:179} INFO - Processing /home/vscode/.local/lib/python3.10/site-packages/airflow/example_dags/example_branch_datetime_operator.py took 0.058 seconds
[2024-11-16T13:46:00.281+0000] {processor.py:157} INFO - Started process (PID=8525) to work on /home/vscode/.local/lib/python3.10/site-packages/airflow/example_dags/example_branch_datetime_operator.py
[2024-11-16T13:46:00.282+0000] {processor.py:826} INFO - Processing file /home/vscode/.local/lib/python3.10/site-packages/airflow/example_dags/example_branch_datetime_operator.py for tasks to queue
[2024-11-16T13:46:00.282+0000] {logging_mixin.py:150} INFO - [2024-11-16T13:46:00.282+0000] {dagbag.py:541} INFO - Filling up the DagBag from /home/vscode/.local/lib/python3.10/site-packages/airflow/example_dags/example_branch_datetime_operator.py
[2024-11-16T13:46:00.289+0000] {processor.py:836} INFO - DAG(s) dict_keys(['example_branch_datetime_operator_3', 'example_branch_datetime_operator', 'example_branch_datetime_operator_2']) retrieved from /home/vscode/.local/lib/python3.10/site-packages/airflow/example_dags/example_branch_datetime_operator.py
[2024-11-16T13:46:00.305+0000] {logging_mixin.py:150} INFO - [2024-11-16T13:46:00.305+0000] {dag.py:2742} INFO - Sync 3 DAGs
[2024-11-16T13:46:00.320+0000] {logging_mixin.py:150} INFO - [2024-11-16T13:46:00.319+0000] {dag.py:3504} INFO - Setting next_dagrun for example_branch_datetime_operator to 2024-11-15T00:00:00+00:00, run_after=2024-11-16T00:00:00+00:00
[2024-11-16T13:46:00.323+0000] {logging_mixin.py:150} INFO - [2024-11-16T13:46:00.323+0000] {dag.py:3504} INFO - Setting next_dagrun for example_branch_datetime_operator_2 to 2024-11-15T00:00:00+00:00, run_after=2024-11-16T00:00:00+00:00
[2024-11-16T13:46:00.324+0000] {logging_mixin.py:150} INFO - [2024-11-16T13:46:00.324+0000] {dag.py:3504} INFO - Setting next_dagrun for example_branch_datetime_operator_3 to 2024-11-15T00:00:00+00:00, run_after=2024-11-16T00:00:00+00:00
[2024-11-16T13:46:00.337+0000] {processor.py:179} INFO - Processing /home/vscode/.local/lib/python3.10/site-packages/airflow/example_dags/example_branch_datetime_operator.py took 0.058 seconds
[2024-11-16T13:46:44.501+0000] {processor.py:157} INFO - Started process (PID=8820) to work on /home/vscode/.local/lib/python3.10/site-packages/airflow/example_dags/example_branch_datetime_operator.py
[2024-11-16T13:46:44.502+0000] {processor.py:826} INFO - Processing file /home/vscode/.local/lib/python3.10/site-packages/airflow/example_dags/example_branch_datetime_operator.py for tasks to queue
[2024-11-16T13:46:44.503+0000] {logging_mixin.py:150} INFO - [2024-11-16T13:46:44.502+0000] {dagbag.py:541} INFO - Filling up the DagBag from /home/vscode/.local/lib/python3.10/site-packages/airflow/example_dags/example_branch_datetime_operator.py
[2024-11-16T13:46:44.511+0000] {processor.py:836} INFO - DAG(s) dict_keys(['example_branch_datetime_operator', 'example_branch_datetime_operator_3', 'example_branch_datetime_operator_2']) retrieved from /home/vscode/.local/lib/python3.10/site-packages/airflow/example_dags/example_branch_datetime_operator.py
[2024-11-16T13:46:44.527+0000] {logging_mixin.py:150} INFO - [2024-11-16T13:46:44.527+0000] {dag.py:2742} INFO - Sync 3 DAGs
[2024-11-16T13:46:44.543+0000] {logging_mixin.py:150} INFO - [2024-11-16T13:46:44.543+0000] {dag.py:3504} INFO - Setting next_dagrun for example_branch_datetime_operator to 2024-11-15T00:00:00+00:00, run_after=2024-11-16T00:00:00+00:00
[2024-11-16T13:46:44.546+0000] {logging_mixin.py:150} INFO - [2024-11-16T13:46:44.546+0000] {dag.py:3504} INFO - Setting next_dagrun for example_branch_datetime_operator_2 to 2024-11-15T00:00:00+00:00, run_after=2024-11-16T00:00:00+00:00
[2024-11-16T13:46:44.548+0000] {logging_mixin.py:150} INFO - [2024-11-16T13:46:44.547+0000] {dag.py:3504} INFO - Setting next_dagrun for example_branch_datetime_operator_3 to 2024-11-15T00:00:00+00:00, run_after=2024-11-16T00:00:00+00:00
[2024-11-16T13:46:44.561+0000] {processor.py:179} INFO - Processing /home/vscode/.local/lib/python3.10/site-packages/airflow/example_dags/example_branch_datetime_operator.py took 0.062 seconds
[2024-11-16T13:47:26.443+0000] {processor.py:157} INFO - Started process (PID=9111) to work on /home/vscode/.local/lib/python3.10/site-packages/airflow/example_dags/example_branch_datetime_operator.py
[2024-11-16T13:47:26.443+0000] {processor.py:826} INFO - Processing file /home/vscode/.local/lib/python3.10/site-packages/airflow/example_dags/example_branch_datetime_operator.py for tasks to queue
[2024-11-16T13:47:26.444+0000] {logging_mixin.py:150} INFO - [2024-11-16T13:47:26.444+0000] {dagbag.py:541} INFO - Filling up the DagBag from /home/vscode/.local/lib/python3.10/site-packages/airflow/example_dags/example_branch_datetime_operator.py
[2024-11-16T13:47:26.451+0000] {processor.py:836} INFO - DAG(s) dict_keys(['example_branch_datetime_operator', 'example_branch_datetime_operator_3', 'example_branch_datetime_operator_2']) retrieved from /home/vscode/.local/lib/python3.10/site-packages/airflow/example_dags/example_branch_datetime_operator.py
[2024-11-16T13:47:26.467+0000] {logging_mixin.py:150} INFO - [2024-11-16T13:47:26.467+0000] {dag.py:2742} INFO - Sync 3 DAGs
[2024-11-16T13:47:26.482+0000] {logging_mixin.py:150} INFO - [2024-11-16T13:47:26.482+0000] {dag.py:3504} INFO - Setting next_dagrun for example_branch_datetime_operator to 2024-11-15T00:00:00+00:00, run_after=2024-11-16T00:00:00+00:00
[2024-11-16T13:47:26.485+0000] {logging_mixin.py:150} INFO - [2024-11-16T13:47:26.485+0000] {dag.py:3504} INFO - Setting next_dagrun for example_branch_datetime_operator_2 to 2024-11-15T00:00:00+00:00, run_after=2024-11-16T00:00:00+00:00
[2024-11-16T13:47:26.487+0000] {logging_mixin.py:150} INFO - [2024-11-16T13:47:26.486+0000] {dag.py:3504} INFO - Setting next_dagrun for example_branch_datetime_operator_3 to 2024-11-15T00:00:00+00:00, run_after=2024-11-16T00:00:00+00:00
[2024-11-16T13:47:26.499+0000] {processor.py:179} INFO - Processing /home/vscode/.local/lib/python3.10/site-packages/airflow/example_dags/example_branch_datetime_operator.py took 0.058 seconds
[2024-11-16T13:48:19.978+0000] {processor.py:157} INFO - Started process (PID=9460) to work on /home/vscode/.local/lib/python3.10/site-packages/airflow/example_dags/example_branch_datetime_operator.py
[2024-11-16T13:48:19.978+0000] {processor.py:826} INFO - Processing file /home/vscode/.local/lib/python3.10/site-packages/airflow/example_dags/example_branch_datetime_operator.py for tasks to queue
[2024-11-16T13:48:19.979+0000] {logging_mixin.py:150} INFO - [2024-11-16T13:48:19.979+0000] {dagbag.py:541} INFO - Filling up the DagBag from /home/vscode/.local/lib/python3.10/site-packages/airflow/example_dags/example_branch_datetime_operator.py
[2024-11-16T13:48:19.986+0000] {processor.py:836} INFO - DAG(s) dict_keys(['example_branch_datetime_operator', 'example_branch_datetime_operator_2', 'example_branch_datetime_operator_3']) retrieved from /home/vscode/.local/lib/python3.10/site-packages/airflow/example_dags/example_branch_datetime_operator.py
[2024-11-16T13:48:20.005+0000] {logging_mixin.py:150} INFO - [2024-11-16T13:48:20.005+0000] {dag.py:2742} INFO - Sync 3 DAGs
[2024-11-16T13:48:20.022+0000] {logging_mixin.py:150} INFO - [2024-11-16T13:48:20.021+0000] {dag.py:3504} INFO - Setting next_dagrun for example_branch_datetime_operator to 2024-11-15T00:00:00+00:00, run_after=2024-11-16T00:00:00+00:00
[2024-11-16T13:48:20.026+0000] {logging_mixin.py:150} INFO - [2024-11-16T13:48:20.026+0000] {dag.py:3504} INFO - Setting next_dagrun for example_branch_datetime_operator_2 to 2024-11-15T00:00:00+00:00, run_after=2024-11-16T00:00:00+00:00
[2024-11-16T13:48:20.028+0000] {logging_mixin.py:150} INFO - [2024-11-16T13:48:20.028+0000] {dag.py:3504} INFO - Setting next_dagrun for example_branch_datetime_operator_3 to 2024-11-15T00:00:00+00:00, run_after=2024-11-16T00:00:00+00:00
[2024-11-16T13:48:20.043+0000] {processor.py:179} INFO - Processing /home/vscode/.local/lib/python3.10/site-packages/airflow/example_dags/example_branch_datetime_operator.py took 0.068 seconds
[2024-11-16T13:49:03.374+0000] {processor.py:157} INFO - Started process (PID=9748) to work on /home/vscode/.local/lib/python3.10/site-packages/airflow/example_dags/example_branch_datetime_operator.py
[2024-11-16T13:49:03.374+0000] {processor.py:826} INFO - Processing file /home/vscode/.local/lib/python3.10/site-packages/airflow/example_dags/example_branch_datetime_operator.py for tasks to queue
[2024-11-16T13:49:03.375+0000] {logging_mixin.py:150} INFO - [2024-11-16T13:49:03.375+0000] {dagbag.py:541} INFO - Filling up the DagBag from /home/vscode/.local/lib/python3.10/site-packages/airflow/example_dags/example_branch_datetime_operator.py
[2024-11-16T13:49:03.382+0000] {processor.py:836} INFO - DAG(s) dict_keys(['example_branch_datetime_operator', 'example_branch_datetime_operator_2', 'example_branch_datetime_operator_3']) retrieved from /home/vscode/.local/lib/python3.10/site-packages/airflow/example_dags/example_branch_datetime_operator.py
[2024-11-16T13:49:03.398+0000] {logging_mixin.py:150} INFO - [2024-11-16T13:49:03.397+0000] {dag.py:2742} INFO - Sync 3 DAGs
[2024-11-16T13:49:03.414+0000] {logging_mixin.py:150} INFO - [2024-11-16T13:49:03.414+0000] {dag.py:3504} INFO - Setting next_dagrun for example_branch_datetime_operator to 2024-11-15T00:00:00+00:00, run_after=2024-11-16T00:00:00+00:00
[2024-11-16T13:49:03.419+0000] {logging_mixin.py:150} INFO - [2024-11-16T13:49:03.419+0000] {dag.py:3504} INFO - Setting next_dagrun for example_branch_datetime_operator_2 to 2024-11-15T00:00:00+00:00, run_after=2024-11-16T00:00:00+00:00
[2024-11-16T13:49:03.421+0000] {logging_mixin.py:150} INFO - [2024-11-16T13:49:03.421+0000] {dag.py:3504} INFO - Setting next_dagrun for example_branch_datetime_operator_3 to 2024-11-15T00:00:00+00:00, run_after=2024-11-16T00:00:00+00:00
[2024-11-16T13:49:03.439+0000] {processor.py:179} INFO - Processing /home/vscode/.local/lib/python3.10/site-packages/airflow/example_dags/example_branch_datetime_operator.py took 0.068 seconds
[2024-11-16T13:49:53.623+0000] {processor.py:157} INFO - Started process (PID=10108) to work on /home/vscode/.local/lib/python3.10/site-packages/airflow/example_dags/example_branch_datetime_operator.py
[2024-11-16T13:49:53.623+0000] {processor.py:826} INFO - Processing file /home/vscode/.local/lib/python3.10/site-packages/airflow/example_dags/example_branch_datetime_operator.py for tasks to queue
[2024-11-16T13:49:53.624+0000] {logging_mixin.py:150} INFO - [2024-11-16T13:49:53.624+0000] {dagbag.py:541} INFO - Filling up the DagBag from /home/vscode/.local/lib/python3.10/site-packages/airflow/example_dags/example_branch_datetime_operator.py
[2024-11-16T13:49:53.631+0000] {processor.py:836} INFO - DAG(s) dict_keys(['example_branch_datetime_operator', 'example_branch_datetime_operator_3', 'example_branch_datetime_operator_2']) retrieved from /home/vscode/.local/lib/python3.10/site-packages/airflow/example_dags/example_branch_datetime_operator.py
[2024-11-16T13:49:53.647+0000] {logging_mixin.py:150} INFO - [2024-11-16T13:49:53.646+0000] {dag.py:2742} INFO - Sync 3 DAGs
[2024-11-16T13:49:53.661+0000] {logging_mixin.py:150} INFO - [2024-11-16T13:49:53.661+0000] {dag.py:3504} INFO - Setting next_dagrun for example_branch_datetime_operator to 2024-11-15T00:00:00+00:00, run_after=2024-11-16T00:00:00+00:00
[2024-11-16T13:49:53.664+0000] {logging_mixin.py:150} INFO - [2024-11-16T13:49:53.664+0000] {dag.py:3504} INFO - Setting next_dagrun for example_branch_datetime_operator_2 to 2024-11-15T00:00:00+00:00, run_after=2024-11-16T00:00:00+00:00
[2024-11-16T13:49:53.666+0000] {logging_mixin.py:150} INFO - [2024-11-16T13:49:53.666+0000] {dag.py:3504} INFO - Setting next_dagrun for example_branch_datetime_operator_3 to 2024-11-15T00:00:00+00:00, run_after=2024-11-16T00:00:00+00:00
[2024-11-16T13:49:53.678+0000] {processor.py:179} INFO - Processing /home/vscode/.local/lib/python3.10/site-packages/airflow/example_dags/example_branch_datetime_operator.py took 0.058 seconds
[2024-11-16T13:50:37.461+0000] {processor.py:157} INFO - Started process (PID=10412) to work on /home/vscode/.local/lib/python3.10/site-packages/airflow/example_dags/example_branch_datetime_operator.py
[2024-11-16T13:50:37.462+0000] {processor.py:826} INFO - Processing file /home/vscode/.local/lib/python3.10/site-packages/airflow/example_dags/example_branch_datetime_operator.py for tasks to queue
[2024-11-16T13:50:37.463+0000] {logging_mixin.py:150} INFO - [2024-11-16T13:50:37.462+0000] {dagbag.py:541} INFO - Filling up the DagBag from /home/vscode/.local/lib/python3.10/site-packages/airflow/example_dags/example_branch_datetime_operator.py
[2024-11-16T13:50:37.470+0000] {processor.py:836} INFO - DAG(s) dict_keys(['example_branch_datetime_operator_3', 'example_branch_datetime_operator', 'example_branch_datetime_operator_2']) retrieved from /home/vscode/.local/lib/python3.10/site-packages/airflow/example_dags/example_branch_datetime_operator.py
[2024-11-16T13:50:37.485+0000] {logging_mixin.py:150} INFO - [2024-11-16T13:50:37.485+0000] {dag.py:2742} INFO - Sync 3 DAGs
[2024-11-16T13:50:37.500+0000] {logging_mixin.py:150} INFO - [2024-11-16T13:50:37.500+0000] {dag.py:3504} INFO - Setting next_dagrun for example_branch_datetime_operator to 2024-11-15T00:00:00+00:00, run_after=2024-11-16T00:00:00+00:00
[2024-11-16T13:50:37.503+0000] {logging_mixin.py:150} INFO - [2024-11-16T13:50:37.503+0000] {dag.py:3504} INFO - Setting next_dagrun for example_branch_datetime_operator_2 to 2024-11-15T00:00:00+00:00, run_after=2024-11-16T00:00:00+00:00
[2024-11-16T13:50:37.505+0000] {logging_mixin.py:150} INFO - [2024-11-16T13:50:37.505+0000] {dag.py:3504} INFO - Setting next_dagrun for example_branch_datetime_operator_3 to 2024-11-15T00:00:00+00:00, run_after=2024-11-16T00:00:00+00:00
[2024-11-16T13:50:37.517+0000] {processor.py:179} INFO - Processing /home/vscode/.local/lib/python3.10/site-packages/airflow/example_dags/example_branch_datetime_operator.py took 0.058 seconds
[2024-11-16T13:51:20.729+0000] {processor.py:157} INFO - Started process (PID=10756) to work on /home/vscode/.local/lib/python3.10/site-packages/airflow/example_dags/example_branch_datetime_operator.py
[2024-11-16T13:51:20.729+0000] {processor.py:826} INFO - Processing file /home/vscode/.local/lib/python3.10/site-packages/airflow/example_dags/example_branch_datetime_operator.py for tasks to queue
[2024-11-16T13:51:20.730+0000] {logging_mixin.py:150} INFO - [2024-11-16T13:51:20.730+0000] {dagbag.py:541} INFO - Filling up the DagBag from /home/vscode/.local/lib/python3.10/site-packages/airflow/example_dags/example_branch_datetime_operator.py
[2024-11-16T13:51:20.737+0000] {processor.py:836} INFO - DAG(s) dict_keys(['example_branch_datetime_operator_3', 'example_branch_datetime_operator', 'example_branch_datetime_operator_2']) retrieved from /home/vscode/.local/lib/python3.10/site-packages/airflow/example_dags/example_branch_datetime_operator.py
[2024-11-16T13:51:20.753+0000] {logging_mixin.py:150} INFO - [2024-11-16T13:51:20.753+0000] {dag.py:2742} INFO - Sync 3 DAGs
[2024-11-16T13:51:20.767+0000] {logging_mixin.py:150} INFO - [2024-11-16T13:51:20.767+0000] {dag.py:3504} INFO - Setting next_dagrun for example_branch_datetime_operator to 2024-11-15T00:00:00+00:00, run_after=2024-11-16T00:00:00+00:00
[2024-11-16T13:51:20.770+0000] {logging_mixin.py:150} INFO - [2024-11-16T13:51:20.770+0000] {dag.py:3504} INFO - Setting next_dagrun for example_branch_datetime_operator_2 to 2024-11-15T00:00:00+00:00, run_after=2024-11-16T00:00:00+00:00
[2024-11-16T13:51:20.772+0000] {logging_mixin.py:150} INFO - [2024-11-16T13:51:20.772+0000] {dag.py:3504} INFO - Setting next_dagrun for example_branch_datetime_operator_3 to 2024-11-15T00:00:00+00:00, run_after=2024-11-16T00:00:00+00:00
[2024-11-16T13:51:20.784+0000] {processor.py:179} INFO - Processing /home/vscode/.local/lib/python3.10/site-packages/airflow/example_dags/example_branch_datetime_operator.py took 0.057 seconds
