[2024-11-16T13:38:52.345+0000] {processor.py:157} INFO - Started process (PID=5606) to work on /home/vscode/.local/lib/python3.10/site-packages/airflow/example_dags/tutorial_taskflow_api.py
[2024-11-16T13:38:52.345+0000] {processor.py:826} INFO - Processing file /home/vscode/.local/lib/python3.10/site-packages/airflow/example_dags/tutorial_taskflow_api.py for tasks to queue
[2024-11-16T13:38:52.346+0000] {logging_mixin.py:150} INFO - [2024-11-16T13:38:52.345+0000] {dagbag.py:541} INFO - Filling up the DagBag from /home/vscode/.local/lib/python3.10/site-packages/airflow/example_dags/tutorial_taskflow_api.py
[2024-11-16T13:38:52.350+0000] {processor.py:836} INFO - DAG(s) dict_keys(['tutorial_taskflow_api']) retrieved from /home/vscode/.local/lib/python3.10/site-packages/airflow/example_dags/tutorial_taskflow_api.py
[2024-11-16T13:38:52.491+0000] {logging_mixin.py:150} INFO - [2024-11-16T13:38:52.490+0000] {manager.py:504} INFO - Created Permission View: can edit on DAG:tutorial_taskflow_api
[2024-11-16T13:38:52.498+0000] {logging_mixin.py:150} INFO - [2024-11-16T13:38:52.498+0000] {manager.py:504} INFO - Created Permission View: can delete on DAG:tutorial_taskflow_api
[2024-11-16T13:38:52.503+0000] {logging_mixin.py:150} INFO - [2024-11-16T13:38:52.503+0000] {manager.py:504} INFO - Created Permission View: can read on DAG:tutorial_taskflow_api
[2024-11-16T13:38:52.511+0000] {logging_mixin.py:150} INFO - [2024-11-16T13:38:52.511+0000] {dag.py:2742} INFO - Sync 1 DAGs
[2024-11-16T13:38:52.517+0000] {logging_mixin.py:150} INFO - [2024-11-16T13:38:52.517+0000] {dag.py:2763} INFO - Creating ORM DAG for tutorial_taskflow_api
[2024-11-16T13:38:52.523+0000] {logging_mixin.py:150} INFO - [2024-11-16T13:38:52.522+0000] {dag.py:3504} INFO - Setting next_dagrun for tutorial_taskflow_api to None, run_after=None
[2024-11-16T13:38:52.536+0000] {processor.py:179} INFO - Processing /home/vscode/.local/lib/python3.10/site-packages/airflow/example_dags/tutorial_taskflow_api.py took 0.193 seconds
[2024-11-16T13:39:39.190+0000] {processor.py:157} INFO - Started process (PID=5967) to work on /home/vscode/.local/lib/python3.10/site-packages/airflow/example_dags/tutorial_taskflow_api.py
[2024-11-16T13:39:39.190+0000] {processor.py:826} INFO - Processing file /home/vscode/.local/lib/python3.10/site-packages/airflow/example_dags/tutorial_taskflow_api.py for tasks to queue
[2024-11-16T13:39:39.191+0000] {logging_mixin.py:150} INFO - [2024-11-16T13:39:39.191+0000] {dagbag.py:541} INFO - Filling up the DagBag from /home/vscode/.local/lib/python3.10/site-packages/airflow/example_dags/tutorial_taskflow_api.py
[2024-11-16T13:39:39.195+0000] {processor.py:836} INFO - DAG(s) dict_keys(['tutorial_taskflow_api']) retrieved from /home/vscode/.local/lib/python3.10/site-packages/airflow/example_dags/tutorial_taskflow_api.py
[2024-11-16T13:39:39.206+0000] {logging_mixin.py:150} INFO - [2024-11-16T13:39:39.206+0000] {dag.py:2742} INFO - Sync 1 DAGs
[2024-11-16T13:39:39.220+0000] {logging_mixin.py:150} INFO - [2024-11-16T13:39:39.220+0000] {dag.py:3504} INFO - Setting next_dagrun for tutorial_taskflow_api to None, run_after=None
[2024-11-16T13:39:39.234+0000] {processor.py:179} INFO - Processing /home/vscode/.local/lib/python3.10/site-packages/airflow/example_dags/tutorial_taskflow_api.py took 0.047 seconds
[2024-11-16T13:40:25.602+0000] {processor.py:157} INFO - Started process (PID=6287) to work on /home/vscode/.local/lib/python3.10/site-packages/airflow/example_dags/tutorial_taskflow_api.py
[2024-11-16T13:40:25.602+0000] {processor.py:826} INFO - Processing file /home/vscode/.local/lib/python3.10/site-packages/airflow/example_dags/tutorial_taskflow_api.py for tasks to queue
[2024-11-16T13:40:25.603+0000] {logging_mixin.py:150} INFO - [2024-11-16T13:40:25.602+0000] {dagbag.py:541} INFO - Filling up the DagBag from /home/vscode/.local/lib/python3.10/site-packages/airflow/example_dags/tutorial_taskflow_api.py
[2024-11-16T13:40:25.607+0000] {processor.py:836} INFO - DAG(s) dict_keys(['tutorial_taskflow_api']) retrieved from /home/vscode/.local/lib/python3.10/site-packages/airflow/example_dags/tutorial_taskflow_api.py
[2024-11-16T13:40:25.619+0000] {logging_mixin.py:150} INFO - [2024-11-16T13:40:25.618+0000] {dag.py:2742} INFO - Sync 1 DAGs
[2024-11-16T13:40:25.632+0000] {logging_mixin.py:150} INFO - [2024-11-16T13:40:25.632+0000] {dag.py:3504} INFO - Setting next_dagrun for tutorial_taskflow_api to None, run_after=None
[2024-11-16T13:40:25.646+0000] {processor.py:179} INFO - Processing /home/vscode/.local/lib/python3.10/site-packages/airflow/example_dags/tutorial_taskflow_api.py took 0.046 seconds
[2024-11-16T13:41:11.520+0000] {processor.py:157} INFO - Started process (PID=6584) to work on /home/vscode/.local/lib/python3.10/site-packages/airflow/example_dags/tutorial_taskflow_api.py
[2024-11-16T13:41:11.520+0000] {processor.py:826} INFO - Processing file /home/vscode/.local/lib/python3.10/site-packages/airflow/example_dags/tutorial_taskflow_api.py for tasks to queue
[2024-11-16T13:41:11.521+0000] {logging_mixin.py:150} INFO - [2024-11-16T13:41:11.521+0000] {dagbag.py:541} INFO - Filling up the DagBag from /home/vscode/.local/lib/python3.10/site-packages/airflow/example_dags/tutorial_taskflow_api.py
[2024-11-16T13:41:11.525+0000] {processor.py:836} INFO - DAG(s) dict_keys(['tutorial_taskflow_api']) retrieved from /home/vscode/.local/lib/python3.10/site-packages/airflow/example_dags/tutorial_taskflow_api.py
[2024-11-16T13:41:11.536+0000] {logging_mixin.py:150} INFO - [2024-11-16T13:41:11.536+0000] {dag.py:2742} INFO - Sync 1 DAGs
[2024-11-16T13:41:11.550+0000] {logging_mixin.py:150} INFO - [2024-11-16T13:41:11.550+0000] {dag.py:3504} INFO - Setting next_dagrun for tutorial_taskflow_api to None, run_after=None
[2024-11-16T13:41:11.563+0000] {processor.py:179} INFO - Processing /home/vscode/.local/lib/python3.10/site-packages/airflow/example_dags/tutorial_taskflow_api.py took 0.045 seconds
[2024-11-16T13:41:56.308+0000] {processor.py:157} INFO - Started process (PID=6892) to work on /home/vscode/.local/lib/python3.10/site-packages/airflow/example_dags/tutorial_taskflow_api.py
[2024-11-16T13:41:56.309+0000] {processor.py:826} INFO - Processing file /home/vscode/.local/lib/python3.10/site-packages/airflow/example_dags/tutorial_taskflow_api.py for tasks to queue
[2024-11-16T13:41:56.309+0000] {logging_mixin.py:150} INFO - [2024-11-16T13:41:56.309+0000] {dagbag.py:541} INFO - Filling up the DagBag from /home/vscode/.local/lib/python3.10/site-packages/airflow/example_dags/tutorial_taskflow_api.py
[2024-11-16T13:41:56.314+0000] {processor.py:836} INFO - DAG(s) dict_keys(['tutorial_taskflow_api']) retrieved from /home/vscode/.local/lib/python3.10/site-packages/airflow/example_dags/tutorial_taskflow_api.py
[2024-11-16T13:41:56.325+0000] {logging_mixin.py:150} INFO - [2024-11-16T13:41:56.324+0000] {dag.py:2742} INFO - Sync 1 DAGs
[2024-11-16T13:41:56.338+0000] {logging_mixin.py:150} INFO - [2024-11-16T13:41:56.338+0000] {dag.py:3504} INFO - Setting next_dagrun for tutorial_taskflow_api to None, run_after=None
[2024-11-16T13:41:56.351+0000] {processor.py:179} INFO - Processing /home/vscode/.local/lib/python3.10/site-packages/airflow/example_dags/tutorial_taskflow_api.py took 0.045 seconds
[2024-11-16T13:42:39.119+0000] {processor.py:157} INFO - Started process (PID=7180) to work on /home/vscode/.local/lib/python3.10/site-packages/airflow/example_dags/tutorial_taskflow_api.py
[2024-11-16T13:42:39.120+0000] {processor.py:826} INFO - Processing file /home/vscode/.local/lib/python3.10/site-packages/airflow/example_dags/tutorial_taskflow_api.py for tasks to queue
[2024-11-16T13:42:39.120+0000] {logging_mixin.py:150} INFO - [2024-11-16T13:42:39.120+0000] {dagbag.py:541} INFO - Filling up the DagBag from /home/vscode/.local/lib/python3.10/site-packages/airflow/example_dags/tutorial_taskflow_api.py
[2024-11-16T13:42:39.125+0000] {processor.py:836} INFO - DAG(s) dict_keys(['tutorial_taskflow_api']) retrieved from /home/vscode/.local/lib/python3.10/site-packages/airflow/example_dags/tutorial_taskflow_api.py
[2024-11-16T13:42:39.136+0000] {logging_mixin.py:150} INFO - [2024-11-16T13:42:39.136+0000] {dag.py:2742} INFO - Sync 1 DAGs
[2024-11-16T13:42:39.149+0000] {logging_mixin.py:150} INFO - [2024-11-16T13:42:39.149+0000] {dag.py:3504} INFO - Setting next_dagrun for tutorial_taskflow_api to None, run_after=None
[2024-11-16T13:42:39.163+0000] {processor.py:179} INFO - Processing /home/vscode/.local/lib/python3.10/site-packages/airflow/example_dags/tutorial_taskflow_api.py took 0.045 seconds
[2024-11-16T13:43:24.338+0000] {processor.py:157} INFO - Started process (PID=7487) to work on /home/vscode/.local/lib/python3.10/site-packages/airflow/example_dags/tutorial_taskflow_api.py
[2024-11-16T13:43:24.338+0000] {processor.py:826} INFO - Processing file /home/vscode/.local/lib/python3.10/site-packages/airflow/example_dags/tutorial_taskflow_api.py for tasks to queue
[2024-11-16T13:43:24.339+0000] {logging_mixin.py:150} INFO - [2024-11-16T13:43:24.339+0000] {dagbag.py:541} INFO - Filling up the DagBag from /home/vscode/.local/lib/python3.10/site-packages/airflow/example_dags/tutorial_taskflow_api.py
[2024-11-16T13:43:24.343+0000] {processor.py:836} INFO - DAG(s) dict_keys(['tutorial_taskflow_api']) retrieved from /home/vscode/.local/lib/python3.10/site-packages/airflow/example_dags/tutorial_taskflow_api.py
[2024-11-16T13:43:24.354+0000] {logging_mixin.py:150} INFO - [2024-11-16T13:43:24.354+0000] {dag.py:2742} INFO - Sync 1 DAGs
[2024-11-16T13:43:24.367+0000] {logging_mixin.py:150} INFO - [2024-11-16T13:43:24.367+0000] {dag.py:3504} INFO - Setting next_dagrun for tutorial_taskflow_api to None, run_after=None
[2024-11-16T13:43:24.381+0000] {processor.py:179} INFO - Processing /home/vscode/.local/lib/python3.10/site-packages/airflow/example_dags/tutorial_taskflow_api.py took 0.045 seconds
[2024-11-16T13:44:07.568+0000] {processor.py:157} INFO - Started process (PID=7774) to work on /home/vscode/.local/lib/python3.10/site-packages/airflow/example_dags/tutorial_taskflow_api.py
[2024-11-16T13:44:07.569+0000] {processor.py:826} INFO - Processing file /home/vscode/.local/lib/python3.10/site-packages/airflow/example_dags/tutorial_taskflow_api.py for tasks to queue
[2024-11-16T13:44:07.569+0000] {logging_mixin.py:150} INFO - [2024-11-16T13:44:07.569+0000] {dagbag.py:541} INFO - Filling up the DagBag from /home/vscode/.local/lib/python3.10/site-packages/airflow/example_dags/tutorial_taskflow_api.py
[2024-11-16T13:44:07.574+0000] {processor.py:836} INFO - DAG(s) dict_keys(['tutorial_taskflow_api']) retrieved from /home/vscode/.local/lib/python3.10/site-packages/airflow/example_dags/tutorial_taskflow_api.py
[2024-11-16T13:44:07.584+0000] {logging_mixin.py:150} INFO - [2024-11-16T13:44:07.584+0000] {dag.py:2742} INFO - Sync 1 DAGs
[2024-11-16T13:44:07.598+0000] {logging_mixin.py:150} INFO - [2024-11-16T13:44:07.598+0000] {dag.py:3504} INFO - Setting next_dagrun for tutorial_taskflow_api to None, run_after=None
[2024-11-16T13:44:07.611+0000] {processor.py:179} INFO - Processing /home/vscode/.local/lib/python3.10/site-packages/airflow/example_dags/tutorial_taskflow_api.py took 0.045 seconds
[2024-11-16T13:44:51.818+0000] {processor.py:157} INFO - Started process (PID=8067) to work on /home/vscode/.local/lib/python3.10/site-packages/airflow/example_dags/tutorial_taskflow_api.py
[2024-11-16T13:44:51.819+0000] {processor.py:826} INFO - Processing file /home/vscode/.local/lib/python3.10/site-packages/airflow/example_dags/tutorial_taskflow_api.py for tasks to queue
[2024-11-16T13:44:51.820+0000] {logging_mixin.py:150} INFO - [2024-11-16T13:44:51.819+0000] {dagbag.py:541} INFO - Filling up the DagBag from /home/vscode/.local/lib/python3.10/site-packages/airflow/example_dags/tutorial_taskflow_api.py
[2024-11-16T13:44:51.824+0000] {processor.py:836} INFO - DAG(s) dict_keys(['tutorial_taskflow_api']) retrieved from /home/vscode/.local/lib/python3.10/site-packages/airflow/example_dags/tutorial_taskflow_api.py
[2024-11-16T13:44:51.835+0000] {logging_mixin.py:150} INFO - [2024-11-16T13:44:51.835+0000] {dag.py:2742} INFO - Sync 1 DAGs
[2024-11-16T13:44:51.848+0000] {logging_mixin.py:150} INFO - [2024-11-16T13:44:51.848+0000] {dag.py:3504} INFO - Setting next_dagrun for tutorial_taskflow_api to None, run_after=None
[2024-11-16T13:44:51.864+0000] {processor.py:179} INFO - Processing /home/vscode/.local/lib/python3.10/site-packages/airflow/example_dags/tutorial_taskflow_api.py took 0.048 seconds
[2024-11-16T13:45:35.726+0000] {processor.py:157} INFO - Started process (PID=8361) to work on /home/vscode/.local/lib/python3.10/site-packages/airflow/example_dags/tutorial_taskflow_api.py
[2024-11-16T13:45:35.726+0000] {processor.py:826} INFO - Processing file /home/vscode/.local/lib/python3.10/site-packages/airflow/example_dags/tutorial_taskflow_api.py for tasks to queue
[2024-11-16T13:45:35.727+0000] {logging_mixin.py:150} INFO - [2024-11-16T13:45:35.727+0000] {dagbag.py:541} INFO - Filling up the DagBag from /home/vscode/.local/lib/python3.10/site-packages/airflow/example_dags/tutorial_taskflow_api.py
[2024-11-16T13:45:35.732+0000] {processor.py:836} INFO - DAG(s) dict_keys(['tutorial_taskflow_api']) retrieved from /home/vscode/.local/lib/python3.10/site-packages/airflow/example_dags/tutorial_taskflow_api.py
[2024-11-16T13:45:35.746+0000] {logging_mixin.py:150} INFO - [2024-11-16T13:45:35.745+0000] {dag.py:2742} INFO - Sync 1 DAGs
[2024-11-16T13:45:35.759+0000] {logging_mixin.py:150} INFO - [2024-11-16T13:45:35.759+0000] {dag.py:3504} INFO - Setting next_dagrun for tutorial_taskflow_api to None, run_after=None
[2024-11-16T13:45:35.772+0000] {processor.py:179} INFO - Processing /home/vscode/.local/lib/python3.10/site-packages/airflow/example_dags/tutorial_taskflow_api.py took 0.048 seconds
[2024-11-16T13:46:24.826+0000] {processor.py:157} INFO - Started process (PID=8683) to work on /home/vscode/.local/lib/python3.10/site-packages/airflow/example_dags/tutorial_taskflow_api.py
[2024-11-16T13:46:24.827+0000] {processor.py:826} INFO - Processing file /home/vscode/.local/lib/python3.10/site-packages/airflow/example_dags/tutorial_taskflow_api.py for tasks to queue
[2024-11-16T13:46:24.827+0000] {logging_mixin.py:150} INFO - [2024-11-16T13:46:24.827+0000] {dagbag.py:541} INFO - Filling up the DagBag from /home/vscode/.local/lib/python3.10/site-packages/airflow/example_dags/tutorial_taskflow_api.py
[2024-11-16T13:46:24.832+0000] {processor.py:836} INFO - DAG(s) dict_keys(['tutorial_taskflow_api']) retrieved from /home/vscode/.local/lib/python3.10/site-packages/airflow/example_dags/tutorial_taskflow_api.py
[2024-11-16T13:46:24.843+0000] {logging_mixin.py:150} INFO - [2024-11-16T13:46:24.843+0000] {dag.py:2742} INFO - Sync 1 DAGs
[2024-11-16T13:46:24.856+0000] {logging_mixin.py:150} INFO - [2024-11-16T13:46:24.856+0000] {dag.py:3504} INFO - Setting next_dagrun for tutorial_taskflow_api to None, run_after=None
[2024-11-16T13:46:24.870+0000] {processor.py:179} INFO - Processing /home/vscode/.local/lib/python3.10/site-packages/airflow/example_dags/tutorial_taskflow_api.py took 0.046 seconds
[2024-11-16T13:47:08.168+0000] {processor.py:157} INFO - Started process (PID=8981) to work on /home/vscode/.local/lib/python3.10/site-packages/airflow/example_dags/tutorial_taskflow_api.py
[2024-11-16T13:47:08.168+0000] {processor.py:826} INFO - Processing file /home/vscode/.local/lib/python3.10/site-packages/airflow/example_dags/tutorial_taskflow_api.py for tasks to queue
[2024-11-16T13:47:08.169+0000] {logging_mixin.py:150} INFO - [2024-11-16T13:47:08.169+0000] {dagbag.py:541} INFO - Filling up the DagBag from /home/vscode/.local/lib/python3.10/site-packages/airflow/example_dags/tutorial_taskflow_api.py
[2024-11-16T13:47:08.173+0000] {processor.py:836} INFO - DAG(s) dict_keys(['tutorial_taskflow_api']) retrieved from /home/vscode/.local/lib/python3.10/site-packages/airflow/example_dags/tutorial_taskflow_api.py
[2024-11-16T13:47:08.185+0000] {logging_mixin.py:150} INFO - [2024-11-16T13:47:08.185+0000] {dag.py:2742} INFO - Sync 1 DAGs
[2024-11-16T13:47:08.198+0000] {logging_mixin.py:150} INFO - [2024-11-16T13:47:08.198+0000] {dag.py:3504} INFO - Setting next_dagrun for tutorial_taskflow_api to None, run_after=None
[2024-11-16T13:47:08.211+0000] {processor.py:179} INFO - Processing /home/vscode/.local/lib/python3.10/site-packages/airflow/example_dags/tutorial_taskflow_api.py took 0.046 seconds
[2024-11-16T13:47:46.884+0000] {processor.py:157} INFO - Started process (PID=9244) to work on /home/vscode/.local/lib/python3.10/site-packages/airflow/example_dags/tutorial_taskflow_api.py
[2024-11-16T13:47:46.884+0000] {processor.py:826} INFO - Processing file /home/vscode/.local/lib/python3.10/site-packages/airflow/example_dags/tutorial_taskflow_api.py for tasks to queue
[2024-11-16T13:47:46.885+0000] {logging_mixin.py:150} INFO - [2024-11-16T13:47:46.884+0000] {dagbag.py:541} INFO - Filling up the DagBag from /home/vscode/.local/lib/python3.10/site-packages/airflow/example_dags/tutorial_taskflow_api.py
[2024-11-16T13:47:46.889+0000] {processor.py:836} INFO - DAG(s) dict_keys(['tutorial_taskflow_api']) retrieved from /home/vscode/.local/lib/python3.10/site-packages/airflow/example_dags/tutorial_taskflow_api.py
[2024-11-16T13:47:46.900+0000] {logging_mixin.py:150} INFO - [2024-11-16T13:47:46.900+0000] {dag.py:2742} INFO - Sync 1 DAGs
[2024-11-16T13:47:46.914+0000] {logging_mixin.py:150} INFO - [2024-11-16T13:47:46.913+0000] {dag.py:3504} INFO - Setting next_dagrun for tutorial_taskflow_api to None, run_after=None
[2024-11-16T13:47:46.928+0000] {processor.py:179} INFO - Processing /home/vscode/.local/lib/python3.10/site-packages/airflow/example_dags/tutorial_taskflow_api.py took 0.047 seconds
[2024-11-16T13:48:31.386+0000] {processor.py:157} INFO - Started process (PID=9545) to work on /home/vscode/.local/lib/python3.10/site-packages/airflow/example_dags/tutorial_taskflow_api.py
[2024-11-16T13:48:31.387+0000] {processor.py:826} INFO - Processing file /home/vscode/.local/lib/python3.10/site-packages/airflow/example_dags/tutorial_taskflow_api.py for tasks to queue
[2024-11-16T13:48:31.387+0000] {logging_mixin.py:150} INFO - [2024-11-16T13:48:31.387+0000] {dagbag.py:541} INFO - Filling up the DagBag from /home/vscode/.local/lib/python3.10/site-packages/airflow/example_dags/tutorial_taskflow_api.py
[2024-11-16T13:48:31.392+0000] {processor.py:836} INFO - DAG(s) dict_keys(['tutorial_taskflow_api']) retrieved from /home/vscode/.local/lib/python3.10/site-packages/airflow/example_dags/tutorial_taskflow_api.py
[2024-11-16T13:48:31.403+0000] {logging_mixin.py:150} INFO - [2024-11-16T13:48:31.403+0000] {dag.py:2742} INFO - Sync 1 DAGs
[2024-11-16T13:48:31.416+0000] {logging_mixin.py:150} INFO - [2024-11-16T13:48:31.416+0000] {dag.py:3504} INFO - Setting next_dagrun for tutorial_taskflow_api to None, run_after=None
[2024-11-16T13:48:31.429+0000] {processor.py:179} INFO - Processing /home/vscode/.local/lib/python3.10/site-packages/airflow/example_dags/tutorial_taskflow_api.py took 0.046 seconds
[2024-11-16T13:49:16.420+0000] {processor.py:157} INFO - Started process (PID=9854) to work on /home/vscode/.local/lib/python3.10/site-packages/airflow/example_dags/tutorial_taskflow_api.py
[2024-11-16T13:49:16.420+0000] {processor.py:826} INFO - Processing file /home/vscode/.local/lib/python3.10/site-packages/airflow/example_dags/tutorial_taskflow_api.py for tasks to queue
[2024-11-16T13:49:16.421+0000] {logging_mixin.py:150} INFO - [2024-11-16T13:49:16.420+0000] {dagbag.py:541} INFO - Filling up the DagBag from /home/vscode/.local/lib/python3.10/site-packages/airflow/example_dags/tutorial_taskflow_api.py
[2024-11-16T13:49:16.425+0000] {processor.py:836} INFO - DAG(s) dict_keys(['tutorial_taskflow_api']) retrieved from /home/vscode/.local/lib/python3.10/site-packages/airflow/example_dags/tutorial_taskflow_api.py
[2024-11-16T13:49:16.437+0000] {logging_mixin.py:150} INFO - [2024-11-16T13:49:16.437+0000] {dag.py:2742} INFO - Sync 1 DAGs
[2024-11-16T13:49:16.451+0000] {logging_mixin.py:150} INFO - [2024-11-16T13:49:16.451+0000] {dag.py:3504} INFO - Setting next_dagrun for tutorial_taskflow_api to None, run_after=None
[2024-11-16T13:49:16.464+0000] {processor.py:179} INFO - Processing /home/vscode/.local/lib/python3.10/site-packages/airflow/example_dags/tutorial_taskflow_api.py took 0.047 seconds
[2024-11-16T13:50:05.631+0000] {processor.py:157} INFO - Started process (PID=10187) to work on /home/vscode/.local/lib/python3.10/site-packages/airflow/example_dags/tutorial_taskflow_api.py
[2024-11-16T13:50:05.631+0000] {processor.py:826} INFO - Processing file /home/vscode/.local/lib/python3.10/site-packages/airflow/example_dags/tutorial_taskflow_api.py for tasks to queue
[2024-11-16T13:50:05.632+0000] {logging_mixin.py:150} INFO - [2024-11-16T13:50:05.632+0000] {dagbag.py:541} INFO - Filling up the DagBag from /home/vscode/.local/lib/python3.10/site-packages/airflow/example_dags/tutorial_taskflow_api.py
[2024-11-16T13:50:05.637+0000] {processor.py:836} INFO - DAG(s) dict_keys(['tutorial_taskflow_api']) retrieved from /home/vscode/.local/lib/python3.10/site-packages/airflow/example_dags/tutorial_taskflow_api.py
[2024-11-16T13:50:05.648+0000] {logging_mixin.py:150} INFO - [2024-11-16T13:50:05.648+0000] {dag.py:2742} INFO - Sync 1 DAGs
[2024-11-16T13:50:05.661+0000] {logging_mixin.py:150} INFO - [2024-11-16T13:50:05.661+0000] {dag.py:3504} INFO - Setting next_dagrun for tutorial_taskflow_api to None, run_after=None
[2024-11-16T13:50:05.675+0000] {processor.py:179} INFO - Processing /home/vscode/.local/lib/python3.10/site-packages/airflow/example_dags/tutorial_taskflow_api.py took 0.046 seconds
[2024-11-16T13:50:48.176+0000] {processor.py:157} INFO - Started process (PID=10502) to work on /home/vscode/.local/lib/python3.10/site-packages/airflow/example_dags/tutorial_taskflow_api.py
[2024-11-16T13:50:48.177+0000] {processor.py:826} INFO - Processing file /home/vscode/.local/lib/python3.10/site-packages/airflow/example_dags/tutorial_taskflow_api.py for tasks to queue
[2024-11-16T13:50:48.178+0000] {logging_mixin.py:150} INFO - [2024-11-16T13:50:48.178+0000] {dagbag.py:541} INFO - Filling up the DagBag from /home/vscode/.local/lib/python3.10/site-packages/airflow/example_dags/tutorial_taskflow_api.py
[2024-11-16T13:50:48.184+0000] {processor.py:836} INFO - DAG(s) dict_keys(['tutorial_taskflow_api']) retrieved from /home/vscode/.local/lib/python3.10/site-packages/airflow/example_dags/tutorial_taskflow_api.py
[2024-11-16T13:50:48.216+0000] {logging_mixin.py:150} INFO - [2024-11-16T13:50:48.216+0000] {dag.py:2742} INFO - Sync 1 DAGs
[2024-11-16T13:50:48.244+0000] {logging_mixin.py:150} INFO - [2024-11-16T13:50:48.243+0000] {dag.py:3504} INFO - Setting next_dagrun for tutorial_taskflow_api to None, run_after=None
[2024-11-16T13:50:48.263+0000] {processor.py:179} INFO - Processing /home/vscode/.local/lib/python3.10/site-packages/airflow/example_dags/tutorial_taskflow_api.py took 0.089 seconds
[2024-11-16T13:51:30.227+0000] {processor.py:157} INFO - Started process (PID=10817) to work on /home/vscode/.local/lib/python3.10/site-packages/airflow/example_dags/tutorial_taskflow_api.py
[2024-11-16T13:51:30.228+0000] {processor.py:826} INFO - Processing file /home/vscode/.local/lib/python3.10/site-packages/airflow/example_dags/tutorial_taskflow_api.py for tasks to queue
[2024-11-16T13:51:30.229+0000] {logging_mixin.py:150} INFO - [2024-11-16T13:51:30.228+0000] {dagbag.py:541} INFO - Filling up the DagBag from /home/vscode/.local/lib/python3.10/site-packages/airflow/example_dags/tutorial_taskflow_api.py
[2024-11-16T13:51:30.233+0000] {processor.py:836} INFO - DAG(s) dict_keys(['tutorial_taskflow_api']) retrieved from /home/vscode/.local/lib/python3.10/site-packages/airflow/example_dags/tutorial_taskflow_api.py
[2024-11-16T13:51:30.244+0000] {logging_mixin.py:150} INFO - [2024-11-16T13:51:30.244+0000] {dag.py:2742} INFO - Sync 1 DAGs
[2024-11-16T13:51:30.258+0000] {logging_mixin.py:150} INFO - [2024-11-16T13:51:30.258+0000] {dag.py:3504} INFO - Setting next_dagrun for tutorial_taskflow_api to None, run_after=None
[2024-11-16T13:51:30.272+0000] {processor.py:179} INFO - Processing /home/vscode/.local/lib/python3.10/site-packages/airflow/example_dags/tutorial_taskflow_api.py took 0.047 seconds
