[2024-11-16T13:38:56.852+0000] {processor.py:157} INFO - Started process (PID=5638) to work on /home/vscode/.local/lib/python3.10/site-packages/airflow/example_dags/tutorial_taskflow_api_virtualenv.py
[2024-11-16T13:38:56.853+0000] {processor.py:826} INFO - Processing file /home/vscode/.local/lib/python3.10/site-packages/airflow/example_dags/tutorial_taskflow_api_virtualenv.py for tasks to queue
[2024-11-16T13:38:56.853+0000] {logging_mixin.py:150} INFO - [2024-11-16T13:38:56.853+0000] {dagbag.py:541} INFO - Filling up the DagBag from /home/vscode/.local/lib/python3.10/site-packages/airflow/example_dags/tutorial_taskflow_api_virtualenv.py
[2024-11-16T13:38:56.858+0000] {processor.py:836} INFO - DAG(s) dict_keys(['tutorial_taskflow_api_virtualenv']) retrieved from /home/vscode/.local/lib/python3.10/site-packages/airflow/example_dags/tutorial_taskflow_api_virtualenv.py
[2024-11-16T13:38:57.000+0000] {logging_mixin.py:150} INFO - [2024-11-16T13:38:57.000+0000] {manager.py:504} INFO - Created Permission View: can edit on DAG:tutorial_taskflow_api_virtualenv
[2024-11-16T13:38:57.008+0000] {logging_mixin.py:150} INFO - [2024-11-16T13:38:57.008+0000] {manager.py:504} INFO - Created Permission View: can delete on DAG:tutorial_taskflow_api_virtualenv
[2024-11-16T13:38:57.014+0000] {logging_mixin.py:150} INFO - [2024-11-16T13:38:57.014+0000] {manager.py:504} INFO - Created Permission View: can read on DAG:tutorial_taskflow_api_virtualenv
[2024-11-16T13:38:57.021+0000] {logging_mixin.py:150} INFO - [2024-11-16T13:38:57.021+0000] {dag.py:2742} INFO - Sync 1 DAGs
[2024-11-16T13:38:57.027+0000] {logging_mixin.py:150} INFO - [2024-11-16T13:38:57.027+0000] {dag.py:2763} INFO - Creating ORM DAG for tutorial_taskflow_api_virtualenv
[2024-11-16T13:38:57.032+0000] {logging_mixin.py:150} INFO - [2024-11-16T13:38:57.032+0000] {dag.py:3504} INFO - Setting next_dagrun for tutorial_taskflow_api_virtualenv to None, run_after=None
[2024-11-16T13:38:57.046+0000] {processor.py:179} INFO - Processing /home/vscode/.local/lib/python3.10/site-packages/airflow/example_dags/tutorial_taskflow_api_virtualenv.py took 0.195 seconds
[2024-11-16T13:39:43.607+0000] {processor.py:157} INFO - Started process (PID=5999) to work on /home/vscode/.local/lib/python3.10/site-packages/airflow/example_dags/tutorial_taskflow_api_virtualenv.py
[2024-11-16T13:39:43.608+0000] {processor.py:826} INFO - Processing file /home/vscode/.local/lib/python3.10/site-packages/airflow/example_dags/tutorial_taskflow_api_virtualenv.py for tasks to queue
[2024-11-16T13:39:43.608+0000] {logging_mixin.py:150} INFO - [2024-11-16T13:39:43.608+0000] {dagbag.py:541} INFO - Filling up the DagBag from /home/vscode/.local/lib/python3.10/site-packages/airflow/example_dags/tutorial_taskflow_api_virtualenv.py
[2024-11-16T13:39:43.613+0000] {processor.py:836} INFO - DAG(s) dict_keys(['tutorial_taskflow_api_virtualenv']) retrieved from /home/vscode/.local/lib/python3.10/site-packages/airflow/example_dags/tutorial_taskflow_api_virtualenv.py
[2024-11-16T13:39:43.625+0000] {logging_mixin.py:150} INFO - [2024-11-16T13:39:43.624+0000] {dag.py:2742} INFO - Sync 1 DAGs
[2024-11-16T13:39:43.638+0000] {logging_mixin.py:150} INFO - [2024-11-16T13:39:43.638+0000] {dag.py:3504} INFO - Setting next_dagrun for tutorial_taskflow_api_virtualenv to None, run_after=None
[2024-11-16T13:39:43.652+0000] {processor.py:179} INFO - Processing /home/vscode/.local/lib/python3.10/site-packages/airflow/example_dags/tutorial_taskflow_api_virtualenv.py took 0.047 seconds
[2024-11-16T13:40:28.722+0000] {processor.py:157} INFO - Started process (PID=6306) to work on /home/vscode/.local/lib/python3.10/site-packages/airflow/example_dags/tutorial_taskflow_api_virtualenv.py
[2024-11-16T13:40:28.723+0000] {processor.py:826} INFO - Processing file /home/vscode/.local/lib/python3.10/site-packages/airflow/example_dags/tutorial_taskflow_api_virtualenv.py for tasks to queue
[2024-11-16T13:40:28.723+0000] {logging_mixin.py:150} INFO - [2024-11-16T13:40:28.723+0000] {dagbag.py:541} INFO - Filling up the DagBag from /home/vscode/.local/lib/python3.10/site-packages/airflow/example_dags/tutorial_taskflow_api_virtualenv.py
[2024-11-16T13:40:28.728+0000] {processor.py:836} INFO - DAG(s) dict_keys(['tutorial_taskflow_api_virtualenv']) retrieved from /home/vscode/.local/lib/python3.10/site-packages/airflow/example_dags/tutorial_taskflow_api_virtualenv.py
[2024-11-16T13:40:28.739+0000] {logging_mixin.py:150} INFO - [2024-11-16T13:40:28.739+0000] {dag.py:2742} INFO - Sync 1 DAGs
[2024-11-16T13:40:28.752+0000] {logging_mixin.py:150} INFO - [2024-11-16T13:40:28.752+0000] {dag.py:3504} INFO - Setting next_dagrun for tutorial_taskflow_api_virtualenv to None, run_after=None
[2024-11-16T13:40:28.766+0000] {processor.py:179} INFO - Processing /home/vscode/.local/lib/python3.10/site-packages/airflow/example_dags/tutorial_taskflow_api_virtualenv.py took 0.046 seconds
[2024-11-16T13:41:14.410+0000] {processor.py:157} INFO - Started process (PID=6615) to work on /home/vscode/.local/lib/python3.10/site-packages/airflow/example_dags/tutorial_taskflow_api_virtualenv.py
[2024-11-16T13:41:14.410+0000] {processor.py:826} INFO - Processing file /home/vscode/.local/lib/python3.10/site-packages/airflow/example_dags/tutorial_taskflow_api_virtualenv.py for tasks to queue
[2024-11-16T13:41:14.411+0000] {logging_mixin.py:150} INFO - [2024-11-16T13:41:14.411+0000] {dagbag.py:541} INFO - Filling up the DagBag from /home/vscode/.local/lib/python3.10/site-packages/airflow/example_dags/tutorial_taskflow_api_virtualenv.py
[2024-11-16T13:41:14.416+0000] {processor.py:836} INFO - DAG(s) dict_keys(['tutorial_taskflow_api_virtualenv']) retrieved from /home/vscode/.local/lib/python3.10/site-packages/airflow/example_dags/tutorial_taskflow_api_virtualenv.py
[2024-11-16T13:41:14.427+0000] {logging_mixin.py:150} INFO - [2024-11-16T13:41:14.427+0000] {dag.py:2742} INFO - Sync 1 DAGs
[2024-11-16T13:41:14.440+0000] {logging_mixin.py:150} INFO - [2024-11-16T13:41:14.440+0000] {dag.py:3504} INFO - Setting next_dagrun for tutorial_taskflow_api_virtualenv to None, run_after=None
[2024-11-16T13:41:14.455+0000] {processor.py:179} INFO - Processing /home/vscode/.local/lib/python3.10/site-packages/airflow/example_dags/tutorial_taskflow_api_virtualenv.py took 0.047 seconds
[2024-11-16T13:41:59.765+0000] {processor.py:157} INFO - Started process (PID=6911) to work on /home/vscode/.local/lib/python3.10/site-packages/airflow/example_dags/tutorial_taskflow_api_virtualenv.py
[2024-11-16T13:41:59.766+0000] {processor.py:826} INFO - Processing file /home/vscode/.local/lib/python3.10/site-packages/airflow/example_dags/tutorial_taskflow_api_virtualenv.py for tasks to queue
[2024-11-16T13:41:59.766+0000] {logging_mixin.py:150} INFO - [2024-11-16T13:41:59.766+0000] {dagbag.py:541} INFO - Filling up the DagBag from /home/vscode/.local/lib/python3.10/site-packages/airflow/example_dags/tutorial_taskflow_api_virtualenv.py
[2024-11-16T13:41:59.771+0000] {processor.py:836} INFO - DAG(s) dict_keys(['tutorial_taskflow_api_virtualenv']) retrieved from /home/vscode/.local/lib/python3.10/site-packages/airflow/example_dags/tutorial_taskflow_api_virtualenv.py
[2024-11-16T13:41:59.782+0000] {logging_mixin.py:150} INFO - [2024-11-16T13:41:59.782+0000] {dag.py:2742} INFO - Sync 1 DAGs
[2024-11-16T13:41:59.795+0000] {logging_mixin.py:150} INFO - [2024-11-16T13:41:59.795+0000] {dag.py:3504} INFO - Setting next_dagrun for tutorial_taskflow_api_virtualenv to None, run_after=None
[2024-11-16T13:41:59.810+0000] {processor.py:179} INFO - Processing /home/vscode/.local/lib/python3.10/site-packages/airflow/example_dags/tutorial_taskflow_api_virtualenv.py took 0.047 seconds
[2024-11-16T13:42:42.694+0000] {processor.py:157} INFO - Started process (PID=7199) to work on /home/vscode/.local/lib/python3.10/site-packages/airflow/example_dags/tutorial_taskflow_api_virtualenv.py
[2024-11-16T13:42:42.695+0000] {processor.py:826} INFO - Processing file /home/vscode/.local/lib/python3.10/site-packages/airflow/example_dags/tutorial_taskflow_api_virtualenv.py for tasks to queue
[2024-11-16T13:42:42.695+0000] {logging_mixin.py:150} INFO - [2024-11-16T13:42:42.695+0000] {dagbag.py:541} INFO - Filling up the DagBag from /home/vscode/.local/lib/python3.10/site-packages/airflow/example_dags/tutorial_taskflow_api_virtualenv.py
[2024-11-16T13:42:42.700+0000] {processor.py:836} INFO - DAG(s) dict_keys(['tutorial_taskflow_api_virtualenv']) retrieved from /home/vscode/.local/lib/python3.10/site-packages/airflow/example_dags/tutorial_taskflow_api_virtualenv.py
[2024-11-16T13:42:42.711+0000] {logging_mixin.py:150} INFO - [2024-11-16T13:42:42.711+0000] {dag.py:2742} INFO - Sync 1 DAGs
[2024-11-16T13:42:42.724+0000] {logging_mixin.py:150} INFO - [2024-11-16T13:42:42.724+0000] {dag.py:3504} INFO - Setting next_dagrun for tutorial_taskflow_api_virtualenv to None, run_after=None
[2024-11-16T13:42:42.738+0000] {processor.py:179} INFO - Processing /home/vscode/.local/lib/python3.10/site-packages/airflow/example_dags/tutorial_taskflow_api_virtualenv.py took 0.046 seconds
[2024-11-16T13:43:27.948+0000] {processor.py:157} INFO - Started process (PID=7506) to work on /home/vscode/.local/lib/python3.10/site-packages/airflow/example_dags/tutorial_taskflow_api_virtualenv.py
[2024-11-16T13:43:27.949+0000] {processor.py:826} INFO - Processing file /home/vscode/.local/lib/python3.10/site-packages/airflow/example_dags/tutorial_taskflow_api_virtualenv.py for tasks to queue
[2024-11-16T13:43:27.949+0000] {logging_mixin.py:150} INFO - [2024-11-16T13:43:27.949+0000] {dagbag.py:541} INFO - Filling up the DagBag from /home/vscode/.local/lib/python3.10/site-packages/airflow/example_dags/tutorial_taskflow_api_virtualenv.py
[2024-11-16T13:43:27.954+0000] {processor.py:836} INFO - DAG(s) dict_keys(['tutorial_taskflow_api_virtualenv']) retrieved from /home/vscode/.local/lib/python3.10/site-packages/airflow/example_dags/tutorial_taskflow_api_virtualenv.py
[2024-11-16T13:43:27.965+0000] {logging_mixin.py:150} INFO - [2024-11-16T13:43:27.965+0000] {dag.py:2742} INFO - Sync 1 DAGs
[2024-11-16T13:43:27.979+0000] {logging_mixin.py:150} INFO - [2024-11-16T13:43:27.979+0000] {dag.py:3504} INFO - Setting next_dagrun for tutorial_taskflow_api_virtualenv to None, run_after=None
[2024-11-16T13:43:27.993+0000] {processor.py:179} INFO - Processing /home/vscode/.local/lib/python3.10/site-packages/airflow/example_dags/tutorial_taskflow_api_virtualenv.py took 0.046 seconds
[2024-11-16T13:44:11.570+0000] {processor.py:157} INFO - Started process (PID=7800) to work on /home/vscode/.local/lib/python3.10/site-packages/airflow/example_dags/tutorial_taskflow_api_virtualenv.py
[2024-11-16T13:44:11.571+0000] {processor.py:826} INFO - Processing file /home/vscode/.local/lib/python3.10/site-packages/airflow/example_dags/tutorial_taskflow_api_virtualenv.py for tasks to queue
[2024-11-16T13:44:11.571+0000] {logging_mixin.py:150} INFO - [2024-11-16T13:44:11.571+0000] {dagbag.py:541} INFO - Filling up the DagBag from /home/vscode/.local/lib/python3.10/site-packages/airflow/example_dags/tutorial_taskflow_api_virtualenv.py
[2024-11-16T13:44:11.576+0000] {processor.py:836} INFO - DAG(s) dict_keys(['tutorial_taskflow_api_virtualenv']) retrieved from /home/vscode/.local/lib/python3.10/site-packages/airflow/example_dags/tutorial_taskflow_api_virtualenv.py
[2024-11-16T13:44:11.592+0000] {logging_mixin.py:150} INFO - [2024-11-16T13:44:11.592+0000] {dag.py:2742} INFO - Sync 1 DAGs
[2024-11-16T13:44:11.612+0000] {logging_mixin.py:150} INFO - [2024-11-16T13:44:11.612+0000] {dag.py:3504} INFO - Setting next_dagrun for tutorial_taskflow_api_virtualenv to None, run_after=None
[2024-11-16T13:44:11.627+0000] {processor.py:179} INFO - Processing /home/vscode/.local/lib/python3.10/site-packages/airflow/example_dags/tutorial_taskflow_api_virtualenv.py took 0.060 seconds
[2024-11-16T13:44:54.685+0000] {processor.py:157} INFO - Started process (PID=8092) to work on /home/vscode/.local/lib/python3.10/site-packages/airflow/example_dags/tutorial_taskflow_api_virtualenv.py
[2024-11-16T13:44:54.686+0000] {processor.py:826} INFO - Processing file /home/vscode/.local/lib/python3.10/site-packages/airflow/example_dags/tutorial_taskflow_api_virtualenv.py for tasks to queue
[2024-11-16T13:44:54.686+0000] {logging_mixin.py:150} INFO - [2024-11-16T13:44:54.686+0000] {dagbag.py:541} INFO - Filling up the DagBag from /home/vscode/.local/lib/python3.10/site-packages/airflow/example_dags/tutorial_taskflow_api_virtualenv.py
[2024-11-16T13:44:54.691+0000] {processor.py:836} INFO - DAG(s) dict_keys(['tutorial_taskflow_api_virtualenv']) retrieved from /home/vscode/.local/lib/python3.10/site-packages/airflow/example_dags/tutorial_taskflow_api_virtualenv.py
[2024-11-16T13:44:54.702+0000] {logging_mixin.py:150} INFO - [2024-11-16T13:44:54.702+0000] {dag.py:2742} INFO - Sync 1 DAGs
[2024-11-16T13:44:54.715+0000] {logging_mixin.py:150} INFO - [2024-11-16T13:44:54.715+0000] {dag.py:3504} INFO - Setting next_dagrun for tutorial_taskflow_api_virtualenv to None, run_after=None
[2024-11-16T13:44:54.728+0000] {processor.py:179} INFO - Processing /home/vscode/.local/lib/python3.10/site-packages/airflow/example_dags/tutorial_taskflow_api_virtualenv.py took 0.045 seconds
[2024-11-16T13:45:39.729+0000] {processor.py:157} INFO - Started process (PID=8387) to work on /home/vscode/.local/lib/python3.10/site-packages/airflow/example_dags/tutorial_taskflow_api_virtualenv.py
[2024-11-16T13:45:39.729+0000] {processor.py:826} INFO - Processing file /home/vscode/.local/lib/python3.10/site-packages/airflow/example_dags/tutorial_taskflow_api_virtualenv.py for tasks to queue
[2024-11-16T13:45:39.730+0000] {logging_mixin.py:150} INFO - [2024-11-16T13:45:39.730+0000] {dagbag.py:541} INFO - Filling up the DagBag from /home/vscode/.local/lib/python3.10/site-packages/airflow/example_dags/tutorial_taskflow_api_virtualenv.py
[2024-11-16T13:45:39.735+0000] {processor.py:836} INFO - DAG(s) dict_keys(['tutorial_taskflow_api_virtualenv']) retrieved from /home/vscode/.local/lib/python3.10/site-packages/airflow/example_dags/tutorial_taskflow_api_virtualenv.py
[2024-11-16T13:45:39.746+0000] {logging_mixin.py:150} INFO - [2024-11-16T13:45:39.745+0000] {dag.py:2742} INFO - Sync 1 DAGs
[2024-11-16T13:45:39.759+0000] {logging_mixin.py:150} INFO - [2024-11-16T13:45:39.759+0000] {dag.py:3504} INFO - Setting next_dagrun for tutorial_taskflow_api_virtualenv to None, run_after=None
[2024-11-16T13:45:39.773+0000] {processor.py:179} INFO - Processing /home/vscode/.local/lib/python3.10/site-packages/airflow/example_dags/tutorial_taskflow_api_virtualenv.py took 0.046 seconds
[2024-11-16T13:46:28.451+0000] {processor.py:157} INFO - Started process (PID=8715) to work on /home/vscode/.local/lib/python3.10/site-packages/airflow/example_dags/tutorial_taskflow_api_virtualenv.py
[2024-11-16T13:46:28.451+0000] {processor.py:826} INFO - Processing file /home/vscode/.local/lib/python3.10/site-packages/airflow/example_dags/tutorial_taskflow_api_virtualenv.py for tasks to queue
[2024-11-16T13:46:28.452+0000] {logging_mixin.py:150} INFO - [2024-11-16T13:46:28.451+0000] {dagbag.py:541} INFO - Filling up the DagBag from /home/vscode/.local/lib/python3.10/site-packages/airflow/example_dags/tutorial_taskflow_api_virtualenv.py
[2024-11-16T13:46:28.456+0000] {processor.py:836} INFO - DAG(s) dict_keys(['tutorial_taskflow_api_virtualenv']) retrieved from /home/vscode/.local/lib/python3.10/site-packages/airflow/example_dags/tutorial_taskflow_api_virtualenv.py
[2024-11-16T13:46:28.467+0000] {logging_mixin.py:150} INFO - [2024-11-16T13:46:28.467+0000] {dag.py:2742} INFO - Sync 1 DAGs
[2024-11-16T13:46:28.480+0000] {logging_mixin.py:150} INFO - [2024-11-16T13:46:28.480+0000] {dag.py:3504} INFO - Setting next_dagrun for tutorial_taskflow_api_virtualenv to None, run_after=None
[2024-11-16T13:46:28.494+0000] {processor.py:179} INFO - Processing /home/vscode/.local/lib/python3.10/site-packages/airflow/example_dags/tutorial_taskflow_api_virtualenv.py took 0.045 seconds
[2024-11-16T13:47:12.172+0000] {processor.py:157} INFO - Started process (PID=9007) to work on /home/vscode/.local/lib/python3.10/site-packages/airflow/example_dags/tutorial_taskflow_api_virtualenv.py
[2024-11-16T13:47:12.173+0000] {processor.py:826} INFO - Processing file /home/vscode/.local/lib/python3.10/site-packages/airflow/example_dags/tutorial_taskflow_api_virtualenv.py for tasks to queue
[2024-11-16T13:47:12.174+0000] {logging_mixin.py:150} INFO - [2024-11-16T13:47:12.173+0000] {dagbag.py:541} INFO - Filling up the DagBag from /home/vscode/.local/lib/python3.10/site-packages/airflow/example_dags/tutorial_taskflow_api_virtualenv.py
[2024-11-16T13:47:12.179+0000] {processor.py:836} INFO - DAG(s) dict_keys(['tutorial_taskflow_api_virtualenv']) retrieved from /home/vscode/.local/lib/python3.10/site-packages/airflow/example_dags/tutorial_taskflow_api_virtualenv.py
[2024-11-16T13:47:12.190+0000] {logging_mixin.py:150} INFO - [2024-11-16T13:47:12.190+0000] {dag.py:2742} INFO - Sync 1 DAGs
[2024-11-16T13:47:12.203+0000] {logging_mixin.py:150} INFO - [2024-11-16T13:47:12.203+0000] {dag.py:3504} INFO - Setting next_dagrun for tutorial_taskflow_api_virtualenv to None, run_after=None
[2024-11-16T13:47:12.217+0000] {processor.py:179} INFO - Processing /home/vscode/.local/lib/python3.10/site-packages/airflow/example_dags/tutorial_taskflow_api_virtualenv.py took 0.047 seconds
[2024-11-16T13:47:51.419+0000] {processor.py:157} INFO - Started process (PID=9271) to work on /home/vscode/.local/lib/python3.10/site-packages/airflow/example_dags/tutorial_taskflow_api_virtualenv.py
[2024-11-16T13:47:51.419+0000] {processor.py:826} INFO - Processing file /home/vscode/.local/lib/python3.10/site-packages/airflow/example_dags/tutorial_taskflow_api_virtualenv.py for tasks to queue
[2024-11-16T13:47:51.420+0000] {logging_mixin.py:150} INFO - [2024-11-16T13:47:51.420+0000] {dagbag.py:541} INFO - Filling up the DagBag from /home/vscode/.local/lib/python3.10/site-packages/airflow/example_dags/tutorial_taskflow_api_virtualenv.py
[2024-11-16T13:47:51.425+0000] {processor.py:836} INFO - DAG(s) dict_keys(['tutorial_taskflow_api_virtualenv']) retrieved from /home/vscode/.local/lib/python3.10/site-packages/airflow/example_dags/tutorial_taskflow_api_virtualenv.py
[2024-11-16T13:47:51.436+0000] {logging_mixin.py:150} INFO - [2024-11-16T13:47:51.436+0000] {dag.py:2742} INFO - Sync 1 DAGs
[2024-11-16T13:47:51.449+0000] {logging_mixin.py:150} INFO - [2024-11-16T13:47:51.449+0000] {dag.py:3504} INFO - Setting next_dagrun for tutorial_taskflow_api_virtualenv to None, run_after=None
[2024-11-16T13:47:51.463+0000] {processor.py:179} INFO - Processing /home/vscode/.local/lib/python3.10/site-packages/airflow/example_dags/tutorial_taskflow_api_virtualenv.py took 0.047 seconds
[2024-11-16T13:48:34.831+0000] {processor.py:157} INFO - Started process (PID=9559) to work on /home/vscode/.local/lib/python3.10/site-packages/airflow/example_dags/tutorial_taskflow_api_virtualenv.py
[2024-11-16T13:48:34.831+0000] {processor.py:826} INFO - Processing file /home/vscode/.local/lib/python3.10/site-packages/airflow/example_dags/tutorial_taskflow_api_virtualenv.py for tasks to queue
[2024-11-16T13:48:34.832+0000] {logging_mixin.py:150} INFO - [2024-11-16T13:48:34.832+0000] {dagbag.py:541} INFO - Filling up the DagBag from /home/vscode/.local/lib/python3.10/site-packages/airflow/example_dags/tutorial_taskflow_api_virtualenv.py
[2024-11-16T13:48:34.837+0000] {processor.py:836} INFO - DAG(s) dict_keys(['tutorial_taskflow_api_virtualenv']) retrieved from /home/vscode/.local/lib/python3.10/site-packages/airflow/example_dags/tutorial_taskflow_api_virtualenv.py
[2024-11-16T13:48:34.848+0000] {logging_mixin.py:150} INFO - [2024-11-16T13:48:34.848+0000] {dag.py:2742} INFO - Sync 1 DAGs
[2024-11-16T13:48:34.861+0000] {logging_mixin.py:150} INFO - [2024-11-16T13:48:34.861+0000] {dag.py:3504} INFO - Setting next_dagrun for tutorial_taskflow_api_virtualenv to None, run_after=None
[2024-11-16T13:48:34.875+0000] {processor.py:179} INFO - Processing /home/vscode/.local/lib/python3.10/site-packages/airflow/example_dags/tutorial_taskflow_api_virtualenv.py took 0.046 seconds
[2024-11-16T13:49:20.572+0000] {processor.py:157} INFO - Started process (PID=9886) to work on /home/vscode/.local/lib/python3.10/site-packages/airflow/example_dags/tutorial_taskflow_api_virtualenv.py
[2024-11-16T13:49:20.572+0000] {processor.py:826} INFO - Processing file /home/vscode/.local/lib/python3.10/site-packages/airflow/example_dags/tutorial_taskflow_api_virtualenv.py for tasks to queue
[2024-11-16T13:49:20.573+0000] {logging_mixin.py:150} INFO - [2024-11-16T13:49:20.573+0000] {dagbag.py:541} INFO - Filling up the DagBag from /home/vscode/.local/lib/python3.10/site-packages/airflow/example_dags/tutorial_taskflow_api_virtualenv.py
[2024-11-16T13:49:20.578+0000] {processor.py:836} INFO - DAG(s) dict_keys(['tutorial_taskflow_api_virtualenv']) retrieved from /home/vscode/.local/lib/python3.10/site-packages/airflow/example_dags/tutorial_taskflow_api_virtualenv.py
[2024-11-16T13:49:20.589+0000] {logging_mixin.py:150} INFO - [2024-11-16T13:49:20.589+0000] {dag.py:2742} INFO - Sync 1 DAGs
[2024-11-16T13:49:20.603+0000] {logging_mixin.py:150} INFO - [2024-11-16T13:49:20.603+0000] {dag.py:3504} INFO - Setting next_dagrun for tutorial_taskflow_api_virtualenv to None, run_after=None
[2024-11-16T13:49:20.617+0000] {processor.py:179} INFO - Processing /home/vscode/.local/lib/python3.10/site-packages/airflow/example_dags/tutorial_taskflow_api_virtualenv.py took 0.047 seconds
[2024-11-16T13:50:09.354+0000] {processor.py:157} INFO - Started process (PID=10218) to work on /home/vscode/.local/lib/python3.10/site-packages/airflow/example_dags/tutorial_taskflow_api_virtualenv.py
[2024-11-16T13:50:09.355+0000] {processor.py:826} INFO - Processing file /home/vscode/.local/lib/python3.10/site-packages/airflow/example_dags/tutorial_taskflow_api_virtualenv.py for tasks to queue
[2024-11-16T13:50:09.355+0000] {logging_mixin.py:150} INFO - [2024-11-16T13:50:09.355+0000] {dagbag.py:541} INFO - Filling up the DagBag from /home/vscode/.local/lib/python3.10/site-packages/airflow/example_dags/tutorial_taskflow_api_virtualenv.py
[2024-11-16T13:50:09.360+0000] {processor.py:836} INFO - DAG(s) dict_keys(['tutorial_taskflow_api_virtualenv']) retrieved from /home/vscode/.local/lib/python3.10/site-packages/airflow/example_dags/tutorial_taskflow_api_virtualenv.py
[2024-11-16T13:50:09.371+0000] {logging_mixin.py:150} INFO - [2024-11-16T13:50:09.371+0000] {dag.py:2742} INFO - Sync 1 DAGs
[2024-11-16T13:50:09.385+0000] {logging_mixin.py:150} INFO - [2024-11-16T13:50:09.385+0000] {dag.py:3504} INFO - Setting next_dagrun for tutorial_taskflow_api_virtualenv to None, run_after=None
[2024-11-16T13:50:09.400+0000] {processor.py:179} INFO - Processing /home/vscode/.local/lib/python3.10/site-packages/airflow/example_dags/tutorial_taskflow_api_virtualenv.py took 0.048 seconds
[2024-11-16T13:50:51.736+0000] {processor.py:157} INFO - Started process (PID=10535) to work on /home/vscode/.local/lib/python3.10/site-packages/airflow/example_dags/tutorial_taskflow_api_virtualenv.py
[2024-11-16T13:50:51.737+0000] {processor.py:826} INFO - Processing file /home/vscode/.local/lib/python3.10/site-packages/airflow/example_dags/tutorial_taskflow_api_virtualenv.py for tasks to queue
[2024-11-16T13:50:51.738+0000] {logging_mixin.py:150} INFO - [2024-11-16T13:50:51.737+0000] {dagbag.py:541} INFO - Filling up the DagBag from /home/vscode/.local/lib/python3.10/site-packages/airflow/example_dags/tutorial_taskflow_api_virtualenv.py
[2024-11-16T13:50:51.742+0000] {processor.py:836} INFO - DAG(s) dict_keys(['tutorial_taskflow_api_virtualenv']) retrieved from /home/vscode/.local/lib/python3.10/site-packages/airflow/example_dags/tutorial_taskflow_api_virtualenv.py
[2024-11-16T13:50:51.753+0000] {logging_mixin.py:150} INFO - [2024-11-16T13:50:51.753+0000] {dag.py:2742} INFO - Sync 1 DAGs
[2024-11-16T13:50:51.767+0000] {logging_mixin.py:150} INFO - [2024-11-16T13:50:51.767+0000] {dag.py:3504} INFO - Setting next_dagrun for tutorial_taskflow_api_virtualenv to None, run_after=None
[2024-11-16T13:50:51.780+0000] {processor.py:179} INFO - Processing /home/vscode/.local/lib/python3.10/site-packages/airflow/example_dags/tutorial_taskflow_api_virtualenv.py took 0.046 seconds
[2024-11-16T13:51:33.596+0000] {processor.py:157} INFO - Started process (PID=10836) to work on /home/vscode/.local/lib/python3.10/site-packages/airflow/example_dags/tutorial_taskflow_api_virtualenv.py
[2024-11-16T13:51:33.597+0000] {processor.py:826} INFO - Processing file /home/vscode/.local/lib/python3.10/site-packages/airflow/example_dags/tutorial_taskflow_api_virtualenv.py for tasks to queue
[2024-11-16T13:51:33.597+0000] {logging_mixin.py:150} INFO - [2024-11-16T13:51:33.597+0000] {dagbag.py:541} INFO - Filling up the DagBag from /home/vscode/.local/lib/python3.10/site-packages/airflow/example_dags/tutorial_taskflow_api_virtualenv.py
[2024-11-16T13:51:33.602+0000] {processor.py:836} INFO - DAG(s) dict_keys(['tutorial_taskflow_api_virtualenv']) retrieved from /home/vscode/.local/lib/python3.10/site-packages/airflow/example_dags/tutorial_taskflow_api_virtualenv.py
[2024-11-16T13:51:33.613+0000] {logging_mixin.py:150} INFO - [2024-11-16T13:51:33.613+0000] {dag.py:2742} INFO - Sync 1 DAGs
[2024-11-16T13:51:33.626+0000] {logging_mixin.py:150} INFO - [2024-11-16T13:51:33.626+0000] {dag.py:3504} INFO - Setting next_dagrun for tutorial_taskflow_api_virtualenv to None, run_after=None
[2024-11-16T13:51:33.640+0000] {processor.py:179} INFO - Processing /home/vscode/.local/lib/python3.10/site-packages/airflow/example_dags/tutorial_taskflow_api_virtualenv.py took 0.046 seconds
