[2024-11-16T13:38:39.099+0000] {processor.py:157} INFO - Started process (PID=5492) to work on /home/vscode/.local/lib/python3.10/site-packages/airflow/example_dags/tutorial.py
[2024-11-16T13:38:39.099+0000] {processor.py:826} INFO - Processing file /home/vscode/.local/lib/python3.10/site-packages/airflow/example_dags/tutorial.py for tasks to queue
[2024-11-16T13:38:39.100+0000] {logging_mixin.py:150} INFO - [2024-11-16T13:38:39.100+0000] {dagbag.py:541} INFO - Filling up the DagBag from /home/vscode/.local/lib/python3.10/site-packages/airflow/example_dags/tutorial.py
[2024-11-16T13:38:39.106+0000] {processor.py:836} INFO - DAG(s) dict_keys(['tutorial']) retrieved from /home/vscode/.local/lib/python3.10/site-packages/airflow/example_dags/tutorial.py
[2024-11-16T13:38:39.249+0000] {logging_mixin.py:150} INFO - [2024-11-16T13:38:39.248+0000] {manager.py:504} INFO - Created Permission View: can edit on DAG:tutorial
[2024-11-16T13:38:39.256+0000] {logging_mixin.py:150} INFO - [2024-11-16T13:38:39.256+0000] {manager.py:504} INFO - Created Permission View: can delete on DAG:tutorial
[2024-11-16T13:38:39.261+0000] {logging_mixin.py:150} INFO - [2024-11-16T13:38:39.261+0000] {manager.py:504} INFO - Created Permission View: can read on DAG:tutorial
[2024-11-16T13:38:39.269+0000] {logging_mixin.py:150} INFO - [2024-11-16T13:38:39.269+0000] {dag.py:2742} INFO - Sync 1 DAGs
[2024-11-16T13:38:39.275+0000] {logging_mixin.py:150} INFO - [2024-11-16T13:38:39.275+0000] {dag.py:2763} INFO - Creating ORM DAG for tutorial
[2024-11-16T13:38:39.281+0000] {logging_mixin.py:150} INFO - [2024-11-16T13:38:39.281+0000] {dag.py:3504} INFO - Setting next_dagrun for tutorial to 2024-11-15T13:38:39.281126+00:00, run_after=2024-11-16T13:38:39.281126+00:00
[2024-11-16T13:38:39.294+0000] {processor.py:179} INFO - Processing /home/vscode/.local/lib/python3.10/site-packages/airflow/example_dags/tutorial.py took 0.198 seconds
[2024-11-16T13:39:27.335+0000] {processor.py:157} INFO - Started process (PID=5867) to work on /home/vscode/.local/lib/python3.10/site-packages/airflow/example_dags/tutorial.py
[2024-11-16T13:39:27.336+0000] {processor.py:826} INFO - Processing file /home/vscode/.local/lib/python3.10/site-packages/airflow/example_dags/tutorial.py for tasks to queue
[2024-11-16T13:39:27.336+0000] {logging_mixin.py:150} INFO - [2024-11-16T13:39:27.336+0000] {dagbag.py:541} INFO - Filling up the DagBag from /home/vscode/.local/lib/python3.10/site-packages/airflow/example_dags/tutorial.py
[2024-11-16T13:39:27.341+0000] {processor.py:836} INFO - DAG(s) dict_keys(['tutorial']) retrieved from /home/vscode/.local/lib/python3.10/site-packages/airflow/example_dags/tutorial.py
[2024-11-16T13:39:27.352+0000] {logging_mixin.py:150} INFO - [2024-11-16T13:39:27.352+0000] {dag.py:2742} INFO - Sync 1 DAGs
[2024-11-16T13:39:27.365+0000] {logging_mixin.py:150} INFO - [2024-11-16T13:39:27.365+0000] {dag.py:3504} INFO - Setting next_dagrun for tutorial to 2024-11-15T13:39:27.365470+00:00, run_after=2024-11-16T13:39:27.365470+00:00
[2024-11-16T13:39:27.380+0000] {processor.py:179} INFO - Processing /home/vscode/.local/lib/python3.10/site-packages/airflow/example_dags/tutorial.py took 0.047 seconds
[2024-11-16T13:40:12.741+0000] {processor.py:157} INFO - Started process (PID=6201) to work on /home/vscode/.local/lib/python3.10/site-packages/airflow/example_dags/tutorial.py
[2024-11-16T13:40:12.742+0000] {processor.py:826} INFO - Processing file /home/vscode/.local/lib/python3.10/site-packages/airflow/example_dags/tutorial.py for tasks to queue
[2024-11-16T13:40:12.742+0000] {logging_mixin.py:150} INFO - [2024-11-16T13:40:12.742+0000] {dagbag.py:541} INFO - Filling up the DagBag from /home/vscode/.local/lib/python3.10/site-packages/airflow/example_dags/tutorial.py
[2024-11-16T13:40:12.747+0000] {processor.py:836} INFO - DAG(s) dict_keys(['tutorial']) retrieved from /home/vscode/.local/lib/python3.10/site-packages/airflow/example_dags/tutorial.py
[2024-11-16T13:40:12.758+0000] {logging_mixin.py:150} INFO - [2024-11-16T13:40:12.758+0000] {dag.py:2742} INFO - Sync 1 DAGs
[2024-11-16T13:40:12.772+0000] {logging_mixin.py:150} INFO - [2024-11-16T13:40:12.771+0000] {dag.py:3504} INFO - Setting next_dagrun for tutorial to 2024-11-15T13:40:12.771826+00:00, run_after=2024-11-16T13:40:12.771826+00:00
[2024-11-16T13:40:12.786+0000] {processor.py:179} INFO - Processing /home/vscode/.local/lib/python3.10/site-packages/airflow/example_dags/tutorial.py took 0.046 seconds
[2024-11-16T13:40:58.141+0000] {processor.py:157} INFO - Started process (PID=6503) to work on /home/vscode/.local/lib/python3.10/site-packages/airflow/example_dags/tutorial.py
[2024-11-16T13:40:58.141+0000] {processor.py:826} INFO - Processing file /home/vscode/.local/lib/python3.10/site-packages/airflow/example_dags/tutorial.py for tasks to queue
[2024-11-16T13:40:58.142+0000] {logging_mixin.py:150} INFO - [2024-11-16T13:40:58.142+0000] {dagbag.py:541} INFO - Filling up the DagBag from /home/vscode/.local/lib/python3.10/site-packages/airflow/example_dags/tutorial.py
[2024-11-16T13:40:58.147+0000] {processor.py:836} INFO - DAG(s) dict_keys(['tutorial']) retrieved from /home/vscode/.local/lib/python3.10/site-packages/airflow/example_dags/tutorial.py
[2024-11-16T13:40:58.157+0000] {logging_mixin.py:150} INFO - [2024-11-16T13:40:58.157+0000] {dag.py:2742} INFO - Sync 1 DAGs
[2024-11-16T13:40:58.171+0000] {logging_mixin.py:150} INFO - [2024-11-16T13:40:58.171+0000] {dag.py:3504} INFO - Setting next_dagrun for tutorial to 2024-11-15T13:40:58.171270+00:00, run_after=2024-11-16T13:40:58.171270+00:00
[2024-11-16T13:40:58.185+0000] {processor.py:179} INFO - Processing /home/vscode/.local/lib/python3.10/site-packages/airflow/example_dags/tutorial.py took 0.046 seconds
[2024-11-16T13:41:41.894+0000] {processor.py:157} INFO - Started process (PID=6792) to work on /home/vscode/.local/lib/python3.10/site-packages/airflow/example_dags/tutorial.py
[2024-11-16T13:41:41.895+0000] {processor.py:826} INFO - Processing file /home/vscode/.local/lib/python3.10/site-packages/airflow/example_dags/tutorial.py for tasks to queue
[2024-11-16T13:41:41.896+0000] {logging_mixin.py:150} INFO - [2024-11-16T13:41:41.895+0000] {dagbag.py:541} INFO - Filling up the DagBag from /home/vscode/.local/lib/python3.10/site-packages/airflow/example_dags/tutorial.py
[2024-11-16T13:41:41.900+0000] {processor.py:836} INFO - DAG(s) dict_keys(['tutorial']) retrieved from /home/vscode/.local/lib/python3.10/site-packages/airflow/example_dags/tutorial.py
[2024-11-16T13:41:41.911+0000] {logging_mixin.py:150} INFO - [2024-11-16T13:41:41.911+0000] {dag.py:2742} INFO - Sync 1 DAGs
[2024-11-16T13:41:41.925+0000] {logging_mixin.py:150} INFO - [2024-11-16T13:41:41.924+0000] {dag.py:3504} INFO - Setting next_dagrun for tutorial to 2024-11-15T13:41:41.924796+00:00, run_after=2024-11-16T13:41:41.924796+00:00
[2024-11-16T13:41:41.939+0000] {processor.py:179} INFO - Processing /home/vscode/.local/lib/python3.10/site-packages/airflow/example_dags/tutorial.py took 0.046 seconds
[2024-11-16T13:42:27.793+0000] {processor.py:157} INFO - Started process (PID=7108) to work on /home/vscode/.local/lib/python3.10/site-packages/airflow/example_dags/tutorial.py
[2024-11-16T13:42:27.793+0000] {processor.py:826} INFO - Processing file /home/vscode/.local/lib/python3.10/site-packages/airflow/example_dags/tutorial.py for tasks to queue
[2024-11-16T13:42:27.794+0000] {logging_mixin.py:150} INFO - [2024-11-16T13:42:27.794+0000] {dagbag.py:541} INFO - Filling up the DagBag from /home/vscode/.local/lib/python3.10/site-packages/airflow/example_dags/tutorial.py
[2024-11-16T13:42:27.799+0000] {processor.py:836} INFO - DAG(s) dict_keys(['tutorial']) retrieved from /home/vscode/.local/lib/python3.10/site-packages/airflow/example_dags/tutorial.py
[2024-11-16T13:42:27.810+0000] {logging_mixin.py:150} INFO - [2024-11-16T13:42:27.810+0000] {dag.py:2742} INFO - Sync 1 DAGs
[2024-11-16T13:42:27.824+0000] {logging_mixin.py:150} INFO - [2024-11-16T13:42:27.824+0000] {dag.py:3504} INFO - Setting next_dagrun for tutorial to 2024-11-15T13:42:27.824008+00:00, run_after=2024-11-16T13:42:27.824008+00:00
[2024-11-16T13:42:27.838+0000] {processor.py:179} INFO - Processing /home/vscode/.local/lib/python3.10/site-packages/airflow/example_dags/tutorial.py took 0.047 seconds
[2024-11-16T13:43:08.212+0000] {processor.py:157} INFO - Started process (PID=7377) to work on /home/vscode/.local/lib/python3.10/site-packages/airflow/example_dags/tutorial.py
[2024-11-16T13:43:08.212+0000] {processor.py:826} INFO - Processing file /home/vscode/.local/lib/python3.10/site-packages/airflow/example_dags/tutorial.py for tasks to queue
[2024-11-16T13:43:08.213+0000] {logging_mixin.py:150} INFO - [2024-11-16T13:43:08.213+0000] {dagbag.py:541} INFO - Filling up the DagBag from /home/vscode/.local/lib/python3.10/site-packages/airflow/example_dags/tutorial.py
[2024-11-16T13:43:08.218+0000] {processor.py:836} INFO - DAG(s) dict_keys(['tutorial']) retrieved from /home/vscode/.local/lib/python3.10/site-packages/airflow/example_dags/tutorial.py
[2024-11-16T13:43:08.228+0000] {logging_mixin.py:150} INFO - [2024-11-16T13:43:08.228+0000] {dag.py:2742} INFO - Sync 1 DAGs
[2024-11-16T13:43:08.242+0000] {logging_mixin.py:150} INFO - [2024-11-16T13:43:08.242+0000] {dag.py:3504} INFO - Setting next_dagrun for tutorial to 2024-11-15T13:43:08.241875+00:00, run_after=2024-11-16T13:43:08.241875+00:00
[2024-11-16T13:43:08.256+0000] {processor.py:179} INFO - Processing /home/vscode/.local/lib/python3.10/site-packages/airflow/example_dags/tutorial.py took 0.046 seconds
[2024-11-16T13:43:52.475+0000] {processor.py:157} INFO - Started process (PID=7665) to work on /home/vscode/.local/lib/python3.10/site-packages/airflow/example_dags/tutorial.py
[2024-11-16T13:43:52.475+0000] {processor.py:826} INFO - Processing file /home/vscode/.local/lib/python3.10/site-packages/airflow/example_dags/tutorial.py for tasks to queue
[2024-11-16T13:43:52.476+0000] {logging_mixin.py:150} INFO - [2024-11-16T13:43:52.476+0000] {dagbag.py:541} INFO - Filling up the DagBag from /home/vscode/.local/lib/python3.10/site-packages/airflow/example_dags/tutorial.py
[2024-11-16T13:43:52.481+0000] {processor.py:836} INFO - DAG(s) dict_keys(['tutorial']) retrieved from /home/vscode/.local/lib/python3.10/site-packages/airflow/example_dags/tutorial.py
[2024-11-16T13:43:52.491+0000] {logging_mixin.py:150} INFO - [2024-11-16T13:43:52.491+0000] {dag.py:2742} INFO - Sync 1 DAGs
[2024-11-16T13:43:52.504+0000] {logging_mixin.py:150} INFO - [2024-11-16T13:43:52.504+0000] {dag.py:3504} INFO - Setting next_dagrun for tutorial to 2024-11-15T13:43:52.504685+00:00, run_after=2024-11-16T13:43:52.504685+00:00
[2024-11-16T13:43:52.518+0000] {processor.py:179} INFO - Processing /home/vscode/.local/lib/python3.10/site-packages/airflow/example_dags/tutorial.py took 0.046 seconds
[2024-11-16T13:44:36.387+0000] {processor.py:157} INFO - Started process (PID=7964) to work on /home/vscode/.local/lib/python3.10/site-packages/airflow/example_dags/tutorial.py
[2024-11-16T13:44:36.387+0000] {processor.py:826} INFO - Processing file /home/vscode/.local/lib/python3.10/site-packages/airflow/example_dags/tutorial.py for tasks to queue
[2024-11-16T13:44:36.388+0000] {logging_mixin.py:150} INFO - [2024-11-16T13:44:36.387+0000] {dagbag.py:541} INFO - Filling up the DagBag from /home/vscode/.local/lib/python3.10/site-packages/airflow/example_dags/tutorial.py
[2024-11-16T13:44:36.392+0000] {processor.py:836} INFO - DAG(s) dict_keys(['tutorial']) retrieved from /home/vscode/.local/lib/python3.10/site-packages/airflow/example_dags/tutorial.py
[2024-11-16T13:44:36.403+0000] {logging_mixin.py:150} INFO - [2024-11-16T13:44:36.403+0000] {dag.py:2742} INFO - Sync 1 DAGs
[2024-11-16T13:44:36.417+0000] {logging_mixin.py:150} INFO - [2024-11-16T13:44:36.417+0000] {dag.py:3504} INFO - Setting next_dagrun for tutorial to 2024-11-15T13:44:36.416870+00:00, run_after=2024-11-16T13:44:36.416870+00:00
[2024-11-16T13:44:36.431+0000] {processor.py:179} INFO - Processing /home/vscode/.local/lib/python3.10/site-packages/airflow/example_dags/tutorial.py took 0.047 seconds
[2024-11-16T13:45:19.237+0000] {processor.py:157} INFO - Started process (PID=8250) to work on /home/vscode/.local/lib/python3.10/site-packages/airflow/example_dags/tutorial.py
[2024-11-16T13:45:19.238+0000] {processor.py:826} INFO - Processing file /home/vscode/.local/lib/python3.10/site-packages/airflow/example_dags/tutorial.py for tasks to queue
[2024-11-16T13:45:19.238+0000] {logging_mixin.py:150} INFO - [2024-11-16T13:45:19.238+0000] {dagbag.py:541} INFO - Filling up the DagBag from /home/vscode/.local/lib/python3.10/site-packages/airflow/example_dags/tutorial.py
[2024-11-16T13:45:19.243+0000] {processor.py:836} INFO - DAG(s) dict_keys(['tutorial']) retrieved from /home/vscode/.local/lib/python3.10/site-packages/airflow/example_dags/tutorial.py
[2024-11-16T13:45:19.254+0000] {logging_mixin.py:150} INFO - [2024-11-16T13:45:19.254+0000] {dag.py:2742} INFO - Sync 1 DAGs
[2024-11-16T13:45:19.267+0000] {logging_mixin.py:150} INFO - [2024-11-16T13:45:19.267+0000] {dag.py:3504} INFO - Setting next_dagrun for tutorial to 2024-11-15T13:45:19.267514+00:00, run_after=2024-11-16T13:45:19.267514+00:00
[2024-11-16T13:45:19.282+0000] {processor.py:179} INFO - Processing /home/vscode/.local/lib/python3.10/site-packages/airflow/example_dags/tutorial.py took 0.047 seconds
[2024-11-16T13:46:05.416+0000] {processor.py:157} INFO - Started process (PID=8566) to work on /home/vscode/.local/lib/python3.10/site-packages/airflow/example_dags/tutorial.py
[2024-11-16T13:46:05.417+0000] {processor.py:826} INFO - Processing file /home/vscode/.local/lib/python3.10/site-packages/airflow/example_dags/tutorial.py for tasks to queue
[2024-11-16T13:46:05.417+0000] {logging_mixin.py:150} INFO - [2024-11-16T13:46:05.417+0000] {dagbag.py:541} INFO - Filling up the DagBag from /home/vscode/.local/lib/python3.10/site-packages/airflow/example_dags/tutorial.py
[2024-11-16T13:46:05.422+0000] {processor.py:836} INFO - DAG(s) dict_keys(['tutorial']) retrieved from /home/vscode/.local/lib/python3.10/site-packages/airflow/example_dags/tutorial.py
[2024-11-16T13:46:05.432+0000] {logging_mixin.py:150} INFO - [2024-11-16T13:46:05.432+0000] {dag.py:2742} INFO - Sync 1 DAGs
[2024-11-16T13:46:05.446+0000] {logging_mixin.py:150} INFO - [2024-11-16T13:46:05.446+0000] {dag.py:3504} INFO - Setting next_dagrun for tutorial to 2024-11-15T13:46:05.446002+00:00, run_after=2024-11-16T13:46:05.446002+00:00
[2024-11-16T13:46:05.459+0000] {processor.py:179} INFO - Processing /home/vscode/.local/lib/python3.10/site-packages/airflow/example_dags/tutorial.py took 0.045 seconds
[2024-11-16T13:46:49.363+0000] {processor.py:157} INFO - Started process (PID=8854) to work on /home/vscode/.local/lib/python3.10/site-packages/airflow/example_dags/tutorial.py
[2024-11-16T13:46:49.364+0000] {processor.py:826} INFO - Processing file /home/vscode/.local/lib/python3.10/site-packages/airflow/example_dags/tutorial.py for tasks to queue
[2024-11-16T13:46:49.364+0000] {logging_mixin.py:150} INFO - [2024-11-16T13:46:49.364+0000] {dagbag.py:541} INFO - Filling up the DagBag from /home/vscode/.local/lib/python3.10/site-packages/airflow/example_dags/tutorial.py
[2024-11-16T13:46:49.369+0000] {processor.py:836} INFO - DAG(s) dict_keys(['tutorial']) retrieved from /home/vscode/.local/lib/python3.10/site-packages/airflow/example_dags/tutorial.py
[2024-11-16T13:46:49.380+0000] {logging_mixin.py:150} INFO - [2024-11-16T13:46:49.380+0000] {dag.py:2742} INFO - Sync 1 DAGs
[2024-11-16T13:46:49.394+0000] {logging_mixin.py:150} INFO - [2024-11-16T13:46:49.394+0000] {dag.py:3504} INFO - Setting next_dagrun for tutorial to 2024-11-15T13:46:49.394033+00:00, run_after=2024-11-16T13:46:49.394033+00:00
[2024-11-16T13:46:49.408+0000] {processor.py:179} INFO - Processing /home/vscode/.local/lib/python3.10/site-packages/airflow/example_dags/tutorial.py took 0.047 seconds
[2024-11-16T13:47:32.606+0000] {processor.py:157} INFO - Started process (PID=9147) to work on /home/vscode/.local/lib/python3.10/site-packages/airflow/example_dags/tutorial.py
[2024-11-16T13:47:32.607+0000] {processor.py:826} INFO - Processing file /home/vscode/.local/lib/python3.10/site-packages/airflow/example_dags/tutorial.py for tasks to queue
[2024-11-16T13:47:32.607+0000] {logging_mixin.py:150} INFO - [2024-11-16T13:47:32.607+0000] {dagbag.py:541} INFO - Filling up the DagBag from /home/vscode/.local/lib/python3.10/site-packages/airflow/example_dags/tutorial.py
[2024-11-16T13:47:32.612+0000] {processor.py:836} INFO - DAG(s) dict_keys(['tutorial']) retrieved from /home/vscode/.local/lib/python3.10/site-packages/airflow/example_dags/tutorial.py
[2024-11-16T13:47:32.623+0000] {logging_mixin.py:150} INFO - [2024-11-16T13:47:32.623+0000] {dag.py:2742} INFO - Sync 1 DAGs
[2024-11-16T13:47:32.637+0000] {logging_mixin.py:150} INFO - [2024-11-16T13:47:32.637+0000] {dag.py:3504} INFO - Setting next_dagrun for tutorial to 2024-11-15T13:47:32.637460+00:00, run_after=2024-11-16T13:47:32.637460+00:00
[2024-11-16T13:47:32.651+0000] {processor.py:179} INFO - Processing /home/vscode/.local/lib/python3.10/site-packages/airflow/example_dags/tutorial.py took 0.047 seconds
[2024-11-16T13:48:10.835+0000] {processor.py:157} INFO - Started process (PID=9400) to work on /home/vscode/.local/lib/python3.10/site-packages/airflow/example_dags/tutorial.py
[2024-11-16T13:48:10.836+0000] {processor.py:826} INFO - Processing file /home/vscode/.local/lib/python3.10/site-packages/airflow/example_dags/tutorial.py for tasks to queue
[2024-11-16T13:48:10.836+0000] {logging_mixin.py:150} INFO - [2024-11-16T13:48:10.836+0000] {dagbag.py:541} INFO - Filling up the DagBag from /home/vscode/.local/lib/python3.10/site-packages/airflow/example_dags/tutorial.py
[2024-11-16T13:48:10.841+0000] {processor.py:836} INFO - DAG(s) dict_keys(['tutorial']) retrieved from /home/vscode/.local/lib/python3.10/site-packages/airflow/example_dags/tutorial.py
[2024-11-16T13:48:10.852+0000] {logging_mixin.py:150} INFO - [2024-11-16T13:48:10.852+0000] {dag.py:2742} INFO - Sync 1 DAGs
[2024-11-16T13:48:10.866+0000] {logging_mixin.py:150} INFO - [2024-11-16T13:48:10.866+0000] {dag.py:3504} INFO - Setting next_dagrun for tutorial to 2024-11-15T13:48:10.865959+00:00, run_after=2024-11-16T13:48:10.865959+00:00
[2024-11-16T13:48:10.880+0000] {processor.py:179} INFO - Processing /home/vscode/.local/lib/python3.10/site-packages/airflow/example_dags/tutorial.py took 0.047 seconds
[2024-11-16T13:48:54.877+0000] {processor.py:157} INFO - Started process (PID=9695) to work on /home/vscode/.local/lib/python3.10/site-packages/airflow/example_dags/tutorial.py
[2024-11-16T13:48:54.877+0000] {processor.py:826} INFO - Processing file /home/vscode/.local/lib/python3.10/site-packages/airflow/example_dags/tutorial.py for tasks to queue
[2024-11-16T13:48:54.878+0000] {logging_mixin.py:150} INFO - [2024-11-16T13:48:54.878+0000] {dagbag.py:541} INFO - Filling up the DagBag from /home/vscode/.local/lib/python3.10/site-packages/airflow/example_dags/tutorial.py
[2024-11-16T13:48:54.883+0000] {processor.py:836} INFO - DAG(s) dict_keys(['tutorial']) retrieved from /home/vscode/.local/lib/python3.10/site-packages/airflow/example_dags/tutorial.py
[2024-11-16T13:48:54.894+0000] {logging_mixin.py:150} INFO - [2024-11-16T13:48:54.893+0000] {dag.py:2742} INFO - Sync 1 DAGs
[2024-11-16T13:48:54.907+0000] {logging_mixin.py:150} INFO - [2024-11-16T13:48:54.907+0000] {dag.py:3504} INFO - Setting next_dagrun for tutorial to 2024-11-15T13:48:54.907356+00:00, run_after=2024-11-16T13:48:54.907356+00:00
[2024-11-16T13:48:54.921+0000] {processor.py:179} INFO - Processing /home/vscode/.local/lib/python3.10/site-packages/airflow/example_dags/tutorial.py took 0.046 seconds
[2024-11-16T13:49:45.082+0000] {processor.py:157} INFO - Started process (PID=10047) to work on /home/vscode/.local/lib/python3.10/site-packages/airflow/example_dags/tutorial.py
[2024-11-16T13:49:45.082+0000] {processor.py:826} INFO - Processing file /home/vscode/.local/lib/python3.10/site-packages/airflow/example_dags/tutorial.py for tasks to queue
[2024-11-16T13:49:45.083+0000] {logging_mixin.py:150} INFO - [2024-11-16T13:49:45.083+0000] {dagbag.py:541} INFO - Filling up the DagBag from /home/vscode/.local/lib/python3.10/site-packages/airflow/example_dags/tutorial.py
[2024-11-16T13:49:45.088+0000] {processor.py:836} INFO - DAG(s) dict_keys(['tutorial']) retrieved from /home/vscode/.local/lib/python3.10/site-packages/airflow/example_dags/tutorial.py
[2024-11-16T13:49:45.099+0000] {logging_mixin.py:150} INFO - [2024-11-16T13:49:45.099+0000] {dag.py:2742} INFO - Sync 1 DAGs
[2024-11-16T13:49:45.112+0000] {logging_mixin.py:150} INFO - [2024-11-16T13:49:45.112+0000] {dag.py:3504} INFO - Setting next_dagrun for tutorial to 2024-11-15T13:49:45.112693+00:00, run_after=2024-11-16T13:49:45.112693+00:00
[2024-11-16T13:49:45.126+0000] {processor.py:179} INFO - Processing /home/vscode/.local/lib/python3.10/site-packages/airflow/example_dags/tutorial.py took 0.047 seconds
[2024-11-16T13:50:27.823+0000] {processor.py:157} INFO - Started process (PID=10341) to work on /home/vscode/.local/lib/python3.10/site-packages/airflow/example_dags/tutorial.py
[2024-11-16T13:50:27.824+0000] {processor.py:826} INFO - Processing file /home/vscode/.local/lib/python3.10/site-packages/airflow/example_dags/tutorial.py for tasks to queue
[2024-11-16T13:50:27.824+0000] {logging_mixin.py:150} INFO - [2024-11-16T13:50:27.824+0000] {dagbag.py:541} INFO - Filling up the DagBag from /home/vscode/.local/lib/python3.10/site-packages/airflow/example_dags/tutorial.py
[2024-11-16T13:50:27.829+0000] {processor.py:836} INFO - DAG(s) dict_keys(['tutorial']) retrieved from /home/vscode/.local/lib/python3.10/site-packages/airflow/example_dags/tutorial.py
[2024-11-16T13:50:27.840+0000] {logging_mixin.py:150} INFO - [2024-11-16T13:50:27.839+0000] {dag.py:2742} INFO - Sync 1 DAGs
[2024-11-16T13:50:27.853+0000] {logging_mixin.py:150} INFO - [2024-11-16T13:50:27.853+0000] {dag.py:3504} INFO - Setting next_dagrun for tutorial to 2024-11-15T13:50:27.853231+00:00, run_after=2024-11-16T13:50:27.853231+00:00
[2024-11-16T13:50:27.867+0000] {processor.py:179} INFO - Processing /home/vscode/.local/lib/python3.10/site-packages/airflow/example_dags/tutorial.py took 0.046 seconds
[2024-11-16T13:51:11.695+0000] {processor.py:157} INFO - Started process (PID=10689) to work on /home/vscode/.local/lib/python3.10/site-packages/airflow/example_dags/tutorial.py
[2024-11-16T13:51:11.695+0000] {processor.py:826} INFO - Processing file /home/vscode/.local/lib/python3.10/site-packages/airflow/example_dags/tutorial.py for tasks to queue
[2024-11-16T13:51:11.696+0000] {logging_mixin.py:150} INFO - [2024-11-16T13:51:11.696+0000] {dagbag.py:541} INFO - Filling up the DagBag from /home/vscode/.local/lib/python3.10/site-packages/airflow/example_dags/tutorial.py
[2024-11-16T13:51:11.700+0000] {processor.py:836} INFO - DAG(s) dict_keys(['tutorial']) retrieved from /home/vscode/.local/lib/python3.10/site-packages/airflow/example_dags/tutorial.py
[2024-11-16T13:51:11.711+0000] {logging_mixin.py:150} INFO - [2024-11-16T13:51:11.711+0000] {dag.py:2742} INFO - Sync 1 DAGs
[2024-11-16T13:51:11.725+0000] {logging_mixin.py:150} INFO - [2024-11-16T13:51:11.725+0000] {dag.py:3504} INFO - Setting next_dagrun for tutorial to 2024-11-15T13:51:11.724935+00:00, run_after=2024-11-16T13:51:11.724935+00:00
[2024-11-16T13:51:11.739+0000] {processor.py:179} INFO - Processing /home/vscode/.local/lib/python3.10/site-packages/airflow/example_dags/tutorial.py took 0.046 seconds
[2024-11-16T13:51:58.408+0000] {processor.py:157} INFO - Started process (PID=11078) to work on /home/vscode/.local/lib/python3.10/site-packages/airflow/example_dags/tutorial.py
[2024-11-16T13:51:58.409+0000] {processor.py:826} INFO - Processing file /home/vscode/.local/lib/python3.10/site-packages/airflow/example_dags/tutorial.py for tasks to queue
[2024-11-16T13:51:58.409+0000] {logging_mixin.py:150} INFO - [2024-11-16T13:51:58.409+0000] {dagbag.py:541} INFO - Filling up the DagBag from /home/vscode/.local/lib/python3.10/site-packages/airflow/example_dags/tutorial.py
[2024-11-16T13:51:58.414+0000] {processor.py:836} INFO - DAG(s) dict_keys(['tutorial']) retrieved from /home/vscode/.local/lib/python3.10/site-packages/airflow/example_dags/tutorial.py
[2024-11-16T13:51:58.425+0000] {logging_mixin.py:150} INFO - [2024-11-16T13:51:58.425+0000] {dag.py:2742} INFO - Sync 1 DAGs
[2024-11-16T13:51:58.439+0000] {logging_mixin.py:150} INFO - [2024-11-16T13:51:58.439+0000] {dag.py:3504} INFO - Setting next_dagrun for tutorial to 2024-11-15T13:51:58.439126+00:00, run_after=2024-11-16T13:51:58.439126+00:00
[2024-11-16T13:51:58.454+0000] {processor.py:179} INFO - Processing /home/vscode/.local/lib/python3.10/site-packages/airflow/example_dags/tutorial.py took 0.048 seconds
